
Gurobi 10.0.1 (linux64) logging started Wed Jul 12 09:58:48 2023

Set parameter LogFile to value "Class1_Instance-8_0.5.log"
Gurobi Optimizer version 10.0.1 build v10.0.1rc0 (linux64)

CPU model: AMD Opteron(tm) Processor 6174, instruction set [SSE2]
Thread count: 24 physical cores, 24 logical processors, using up to 24 threads

Optimize a model with 30176 rows, 16845 columns and 93413 nonzeros
Model fingerprint: 0xb28355f3
Model has 9535 quadratic constraints
Variable types: 5462 continuous, 11383 integer (11340 binary)
Coefficient statistics:
  Matrix range     [1e+00, 1e+04]
  QMatrix range    [1e+00, 1e+00]
  QLMatrix range   [1e+00, 2e+01]
  Objective range  [1e+00, 1e+00]
  Bounds range     [1e+00, 1e+00]
  RHS range        [1e+00, 1e+04]
Presolve removed 11431 rows and 3657 columns
Presolve time: 0.79s
Presolved: 24206 rows, 14952 columns, 89243 nonzeros
Presolved model has 4746 quadratic constraint(s)
Presolved model has 1806 bilinear constraint(s)
Variable types: 5335 continuous, 9617 integer (9574 binary)

Root relaxation: objective 1.000000e+00, 1998 iterations, 0.23 seconds (0.11 work units)

    Nodes    |    Current Node    |     Objective Bounds      |     Work
 Expl Unexpl |  Obj  Depth IntInf | Incumbent    BestBd   Gap | It/Node Time

     0     0    1.00000    0   49          -    1.00000      -     -    1s
     0     0    1.00018    0  220          -    1.00018      -     -    9s
     0     0    2.00000    0  204          -    2.00000      -     -   10s
     0     0    2.00000    0  205          -    2.00000      -     -   13s
     0     0    2.00000    0  183          -    2.00000      -     -   14s
     0     0    2.00000    0  150          -    2.00000      -     -   15s
     0     0    2.00000    0   44          -    2.00000      -     -   16s
     0     0    2.00000    0   67          -    2.00000      -     -   17s
     0     0    2.00000    0   48          -    2.00000      -     -   21s
     0     0    2.00000    0   48          -    2.00000      -     -   22s
     0     0    2.00000    0   91          -    2.00000      -     -   26s
     0     0    2.00000    0  165          -    2.00000      -     -   28s
     0     0    2.00000    0   44          -    2.00000      -     -   31s
     0     0    2.00000    0  121          -    2.00000      -     -   32s
     0     0    2.00000    0   43          -    2.00000      -     -   33s
     0     0    2.00000    0   72          -    2.00000      -     -   34s
     0     0    2.00000    0   41          -    2.00000      -     -   36s
     0     0    2.00000    0   44          -    2.00000      -     -   39s
     0     0    2.00000    0   54          -    2.00000      -     -   41s
     0     0    2.00000    0   40          -    2.00000      -     -   44s
     0     0    2.00000    0   54          -    2.00000      -     -   49s
     0     0    2.00000    0   44          -    2.00000      -     -   51s
     0     0    2.00000    0   45          -    2.00000      -     -   53s
     0     0    2.00000    0   40          -    2.00000      -     -   54s
     0     0    2.00000    0   44          -    2.00000      -     -   56s
     0     0    2.00000    0   63          -    2.00000      -     -   60s
     0     0    2.00000    0   71          -    2.00000      -     -   62s
     0     0    2.00000    0   46          -    2.00000      -     -   65s
     0     0    2.00000    0   57          -    2.00000      -     -   67s
     0     0    2.00000    0   72          -    2.00000      -     -   70s
     0     0    2.00000    0   43          -    2.00000      -     -   74s
     0     0    2.00000    0   54          -    2.00000      -     -   76s
     0     0    2.00000    0   48          -    2.00000      -     -   78s
     0     0    2.00000    0   55          -    2.00000      -     -   83s
     0     0    2.00000    0   86          -    2.00000      -     -   88s
     0     0    2.00000    0   42          -    2.00000      -     -   89s
     0     0    2.00000    0   43          -    2.00000      -     -   97s
     0     0    2.00000    0   39          -    2.00000      -     -   98s
     0     0    2.00000    0   51          -    2.00000      -     -  100s
     0     0    2.00000    0   44          -    2.00000      -     -  101s
     0     0    2.00000    0   52          -    2.00000      -     -  107s
     0     0    2.00000    0   85          -    2.00000      -     -  109s
     0     0    2.00000    0   42          -    2.00000      -     -  110s
     0     0    2.00000    0   44          -    2.00000      -     -  114s
     0     0    2.00000    0   49          -    2.00000      -     -  115s
     0     0    2.00000    0   50          -    2.00000      -     -  120s
     0     0    2.00000    0   56          -    2.00000      -     -  127s
     0     0    2.00000    0   51          -    2.00000      -     -  131s
     0     0    2.00000    0   52          -    2.00000      -     -  133s
     0     0    2.00000    0   43          -    2.00000      -     -  135s
     0     0    2.00000    0   53          -    2.00000      -     -  136s
     0     0    2.00000    0   44          -    2.00000      -     -  138s
     0     0    2.00000    0   71          -    2.00000      -     -  139s
     0     0    2.00000    0   44          -    2.00000      -     -  139s
     0     0    2.00000    0   43          -    2.00000      -     -  140s
     0     0    2.00000    0   48          -    2.00000      -     -  143s
     0     0    2.00000    0   67          -    2.00000      -     -  144s
     0     0    2.00000    0   43          -    2.00000      -     -  144s
     0     0    2.00000    0   48          -    2.00000      -     -  148s
     0     0    2.00000    0   66          -    2.00000      -     -  151s
     0     0    2.00000    0   64          -    2.00000      -     -  153s
     0     0    2.00000    0   45          -    2.00000      -     -  155s
     0     0    2.00000    0   90          -    2.00000      -     -  156s
     0     0    2.00000    0   76          -    2.00000      -     -  157s
     0     0    2.00000    0   50          -    2.00000      -     -  158s
     0     0    2.00000    0   59          -    2.00000      -     -  159s
     0     0    2.00000    0  121          -    2.00000      -     -  161s
     0     0    2.00000    0   44          -    2.00000      -     -  163s
     0     0    2.00000    0   44          -    2.00000      -     -  163s
     0     0    2.00000    0   83          -    2.00000      -     -  164s
     0     0    2.00000    0   84          -    2.00000      -     -  165s
     0     0    2.00000    0   61          -    2.00000      -     -  166s
     0     0    2.00000    0   47          -    2.00000      -     -  167s
     0     0    2.00000    0   53          -    2.00000      -     -  170s
     0     0    2.00000    0   68          -    2.00000      -     -  172s
     0     0    2.00000    0   78          -    2.00000      -     -  173s
     0     0    2.00000    0   72          -    2.00000      -     -  173s
     0     0    2.00000    0   72          -    2.00000      -     -  175s
     0     0    2.00000    0   89          -    2.00000      -     -  175s
     0     0    2.00000    0   97          -    2.00000      -     -  176s
     0     0    2.00000    0   68          -    2.00000      -     -  177s
     0     0    2.00000    0   50          -    2.00000      -     -  179s
     0     0    2.00000    0   44          -    2.00000      -     -  179s
     0     0    2.00000    0   74          -    2.00000      -     -  180s
     0     0    2.00000    0   46          -    2.00000      -     -  181s
     0     0    2.00000    0   50          -    2.00000      -     -  183s
     0     0    2.00000    0   89          -    2.00000      -     -  184s
     0     0    2.00000    0   79          -    2.00000      -     -  185s
     0     0    2.00000    0   99          -    2.00000      -     -  186s
     0     0    2.00000    0  147          -    2.00000      -     -  186s
     0     0    2.00000    0   40          -    2.00000      -     -  187s
     0     0    2.00000    0   44          -    2.00000      -     -  188s
     0     0    2.00000    0   43          -    2.00000      -     -  189s
     0     0    2.00000    0   45          -    2.00000      -     -  192s
     0     0    2.00000    0   50          -    2.00000      -     -  194s
     0     0    2.00000    0   80          -    2.00000      -     -  196s
     0     0    2.00000    0   54          -    2.00000      -     -  199s
     0     0    2.00000    0   54          -    2.00000      -     -  202s
     0     0    2.00000    0   73          -    2.00000      -     -  204s
     0     0    2.00000    0   55          -    2.00000      -     -  207s
     0     0    2.00000    0   60          -    2.00000      -     -  210s
     0     0    2.00000    0   80          -    2.00000      -     -  212s
     0     0    2.00000    0   44          -    2.00000      -     -  214s
     0     0    2.00000    0   83          -    2.00000      -     -  216s
     0     0    2.00000    0   70          -    2.00000      -     -  217s
     0     0    2.00000    0   76          -    2.00000      -     -  218s
     0     0    2.00000    0   80          -    2.00000      -     -  220s
     0     0    2.00000    0   55          -    2.00000      -     -  222s
     0     0    2.00000    0   44          -    2.00000      -     -  225s
     0     2    2.00000    0   44          -    2.00000      -     -  228s
     7    16    2.00000    3  183          -    2.00000      -  1488  230s
    31    56    2.00000    5  220          -    2.00000      -  2380  235s
   103   128    2.00000    7  216          -    2.00000      -  2209  241s
   151   185    2.00000    8  180          -    2.00000      -  1915  245s
   244   403    2.00000   10   85          -    2.00000      -  2222  252s
   403   733    2.00000   15  206          -    2.00000      -  2027  406s
   776  2553    2.03030   29  120          -    2.00000      -  1734  448s
  3138  2554    5.00000   64    0          -    2.00000      -   782  496s
  3140  2555    3.00000   33   14          -    2.00000      -   781  514s
  3141  2556    2.00000   25  167          -    2.00000      -   781  515s
  3143  2557    2.18182   51   30          -    2.00000      -   780  521s
  3145  2559    2.00000    6   97          -    2.00000      -   780  528s
  3146  2559    2.00000   13  190          -    2.00000      -   780  530s
  3147  2560    2.00000   12   21          -    2.00000      -   779  535s
  3149  2561    3.00000   44   63          -    2.00000      -   779  540s
  3151  2563    3.00000   50   33          -    2.00000      -   778  554s
  3152  2563    5.00000   64  149          -    2.00000      -   778  555s
  3154  2565    2.00000   28  204          -    2.00000      -   778  561s
  3156  2566    2.00000   13  201          -    2.00000      -   777  565s
  3158  2567    3.00000   28  188          -    2.00000      -   777  570s
  3159  2568    3.00000   35   12          -    2.00000      -   776  577s
  3162  2570    2.00000   36  110          -    2.00000      -   776  584s
  3163  2571    3.00000   37   93          -    2.00000      -   775  589s
  3164  2571    2.00000   19   61          -    2.00000      -   775  595s
  3166  2573    2.00000   18   14          -    2.00000      -   775  600s
  3169  2575    2.02273   29   10          -    2.00000      -   774  608s
  3170  2575    2.00000   35   10          -    2.00000      -   774  615s
  3173  2582    2.00000   12   52          -    2.00000      -   828  628s
  3185  2602    2.00000   14   48          -    2.00000      -   829  631s
  3249  2653    2.00000   16   90          -    2.00000      -   832  636s
  3322  2705    2.00000   18   52          -    2.00000      -   832  644s
  3349  2722    2.00000   19   84          -    2.00000      -   863  648s
  3375  2781    2.00000   19   48          -    2.00000      -   868  652s
  3443  2876    2.00000   21  235          -    2.00000      -   874  660s
  3571  2910    2.00000   23   72          -    2.00000      -   891  689s
  3669  3279    2.00000   26  270          -    2.00000      -   907  723s
  4273  3510    2.00000   31   74          -    2.00000      -   951  754s
  4986  3824    2.00000   40  162          -    2.00000      -   986  784s
  5972  4226    2.00000   51  120          -    2.00000      -   988  822s
  7336  4733    2.00274   28  254          -    2.00000      -   958  863s
  8972  6300    4.00236   74  185          -    2.00000      -   927  902s
 12594  6427    2.00000   26  229          -    2.00000      -   834  936s
 13781  8382    2.00000   41  172          -    2.00000      -   844  972s
 17153  9110    2.00000   36  198          -    2.00000      -   786 1009s
 18307 11070 infeasible   68               -    2.00000      -   791 1044s
 21603 12609    7.00000   75  133          -    2.00000      -   750 1076s
 24282 13492 infeasible   70               -    2.00000      -   738 1108s
 25895 14522    3.00000   31  182          -    2.00000      -   736 1143s
 27814 14712    3.00000   47  170          -    2.00000      -   732 1197s
H28071 14600                       7.0000000    2.00000  71.4%   730 1197s
H28114 14253                       6.0000000    2.00000  66.7%   730 1198s
 28131 15826    3.00000   53  131    6.00000    2.00000  66.7%   730 1236s
 30398 19138    3.00000   53  144    6.00000    2.00000  66.7%   722 1278s
*35116 17734             196       5.0000000    2.00000  60.0%   673 1279s
 35501 18364    4.00000   62  128    5.00000    2.00000  60.0%   670 1337s
 37565 20224    2.00000   21  218    5.00000    2.00000  60.0%   669 1378s
 40326 21566 infeasible   59         5.00000    2.00000  60.0%   664 1414s
 42430 24392    3.00000   37  174    5.00000    2.00000  60.0%   663 1453s
 46795 26529 infeasible   47         5.00000    2.00000  60.0%   645 1492s
 50062 28703    4.00000   64  117    5.00000    2.00000  60.0%   639 1532s
 53997 29764 infeasible   42         5.00000    2.00000  60.0%   629 1598s
 55974 31682    3.00000   59  198    5.00000    2.00000  60.0%   629 1642s
 59294 33361    2.01142   39  218    5.00000    2.00000  60.0%   628 1689s
 62325 35200    2.00000   32  206    5.00000    2.00000  60.0%   631 1736s
 65397 38999    3.00000   58  181    5.00000    2.00000  60.0%   629 1788s
 71354 41176    2.02067   31  299    5.00000    2.00000  60.0%   614 1834s
 74105 41176    2.01314   55  212    5.00000    2.00000  60.0%   611 1835s
 75030 43212    2.00197   36  257    5.00000    2.00000  60.0%   610 1881s
 78711 45222    2.00000   34  190    5.00000    2.00000  60.0%   608 1927s
 82256 46977    4.00000   83   76    5.00000    2.00000  60.0%   606 1971s
 85806 49144    3.00000   46  125    5.00000    2.00000  60.0%   605 2016s
 89544 51391    4.00000   69  172    5.00000    2.00000  60.0%   602 2061s
 93343 54217    3.00000   26  208    5.00000    2.00000  60.0%   599 2105s
 98437 55907    3.00000   48  125    5.00000    2.00000  60.0%   590 2146s
 101604 57435    3.00000   32  209    5.00000    2.00000  60.0%   589 2184s
 104247 60613    3.00000   39  188    5.00000    2.00000  60.0%   587 2231s
 109993 62459 infeasible   66         5.00000    2.00000  60.0%   578 2271s
 113288 64418    3.00000   48  107    5.00000    2.00000  60.0%   576 2313s
 116766 66408    3.00000   43  173    5.00000    2.00000  60.0%   573 2353s
 120076 68418    4.00000   53  126    5.00000    2.00000  60.0%   571 2396s
 123824 70313    3.00000   45  183    5.00000    2.00000  60.0%   569 2439s
 127209 72335    4.00000   91   98    5.00000    2.00000  60.0%   567 2479s
 130881 74186    2.00000   31  207    5.00000    2.00000  60.0%   565 2520s
 134372 75479    3.00000   43  223    5.00000    2.00000  60.0%   563 2556s
 136693 78330    3.00000   34  204    5.00000    2.00000  60.0%   564 2600s
 141659 79888 infeasible   80         5.00000    2.00000  60.0%   561 2643s
 144940 81963    3.00000   38  213    5.00000    2.00000  60.0%   561 2687s
 148674 83829    3.00000   43  233    5.00000    2.00000  60.0%   559 2729s
 152125 85928    3.00000   57  133    5.00000    2.00000  60.0%   558 2771s
 155690 88283    3.00000   43  179    5.00000    2.00000  60.0%   556 2812s
 160075 89868    2.00000   29  232    5.00000    2.00000  60.0%   554 2856s
 162998 91880    3.00000   49  174    5.00000    2.00000  60.0%   555 2900s
 166516 93279 infeasible   46         5.00000    2.00000  60.0%   554 2938s
 169146 95155    3.00000   54  206    5.00000    2.00000  60.0%   554 2985s
 172577 97414    4.00000   31  182    5.00000    2.00000  60.0%   555 3033s
 176530 99611 infeasible   60         5.00000    2.00000  60.0%   553 3076s
 180431 101754    3.00000   45  193    5.00000    2.00000  60.0%   552 3120s
 184206 104535    3.00000   34  228    5.00000    2.00000  60.0%   551 3160s
 189023 106300    3.00000   41  188    5.00000    2.00000  60.0%   548 3200s
 192305 108460    4.00000   68  140    5.00000    2.00000  60.0%   548 3243s
 195893 109909    2.00000   41  209    5.00000    2.00000  60.0%   547 3283s
 198370 112699    3.00000   35  205    5.00000    2.00000  60.0%   547 3330s
*199368 58046             145       4.0000000    2.00000  50.0%   546 3331s
 203232 57510    2.00000   36  184    4.00000    2.00000  50.0%   544 3388s
 205987 58919 infeasible   51         4.00000    2.00000  50.0%   545 3439s
 206980 58919    3.00000   45  224    4.00000    2.00000  50.0%   546 3440s
 209152 60325    3.00000   47  139    4.00000    2.00000  50.0%   546 3483s
 212246 61863    3.00000   46  176    4.00000    2.00000  50.0%   548 3527s
 215465 63296 infeasible   59         4.00000    2.00000  50.0%   549 3574s
 218669 65040    2.00000   33  212    4.00000    2.00000  50.0%   551 3625s
 222249 66768    2.00000   41  165    4.00000    2.00000  50.0%   553 3682s
 225924 68361    3.00000   39  198    4.00000    2.00000  50.0%   554 3729s
 229592 69891    2.00000   31  208    4.00000    2.00000  50.0%   555 3774s
 231638 69891    3.00000   31  220    4.00000    2.00000  50.0%   555 3775s
 233052 71895    3.00000   38  185    4.00000    2.00000  50.0%   556 3824s
 236934 73317    3.00000   49  171    4.00000    2.00000  50.0%   557 3888s
 240555 74381    3.00000   52  101    4.00000    2.00000  50.0%   557 3928s
 242968 76314    2.00000   34  196    4.00000    2.00000  50.0%   559 3988s
 247066 77989 infeasible   68         4.00000    2.00000  50.0%   559 4039s
 250847 79848    2.00000   50  100    4.00000    2.00000  50.0%   560 4089s
 250987 79848    3.00000   50  162    4.00000    2.00000  50.0%   560 4090s
 254836 81591    3.00000   57  175    4.00000    2.00000  50.0%   561 4138s
 258436 83385    3.00000   53  144    4.00000    2.00000  50.0%   562 4189s
 262403 84825    2.03030   52  174    4.00000    2.00000  50.0%   562 4239s
 266138 86565    3.00000   40  197    4.00000    2.00000  50.0%   563 4286s
 269958 88222    3.00000   39  199    4.00000    2.00000  50.0%   564 4333s
 273598 89929    3.00000   53  182    4.00000    2.00000  50.0%   564 4381s
 277484 91596    3.00000   43  151    4.00000    2.00000  50.0%   564 4430s
 280980 93354    3.00000   38  212    4.00000    2.00000  50.0%   565 4475s
 284721 95090    3.00000   47  191    4.00000    2.00000  50.0%   565 4522s
 288583 96852    3.00000   38  231    4.00000    2.00000  50.0%   565 4567s
 292155 97977    2.00930   49  211    4.00000    2.00000  50.0%   566 4608s
 294778 99735    2.00138   41  190    4.00000    2.00000  50.0%   566 4662s
 298732 101339 infeasible   42         4.00000    2.00000  50.0%   566 4713s
 302253 103015    2.00000   48  158    4.00000    2.00000  50.0%   567 4761s
 305902 104715 infeasible   49         4.00000    2.00000  50.0%   567 4816s
 309623 106472    3.00000   71  143    4.00000    2.00000  50.0%   567 4870s
 313505 108136    3.00000   40  176    4.00000    2.00000  50.0%   567 4922s
 317266 109867    2.00000   41  177    4.00000    2.00000  50.0%   568 4973s
 321069 111426    2.00000   40   88    4.00000    2.00000  50.0%   568 5023s
 324481 113009    3.00000   61  114    4.00000    2.00000  50.0%   568 5072s
 328158 114505 infeasible   79         4.00000    2.00000  50.0%   568 5121s
 331626 116100    3.00000   54  136    4.00000    2.00000  50.0%   568 5172s
 335336 117809    3.00000   56  148    4.00000    2.00000  50.0%   569 5220s
 339155 119421    3.00000   49  120    4.00000    2.00000  50.0%   569 5274s
 340783 119421    3.00000   66  127    4.00000    2.00000  50.0%   569 5275s
 343032 121004    3.00000   33  369    4.00000    2.00000  50.0%   568 5325s
 346913 122572 infeasible   61         4.00000    2.00000  50.0%   568 5379s
 350799 123998 infeasible   51         4.00000    2.00000  50.0%   568 5429s
 352410 123998    3.00000   47  179    4.00000    2.00000  50.0%   568 5430s
 354485 125475    3.00000   51  180    4.00000    2.00000  50.0%   567 5480s
 358515 126932    3.00000   64  143    4.00000    2.00000  50.0%   567 5528s
 362178 128496    3.00000   44  179    4.00000    2.00000  50.0%   566 5576s
 365996 130207    3.00000   49  128    4.00000    2.00000  50.0%   566 5628s
 369927 131703    3.00000   46  168    4.00000    2.00000  50.0%   565 5676s
 373477 133187    3.00000   61  122    4.00000    2.00000  50.0%   565 5725s
 377258 134653    3.00000   42  200    4.00000    2.00000  50.0%   564 5776s
 380743 136058    3.00000   54  263    4.00000    2.00000  50.0%   564 5822s
 384283 137592 infeasible   73         4.00000    2.00000  50.0%   563 5868s
 387848 138998 infeasible   40         4.00000    2.00000  50.0%   563 5914s
 389627 138998    3.00000   48  177    4.00000    2.00000  50.0%   563 5915s
 391460 140499 infeasible   53         4.00000    2.00000  50.0%   563 5960s
 395421 142039    3.00000   54  171    4.00000    2.00000  50.0%   562 6007s
 399087 143463    3.00000   64  134    4.00000    2.00000  50.0%   561 6051s
 402625 144799    3.00000   55  151    4.00000    2.00000  50.0%   561 6096s
 406220 146336    3.00000   59  106    4.00000    2.00000  50.0%   561 6141s
 409859 147720    3.00000   80   55    4.00000    2.00000  50.0%   560 6247s
 413325 149292    3.00000   66  144    4.00000    2.00000  50.0%   560 6300s
 417441 150773 infeasible   48         4.00000    2.00000  50.0%   559 6349s
 421043 152277 infeasible   69         4.00000    2.00000  50.0%   559 6395s
 424759 153935    3.00000   58  155    4.00000    2.00000  50.0%   558 6445s
 428713 155539    3.00000   52  153    4.00000    2.00000  50.0%   558 6496s
 432404 156842    3.00000   60  162    4.00000    2.00000  50.0%   557 6543s
 436098 158368    3.00000   37  190    4.00000    2.00000  50.0%   557 6589s
 439820 160121    3.00000   46  185    4.00000    2.00000  50.0%   557 6636s
 443753 161522 infeasible   51         4.00000    2.00000  50.0%   556 6684s
 447178 163155    3.00000   61  177    4.00000    2.00000  50.0%   556 6735s
 450985 164610    3.00000   55  181    4.00000    2.00000  50.0%   555 6780s
 454293 166046    2.00000   36  200    4.00000    2.00000  50.0%   555 6827s
 457559 167440    3.00000   39  193    4.00000    2.00000  50.0%   555 6875s
 461010 168853    3.00000   57  127    4.00000    2.00000  50.0%   555 6923s
 464513 170327    3.00000   62  130    4.00000    2.00000  50.0%   555 6973s
 468039 171707    3.00000   52  211    4.00000    2.00000  50.0%   555 7020s
 471217 173276    2.00000   52  108    4.00000    2.00000  50.0%   555 7096s
 474899 175390    2.00000   31  197    4.00000    2.00000  50.0%   555 7147s
 479913 176865    3.00000   61  149    4.00000    2.00000  50.0%   555 7196s
 483108 178485 infeasible   52         4.00000    2.00000  50.0%   555 7239s
 486580 179717    2.00000   40   63    4.00000    2.00000  50.0%   555 7286s
 489586 181210    3.00000   38  213    4.00000    2.00000  50.0%   556 7336s
 492884 183249 infeasible   62         4.00000    2.00000  50.0%   556 7383s
 497352 184544    3.00000   55  161    4.00000    2.00000  50.0%   556 7428s
 500167 185771    3.00000   46  157    4.00000    2.00000  50.0%   557 7476s
 502873 187637    3.00000   33  204    4.00000    2.00000  50.0%   557 7522s
 507247 189032    3.00000   70  151    4.00000    2.00000  50.0%   557 7570s
 510419 190430    3.00000   58   97    4.00000    2.00000  50.0%   557 7619s
 513609 191921    2.00000   40   94    4.00000    2.00000  50.0%   558 7671s
 517029 194023    3.00000   37  210    4.00000    2.00000  50.0%   558 7719s
 521654 195580    3.00000   48  264    4.00000    2.00000  50.0%   558 7768s
 525180 196898    3.00000   46  206    4.00000    2.00000  50.0%   558 7816s
 528420 198594    3.00000   31  276    4.00000    2.00000  50.0%   559 7868s
 532522 199782    3.00000   33  226    4.00000    2.00000  50.0%   559 7920s
 535674 201192    3.00000   54  125    4.00000    2.00000  50.0%   559 7969s
 539351 203260    3.00000   45  165    4.00000    2.00000  50.0%   559 8018s
 544131 204576    3.00000   54  145    4.00000    2.00000  50.0%   559 8068s
 547405 205892    3.00000   40  201    4.00000    2.00000  50.0%   559 8114s
 548697 205892    2.00000   49  108    4.00000    2.00000  50.0%   559 8115s
 550974 207059    3.00000   55  138    4.00000    2.00000  50.0%   559 8161s
 553902 208772 infeasible   63         4.00000    2.00000  50.0%   559 8206s
 558141 210142    3.00000   40  172    4.00000    2.00000  50.0%   559 8255s
 561515 211423    2.00000   49  140    4.00000    2.00000  50.0%   559 8305s
 564766 212973    3.00000   50  107    4.00000    2.00000  50.0%   559 8351s
 569062 214166    3.00000   51  159    4.00000    2.00000  50.0%   560 8401s
 572494 215388 infeasible   54         4.00000    2.00000  50.0%   560 8448s
 575868 216463    3.00000   50  202    4.00000    2.00000  50.0%   560 8499s
 579240 217901 infeasible   55         4.00000    2.00000  50.0%   560 8545s
 583155 219096 infeasible   51         4.00000    2.00000  50.0%   560 8593s
 586539 220298    3.00000   45  187    4.00000    2.00000  50.0%   560 8645s
 590035 221539 infeasible   47         4.00000    2.00000  50.0%   560 8696s
 593654 222843    2.00000   53  119    4.00000    2.00000  50.0%   560 8747s
 597218 224406    3.00000   40  171    4.00000    2.00000  50.0%   561 8794s
 601558 225624 infeasible   43         4.00000    2.00000  50.0%   561 8843s
 604993 226686 infeasible   47         4.00000    2.00000  50.0%   561 8894s
 608134 227936    3.00000   44  191    4.00000    2.00000  50.0%   561 8942s
 611585 229443    3.00000   48  172    4.00000    2.00000  50.0%   561 8993s
 615542 230669    3.00000   51  205    4.00000    2.00000  50.0%   561 9046s
 618972 231976    3.00000   40  172    4.00000    2.00000  50.0%   562 9100s
 622535 233369    3.00000   44  223    4.00000    2.00000  50.0%   562 9148s
 626816 234563    3.00000   52  155    4.00000    2.00000  50.0%   562 9197s
 630459 235872    2.00000   36  159    4.00000    2.00000  50.0%   562 9247s
 634116 237011    2.01998   40  242    4.00000    2.00000  50.0%   562 9298s
 637723 238043    2.00000   47  168    4.00000    2.00000  50.0%   562 9349s
 640885 239587    3.00000   50  126    4.00000    2.00000  50.0%   562 9394s
 642631 239587    3.00000   54  145    4.00000    2.00000  50.0%   562 9395s
 645538 240639 infeasible   51         4.00000    2.00000  50.0%   561 9450s
 649143 241802    3.00000   54  129    4.00000    2.00000  50.0%   561 9499s
 652466 242883    2.00000   44  138    4.00000    2.00000  50.0%   562 9549s
 655905 244167    3.00000   46  164    4.00000    2.00000  50.0%   562 9598s
 659427 245455    2.00000   43  161    4.00000    2.00000  50.0%   562 9647s
 663067 246626    3.00000   47  169    4.00000    2.00000  50.0%   562 9694s
 666984 247620    3.00000   32  215    4.00000    2.00000  50.0%   562 9745s
 670189 248605 infeasible   66         4.00000    2.00000  50.0%   562 9797s
 673354 249859    3.00000   48  164    4.00000    2.00000  50.0%   562 9852s
 676983 250897    3.00000   53  153    4.00000    2.00000  50.0%   562 9904s
 680774 252221    3.00000   57  151    4.00000    2.00000  50.0%   562 9957s
 684637 252896    2.01743   48  237    4.00000    2.00000  50.0%   562 10003s
 687351 253768    3.00000   43  175    4.00000    2.00000  50.0%   563 10073s
 690208 254878    3.00000   48  150    4.00000    2.00000  50.0%   563 10124s
 693014 254878    2.01731   35  266    4.00000    2.00000  50.0%   564 10125s
 693402 256535    2.15583   42  250    4.00000    2.00000  50.0%   564 10178s
 697978 257678    3.00000   38  223    4.00000    2.00000  50.0%   564 10230s
 701165 258940    3.00000   50  189    4.00000    2.00000  50.0%   565 10283s
 704449 260623    3.00000   36  221    4.00000    2.00000  50.0%   565 10338s
 709014 261719    3.00000   49  168    4.00000    2.00000  50.0%   565 10387s
 712210 263476    3.00000   45  138    4.00000    2.00000  50.0%   565 10439s
 716922 264672    2.00000   45  170    4.00000    2.00000  50.0%   565 10486s
 719979 265638    3.00000   51  167    4.00000    2.00000  50.0%   565 10537s
 722662 266802 infeasible   57         4.00000    2.00000  50.0%   566 10586s
 725825 268850    3.00000   48  142    4.00000    2.00000  50.0%   566 10638s
 730750 269844    3.00000   41  188    4.00000    2.00000  50.0%   566 10689s
 733648 271872    3.00000   50  138    4.00000    2.00000  50.0%   567 10740s
 738728 273004 infeasible   54         4.00000    2.00000  50.0%   567 10784s
 738985 273004 infeasible   51         4.00000    2.00000  50.0%   567 10785s
 741608 274068    3.00000   44  195    4.00000    2.00000  50.0%   567 10831s
 744596 275945    2.00000   41  184    4.00000    2.00000  50.0%   567 10881s
 749352 277122    2.00000   31  158    4.00000    2.00000  50.0%   567 10926s
 752171 278624    3.00000   47  136    4.00000    2.00000  50.0%   568 10975s
 756010 279956    2.00000   45   80    4.00000    2.00000  50.0%   568 11021s
 759044 282134 infeasible   47         4.00000    2.00000  50.0%   568 11073s
 763948 283386 infeasible   59         4.00000    2.00000  50.0%   568 11117s
 766766 285511    3.00000   46  198    4.00000    2.00000  50.0%   568 11165s
 771499 286461 infeasible   68         4.00000    2.00000  50.0%   568 11207s
 774007 288652    3.00000   34  196    4.00000    2.00000  50.0%   569 11259s
 775661 288652 infeasible   50         4.00000    2.00000  50.0%   569 11260s
 778849 289784    3.00000   41  171    4.00000    2.00000  50.0%   568 11300s
 781550 291634    3.00000   48  145    4.00000    2.00000  50.0%   569 11344s
 786099 292726    2.00000   33  188    4.00000    2.00000  50.0%   569 11389s
 788854 294599    3.00000   46  183    4.00000    2.00000  50.0%   569 11434s
 793416 295733    2.00208   47  241    4.00000    2.00000  50.0%   569 11474s
 796193 297727    3.00000   34  212    4.00000    2.00000  50.0%   569 11517s
 801169 299407    2.04209   41  213    4.00000    2.00000  50.0%   569 11557s
 805398 300702    3.00000   50  158    4.00000    2.00000  50.0%   569 11601s
 808744 301898    2.00000   39  120    4.00000    2.00000  50.0%   569 11645s
 811990 303341    3.00000   46  209    4.00000    2.00000  50.0%   569 11691s
 815696 304569    3.00000   44  148    4.00000    2.00000  50.0%   569 11738s
 818818 305994    2.00000   36  173    4.00000    2.00000  50.0%   569 11787s
 822380 306859    3.00000   26  235    4.00000    2.00000  50.0%   569 11827s
 824903 308816    2.00000   41   98    4.00000    2.00000  50.0%   569 11877s
 829730 310446    2.00000   40  162    4.00000    2.00000  50.0%   569 11923s
 834010 311826 infeasible   63         4.00000    2.00000  50.0%   569 11971s
 837497 313182    3.00000   45  158    4.00000    2.00000  50.0%   569 12017s
 841005 314606    3.00000   51  149    4.00000    2.00000  50.0%   569 12062s
 844554 315956    2.11511   46  192    4.00000    2.00000  50.0%   569 12108s
 848263 317376 infeasible   48         4.00000    2.00000  50.0%   569 12155s
 851890 318593    3.00000   62  135    4.00000    2.00000  50.0%   569 12202s
 855076 320098 infeasible   66         4.00000    2.00000  50.0%   569 12248s
 858875 321584    3.00000   44  162    4.00000    2.00000  50.0%   569 12297s
 862757 322852    3.00000   58  147    4.00000    2.00000  50.0%   568 12341s
 866399 324325    2.00000   28  213    4.00000    2.00000  50.0%   568 12388s
 870184 325790    3.00000   40  193    4.00000    2.00000  50.0%   568 12434s
 870337 325790    3.00000   44  151    4.00000    2.00000  50.0%   568 12435s
 873999 327169    3.00000   52  152    4.00000    2.00000  50.0%   568 12478s
 877771 328658    3.00000   54  179    4.00000    2.00000  50.0%   568 12525s
 881564 330043 infeasible   63         4.00000    2.00000  50.0%   568 12569s
 885180 331354 infeasible   40         4.00000    2.00000  50.0%   568 12617s
 888656 332143 infeasible   44         4.00000    2.00000  50.0%   568 12660s
 891247 333662    2.00000   40  165    4.00000    2.00000  50.0%   568 12709s
 891738 333662    2.00000   47  120    4.00000    2.00000  50.0%   568 12710s
 895366 335460    2.49992   41  156    4.00000    2.00000  50.0%   567 12763s
 899857 336904    3.00000   56  170    4.00000    2.00000  50.0%   567 12811s
 903535 338313    3.00000   50  157    4.00000    2.00000  50.0%   567 12854s
 906826 339794 infeasible   59         4.00000    2.00000  50.0%   567 12900s
 910272 341357 infeasible   69         4.00000    2.00000  50.0%   567 12948s
 913741 342897 infeasible   50         4.00000    2.00000  50.0%   567 13184s
 914468 342897    2.04545   58  136    4.00000    2.00000  50.0%   567 13185s
 917020 345186    3.00000   30  196    4.00000    2.00000  50.0%   567 13240s
 921495 347123    2.00000   56  134    4.00000    2.00000  50.0%   567 13294s
 925307 348984    2.00000   36  184    4.00000    2.00000  50.0%   567 13346s
 929515 350882 infeasible   54         4.00000    2.00000  50.0%   567 13395s
 933185 352852    2.00000   38  155    4.00000    2.00000  50.0%   567 13449s
 937074 354688    2.00000   43  169    4.00000    2.00000  50.0%   567 13506s
 940304 357118    2.00000   53  123    4.00000    2.00000  50.0%   567 13555s
 945145 358379    3.00000   42  199    4.00000    2.00000  50.0%   567 13600s
 947598 360947    3.00000   51  193    4.00000    2.00000  50.0%   567 13651s
 952366 363414    2.00000   31  238    4.00000    2.00000  50.0%   567 13695s
 956819 365212    3.00000   36  223    4.00000    2.00000  50.0%   567 13740s
 960155 367466 infeasible   49         4.00000    2.00000  50.0%   567 13783s
 964523 369513    2.00000   42  185    4.00000    2.00000  50.0%   566 13829s
 968135 371307    2.00000   47  124    4.00000    2.00000  50.0%   566 13875s
 971628 373248    2.00655   42  343    4.00000    2.00000  50.0%   566 13919s
 972374 373248    3.00000   48  192    4.00000    2.00000  50.0%   566 13920s
 975378 375498    2.00000   31  205    4.00000    2.00000  50.0%   566 13960s
 979469 377081    3.00000   62  180    4.00000    2.00000  50.0%   566 14008s
 982700 378896    3.00000   53  135    4.00000    2.00000  50.0%   565 14054s
 985481 378896    3.00000   52  233    4.00000    2.00000  50.0%   565 14055s
 986722 380723 infeasible   59         4.00000    2.00000  50.0%   565 14096s
 990656 382518    3.00000   50  157    4.00000    2.00000  50.0%   565 14139s
 994455 384369    2.01026   32  313    4.00000    2.00000  50.0%   564 14184s
 998115 386056    2.00000   49  166    4.00000    2.00000  50.0%   564 14231s
 1001595 387917 infeasible   57         4.00000    2.00000  50.0%   564 14277s
 1005403 389801    3.00000   55  168    4.00000    2.00000  50.0%   564 14317s
 1009060 392001    3.00000   44  169    4.00000    2.00000  50.0%   564 14355s
 1013567 393770    3.00000   44  251    4.00000    2.00000  50.0%   563 14394s
 1017139 393770    2.00000   41  162    4.00000    2.00000  50.0%   563 14395s
 1017276 395616    3.00000   45  168    4.00000    2.00000  50.0%   563 14432s
 1020875 396803    3.00000   48  214    4.00000    2.00000  50.0%   562 14472s
 1023378 398654    3.00000   51  138    4.00000    2.00000  50.0%   562 14514s
 1027258 400676    3.00000   73  133    4.00000    2.00000  50.0%   562 14553s
 1031678 402253    2.00000   53  179    4.00000    2.00000  50.0%   562 14592s
 1035186 403891    2.00000   26  200    4.00000    2.00000  50.0%   561 14630s
 1038636 405362    3.00000   64  185    4.00000    2.00000  50.0%   561 14669s
 1042105 406837    3.00000   44  154    4.00000    2.00000  50.0%   561 14711s
 1045418 408971    2.00000   31  203    4.00000    2.00000  50.0%   561 14755s
 1050081 410571    2.00000   31  207    4.00000    2.00000  50.0%   560 14797s
 1053488 412289 infeasible   67         4.00000    2.00000  50.0%   560 14841s
 1057070 414384    3.00000   41  222    4.00000    2.00000  50.0%   560 14878s
 1061461 415874    2.00000   32  209    4.00000    2.00000  50.0%   559 14916s
 1064888 417015 infeasible   72         4.00000    2.00000  50.0%   559 14953s
 1067443 419133    3.00000   51  171    4.00000    2.00000  50.0%   559 14994s
 1072091 421061    3.00000   33  275    4.00000    2.00000  50.0%   559 15032s
 1076580 422533    3.00000   76  157    4.00000    2.00000  50.0%   558 15071s
 1079963 424078    3.00000   59  139    4.00000    2.00000  50.0%   558 15109s
 1080229 424078    2.00000   49  161    4.00000    2.00000  50.0%   558 15110s
 1083438 425043    3.00000   72  129    4.00000    2.00000  50.0%   558 15150s
 1086205 426790 infeasible   62         4.00000    2.00000  50.0%   557 15196s
 1089941 428947    3.00000   60  132    4.00000    2.00000  50.0%   557 15234s
 1091447 428947    3.00000   38  200    4.00000    2.00000  50.0%   557 15235s
 1094674 430581    3.00000   77  103    4.00000    2.00000  50.0%   556 15275s
 1098152 432342 infeasible   61         4.00000    2.00000  50.0%   556 15313s
 1102151 433741    3.00000   67  130    4.00000    2.00000  50.0%   556 15353s
 1105563 434824    3.00000   49  216    4.00000    2.00000  50.0%   555 15388s
 1108176 436704    3.00000   62  219    4.00000    2.00000  50.0%   555 15427s
 1112756 438117    2.00000   51  161    4.00000    2.00000  50.0%   555 15466s
 1116143 439629 infeasible   80         4.00000    2.00000  50.0%   554 15506s
 1119635 441471    2.00493   41  294    4.00000    2.00000  50.0%   554 15543s
 1124269 442873    3.00000   50  169    4.00000    2.00000  50.0%   553 15583s
 1127610 444123    3.00000   40  233    4.00000    2.00000  50.0%   553 15623s
 1130787 445969 infeasible   50         4.00000    2.00000  50.0%   553 15663s
 1135128 447333    3.00000   54  131    4.00000    2.00000  50.0%   552 15700s
 1138232 448785    2.00015   49  323    4.00000    2.00000  50.0%   552 15740s
 1141602 450477    3.00000   53  213    4.00000    2.00000  50.0%   552 15777s
 1145633 451476    3.00000   45  146    4.00000    2.00000  50.0%   551 15810s
 1148115 453274    3.00000   43  195    4.00000    2.00000  50.0%   551 15848s
 1152150 455092    3.00000   53  179    4.00000    2.00000  50.0%   551 15886s
 1156365 456484    2.00897   30  277    4.00000    2.00000  50.0%   551 15924s
 1159697 457661    3.00000   35  218    4.00000    2.00000  50.0%   550 15963s
 1162482 459090    3.00000   76  132    4.00000    2.00000  50.0%   550 16003s
 1166117 460545    3.00000   54  153    4.00000    2.00000  50.0%   550 16051s
 1169566 461915    3.00000   58   97    4.00000    2.00000  50.0%   550 16096s
 1173158 463506    3.00000   54  146    4.00000    2.00000  50.0%   550 16139s
 1175145 463506 infeasible   37         4.00000    2.00000  50.0%   549 16140s
 1176693 465602    3.00000   30  225    4.00000    2.00000  50.0%   549 16178s
 1181277 466530    3.00000   61  176    4.00000    2.00000  50.0%   549 16212s
 1183599 468668    3.00000   70  142    4.00000    2.00000  50.0%   549 16250s
 1188314 470051    3.00000   49  189    4.00000    2.00000  50.0%   548 16289s
 1191356 471608    3.00000   40  227    4.00000    2.00000  50.0%   548 16331s
 1194709 473449    3.00000   42  233    4.00000    2.00000  50.0%   548 16374s
 1196238 473449    3.00000   54  133    4.00000    2.00000  50.0%   548 16375s
 1198557 475399    3.00000   43  216    4.00000    2.00000  50.0%   548 16411s
 1202649 476856    3.00000   30  200    4.00000    2.00000  50.0%   548 16449s
 1203335 476856    3.00000   32  236    4.00000    2.00000  50.0%   548 16450s
 1205697 478522    3.00000   40  219    4.00000    2.00000  50.0%   548 16490s
 1209091 480175    3.00000   69  149    4.00000    2.00000  50.0%   547 16535s
 1212380 481424    2.02542   46  281    4.00000    2.00000  50.0%   547 16570s
 1214835 484088    3.00000   53  165    4.00000    2.00000  50.0%   547 16613s
 1219525 486491 infeasible   46         4.00000    2.00000  50.0%   547 16657s
 1223947 488220    3.00000   69  140    4.00000    2.00000  50.0%   547 16692s
 1227840 490184    2.07153   37  290    4.00000    2.00000  50.0%   547 16730s
 1231315 492236    3.00000   48  227    4.00000    2.00000  50.0%   546 16767s
 1234998 494207 infeasible   71         4.00000    2.00000  50.0%   546 16806s
 1238544 496000    3.00000   48  218    4.00000    2.00000  50.0%   546 16848s
 1241811 498517    3.00000   51  204    4.00000    2.00000  50.0%   546 16885s
 1246185 500245    3.00000   37  211    4.00000    2.00000  50.0%   546 16923s
 1249463 502182    2.10181   51  179    4.00000    2.00000  50.0%   546 16964s
 1253217 504559    3.00000   48  208    4.00000    2.00000  50.0%   545 17000s
 1257578 506566    2.00111   39  271    4.00000    2.00000  50.0%   545 17039s
 1260959 508682    3.00000   59  158    4.00000    2.00000  50.0%   545 17075s
 1265140 510542    3.00000   64  183    4.00000    2.00000  50.0%   545 17111s
 1268560 512430    2.00000   26  220    4.00000    2.00000  50.0%   544 17147s
 1271932 514831    3.00000   58  163    4.00000    2.00000  50.0%   544 17181s
 1276077 516567    3.00000   38  189    4.00000    2.00000  50.0%   544 17218s
 1279590 518417 infeasible   63         4.00000    2.00000  50.0%   544 17256s
 1282946 520875    3.00000   50  220    4.00000    2.00000  50.0%   544 17291s
 1287344 522753    2.00749   37  315    4.00000    2.00000  50.0%   543 17324s
 1289098 522753    3.00000   27  214    4.00000    2.00000  50.0%   543 17325s
 1290717 524315 infeasible   69         4.00000    2.00000  50.0%   543 17360s
 1293654 526550 infeasible   58         4.00000    2.00000  50.0%   543 17395s
 1297643 528565    2.00000   51   73    4.00000    2.00000  50.0%   543 17431s
 1301137 530305    3.00000   53  185    4.00000    2.00000  50.0%   542 17469s
 1304678 532686    3.00000   50  246    4.00000    2.00000  50.0%   542 17504s
 1307490 532686    3.00000   51  196    4.00000    2.00000  50.0%   542 17505s
 1308845 533708    2.00000   37  208    4.00000    2.00000  50.0%   542 17532s
 1310698 536174 infeasible   71         4.00000    2.00000  50.0%   542 17571s
 1315131 538240    3.00000   36  230    4.00000    2.00000  50.0%   542 17605s
 1319303 540669 infeasible   84         4.00000    2.00000  50.0%   541 17639s
 1319685 540669    3.00000   59  179    4.00000    2.00000  50.0%   541 17640s
 1323739 542833 infeasible   81         4.00000    2.00000  50.0%   541 17673s
 1327758 544270    2.00000   58   93    4.00000    2.00000  50.0%   541 17710s
 1330588 545824    2.00000   45  198    4.00000    2.00000  50.0%   541 17746s
 1333778 547692    3.00000   49  170    4.00000    2.00000  50.0%   540 17784s
 1335258 547692    3.00000   51  154    4.00000    2.00000  50.0%   540 17785s
 1337250 549293    3.00000   57  149    4.00000    2.00000  50.0%   540 17822s
 1340513 551491    2.03278   36  310    4.00000    2.00000  50.0%   540 17858s
 1344788 553437    2.00000   41  212    4.00000    2.00000  50.0%   540 17894s
 1348399 555324    2.00000   35  210    4.00000    2.00000  50.0%   540 17932s
 1352107 557197 infeasible   67         4.00000    2.00000  50.0%   539 17968s
 1355552 559420 infeasible   72         4.00000    2.00000  50.0%   539 18029s
 1359265 559420 infeasible   67         4.00000    2.00000  50.0%   539 18030s
 1359754 561193    2.00000   64   50    4.00000    2.00000  50.0%   539 18068s
 1363170 563050    2.02478   42  308    4.00000    2.00000  50.0%   539 18105s
 1366903 564491    3.00000   51  213    4.00000    2.00000  50.0%   538 18143s
 1369907 566379    3.00000   50  166    4.00000    2.00000  50.0%   538 18185s
 1373744 568243    3.00000   54  192    4.00000    2.00000  50.0%   538 18223s
 1377514 570571    3.00000   55  202    4.00000    2.00000  50.0%   538 18258s
 1381948 572293    3.00000   45  182    4.00000    2.00000  50.0%   538 18294s
 1385465 574021    3.00000   51  180    4.00000    2.00000  50.0%   537 18333s
 1389198 575752    3.00000   59  164    4.00000    2.00000  50.0%   537 18369s
 1392729 577303    3.00000   46  252    4.00000    2.00000  50.0%   537 18405s
 1396213 579126    3.00000   53  178    4.00000    2.00000  50.0%   537 18442s
 1399929 580865    3.00000   56  204    4.00000    2.00000  50.0%   537 18482s
 1403674 582651 infeasible   69         4.00000    2.00000  50.0%   536 18520s
 1407383 584637    2.10489   49  259    4.00000    2.00000  50.0%   536 18553s
 1411591 586206 infeasible   75         4.00000    2.00000  50.0%   536 18590s
 1414807 587171    3.00000   56  179    4.00000    2.00000  50.0%   535 18619s
 1415858 587171    2.07973   46  279    4.00000    2.00000  50.0%   535 18620s
 1417004 588969    3.00000   69  157    4.00000    2.00000  50.0%   535 18658s
 1421403 590377    2.00000   47  190    4.00000    2.00000  50.0%   535 18694s
 1424640 592007    2.00000   51  207    4.00000    2.00000  50.0%   535 18735s
 1428298 593619    3.00000   68  186    4.00000    2.00000  50.0%   535 18770s
 1431776 595224    3.00000   70  124    4.00000    2.00000  50.0%   535 18809s
 1434783 595224    2.00000   47  233    4.00000    2.00000  50.0%   535 18810s
 1435311 596731    3.00000   68  129    4.00000    2.00000  50.0%   535 18850s
 1439114 598490    3.00000   74  146    4.00000    2.00000  50.0%   534 18887s
 1442809 600093    3.00000   42  216    4.00000    2.00000  50.0%   534 18926s
 1446390 601534    3.00000   63  181    4.00000    2.00000  50.0%   534 18966s
 1449969 603178    3.00000   37  206    4.00000    2.00000  50.0%   534 19006s
 1453631 604849    3.00000   63  124    4.00000    2.00000  50.0%   534 19046s
 1457243 606300    2.00000   50  121    4.00000    2.00000  50.0%   533 19086s
 1460738 607817    3.00000   73  134    4.00000    2.00000  50.0%   533 19127s
 1464540 609713    2.03985   51  162    4.00000    2.00000  50.0%   533 19165s
 1469067 611121    2.00000   55  135    4.00000    2.00000  50.0%   533 19199s
 1472478 612366    3.00000   49  222    4.00000    2.00000  50.0%   533 19233s
 1475656 613772    3.00000   59  162    4.00000    2.00000  50.0%   533 19270s
 1479059 614740    3.00000   41  225    4.00000    2.00000  50.0%   533 19301s
 1481134 616714    3.00000   70  124    4.00000    2.00000  50.0%   533 19341s
 1485777 618702    3.00000   53  222    4.00000    2.00000  50.0%   532 19378s
 1490386 620362    3.00000   58  173    4.00000    2.00000  50.0%   532 19416s
 1493992 621853    3.00000   46  217    4.00000    2.00000  50.0%   532 19454s
 1497488 623170    3.00000   78  174    4.00000    2.00000  50.0%   532 19491s
 1500996 624614    2.05150   47  265    4.00000    2.00000  50.0%   531 19527s
 1504367 626420    2.01214   57  250    4.00000    2.00000  50.0%   531 19566s
 1507922 627696    2.00000   50   90    4.00000    2.00000  50.0%   531 19603s
 1510792 629317    3.00000   54  210    4.00000    2.00000  50.0%   531 19643s
 1514787 630923    3.00000   59  207    4.00000    2.00000  50.0%   531 19683s
 1518460 632783 infeasible   61         4.00000    2.00000  50.0%   531 19719s
 1518993 632783    3.00000   55  166    4.00000    2.00000  50.0%   531 19720s
 1522723 634344    3.00000   53  178    4.00000    2.00000  50.0%   530 19759s
 1523030 634344    3.00000   68   92    4.00000    2.00000  50.0%   530 19760s
 1526316 635976    3.00000   57  224    4.00000    2.00000  50.0%   530 19796s
 1529822 637628    3.00000   58  152    4.00000    2.00000  50.0%   530 19834s
 1532238 637628    2.00594   45  271    4.00000    2.00000  50.0%   530 19835s
 1533494 639077 infeasible   68         4.00000    2.00000  50.0%   530 19873s
 1537047 640552    3.00000   47  231    4.00000    2.00000  50.0%   530 19912s
 1540709 642031    2.00000   57  136    4.00000    2.00000  50.0%   530 19952s
 1544109 643539 infeasible   68         4.00000    2.00000  50.0%   529 19991s
 1547622 645032    3.00000   79  119    4.00000    2.00000  50.0%   529 20032s
 1551274 646586 infeasible   67         4.00000    2.00000  50.0%   529 20071s
 1555011 648055 infeasible   74         4.00000    2.00000  50.0%   529 20107s
 1558629 648896    3.00000   75  108    4.00000    2.00000  50.0%   529 20141s
 1560939 651089    3.00000   48  190    4.00000    2.00000  50.0%   529 20180s
 1565791 652942    3.00000   52  149    4.00000    2.00000  50.0%   528 20214s
 1569811 654950    2.01221   51  213    4.00000    2.00000  50.0%   528 20250s
 1574132 656173    3.00000   74  151    4.00000    2.00000  50.0%   528 20292s
 1577136 657665    3.00000   55  169    4.00000    2.00000  50.0%   528 20328s
 1580708 659296    3.00000   58  140    4.00000    2.00000  50.0%   528 20365s
 1584187 660936    3.00000   39  201    4.00000    2.00000  50.0%   528 20402s
 1587813 662928    3.00000   49  209    4.00000    2.00000  50.0%   527 20438s
 1592269 664569    3.00000   78  121    4.00000    2.00000  50.0%   527 20472s
 1595751 666215 infeasible   60         4.00000    2.00000  50.0%   527 20507s
 1599197 667762    3.00000   63  171    4.00000    2.00000  50.0%   527 20542s
 1602525 669482 infeasible   62         4.00000    2.00000  50.0%   527 20576s
 1606422 670979 infeasible   77         4.00000    2.00000  50.0%   526 20609s
 1609144 670979    2.00412   52  252    4.00000    2.00000  50.0%   526 20610s
 1609545 672774    3.00000   58  176    4.00000    2.00000  50.0%   526 20645s
 1613122 674547    3.00000   54  197    4.00000    2.00000  50.0%   526 20682s
 1616690 676414    3.00000   48  228    4.00000    2.00000  50.0%   526 20719s
 1620749 677605 infeasible   75         4.00000    2.00000  50.0%   526 20758s
 1623301 679175    3.00000   77  145    4.00000    2.00000  50.0%   526 20796s
 1626756 680968    3.00000   52  206    4.00000    2.00000  50.0%   526 20838s
 1630511 682652    3.00000   43  233    4.00000    2.00000  50.0%   526 20878s
 1634178 684260    2.00000   38  223    4.00000    2.00000  50.0%   525 20917s
 1637872 685236 infeasible   66         4.00000    2.00000  50.0%   525 20947s
 1640144 687547    3.00000   57  144    4.00000    2.00000  50.0%   525 20987s
 1645024 689611    3.00000   67  101    4.00000    2.00000  50.0%   525 21024s
 1649600 691575    2.00000   49  216    4.00000    2.00000  50.0%   525 21059s
 1653809 692952 infeasible   65         4.00000    2.00000  50.0%   524 21092s
 1656977 694530    3.00000   53  191    4.00000    2.00000  50.0%   524 21132s
 1660544 696586    3.00000   44  228    4.00000    2.00000  50.0%   524 21167s
 1664956 698272    2.02493   41  291    4.00000    2.00000  50.0%   524 21202s
 1668468 699593    3.00000   44  256    4.00000    2.00000  50.0%   524 21237s
 1671634 701267    3.00000   51  194    4.00000    2.00000  50.0%   524 21274s
 1675046 702870    3.00000   57  126    4.00000    2.00000  50.0%   524 21309s
 1678753 704552    3.00000   66  107    4.00000    2.00000  50.0%   523 21348s
 1682149 706068    3.00000   59  208    4.00000    2.00000  50.0%   523 21387s
 1685552 707825 infeasible   74         4.00000    2.00000  50.0%   523 21422s
 1689301 709846 infeasible   79         4.00000    2.00000  50.0%   523 21456s
 1693535 711375    3.00000   52  205    4.00000    2.00000  50.0%   523 21492s
 1696713 712908    3.00000   54  121    4.00000    2.00000  50.0%   522 21531s
 1700319 714585 infeasible   64         4.00000    2.00000  50.0%   522 21567s
 1703808 715661    3.00000   85  140    4.00000    2.00000  50.0%   522 21605s
 1706488 717530    3.00000   86   89    4.00000    2.00000  50.0%   522 21646s
 1710512 719319 infeasible   65         4.00000    2.00000  50.0%   522 21686s
 1714294 721083    3.00000   66  162    4.00000    2.00000  50.0%   522 21722s
 1717969 722956    3.00000   63  148    4.00000    2.00000  50.0%   522 21760s
 1721853 724115    3.00000   52  179    4.00000    2.00000  50.0%   521 21793s
 1724378 726311    2.05594   49  285    4.00000    2.00000  50.0%   521 21832s
 1729003 728417    3.00000   51  203    4.00000    2.00000  50.0%   521 21868s
 1733397 730283    2.02956   41  290    4.00000    2.00000  50.0%   521 21902s
 1737203 731985    3.00000   53  188    4.00000    2.00000  50.0%   521 21939s
 1740708 733557    3.00000   63  176    4.00000    2.00000  50.0%   520 21976s
 1744345 735294    3.00000   46  182    4.00000    2.00000  50.0%   520 22010s
 1747966 736778    3.00000   81  106    4.00000    2.00000  50.0%   520 22047s
 1751569 738716    3.00000   55  171    4.00000    2.00000  50.0%   520 22082s
 1755552 740398    3.00000   61  159    4.00000    2.00000  50.0%   520 22120s
 1759099 741875    2.00751   40  312    4.00000    2.00000  50.0%   519 22157s
 1762567 743427    3.00000   39  205    4.00000    2.00000  50.0%   519 22196s
 1766000 745177    3.00000   66  193    4.00000    2.00000  50.0%   519 22231s
 1769552 746600    3.00000   63  150    4.00000    2.00000  50.0%   519 22269s
 1771555 746600    3.00000   60  161    4.00000    2.00000  50.0%   519 22270s
 1773196 748339    3.00000   39  188    4.00000    2.00000  50.0%   519 22308s
 1776722 750252    3.00000   61  191    4.00000    2.00000  50.0%   519 22344s
 1780911 751626    3.00000   66  148    4.00000    2.00000  50.0%   518 22379s
 1782432 751626    2.00000   67   92    4.00000    2.00000  50.0%   518 22380s
 1784247 753176    3.00000   54  213    4.00000    2.00000  50.0%   518 22414s
 1787546 754196    3.00000   56  223    4.00000    2.00000  50.0%   518 22441s
 1789638 756123    3.00000   56  224    4.00000    2.00000  50.0%   518 22476s
 1793580 758363 infeasible   56         4.00000    2.00000  50.0%   518 22512s
 1798176 760581    3.00000   45  226    4.00000    2.00000  50.0%   518 22548s
 1802569 762135    2.00000   46  170    4.00000    2.00000  50.0%   517 22584s
 1805868 763719    2.00000   66  152    4.00000    2.00000  50.0%   517 22620s
 1809199 765416    3.00000   60  201    4.00000    2.00000  50.0%   517 22658s
 1812531 767335    2.00000   51  177    4.00000    2.00000  50.0%   517 22694s
 1812694 767335    2.00000   41  185    4.00000    2.00000  50.0%   517 22695s
 1816322 769067    3.00000   58  179    4.00000    2.00000  50.0%   517 22733s
 1819931 770698    2.04209   69  206    4.00000    2.00000  50.0%   517 22768s
 1823250 772482    3.00000   51  142    4.00000    2.00000  50.0%   517 22805s
 1826766 774478    3.00000   59  197    4.00000    2.00000  50.0%   517 22839s
 1830834 776254    2.00902   50  255    4.00000    2.00000  50.0%   517 22876s
 1834347 777898    3.00000   53  215    4.00000    2.00000  50.0%   516 22914s
 1837693 779403    3.00000   48  206    4.00000    2.00000  50.0%   516 22951s
 1840601 781242    3.00000   54  160    4.00000    2.00000  50.0%   516 22990s
 1844368 782833 infeasible   82         4.00000    2.00000  50.0%   516 23027s
 1847960 784714    3.00000   52  198    4.00000    2.00000  50.0%   516 23065s
 1851651 786898    3.00000   57  171    4.00000    2.00000  50.0%   516 23101s
 1856288 788629    3.00000   61  183    4.00000    2.00000  50.0%   516 23138s
 1859852 790284    3.00000   58  176    4.00000    2.00000  50.0%   516 23175s
 1863366 792135    2.00000   44  198    4.00000    2.00000  50.0%   515 23209s
 1865799 792135    3.00000   66  165    4.00000    2.00000  50.0%   515 23210s
 1866833 794190    3.00000   57  156    4.00000    2.00000  50.0%   515 23248s
 1870851 794947    3.00000   53  152    4.00000    2.00000  50.0%   515 23275s
 1872700 797347    3.00000   58  126    4.00000    2.00000  50.0%   515 23313s
 1877312 799519    3.00000   65  185    4.00000    2.00000  50.0%   515 23349s
 1881696 801177    3.00000   60  160    4.00000    2.00000  50.0%   515 23382s
 1885026 803136    3.00000   69  105    4.00000    2.00000  50.0%   515 23420s
 1889122 804718    3.00000   51  212    4.00000    2.00000  50.0%   515 23458s
 1892366 806495    3.00000   48  181    4.00000    2.00000  50.0%   514 23494s
 1895663 808091    2.00053   44  264    4.00000    2.00000  50.0%   514 23532s
 1898777 810321    3.00000   54  155    4.00000    2.00000  50.0%   514 23568s
 1903182 811936    2.00000   41  211    4.00000    2.00000  50.0%   514 23602s
 1906595 813376 infeasible   77         4.00000    2.00000  50.0%   514 23636s
 1909843 814826 infeasible   65         4.00000    2.00000  50.0%   514 23675s
 1913140 816644 infeasible   46         4.00000    2.00000  50.0%   514 23715s
 1916779 818406 infeasible   72         4.00000    2.00000  50.0%   514 23756s
 1920445 820616    2.00000   69   90    4.00000    2.00000  50.0%   514 23792s
 1924831 822459    3.00000   54  187    4.00000    2.00000  50.0%   514 23829s
 1926094 822459    3.00000   44  233    4.00000    2.00000  50.0%   513 23830s
 1928319 824220    3.00000   52  203    4.00000    2.00000  50.0%   513 23866s
 1931710 825856    2.03928   43  314    4.00000    2.00000  50.0%   513 23901s
 1934965 827721    3.00000   42  187    4.00000    2.00000  50.0%   513 23939s
 1939098 829444    3.00000   44  190    4.00000    2.00000  50.0%   513 23977s
 1942473 831488    3.00000   51  223    4.00000    2.00000  50.0%   513 24017s
 1946258 833302 infeasible   51         4.00000    2.00000  50.0%   513 24050s
 1949797 834876    3.00000   48  161    4.00000    2.00000  50.0%   513 24088s
 1953101 837311    3.00000   39  204    4.00000    2.00000  50.0%   513 24128s
 1957443 838803    3.00000   50  221    4.00000    2.00000  50.0%   513 24164s
 1960655 840582    3.00000   70  150    4.00000    2.00000  50.0%   512 24202s
 1964259 842274    2.00000   42  209    4.00000    2.00000  50.0%   512 24241s
 1967930 843933    3.00000   51  176    4.00000    2.00000  50.0%   512 24279s
 1968563 843933    3.00000   80  133    4.00000    2.00000  50.0%   512 24280s
 1971589 846028    3.00000   46  219    4.00000    2.00000  50.0%   512 24319s
 1975864 847061    3.00000   66  199    4.00000    2.00000  50.0%   512 24352s
 1977784 849159    3.00000   52  190    4.00000    2.00000  50.0%   512 24390s
 1982027 851399    3.00000   44  202    4.00000    2.00000  50.0%   512 24429s
 1983588 851399    3.00000   50  205    4.00000    2.00000  50.0%   512 24430s
 1986149 853500    3.00000   63  207    4.00000    2.00000  50.0%   512 24462s
 1990321 854980    3.00000   54  182    4.00000    2.00000  50.0%   512 24499s
 1993286 856697    3.00000   47  191    4.00000    2.00000  50.0%   512 24538s
 1996689 858666 infeasible   74         4.00000    2.00000  50.0%   512 24572s
 2000639 860292    3.00000   42  208    4.00000    2.00000  50.0%   511 24608s
 2004063 862016    3.00000   59  145    4.00000    2.00000  50.0%   511 24646s
 2007393 864305    3.00000   62  205    4.00000    2.00000  50.0%   511 24681s
 2011714 866194    3.00000   76  152    4.00000    2.00000  50.0%   511 24717s
 2015065 868123    3.00000   47  163    4.00000    2.00000  50.0%   511 24754s
 2016354 868123    2.00000   38  212    4.00000    2.00000  50.0%   511 24755s
 2018520 870485    3.00000   49  245    4.00000    2.00000  50.0%   511 24792s
 2022620 871941    3.00000   51  225    4.00000    2.00000  50.0%   511 24830s
 2025606 873951 infeasible   58         4.00000    2.00000  50.0%   511 24873s
 2029249 875998    3.00000   56  208    4.00000    2.00000  50.0%   511 24914s
 2032825 878425 infeasible   73         4.00000    2.00000  50.0%   511 24949s
 2036782 878425    3.00000   53  254    4.00000    2.00000  50.0%   510 24950s
 2037193 880112    3.00000   50  235    4.00000    2.00000  50.0%   510 24987s
 2040393 882080    2.05691   70  195    4.00000    2.00000  50.0%   510 25023s
 2044043 884432    2.00000   47  155    4.00000    2.00000  50.0%   510 25058s
 2048204 886037    3.00000   51  219    4.00000    2.00000  50.0%   510 25097s
 2051398 887974    3.00000   49  254    4.00000    2.00000  50.0%   510 25133s
 2054977 890047    3.00000   46  188    4.00000    2.00000  50.0%   510 25168s
 2058721 891824 infeasible   93         4.00000    2.00000  50.0%   510 25203s
 2061983 894115 infeasible   51         4.00000    2.00000  50.0%   510 25236s
 2066139 895962 infeasible   64         4.00000    2.00000  50.0%   510 25271s
 2069475 897719    3.00000   60  132    4.00000    2.00000  50.0%   510 25310s
 2072784 900131    3.00000   42  250    4.00000    2.00000  50.0%   510 25344s
 2076859 901081    3.00000   47  197    4.00000    2.00000  50.0%   510 25371s
 2078553 903635 infeasible   75         4.00000    2.00000  50.0%   510 25409s
 2083132 906033    3.00000   52  185    4.00000    2.00000  50.0%   509 25443s
 2087356 908369    3.00000   52  204    4.00000    2.00000  50.0%   509 25476s
 2091451 910418 infeasible   61         4.00000    2.00000  50.0%   509 25508s
 2095325 911914 infeasible   62         4.00000    2.00000  50.0%   509 25541s
 2098029 913816    3.00000   62  139    4.00000    2.00000  50.0%   509 25576s
 2101443 916008 infeasible   61         4.00000    2.00000  50.0%   509 25610s
 2105393 918141 infeasible   60         4.00000    2.00000  50.0%   509 25647s
 2108842 919854    3.00000   62  195    4.00000    2.00000  50.0%   509 25686s
 2112341 921914    3.00000   58  199    4.00000    2.00000  50.0%   509 25724s
 2114703 921914    2.01148   53  241    4.00000    2.00000  50.0%   509 25725s
 2116082 923683    2.00000   40   68    4.00000    2.00000  50.0%   509 25763s
 2119265 925196    3.00000   64  146    4.00000    2.00000  50.0%   509 25804s
 2122461 927705    3.00000   50  171    4.00000    2.00000  50.0%   509 25842s
 2127025 929655    3.00000   50  206    4.00000    2.00000  50.0%   509 25880s
 2130416 931570    3.00000   59  198    4.00000    2.00000  50.0%   509 25917s
 2133793 933755    3.00000   69  174    4.00000    2.00000  50.0%   509 25955s
 2137606 935947    3.00000   42  217    4.00000    2.00000  50.0%   509 25995s
 2141565 937732    2.00000   37  216    4.00000    2.00000  50.0%   508 26034s
 2144932 940289    2.00000   41  150    4.00000    2.00000  50.0%   508 26068s
 2149113 942151    2.00000   41  183    4.00000    2.00000  50.0%   508 26106s
 2152326 943941    3.00000   55  198    4.00000    2.00000  50.0%   508 26148s
 2155491 946111    3.00000   36  213    4.00000    2.00000  50.0%   508 26186s
 2159440 948119    2.00000   38  212    4.00000    2.00000  50.0%   508 26224s
 2163087 950215    3.00000   39  237    4.00000    2.00000  50.0%   508 26261s
 2166721 951988    2.07154   45  190    4.00000    2.00000  50.0%   508 26300s
 2169755 953782    2.00000   36  216    4.00000    2.00000  50.0%   508 26342s
 2173190 956298    3.00000   47  212    4.00000    2.00000  50.0%   508 26378s
 2177507 958122    3.00000   36  179    4.00000    2.00000  50.0%   508 26415s
 2180883 960019 infeasible   72         4.00000    2.00000  50.0%   508 26454s
 2184215 962275    3.00000   44  180    4.00000    2.00000  50.0%   508 26490s
 2188216 964179    3.00000   51  188    4.00000    2.00000  50.0%   508 26530s
 2191770 966130    3.00000   40  216    4.00000    2.00000  50.0%   508 26564s
 2192371 966130    2.05565   61  196    4.00000    2.00000  50.0%   508 26565s
 2195462 967145    3.00000   50  192    4.00000    2.00000  50.0%   508 26598s
 2197296 969643    2.00000   36  208    4.00000    2.00000  50.0%   508 26637s
 2201719 971819 infeasible   48         4.00000    2.00000  50.0%   508 26674s
 2205454 974211 infeasible   62         4.00000    2.00000  50.0%   508 26712s
 2209729 976245 infeasible   66         4.00000    2.00000  50.0%   507 26783s
 2213556 978122    2.00000   36  203    4.00000    2.00000  50.0%   507 26824s
 2217021 980010    3.00000   67  181    4.00000    2.00000  50.0%   507 26866s
 2220505 982519    2.00000   41  181    4.00000    2.00000  50.0%   507 26904s
 2224972 984290 infeasible   72         4.00000    2.00000  50.0%   507 26943s
 2228485 986223    3.00000   57  147    4.00000    2.00000  50.0%   507 26980s
 2232704 987901    3.00000   73  182    4.00000    2.00000  50.0%   507 27025s
 2235808 989446    2.00000   41  219    4.00000    2.00000  50.0%   507 27063s
 2239240 991610    2.00000   34  213    4.00000    2.00000  50.0%   507 27102s
 2243293 993523    3.00000   54  129    4.00000    2.00000  50.0%   507 27143s
 2246798 995441    3.00000   61  162    4.00000    2.00000  50.0%   507 27186s
 2250706 996980 infeasible   76         4.00000    2.00000  50.0%   507 27227s
 2253963 998864    3.00000   69  149    4.00000    2.00000  50.0%   507 27270s
 2257492 1000355    2.00000   31  231    4.00000    2.00000  50.0%   507 27313s
 2260346 1002568    3.00000   38  174    4.00000    2.00000  50.0%   507 27353s
 2264719 1004301 infeasible   57         4.00000    2.00000  50.0%   507 27395s
 2268144 1006101    2.00639   42  312    4.00000    2.00000  50.0%   507 27436s
 2271607 1008027 infeasible   74         4.00000    2.00000  50.0%   507 27474s
 2275661 1009730    3.00000   37  236    4.00000    2.00000  50.0%   507 27512s
 2278959 1011911    3.00000   78  106    4.00000    2.00000  50.0%   507 27554s
 2283125 1013683    3.00000   56  157    4.00000    2.00000  50.0%   507 27596s
 2286636 1015117    3.00000   55  153    4.00000    2.00000  50.0%   507 27636s
 2289813 1017390    3.00000   37  230    4.00000    2.00000  50.0%   507 27675s
 2294041 1018584    2.00000   36  204    4.00000    2.00000  50.0%   507 27709s
 2296138 1020937    2.00000   31  234    4.00000    2.00000  50.0%   507 27751s
 2300401 1023302    3.00000   53  224    4.00000    2.00000  50.0%   507 27790s
 2304842 1024899 infeasible   55         4.00000    2.00000  50.0%   507 27827s
 2307858 1026932    3.00000   54  124    4.00000    2.00000  50.0%   507 27864s
 2311927 1028553    3.00000   55  190    4.00000    2.00000  50.0%   506 27903s
 2315173 1030397 infeasible   80         4.00000    2.00000  50.0%   506 27943s
 2318736 1032263    2.00000   37  217    4.00000    2.00000  50.0%   506 27985s
 2322201 1034622    2.00000   29  199    4.00000    2.00000  50.0%   506 28023s
 2326578 1036228    3.00000   59  215    4.00000    2.00000  50.0%   506 28063s
 2329787 1038161    3.00000   60  149    4.00000    2.00000  50.0%   506 28105s
 2333335 1040559    3.00000   37  239    4.00000    2.00000  50.0%   506 28145s
 2337975 1041969    2.00000   51  151    4.00000    2.00000  50.0%   506 28184s
 2341043 1043594 infeasible   56         4.00000    2.00000  50.0%   506 28228s
 2344297 1045834    2.00000   36  203    4.00000    2.00000  50.0%   506 28271s
 2348663 1047685    3.00000   63  134    4.00000    2.00000  50.0%   506 28311s
 2352041 1049560    2.00000   34  212    4.00000    2.00000  50.0%   506 28350s
 2355460 1051762    3.00000   47  146    4.00000    2.00000  50.0%   506 28385s
 2359423 1053419    3.00000   48  219    4.00000    2.00000  50.0%   506 28423s
 2362927 1055052    3.00000   39  203    4.00000    2.00000  50.0%   506 28463s
 2366151 1056901    3.00000   53  204    4.00000    2.00000  50.0%   506 28502s
 2370213 1058488 infeasible   90         4.00000    2.00000  50.0%   506 28542s
 2373426 1060376    3.00000   56  161    4.00000    2.00000  50.0%   506 28582s
 2376929 1062494    3.00000   41  237    4.00000    2.00000  50.0%   506 28620s
 2380781 1063553    2.00000   40  178    4.00000    2.00000  50.0%   506 28652s
 2382830 1066097 infeasible   62         4.00000    2.00000  50.0%   506 28695s
 2387535 1068482    3.00000   46  203    4.00000    2.00000  50.0%   506 28732s
 2391860 1070377    3.00000   55  160    4.00000    2.00000  50.0%   506 28766s
 2395522 1072026    2.00000   34  217    4.00000    2.00000  50.0%   506 28800s

Cutting planes:
  Learned: 134
  Gomory: 12
  Lift-and-project: 112
  Implied bound: 67
  Clique: 9
  MIR: 300
  Flow cover: 2930
  Inf proof: 4
  Zero half: 42
  RLT: 719
  Relax-and-lift: 18

Explored 2398616 nodes (1213957997 simplex iterations) in 28800.64 seconds (10870.33 work units)
Thread count was 24 (of 24 available processors)

Solution count 4: 4 5 6 7 

Time limit reached
Best objective 4.000000000000e+00, best bound 2.000000000000e+00, gap 50.0000%
