
Gurobi 10.0.1 (linux64) logging started Wed Jul 12 17:59:13 2023

Set parameter LogFile to value "Class1_Instance-9_0.5.log"
Gurobi Optimizer version 10.0.1 build v10.0.1rc0 (linux64)

CPU model: AMD Opteron(tm) Processor 6174, instruction set [SSE2]
Thread count: 24 physical cores, 24 logical processors, using up to 24 threads

Optimize a model with 30176 rows, 16845 columns and 93413 nonzeros
Model fingerprint: 0x655e3928
Model has 9535 quadratic constraints
Variable types: 5462 continuous, 11383 integer (11340 binary)
Coefficient statistics:
  Matrix range     [1e+00, 1e+04]
  QMatrix range    [1e+00, 1e+00]
  QLMatrix range   [1e+00, 2e+01]
  Objective range  [1e+00, 1e+00]
  Bounds range     [1e+00, 1e+00]
  RHS range        [1e+00, 1e+04]
Presolve removed 11431 rows and 3657 columns
Presolve time: 0.80s
Presolved: 24206 rows, 14952 columns, 89243 nonzeros
Presolved model has 4746 quadratic constraint(s)
Presolved model has 1806 bilinear constraint(s)
Variable types: 5335 continuous, 9617 integer (9574 binary)

Root relaxation: objective 1.000000e+00, 1983 iterations, 0.22 seconds (0.11 work units)

    Nodes    |    Current Node    |     Objective Bounds      |     Work
 Expl Unexpl |  Obj  Depth IntInf | Incumbent    BestBd   Gap | It/Node Time

     0     0    1.00000    0   49          -    1.00000      -     -    1s
     0     0    2.00000    0  202          -    2.00000      -     -   13s
     0     0    2.00000    0  184          -    2.00000      -     -   19s
     0     0    2.00000    0  185          -    2.00000      -     -   20s
     0     0    2.00000    0  183          -    2.00000      -     -   21s
     0     0    2.00000    0   43          -    2.00000      -     -   22s
     0     0    2.00000    0   75          -    2.00000      -     -   23s
     0     0    2.00000    0   44          -    2.00000      -     -   24s
     0     0    2.00000    0  115          -    2.00000      -     -   25s
     0     0    2.00000    0   53          -    2.00000      -     -   31s
     0     0    2.00000    0  142          -    2.00000      -     -   33s
     0     0    2.00000    0   56          -    2.00000      -     -   39s
     0     0    2.00000    0  146          -    2.00000      -     -   40s
     0     0    2.00000    0   88          -    2.00000      -     -   43s
     0     0    2.00000    0  155          -    2.00000      -     -   44s
     0     0    2.00000    0   50          -    2.00000      -     -   48s
     0     0    2.00000    0   42          -    2.00000      -     -   50s
     0     0    2.00000    0   43          -    2.00000      -     -   51s
     0     0    2.00000    0   74          -    2.00000      -     -   55s
     0     0    2.00000    0   43          -    2.00000      -     -   57s
     0     0    2.00000    0   43          -    2.00000      -     -   59s
     0     0    2.00000    0   43          -    2.00000      -     -   60s
     0     0    2.00000    0   42          -    2.00000      -     -   61s
     0     0    2.00000    0   81          -    2.00000      -     -   63s
     0     0    2.00000    0   86          -    2.00000      -     -   64s
     0     0    2.00000    0   76          -    2.00000      -     -   66s
     0     0    2.00000    0   50          -    2.00000      -     -   68s
     0     0    2.00000    0   53          -    2.00000      -     -   70s
     0     0    2.00000    0   66          -    2.00000      -     -   72s
     0     0    2.00000    0   61          -    2.00000      -     -   74s
     0     0    2.00000    0   82          -    2.00000      -     -   76s
     0     0    2.00000    0   74          -    2.00000      -     -   78s
     0     0    2.00000    0   55          -    2.00000      -     -   79s
     0     0    2.00000    0   42          -    2.00000      -     -   81s
     0     0    2.00000    0   44          -    2.00000      -     -   82s
     0     0    2.00000    0   55          -    2.00000      -     -   87s
     0     0    2.00000    0   44          -    2.00000      -     -   88s
     0     0    2.00000    0   62          -    2.00000      -     -   90s
     0     0    2.00000    0   86          -    2.00000      -     -   94s
     0     0    2.00000    0   67          -    2.00000      -     -   96s
     0     0    2.00000    0   43          -    2.00000      -     -   97s
     0     0    2.00000    0   80          -    2.00000      -     -   98s
     0     0    2.00000    0   68          -    2.00000      -     -  100s
     0     0    2.00000    0   67          -    2.00000      -     -  102s
     0     0    2.00000    0   81          -    2.00000      -     -  104s
     0     0    2.00000    0   89          -    2.00000      -     -  106s
     0     0    2.00000    0  102          -    2.00000      -     -  109s
     0     0    2.00000    0   50          -    2.00000      -     -  113s
     0     0    2.00000    0   42          -    2.00000      -     -  114s
     0     0    2.00000    0   57          -    2.00000      -     -  116s
     0     0    2.00000    0   67          -    2.00000      -     -  117s
     0     0    2.00000    0   80          -    2.00000      -     -  118s
     0     0    2.00000    0   76          -    2.00000      -     -  120s
     0     0    2.00000    0   69          -    2.00000      -     -  122s
     0     0    2.00000    0   79          -    2.00000      -     -  123s
     0     0    2.00000    0   91          -    2.00000      -     -  125s
     0     0    2.00000    0   92          -    2.00000      -     -  126s
     0     0    2.00000    0   82          -    2.00000      -     -  128s
     0     0    2.00000    0   55          -    2.00000      -     -  133s
     0     0    2.00000    0   74          -    2.00000      -     -  138s
     0     0    2.00000    0   54          -    2.00000      -     -  140s
     0     0    2.00000    0   88          -    2.00000      -     -  143s
     0     0    2.00000    0   64          -    2.00000      -     -  148s
     0     0    2.00000    0   86          -    2.00000      -     -  150s
     0     0    2.00000    0   43          -    2.00000      -     -  152s
     0     0    2.00000    0  107          -    2.00000      -     -  154s
     0     0    2.00000    0   42          -    2.00000      -     -  156s
     0     0    2.00000    0   64          -    2.00000      -     -  160s
     0     0    2.00000    0   75          -    2.00000      -     -  166s
     0     0    2.00000    0   91          -    2.00000      -     -  168s
     0     0    2.00000    0   84          -    2.00000      -     -  170s
     0     0    2.00000    0   65          -    2.00000      -     -  174s
     0     0    2.00000    0   55          -    2.00000      -     -  176s
     0     0    2.00000    0   54          -    2.00000      -     -  181s
     0     0    2.00000    0   44          -    2.00000      -     -  183s
     0     0    2.00000    0   43          -    2.00000      -     -  184s
     0     0    2.00000    0   50          -    2.00000      -     -  185s
     0     0    2.00000    0   50          -    2.00000      -     -  188s
     0     0    2.00000    0   91          -    2.00000      -     -  191s
     0     0    2.00000    0   49          -    2.00000      -     -  193s
     0     0    2.00000    0  110          -    2.00000      -     -  195s
     0     0    2.00000    0   45          -    2.00000      -     -  199s
     0     0    2.00000    0   42          -    2.00000      -     -  200s
     0     0    2.00000    0   81          -    2.00000      -     -  202s
     0     0    2.00000    0   78          -    2.00000      -     -  205s
     0     0    2.00000    0   60          -    2.00000      -     -  207s
     0     0    2.00000    0   76          -    2.00000      -     -  208s
     0     0    2.00000    0   44          -    2.00000      -     -  210s
     0     0    2.00000    0   56          -    2.00000      -     -  211s
     0     0    2.00000    0   68          -    2.00000      -     -  212s
     0     0    2.00000    0   78          -    2.00000      -     -  213s
     0     0    2.00000    0   76          -    2.00000      -     -  216s
     0     0    2.00000    0   43          -    2.00000      -     -  217s
     0     0    2.00000    0   44          -    2.00000      -     -  219s
     0     0    2.00000    0   73          -    2.00000      -     -  222s
     0     0    2.00000    0   52          -    2.00000      -     -  229s
     0     0    2.00000    0   41          -    2.00000      -     -  231s
     0     0    2.00000    0   87          -    2.00000      -     -  233s
     0     0    2.00000    0   92          -    2.00000      -     -  235s
     0     0    2.00000    0   50          -    2.00000      -     -  237s
     0     0    2.00000    0   94          -    2.00000      -     -  238s
     0     0    2.00000    0   44          -    2.00000      -     -  239s
     0     0    2.00000    0   76          -    2.00000      -     -  241s
     0     0    2.00000    0   89          -    2.00000      -     -  245s
     0     0    2.00000    0   50          -    2.00000      -     -  247s
     0     0    2.00000    0   53          -    2.00000      -     -  249s
     0     0    2.00000    0   63          -    2.00000      -     -  251s
     0     0    2.00000    0   44          -    2.00000      -     -  254s
     0     2    2.00000    0   44          -    2.00000      -     -  256s
     7    16    2.00000    3  206          -    2.00000      -  1201  260s
    55    80    2.00000    6  194          -    2.00000      -  2497  267s
    79   104    2.00000    7  191          -    2.00000      -  2823  270s
   156   185    2.00000    9  229          -    2.00000      -  2422  277s
   184   227    2.00000   10  204          -    2.00000      -  2634  282s
   226   307    2.00000   10  206          -    2.00000      -  3017  289s
   306   562    2.00000   12  202          -    2.00000      -  3248  523s
   565  1116    2.00000   15  148          -    2.00000      -  2610  639s
  1309  2990    3.00000   29  182          -    2.00000      -  1758  706s
  4001  2991    4.00000   28    0          -    2.00000      -   896  776s
  4003  2992    3.00000   33   36          -    2.00000      -   896  796s
  4006  2994    2.39686   69  125          -    2.00000      -   895  805s
  4008  2996    2.00000   20   94          -    2.00000      -   895  810s
  4010  2997    2.00000   17   54          -    2.00000      -   894  818s
  4011  2998    2.00000    6  193          -    2.00000      -   894  820s
  4013  2999    3.00000   37  204          -    2.00000      -   893  826s
  4014  3000    2.00000   14   91          -    2.00000      -   893  831s
  4016  3001    5.00000   26   71          -    2.00000      -   893  836s
  4018  3002    2.00001   31  112          -    2.00000      -   892  848s
  4019  3003    2.00000   16  203          -    2.00000      -   892  850s
  4020  3004    2.00000   15  134          -    2.00000      -   892  856s
  4022  3005    3.00000   48  103          -    2.00000      -   891  863s
  4023  3006   19.00000   48  123          -    2.00000      -   891  867s
  4024  3006    2.00589   22   76          -    2.00000      -   891  872s
  4025  3007    3.00000   51   76          -    2.00000      -   891  875s
  4026  3008    2.00000   11   76          -    2.00000      -   891  881s
  4027  3011    2.00000   10  231          -    2.00000      -   931  903s
  4029  3015    2.00000   11  256          -    2.00000      -   931  905s
  4057  3053    2.00000   14  243          -    2.00000      -   935  911s
  4105  3085    2.00000   15  266          -    2.00000      -   935  917s
  4129  3101    2.00000   16  257          -    2.00000      -   938  920s
  4177  3134    2.00000   17  239          -    2.00000      -   941  929s
  4202  3151    2.00000   17  225          -    2.00000      -   954  935s
  4227  3184    2.00000   18  242          -    2.00000      -   972  969s
  4268  3300    2.00000   19  228          -    2.00000      -   991  982s
  4429  3497    2.00000   20  226          -    2.00000      -   999 1008s
  4780  3757    2.02177   23  343          -    2.00000      -  1027 1033s
  5278  3899    3.00000   27  253          -    2.00000      -  1019 1061s
  5741  4071    3.00000   38  162          -    2.00000      -  1033 1092s
  6297  4251    3.00000   63   81          -    2.00000      -  1031 1121s
  6868  4429    2.00008   21  284          -    2.00000      -  1026 1152s
  7411  4603    3.00000   33  184          -    2.00000      -  1033 1185s
  8027  4805 infeasible   52               -    2.00000      -  1035 1220s
  8648  5150    3.00000   40  199          -    2.00000      -  1046 1263s
  9409  5635    2.00000   20  227          -    2.00000      -  1047 1302s
 10633  5663    3.05563   51  248          -    2.00000      -  1018 1339s
 11299  5844    5.00000   78  166          -    2.00000      -  1027 1378s
 11918  6279    7.00000  115  154          -    2.00000      -  1008 1422s
 12985  6567    2.00000   25  205          -    2.00000      -   994 1465s
 14000  7567    3.08953   48  207          -    2.00000      -   989 1513s
 15655  8584 infeasible   46               -    2.00000      -   959 1603s
 17233 10411 infeasible   44               -    2.00000      -   946 1654s
 20143 10411    3.00000   59  118          -    2.00000      -   899 1655s
 20262 11314 infeasible   71               -    2.00000      -   899 1694s
 21654 13387    3.15613   45  212          -    2.00000      -   902 1754s
 25060 14901    3.00000   40  176          -    2.00000      -   869 1816s
 27561 15716    3.00000   38  190          -    2.00000      -   853 1856s
 28821 17765 infeasible   27               -    2.00000      -   857 1909s
 32061 19538    3.15214   46  595          -    2.00000      -   838 1955s
 35362 20611 infeasible   45               -    2.00000      -   815 2002s
 37408 20726    3.00000   41  195          -    2.00000      -   811 2060s
H37431 20432                       7.0000000    2.00000  71.4%   810 2060s
 37667 21807    3.02529   48  218    7.00000    2.00000  71.4%   810 2112s
 40067 22802    5.00000   50  199    7.00000    2.00000  71.4%   806 2157s
 41385 25157    3.00000   32  247    7.00000    2.00000  71.4%   816 2210s
 44890 26970    3.00000   37  200    7.00000    2.00000  71.4%   817 2269s
 47015 26970    2.00000   31  185    7.00000    2.00000  71.4%   828 2270s
 47521 28127    2.00000   25  229    7.00000    2.00000  71.4%   830 2329s
 47641 28127    2.00000   20  221    7.00000    2.00000  71.4%   831 2330s
 49518 30139    2.00968   28  318    7.00000    2.00000  71.4%   844 2398s
 52681 31613    3.00000   39  212    7.00000    2.00000  71.4%   853 2466s
 54949 32782 infeasible   49         7.00000    2.00000  71.4%   863 2540s
 57112 34869    3.00000   33  230    7.00000    2.00000  71.4%   871 2619s
 57233 34869    5.00000   58  203    7.00000    2.00000  71.4%   871 2620s
 60252 38332 infeasible   80         7.00000    2.00000  71.4%   879 2701s
 65513 40734    3.00000   51  216    7.00000    2.00000  71.4%   873 2783s
 68793 43841    2.01344   24  319    7.00000    2.00000  71.4%   877 2861s
 73426 45711    3.00000   31  226    7.00000    2.00000  71.4%   875 2937s
 76200 48855    3.00000   42  208    7.00000    2.00000  71.4%   879 3010s
 81068 51041 infeasible   80         7.00000    2.00000  71.4%   876 3084s
 84251 54614    4.22778   63  170    7.00000    2.00000  71.4%   876 3153s
 89057 56779    2.00000   20  239    7.00000    2.00000  71.4%   871 3220s
 92046 60022    2.02296   28  323    7.00000    2.00000  71.4%   872 3291s
 96842 61511    4.00000   42  215    7.00000    2.00000  71.4%   866 3357s
 99232 64825    2.00915   31  305    7.00000    2.00000  71.4%   870 3434s
 104114 66629    3.00000   27  211    7.00000    2.00000  71.4%   863 3498s
 106690 69476    3.00000   25  221    7.00000    2.00000  71.4%   865 3567s
 111007 71579    4.00000   48  187    7.00000    2.00000  71.4%   862 3635s
 114089 75079    3.00000   32  219    7.00000    2.00000  71.4%   861 3701s
 119080 76670    5.23824   62  176    7.00000    2.00000  71.4%   854 3764s
 119609 76670    6.00000   73  125    7.00000    2.00000  71.4%   855 3765s
 121382 79556    3.00000   46  173    7.00000    2.00000  71.4%   858 3838s
 126568 81198    3.00000   40  179    7.00000    2.00000  71.4%   852 3901s
 129162 83919    3.00000   40  210    7.00000    2.00000  71.4%   852 3965s
 133337 85547    3.00000   27  197    7.00000    2.00000  71.4%   850 4026s
 135718 88945    5.00000   65  160    7.00000    2.00000  71.4%   851 4091s
 140472 90533    3.00000   44  224    7.00000    2.00000  71.4%   846 4148s
 142584 93620    3.00000   24  225    7.00000    2.00000  71.4%   847 4212s
 147148 96381    3.00000   43  182    7.00000    2.00000  71.4%   844 4270s
 150984 97938    2.01335   30  328    7.00000    2.00000  71.4%   843 4337s
 153172 100982    4.00000   41  191    7.00000    2.00000  71.4%   845 4404s
 157719 103974    2.00000   28  196    7.00000    2.00000  71.4%   843 4467s
 162053 105864    4.00000   48  251    7.00000    2.00000  71.4%   840 4529s
 164683 108601    3.00000   25  273    7.00000    2.00000  71.4%   839 4589s
 166871 108601    2.00203   23  342    7.00000    2.00000  71.4%   838 4590s
 168879 111650    3.00000   23  269    7.00000    2.00000  71.4%   836 4649s
 173213 113175    4.01382   54  253    7.00000    2.00000  71.4%   833 4708s
 175387 115980    4.00000   46  154    7.00000    2.00000  71.4%   834 4775s
 179632 118213    3.07047   55  241    7.00000    2.00000  71.4%   832 4835s
 182558 121729    3.14732   45  195    7.00000    2.00000  71.4%   832 4899s
 187408 123285    2.07330   30  319    7.00000    2.00000  71.4%   828 4956s
 189617 126798    2.00000   31  217    7.00000    2.00000  71.4%   828 5018s
 194236 129686    2.00000   26  242    7.00000    2.00000  71.4%   825 5082s
 198115 131476    3.00000   25  243    7.00000    2.00000  71.4%   823 5141s
 200543 134434    3.00000   48  158    7.00000    2.00000  71.4%   823 5202s
 204766 137324 infeasible   52         7.00000    2.00000  71.4%   821 5260s
 208897 139090    2.00000   34  201    7.00000    2.00000  71.4%   819 5320s
 211318 141992    2.01034   30  325    7.00000    2.00000  71.4%   819 5380s
 215423 143798    2.00110   21  321    7.00000    2.00000  71.4%   818 5451s
 217854 147485    4.00000   54  188    7.00000    2.00000  71.4%   819 5515s
 222753 150701    6.00000  101  134    7.00000    2.00000  71.4%   815 5571s
 227265 152087    3.00000   40  246    7.00000    2.00000  71.4%   813 5627s
 229165 154488    3.00000   27  220    7.00000    2.00000  71.4%   814 5692s
 232738 157367    3.50000   62  111    7.00000    2.00000  71.4%   815 5753s
 236975 159085    3.00000   38  177    7.00000    2.00000  71.4%   813 5813s
 239486 162253    4.00000   53  126    7.00000    2.00000  71.4%   813 5879s
 243640 162253    4.01913   61  219    7.00000    2.00000  71.4%   812 5880s
 243871 164322    3.00000   34  214    7.00000    2.00000  71.4%   812 5942s
 246455 167491    3.00000   48  234    7.00000    2.00000  71.4%   812 6007s
 250854 170229    3.00000   46  153    7.00000    2.00000  71.4%   810 6066s
 254867 171917    3.00000   33  149    7.00000    2.00000  71.4%   809 6129s
 257596 174807    3.00000   37  214    7.00000    2.00000  71.4%   810 6193s
 261711 177027 infeasible   54         7.00000    2.00000  71.4%   809 6259s
 264807 180526    5.00000   73  170    7.00000    2.00000  71.4%   808 6318s
 269592 183268    3.00000   28  226    7.00000    2.00000  71.4%   805 6377s
 273546 184578    3.00000   25  240    7.00000    2.00000  71.4%   804 6439s
 273716 184578    2.00000   25  257    7.00000    2.00000  71.4%   804 6440s
 275452 187897    4.00000   42  135    7.00000    2.00000  71.4%   804 6505s
 279994 189893    3.00000   44  228    7.00000    2.00000  71.4%   802 6565s
 282817 192581    4.00000   38  184    7.00000    2.00000  71.4%   802 6630s
 286794 195724 infeasible   32         7.00000    2.00000  71.4%   801 6697s
 291172 197252 infeasible   42         7.00000    2.00000  71.4%   799 6756s
 293301 200273    2.00000   26  243    7.00000    2.00000  71.4%   800 6818s
 297468 201704    3.00000   38  209    7.00000    2.00000  71.4%   799 6878s
 300003 205305    2.00231   24  306    7.00000    2.00000  71.4%   800 6947s
 304821 206938    4.05551   82  185    7.00000    2.00000  71.4%   798 7008s
 307267 209551    2.00000   30  199    7.00000    2.00000  71.4%   799 7069s
 307447 209551    3.00000   31  234    7.00000    2.00000  71.4%   798 7070s
 311234 211423    3.00000   22  259    7.00000    2.00000  71.4%   797 7133s
 314229 215064    4.00000   53  154    7.00000    2.00000  71.4%   797 7195s
 319232 216641    3.67390   41  215    7.00000    2.00000  71.4%   795 7253s
 321469 219910    4.00000   46  222    7.00000    2.00000  71.4%   796 7314s
 326203 222710    2.00738   29  327    7.00000    2.00000  71.4%   794 7370s
 330215 224588    3.00000   42  212    7.00000    2.00000  71.4%   793 7429s
 332791 228157 infeasible   55         7.00000    2.00000  71.4%   794 7486s
 337574 229618    3.00000   37  242    7.00000    2.00000  71.4%   792 7547s
 339491 231955    3.00000   32  199    7.00000    2.00000  71.4%   791 7604s
 343138 234913    3.00000   26  210    7.00000    2.00000  71.4%   792 7662s
 347227 236885    3.00000   36  232    7.00000    2.00000  71.4%   791 7725s
 349974 239816    3.00000   31  222    7.00000    2.00000  71.4%   792 7790s
 354210 242374    6.00000  110  176    7.00000    2.00000  71.4%   791 7855s
 357759 243928 infeasible   35         7.00000    2.00000  71.4%   791 7916s
 360073 247401    4.00000   56  181    7.00000    2.00000  71.4%   792 7983s
 364702 250730    6.00000   77  178    7.00000    2.00000  71.4%   790 8044s
 369274 252733    3.00000   27  212    7.00000    2.00000  71.4%   789 8107s
 371993 256260    4.00000   63  192    7.00000    2.00000  71.4%   789 8167s
 376542 259128    4.00000   56  208    7.00000    2.00000  71.4%   788 8221s
 380518 261125 infeasible   61         7.00000    2.00000  71.4%   787 8279s
 383134 264272    4.00000   40  206    7.00000    2.00000  71.4%   787 8336s
 387341 266122    6.00000   81  178    7.00000    2.00000  71.4%   786 8392s
 389788 269277    3.00000   32  220    7.00000    2.00000  71.4%   786 8451s
 393935 272148    2.00000   28  209    7.00000    2.00000  71.4%   786 8507s
 397792 273530    2.00000   26  194    7.00000    2.00000  71.4%   786 8570s
 400015 276907    5.00000   59  160    7.00000    2.00000  71.4%   787 8637s
 404702 278653 infeasible  107         7.00000    2.00000  71.4%   786 8696s
 406964 281860    3.00000   49  174    7.00000    2.00000  71.4%   786 8758s
 411359 285064    3.00000   28  210    7.00000    2.00000  71.4%   785 8815s
 415569 287268    3.02077   48  241    7.00000    2.00000  71.4%   785 8878s
 418677 290311    3.00000   38  217    7.00000    2.00000  71.4%   784 8935s
 422978 292359    3.00000   35  217    7.00000    2.00000  71.4%   784 8993s
 426124 294254    3.00000   35  246    7.00000    2.00000  71.4%   784 9054s
 428564 297869    5.00000   69  152    7.00000    2.00000  71.4%   783 9122s
 433442 300854    4.00000   60  183    7.00000    2.00000  71.4%   782 9182s
 437462 303623    3.00000   46  243    7.00000    2.00000  71.4%   782 9240s
 441090 305361 infeasible   49         7.00000    2.00000  71.4%   782 9301s
 443610 308734    6.00000   45  183    7.00000    2.00000  71.4%   782 9360s
 448139 310920 infeasible   66         7.00000    2.00000  71.4%   781 9421s
 451170 314098    3.00000   44  248    7.00000    2.00000  71.4%   780 9485s
 455661 316607    3.00000   26  249    7.00000    2.00000  71.4%   779 9541s
 459101 318177    5.00000   78  145    7.00000    2.00000  71.4%   779 9599s
 461263 321038    3.00000   32  215    7.00000    2.00000  71.4%   779 9661s
 465459 323515    3.00000   32  227    7.00000    2.00000  71.4%   779 9715s
 469046 325388 infeasible   47         7.00000    2.00000  71.4%   779 9775s
 471662 328813    3.00000   30  260    7.00000    2.00000  71.4%   779 9840s
 476287 330034 infeasible   40         7.00000    2.00000  71.4%   779 9912s
 478219 332559 infeasible   63         7.00000    2.00000  71.4%   780 9980s
 481978 334868    3.00000   49  137    7.00000    2.00000  71.4%   780 10053s
 485044 338493    3.00000   29  226    7.00000    2.00000  71.4%   780 10124s
 489891 341480    2.00000   31  226    7.00000    2.00000  71.4%   779 10182s
 494235 343522    3.00000   41  220    7.00000    2.00000  71.4%   778 10244s
 495762 343522    3.00000   38  216    7.00000    2.00000  71.4%   778 10245s
 497032 345736    3.00000   37  240    7.00000    2.00000  71.4%   778 10308s
 500391 348604    3.07597   40  208    7.00000    2.00000  71.4%   779 10366s
 504296 350118 infeasible   73         7.00000    2.00000  71.4%   779 10427s
 506546 352880    2.00000   27  215    7.00000    2.00000  71.4%   779 10497s
 510431 356502    2.01280   31  309    7.00000    2.00000  71.4%   779 10561s
 515359 358014    3.00000   47  164    7.00000    2.00000  71.4%   778 10627s
 517575 361357    3.00000   26  234    7.00000    2.00000  71.4%   778 10693s
 522154 363176    3.00000   25  240    7.00000    2.00000  71.4%   778 10752s
 524495 366632    3.00000   27  203    7.00000    2.00000  71.4%   778 10819s
 529510 369775    3.00000   27  203    7.00000    2.00000  71.4%   777 10884s
 533649 372000    3.00402   46  265    7.00000    2.00000  71.4%   776 10950s
 536637 374636    2.07045   30  331    7.00000    2.00000  71.4%   776 11037s
 540307 377173    3.00000   40  216    7.00000    2.00000  71.4%   776 11106s
 544063 378858    3.00000   43  194    7.00000    2.00000  71.4%   776 11167s
 546632 382495    3.00000   27  234    7.00000    2.00000  71.4%   777 11233s
 551355 384163    2.00000   23  248    7.00000    2.00000  71.4%   776 11292s
 553545 387201    3.00000   27  250    7.00000    2.00000  71.4%   776 11356s
 557828 390737    3.00000   34  213    7.00000    2.00000  71.4%   776 11415s
 562502 393394    3.00000   47  191    7.00000    2.00000  71.4%   775 11469s
 564806 393394    5.00000   62  169    7.00000    2.00000  71.4%   775 11470s
 566319 395565    5.00000   57  200    7.00000    2.00000  71.4%   775 11527s
 569171 398264    3.00000   38  226    7.00000    2.00000  71.4%   775 11584s
 569444 398264    3.00000   23  220    7.00000    2.00000  71.4%   775 11585s
 572813 400891    3.00000   36  213    7.00000    2.00000  71.4%   775 11643s
 576502 402505    6.00000   71  177    7.00000    2.00000  71.4%   775 11703s
 578698 404355    3.00000   37  206    7.00000    2.00000  71.4%   775 11761s
 581857 407173    3.00000   22  235    7.00000    2.00000  71.4%   777 11829s
 586024 409060    2.00000   20  225    7.00000    2.00000  71.4%   777 11898s
 588717 412219    4.00000   72  160    7.00000    2.00000  71.4%   777 11963s
 593322 415026    3.00000   27  236    7.00000    2.00000  71.4%   777 12031s
 596934 418119    5.00000   82  185    7.00000    2.00000  71.4%   776 12090s
 601244 421335    3.00000   34  218    7.00000    2.00000  71.4%   776 12152s
 605537 422500    3.00000   37  206    7.00000    2.00000  71.4%   775 12210s
 607352 425656    3.00000   38  226    7.00000    2.00000  71.4%   776 12272s
 611620 427996    5.00000   70  146    7.00000    2.00000  71.4%   776 12336s
 614723 430492 infeasible   51         7.00000    2.00000  71.4%   775 12404s
 618149 434250 infeasible   28         7.00000    2.00000  71.4%   775 12471s
 623101 435919    4.00000   55  181    7.00000    2.00000  71.4%   774 12529s
 625344 439120    3.00000   37  201    7.00000    2.00000  71.4%   774 12592s
 629957 441864    2.00000   30  187    7.00000    2.00000  71.4%   774 12658s
 633891 443661    3.00000   36  201    7.00000    2.00000  71.4%   774 12718s
 636643 446575    6.00000   94  121    7.00000    2.00000  71.4%   774 12782s
 640880 448760    5.00000   61  162    7.00000    2.00000  71.4%   773 12841s
 643847 452340    3.00000   35  233    7.00000    2.00000  71.4%   773 12900s
 648485 455676    3.00000   46  220    7.00000    2.00000  71.4%   772 12961s
 652731 457446    3.00000   43  193    7.00000    2.00000  71.4%   772 13015s
 654961 460463    6.00000  108  162    7.00000    2.00000  71.4%   772 13071s
 659026 463484    4.00000   55  216    7.00000    2.00000  71.4%   771 13127s
 662926 466677    2.00000   25  243    7.00000    2.00000  71.4%   771 13184s
 667112 468683    5.00000   90  168    7.00000    2.00000  71.4%   771 13241s
 669905 471384    4.00000   50  208    7.00000    2.00000  71.4%   771 13298s
 673731 473438 infeasible   32         7.00000    2.00000  71.4%   770 13379s
 676022 473438 infeasible  110         7.00000    2.00000  71.4%   770 13380s
 676859 475275    3.00000   36  204    7.00000    2.00000  71.4%   771 13440s
 679235 478557    4.00000   56  179    7.00000    2.00000  71.4%   770 13505s
 683610 482194    6.00000   83  197    7.00000    2.00000  71.4%   770 13568s
 688370 485124    6.00000   89  175    7.00000    2.00000  71.4%   770 13625s
 692369 487137    4.00000   61  198    7.00000    2.00000  71.4%   769 13684s
 694982 490182    2.02909   21  354    7.00000    2.00000  71.4%   769 13745s
 699016 493549    3.00000   31  185    7.00000    2.00000  71.4%   769 13804s
 703380 495555    4.00000   48  189    7.00000    2.00000  71.4%   768 13858s
 706030 498882    3.00000   36  267    7.00000    2.00000  71.4%   768 13926s
 710414 501708    5.00000   62  207    7.00000    2.00000  71.4%   768 13984s
 711915 501708    4.00000   61  183    7.00000    2.00000  71.4%   768 13985s
 714358 503769    3.00000   42  184    7.00000    2.00000  71.4%   767 14041s
 717038 506928    5.00000   68  175    7.00000    2.00000  71.4%   767 14098s
 721118 509113 infeasible  115         7.00000    2.00000  71.4%   767 14159s
 724242 510595    3.05727   50  192    7.00000    2.00000  71.4%   766 14224s
 726343 512904    2.00000   23  216    7.00000    2.00000  71.4%   767 14287s
 729749 515938    5.00000   74  186    7.00000    2.00000  71.4%   767 14350s
 733680 518253    3.00000   31  250    7.00000    2.00000  71.4%   767 14416s
 736800 521420    2.00000   20  206    7.00000    2.00000  71.4%   767 14481s
 741104 524554    3.00000   45  183    7.00000    2.00000  71.4%   767 14541s
 745318 526012    3.00000   38  212    7.00000    2.00000  71.4%   767 14600s
 747369 528789    3.00000   36  220    7.00000    2.00000  71.4%   767 14664s
 751368 530789    3.01343   43  242    7.00000    2.00000  71.4%   767 14731s
 754184 534395    5.00000   74  203    7.00000    2.00000  71.4%   768 14801s
 758965 536749    3.00000   44  197    7.00000    2.00000  71.4%   767 14864s
 762493 538665    3.00000   33  243    7.00000    2.00000  71.4%   767 14925s
 764938 542011    3.00000   40  200    7.00000    2.00000  71.4%   767 14996s
 769544 545224 infeasible   52         7.00000    2.00000  71.4%   767 15057s
 773937 548631    2.00000   20  247    7.00000    2.00000  71.4%   767 15116s
 778460 550378    5.00000   77  130    7.00000    2.00000  71.4%   766 15178s
 780813 553217    3.00000   26  259    7.00000    2.00000  71.4%   766 15237s
 784907 554765    3.00592   53  264    7.00000    2.00000  71.4%   766 15296s
 787278 557661    4.00000   55  158    7.00000    2.00000  71.4%   766 15362s
 791396 559941    4.00902   57  236    7.00000    2.00000  71.4%   766 15433s
 794515 563424    3.00000   26  238    7.00000    2.00000  71.4%   766 15496s
 799044 565424    3.00000   26  245    7.00000    2.00000  71.4%   766 15556s
 801725 568783    3.00000   36  218    7.00000    2.00000  71.4%   766 15617s
 806188 571944    3.00000   30  238    7.00000    2.00000  71.4%   766 15675s
 810348 573523     cutoff  128         7.00000    2.00000  71.4%   765 15732s
 812443 576945    3.00000   44  172    7.00000    2.00000  71.4%   765 15797s
 816917 580128    2.00000   20  226    7.00000    2.00000  71.4%   765 15858s
 821073 581696    4.00000   53  184    7.00000    2.00000  71.4%   764 15914s
 823433 585258 infeasible   40         7.00000    2.00000  71.4%   765 15976s
 828124 587322    3.00000   26  245    7.00000    2.00000  71.4%   764 16039s
 831084 590524    3.00000   34  221    7.00000    2.00000  71.4%   764 16099s
 835463 592242 infeasible   53         7.00000    2.00000  71.4%   764 16153s
 837639 595239    3.00000   44  192    7.00000    2.00000  71.4%   764 16213s
 841982 598199    5.00000   59  140    7.00000    2.00000  71.4%   764 16275s
 846015 600937    3.00000   42  230    7.00000    2.00000  71.4%   763 16332s
 849663 602926    3.00000   35  239    7.00000    2.00000  71.4%   763 16395s
 852336 605343 infeasible   38         7.00000    2.00000  71.4%   763 16453s
 855903 607477    2.04013   36  235    7.00000    2.00000  71.4%   763 16514s
 858804 610400    3.00000   35  225    7.00000    2.00000  71.4%   763 16583s
 862810 612373    4.00000   74  158    7.00000    2.00000  71.4%   763 16646s
 865498 615254 infeasible   58         7.00000    2.00000  71.4%   764 16714s
 869644 617451 infeasible   52         7.00000    2.00000  71.4%   764 16777s
 872382 620442    5.00000   71  161    7.00000    2.00000  71.4%   764 16855s
 876779 622836    3.00000   27  243    7.00000    2.00000  71.4%   764 16935s
 880041 626475    3.00000   39  197    7.00000    2.00000  71.4%   764 16999s
 884825 628590    2.00000   30  219    7.00000    2.00000  71.4%   763 17062s
 887649 631430    4.00000   49  214    7.00000    2.00000  71.4%   764 17137s
 891653 634507    2.00000   25  224    7.00000    2.00000  71.4%   764 17203s
 895772 636512    2.00000   26  227    7.00000    2.00000  71.4%   763 17266s
 898535 639832    3.00000   28  233    7.00000    2.00000  71.4%   764 17334s
 903037 641370    3.00000   36  233    7.00000    2.00000  71.4%   763 17402s
 905216 644354    3.00000   41  188    7.00000    2.00000  71.4%   764 17473s
 909250 647828    5.00000   62  134    7.00000    2.00000  71.4%   764 17535s
 913862 649702    3.00000   31  236    7.00000    2.00000  71.4%   763 17598s
 916556 653158    3.00000   30  235    7.00000    2.00000  71.4%   763 17661s
 921284 654858    3.00000   45  226    7.00000    2.00000  71.4%   763 17719s
 922210 654858    3.00000   40  172    7.00000    2.00000  71.4%   763 17720s
 923623 657808    2.00000   31  224    7.00000    2.00000  71.4%   763 17780s
 927627 660934    3.00000   42  191    7.00000    2.00000  71.4%   763 17839s
 931902 663383    3.00000   44  221    7.00000    2.00000  71.4%   763 17899s
 935189 666672    4.00000   50  148    7.00000    2.00000  71.4%   763 17957s
 939516 668307    2.00000   30  206    7.00000    2.00000  71.4%   762 18019s
 941984 670562    5.00000   67  128    7.00000    2.00000  71.4%   762 18085s
 945530 672394    3.00000   30  262    7.00000    2.00000  71.4%   763 18150s
 948152 675676    4.00000   49  220    7.00000    2.00000  71.4%   762 18243s
 952601 677948    3.00000   24  257    7.00000    2.00000  71.4%   762 18311s
 956068 680417    3.00000   25  189    7.00000    2.00000  71.4%   762 18378s
 959372 682949    4.00000   75  134    7.00000    2.00000  71.4%   762 18441s
 963309 685598    3.01002   43  285    7.00000    2.00000  71.4%   762 18504s
 967101 687217 infeasible   59         7.00000    2.00000  71.4%   763 18570s
 969607 690993    3.00000   31  240    7.00000    2.00000  71.4%   763 18642s
 974694 692213    6.00000   92  158    7.00000    2.00000  71.4%   763 18706s
 976674 695414    3.00000   29  252    7.00000    2.00000  71.4%   763 18773s
 981071 697564    3.00000   30  235    7.00000    2.00000  71.4%   763 18840s
 984146 701691 infeasible   32         7.00000    2.00000  71.4%   763 18907s
 989512 704893    3.00000   23  252    7.00000    2.00000  71.4%   763 18970s
 993862 706797    5.11735   85  181    7.00000    2.00000  71.4%   763 19030s
 996451 710099    3.00000   38  233    7.00000    2.00000  71.4%   763 19092s
 1000887 711763    3.00000   34  204    7.00000    2.00000  71.4%   762 19151s
 1003197 714811    3.00000   37  244    7.00000    2.00000  71.4%   762 19215s
 1007342 717700    4.00000   64  184    7.00000    2.00000  71.4%   762 19275s
 1011258 720017    3.00000   30  242    7.00000    2.00000  71.4%   762 19333s
 1014466 722212 infeasible   71         7.00000    2.00000  71.4%   762 19399s
 1017494 724882    3.00000   37  202    7.00000    2.00000  71.4%   762 19459s
 1021255 727429    3.00000   31  215    7.00000    2.00000  71.4%   762 19523s
 1025038 728866    2.00000   30  156    7.00000    2.00000  71.4%   763 19584s
 1025821 728866    3.00000   21  228    7.00000    2.00000  71.4%   763 19585s
 1027086 731655    3.00000   27  265    7.00000    2.00000  71.4%   763 19649s
 1029421 731655    4.00000   51  205    7.00000    2.00000  71.4%   763 19650s
 1031107 735092    3.00000   35  241    7.00000    2.00000  71.4%   763 19713s
 1036031 736953    2.00000   30  184    7.00000    2.00000  71.4%   763 19773s
 1038673 740266    3.00000   33  205    7.00000    2.00000  71.4%   763 19840s
 1043034 742439    6.00000  118  135    7.00000    2.00000  71.4%   763 19907s
 1045938 746304    4.00000   60  189    7.00000    2.00000  71.4%   763 19976s
 1050904 748791    3.00000   33  240    7.00000    2.00000  71.4%   762 20035s
 1054320 750613    3.00000   23  244    7.00000    2.00000  71.4%   762 20093s
 1056747 754348    6.00000  116  131    7.00000    2.00000  71.4%   762 20157s
 1061593 756719    2.00000   30  216    7.00000    2.00000  71.4%   762 20215s
 1064796 759352    5.00000   77  149    7.00000    2.00000  71.4%   762 20273s
 1068608 760854    3.00000   32  242    7.00000    2.00000  71.4%   762 20334s
 1068714 760854    3.00000   37  174    7.00000    2.00000  71.4%   762 20335s
 1070870 764380    3.02854   49  184    7.00000    2.00000  71.4%   762 20398s
 1075426 766086    3.00000   37  197    7.00000    2.00000  71.4%   762 20459s
 1076116 766086    4.00000   51  210    7.00000    2.00000  71.4%   762 20460s
 1077688 768648    3.00000   37  216    7.00000    2.00000  71.4%   762 20522s
 1081490 770822    3.00000   44  196    7.00000    2.00000  71.4%   762 20621s
 1084828 773392 infeasible   58         7.00000    2.00000  71.4%   762 20692s
 1088255 776487    3.00000   41  178    7.00000    2.00000  71.4%   762 20761s
 1092522 779139    5.00000   84  135    7.00000    2.00000  71.4%   762 20829s
 1092744 779139    3.00000   40  206    7.00000    2.00000  71.4%   762 20830s
 1096631 781099    3.00000   37  237    7.00000    2.00000  71.4%   762 20895s
 1099380 784723    6.00000   75  163    7.00000    2.00000  71.4%   762 20959s
 1104281 786408    3.00000   40  220    7.00000    2.00000  71.4%   762 21031s
 1106629 789776 infeasible   32         7.00000    2.00000  71.4%   762 21104s
 1111059 792404    4.00000   50  192    7.00000    2.00000  71.4%   762 21168s
 1114939 795722    3.00000   29  258    7.00000    2.00000  71.4%   762 21233s
 1119298 797609    4.00000   50  219    7.00000    2.00000  71.4%   762 21291s
 1122040 800678    3.00000   41  218    7.00000    2.00000  71.4%   762 21348s
 1126243 803092    4.00000   65  220    7.00000    2.00000  71.4%   761 21408s
 1129440 806000    5.00000   92  166    7.00000    2.00000  71.4%   761 21468s
 1133412 808370    5.00000   62  179    7.00000    2.00000  71.4%   761 21530s
 1136588 810698    3.00000   29  249    7.00000    2.00000  71.4%   761 21590s
 1140020 814036    3.00000   35  199    7.00000    2.00000  71.4%   761 21649s
 1142518 814036    5.00000   59  177    7.00000    2.00000  71.4%   761 21650s
 1144388 815875    2.00000   31  189    7.00000    2.00000  71.4%   761 21705s
 1146768 819043    4.00000   50  205    7.00000    2.00000  71.4%   761 21769s
 1151282 822027    3.03030   44  215    7.00000    2.00000  71.4%   761 21833s
 1155386 824855    2.00000   30  200    7.00000    2.00000  71.4%   761 21889s
 1156524 824855    3.00000   31  206    7.00000    2.00000  71.4%   761 21890s
 1159198 827120 infeasible  106         7.00000    2.00000  71.4%   761 21951s
 1162094 829800    2.00000   20  187    7.00000    2.00000  71.4%   760 22011s
 1165903 832991    4.00000   44  178    7.00000    2.00000  71.4%   761 22070s
 1170208 836539 infeasible   73         7.00000    2.00000  71.4%   760 22128s
 1174673 838230    3.00000   45  219    7.00000    2.00000  71.4%   760 22220s
 1176939 841267    3.00000   42  192    7.00000    2.00000  71.4%   760 22280s
 1181104 844085    5.00000  107  121    7.00000    2.00000  71.4%   760 22340s
 1184926 845562    4.00000   41  199    7.00000    2.00000  71.4%   760 22394s
 1186825 848760    2.02278   26  352    7.00000    2.00000  71.4%   760 22455s
 1191175 851230    4.00000   44  228    7.00000    2.00000  71.4%   760 22513s
 1194935 852892    3.00000   59  169    7.00000    2.00000  71.4%   760 22577s
 1197277 855837    4.00000   66  165    7.00000    2.00000  71.4%   760 22641s
 1201469 858515    3.00000   33  220    7.00000    2.00000  71.4%   760 22703s
 1204898 862042    4.00000   70  162    7.00000    2.00000  71.4%   759 22766s
 1209605 863839    3.00000   33  236    7.00000    2.00000  71.4%   759 22824s
 1212191 867191    2.00476   24  358    7.00000    2.00000  71.4%   759 22892s
 1216628 869474    3.00000   23  266    7.00000    2.00000  71.4%   759 22957s
 1219504 873202    5.00000   59  190    7.00000    2.00000  71.4%   759 23013s
 1224318 875893    2.02266   25  335    7.00000    2.00000  71.4%   758 23067s
 1228131 878215 infeasible   36         7.00000    2.00000  71.4%   758 23118s
 1231425 879847    5.00000   62  209    7.00000    2.00000  71.4%   758 23174s
 1233533 882438    3.00000   35  177    7.00000    2.00000  71.4%   758 23240s
 1237093 885142    4.01611   63  135    7.00000    2.00000  71.4%   759 23302s
 1240942 887959    3.00000   29  246    7.00000    2.00000  71.4%   758 23362s
 1244949 889989    3.00000   42  211    7.00000    2.00000  71.4%   758 23426s
 1247871 892731 infeasible   47         7.00000    2.00000  71.4%   758 23486s
 1251707 894158    4.00000   40  225    7.00000    2.00000  71.4%   758 23552s
 1254154 897680    5.00000   62  204    7.00000    2.00000  71.4%   759 23624s
 1258800 899409 infeasible   38         7.00000    2.00000  71.4%   759 23689s
 1261537 902538    3.00000   34  223    7.00000    2.00000  71.4%   759 23752s
 1265985 904029    4.00000   55  197    7.00000    2.00000  71.4%   759 23826s
 1268241 907577    2.01120   28  302    7.00000    2.00000  71.4%   759 23920s
 1273100 908840    4.00000   55  200    7.00000    2.00000  71.4%   759 23979s
 1275166 912238 infeasible   57         7.00000    2.00000  71.4%   759 24044s
 1278767 912238    2.00000   20  238    7.00000    2.00000  71.4%   759 24045s
 1279849 914419    3.00000   36  182    7.00000    2.00000  71.4%   759 24109s
 1282852 917364    6.00000   72  189    7.00000    2.00000  71.4%   759 24172s
 1287025 920125    3.00000   25  223    7.00000    2.00000  71.4%   759 24236s
 1291035 922021    4.00000   44  192    7.00000    2.00000  71.4%   759 24296s
 1293862 925398    3.00000   30  277    7.00000    2.00000  71.4%   759 24358s
 1298422 928305    4.00000   47  176    7.00000    2.00000  71.4%   759 24420s
 1302769 929521    3.00000   26  278    7.00000    2.00000  71.4%   758 24474s
 1304477 931539 infeasible   57         7.00000    2.00000  71.4%   759 24534s
 1307513 931539 infeasible   66         7.00000    2.00000  71.4%   759 24535s
 1307997 934938    2.01417   29  333    7.00000    2.00000  71.4%   759 24609s
 1312618 936918 infeasible   68         7.00000    2.00000  71.4%   759 24674s
 1315335 940595    3.00000   31  213    7.00000    2.00000  71.4%   759 24739s
 1317289 940595    4.00000   53  242    7.00000    2.00000  71.4%   759 24740s
 1320112 942406    4.00000   59  147    7.00000    2.00000  71.4%   759 24796s
 1322449 945869    5.00000   59  158    7.00000    2.00000  71.4%   759 24862s
 1327113 948816    3.00000   51  167    7.00000    2.00000  71.4%   759 24925s
 1331198 952349    5.00000   56  194    7.00000    2.00000  71.4%   759 24985s
 1335647 954221    2.01922   30  253    7.00000    2.00000  71.4%   758 25041s
 1338248 957232    4.00000   53  126    7.00000    2.00000  71.4%   758 25101s
 1342169 959190 infeasible   82         7.00000    2.00000  71.4%   758 25162s
 1344758 962447    4.00000   71  176    7.00000    2.00000  71.4%   758 25222s
 1349068 965929    2.01609   24  321    7.00000    2.00000  71.4%   758 25279s
 1353605 968053    6.00000  102  165    7.00000    2.00000  71.4%   757 25333s
 1356398 970878    5.00000  101  122    7.00000    2.00000  71.4%   757 25392s
 1360271 972722    3.01491   52  309    7.00000    2.00000  71.4%   757 25455s
 1362732 975715    3.00000   29  226    7.00000    2.00000  71.4%   757 25512s
 1366884 979148    3.03899   41  276    7.00000    2.00000  71.4%   757 25571s
 1371379 980882    3.00000   28  237    7.00000    2.00000  71.4%   757 25627s
 1373684 984043    5.00000   66  145    7.00000    2.00000  71.4%   757 25688s
 1378045 986633    5.00000   74  136    7.00000    2.00000  71.4%   756 25743s
 1381834 988954    4.00000   60  118    7.00000    2.00000  71.4%   756 25802s
 1385272 991218    5.00000   60  172    7.00000    2.00000  71.4%   756 25862s
 1388191 993540 infeasible   42         7.00000    2.00000  71.4%   756 25924s
 1391572 996523    4.00000   49  210    7.00000    2.00000  71.4%   757 25985s
 1395677 998444    3.00556   41  274    7.00000    2.00000  71.4%   756 26054s
 1398316 1001035    4.00000   49  207    7.00000    2.00000  71.4%   757 26119s
 1401982 1002713    4.00000   62  188    7.00000    2.00000  71.4%   756 26179s
 1404725 1004328 infeasible   30         7.00000    2.00000  71.4%   757 26250s
 1407049 1007992    5.00000   88  164    7.00000    2.00000  71.4%   757 26323s
 1412283 1010464    5.00000   62  201    7.00000    2.00000  71.4%   757 26384s
 1415905 1012793 infeasible   49         7.00000    2.00000  71.4%   757 26453s
 1419163 1016345 infeasible   80         7.00000    2.00000  71.4%   757 26518s
 1423958 1019302    3.00000   34  235    7.00000    2.00000  71.4%   757 26578s
 1427952 1020794 infeasible   37         7.00000    2.00000  71.4%   757 26635s
 1430007 1024589    3.00000   39  196    7.00000    2.00000  71.4%   757 26700s
 1435096 1027677    4.00000   34  201    7.00000    2.00000  71.4%   757 26758s
 1439234 1030852    3.00000   35  250    7.00000    2.00000  71.4%   756 26817s
 1443628 1032893 infeasible   89         7.00000    2.00000  71.4%   756 26873s
 1446330 1035964    6.00000  104  126    7.00000    2.00000  71.4%   756 26933s
 1450349 1038672    3.00000   27  192    7.00000    2.00000  71.4%   756 27005s
 1454005 1041006    3.00000   38  246    7.00000    2.00000  71.4%   756 27059s
 1457286 1043256    3.00000   27  209    7.00000    2.00000  71.4%   756 27125s
 1460312 1045985    4.00000   69  164    7.00000    2.00000  71.4%   756 27188s
 1463926 1049423    3.00000   35  210    7.00000    2.00000  71.4%   756 27250s
 1468588 1051088    3.00000   37  222    7.00000    2.00000  71.4%   755 27305s
 1470727 1054553 infeasible   73         7.00000    2.00000  71.4%   755 27366s
 1475444 1057468    3.00000   31  209    7.00000    2.00000  71.4%   755 27429s
 1479443 1060836    3.00000   27  269    7.00000    2.00000  71.4%   755 27483s
 1483823 1063360    3.00000   27  249    7.00000    2.00000  71.4%   755 27534s
 1487366 1065059    3.00008   42  312    7.00000    2.00000  71.4%   754 27592s
 1489681 1067494    3.00000   41  205    7.00000    2.00000  71.4%   754 27654s
 1493156 1069356    3.00000   34  211    7.00000    2.00000  71.4%   754 27716s
 1495996 1072144    6.00000   95  182    7.00000    2.00000  71.4%   755 27775s
 1499943 1075167    2.00000   25  207    7.00000    2.00000  71.4%   754 27835s
 1504158 1076526    4.02955   61  251    7.00000    2.00000  71.4%   754 27890s
 1506206 1079233    4.00000   47  217    7.00000    2.00000  71.4%   754 27955s
 1510203 1082441    4.00000   45  200    7.00000    2.00000  71.4%   754 28017s
 1514422 1085420    6.00000   49  189    7.00000    2.00000  71.4%   754 28073s
 1518362 1087190    5.00000   86  170    7.00000    2.00000  71.4%   754 28142s
 1520882 1090285    3.00215   38  266    7.00000    2.00000  71.4%   754 28203s
 1524943 1092216    6.00000   92  177    7.00000    2.00000  71.4%   754 28264s
 1527538 1095714    4.00000   55  201    7.00000    2.00000  71.4%   754 28359s
 1532185 1098539    3.00000   31  276    7.00000    2.00000  71.4%   754 28418s
 1536196 1100464    5.00000   69  174    7.00000    2.00000  71.4%   754 28475s
 1538695 1103727    3.00000   29  258    7.00000    2.00000  71.4%   754 28537s
 1543149 1106822    3.00000   29  225    7.00000    2.00000  71.4%   753 28596s
 1547443 1109497    3.00000   44  223    7.00000    2.00000  71.4%   753 28668s
 1551202 1111408    3.00000   32  235    7.00000    2.00000  71.4%   753 28724s
 1553909 1112766    3.02664   48  258    7.00000    2.00000  71.4%   753 28784s
 1556293 1113467    4.00000   44  165    7.00000    2.00000  71.4%   754 28800s

Cutting planes:
  Learned: 114
  Gomory: 11
  Lift-and-project: 101
  Implied bound: 83
  Clique: 16
  MIR: 336
  Flow cover: 3049
  Zero half: 43
  Mod-K: 1
  RLT: 542
  Relax-and-lift: 13

Explored 1557371 nodes (1174313480 simplex iterations) in 28800.21 seconds (12206.69 work units)
Thread count was 24 (of 24 available processors)

Solution count 1: 7 

Time limit reached
Best objective 7.000000000000e+00, best bound 2.000000000000e+00, gap 71.4286%
