
Gurobi 10.0.1 (linux64) logging started Tue Jul 11 09:57:57 2023

Set parameter LogFile to value "Class1_Instance-5_0.5.log"
Gurobi Optimizer version 10.0.1 build v10.0.1rc0 (linux64)

CPU model: AMD Opteron(tm) Processor 6174, instruction set [SSE2]
Thread count: 24 physical cores, 24 logical processors, using up to 24 threads

Optimize a model with 30176 rows, 16845 columns and 93413 nonzeros
Model fingerprint: 0x4713bedc
Model has 9535 quadratic constraints
Variable types: 5462 continuous, 11383 integer (11340 binary)
Coefficient statistics:
  Matrix range     [1e+00, 1e+04]
  QMatrix range    [1e+00, 1e+00]
  QLMatrix range   [1e+00, 2e+01]
  Objective range  [1e+00, 1e+00]
  Bounds range     [1e+00, 1e+00]
  RHS range        [1e+00, 1e+04]
Presolve removed 11431 rows and 3657 columns
Presolve time: 0.79s
Presolved: 24206 rows, 14952 columns, 89243 nonzeros
Presolved model has 4746 quadratic constraint(s)
Presolved model has 1806 bilinear constraint(s)
Variable types: 5335 continuous, 9617 integer (9574 binary)

Root relaxation: objective 1.000000e+00, 1819 iterations, 0.15 seconds (0.04 work units)

    Nodes    |    Current Node    |     Objective Bounds      |     Work
 Expl Unexpl |  Obj  Depth IntInf | Incumbent    BestBd   Gap | It/Node Time

     0     0    1.00000    0   49          -    1.00000      -     -    1s
     0     0    2.00000    0  205          -    2.00000      -     -   10s
     0     0    2.00000    0  207          -    2.00000      -     -   11s
     0     0    2.00000    0  174          -    2.00000      -     -   12s
     0     0    2.00000    0  171          -    2.00000      -     -   13s
     0     0    2.00000    0   42          -    2.00000      -     -   13s
     0     0    2.00000    0   52          -    2.00000      -     -   14s
     0     0    2.00000    0   53          -    2.00000      -     -   16s
     0     0    2.00000    0   75          -    2.00000      -     -   17s
     0     0    2.00000    0   72          -    2.00000      -     -   21s
     0     0    2.00000    0  142          -    2.00000      -     -   24s
     0     0    2.00000    0   42          -    2.00000      -     -   25s
     0     0    2.00000    0  125          -    2.00000      -     -   25s
     0     0    2.00000    0   44          -    2.00000      -     -   28s
     0     0    2.00000    0  133          -    2.00000      -     -   30s
     0     0    2.00000    0   50          -    2.00000      -     -   36s
     0     0    2.00000    0   54          -    2.00000      -     -   39s
     0     0    2.00000    0   79          -    2.00000      -     -   42s
     0     0    2.00000    0  109          -    2.00000      -     -   44s
     0     0    2.00000    0   85          -    2.00000      -     -   46s
     0     0    2.00000    0  120          -    2.00000      -     -   49s
     0     0    2.00000    0   54          -    2.00000      -     -   52s
     0     0    2.00000    0  100          -    2.00000      -     -   55s
     0     0    2.00000    0   95          -    2.00000      -     -   57s
     0     0    2.00000    0  105          -    2.00000      -     -   59s
     0     0    2.00000    0   50          -    2.00000      -     -   64s
     0     0    2.00000    0   44          -    2.00000      -     -   66s
     0     0    2.00000    0   50          -    2.00000      -     -   69s
     0     0    2.00000    0   62          -    2.00000      -     -   72s
     0     0    2.00000    0   68          -    2.00000      -     -   74s
     0     0    2.00000    0   68          -    2.00000      -     -   76s
     0     0    2.00000    0   64          -    2.00000      -     -   78s
     0     0    2.00000    0   90          -    2.00000      -     -   79s
     0     0    2.00000    0   76          -    2.00000      -     -   81s
     0     0    2.00000    0   50          -    2.00000      -     -   83s
     0     0    2.00000    0   44          -    2.00000      -     -   85s
     0     0    2.00000    0   50          -    2.00000      -     -   87s
     0     0    2.00000    0   58          -    2.00000      -     -   88s
     0     0    2.00000    0   79          -    2.00000      -     -   90s
     0     0    2.00000    0   57          -    2.00000      -     -   92s
     0     0    2.00000    0   69          -    2.00000      -     -   93s
     0     0    2.00000    0   44          -    2.00000      -     -   94s
     0     0    2.00000    0   67          -    2.00000      -     -   97s
     0     0    2.00000    0   82          -    2.00000      -     -   99s
     0     0    2.00000    0   62          -    2.00000      -     -  101s
     0     0    2.00000    0   44          -    2.00000      -     -  102s
     0     0    2.00000    0   70          -    2.00000      -     -  104s
     0     0    2.00000    0   44          -    2.00000      -     -  105s
     0     0    2.00000    0   43          -    2.00000      -     -  107s
     0     0    2.00000    0   58          -    2.00000      -     -  111s
     0     0    2.00000    0   58          -    2.00000      -     -  115s
     0     0    2.00000    0   66          -    2.00000      -     -  118s
     0     0    2.00000    0   70          -    2.00000      -     -  123s
     0     0    2.00000    0   63          -    2.00000      -     -  125s
     0     0    2.00000    0   83          -    2.00000      -     -  128s
     0     0    2.00000    0   43          -    2.00000      -     -  130s
     0     0    2.00000    0   55          -    2.00000      -     -  135s
     0     0    2.00000    0   63          -    2.00000      -     -  139s
     0     0    2.00000    0   77          -    2.00000      -     -  142s
     0     0    2.00000    0   80          -    2.00000      -     -  144s
     0     0    2.00000    0   72          -    2.00000      -     -  148s
     0     0    2.00000    0   43          -    2.00000      -     -  151s
     0     0    2.00000    0   68          -    2.00000      -     -  153s
     0     0    2.00000    0   62          -    2.00000      -     -  157s
     0     0    2.00000    0   70          -    2.00000      -     -  159s
     0     0    2.00000    0   42          -    2.00000      -     -  161s
     0     0    2.00000    0   44          -    2.00000      -     -  162s
     0     0    2.00000    0   57          -    2.00000      -     -  166s
     0     0    2.00000    0   69          -    2.00000      -     -  167s
     0     0    2.00000    0   44          -    2.00000      -     -  168s
     0     0    2.00000    0   92          -    2.00000      -     -  170s
     0     0    2.00000    0   43          -    2.00000      -     -  171s
     0     0    2.00000    0   50          -    2.00000      -     -  175s
     0     0    2.00000    0   78          -    2.00000      -     -  177s
     0     0    2.00000    0   58          -    2.00000      -     -  179s
     0     0    2.00000    0   67          -    2.00000      -     -  181s
     0     0    2.00000    0   68          -    2.00000      -     -  183s
     0     0    2.00000    0   60          -    2.00000      -     -  185s
     0     0    2.00000    0   80          -    2.00000      -     -  188s
     0     0    2.00000    0   64          -    2.00000      -     -  192s
     0     0    2.00000    0  103          -    2.00000      -     -  194s
     0     0    2.00000    0   44          -    2.00000      -     -  195s
     0     0    2.00000    0   72          -    2.00000      -     -  196s
     0     0    2.00000    0   44          -    2.00000      -     -  197s
     0     0    2.00000    0   74          -    2.00000      -     -  200s
     0     0    2.00000    0   81          -    2.00000      -     -  202s
     0     0    2.00000    0   50          -    2.00000      -     -  205s
     0     0    2.00000    0   74          -    2.00000      -     -  207s
     0     0    2.00000    0   50          -    2.00000      -     -  208s
     0     0    2.00000    0   96          -    2.00000      -     -  211s
     0     0    2.00000    0   62          -    2.00000      -     -  213s
     0     0    2.00000    0   63          -    2.00000      -     -  215s
     0     0    2.00000    0   95          -    2.00000      -     -  216s
     0     0    2.00000    0   63          -    2.00000      -     -  217s
     0     0    2.00000    0   44          -    2.00000      -     -  218s
     0     0    2.00000    0   43          -    2.00000      -     -  219s
     0     0    2.00000    0   49          -    2.00000      -     -  221s
     0     0    2.00000    0   54          -    2.00000      -     -  223s
     0     0    2.00000    0   43          -    2.00000      -     -  226s
     0     0    2.00000    0   55          -    2.00000      -     -  227s
     0     0    2.00000    0   69          -    2.00000      -     -  228s
     0     0    2.00000    0   53          -    2.00000      -     -  229s
     0     0    2.00000    0   50          -    2.00000      -     -  232s
     0     0    2.00000    0   58          -    2.00000      -     -  234s
     0     0    2.00000    0   62          -    2.00000      -     -  235s
     0     0    2.00000    0   57          -    2.00000      -     -  236s
     0     0    2.00000    0   86          -    2.00000      -     -  238s
     0     0    2.00000    0   59          -    2.00000      -     -  241s
     0     2    2.00000    0   59          -    2.00000      -     -  244s
     1     4    2.00000    1   74          -    2.00000      -  4989  245s
    31    56    2.00000    5  240          -    2.00000      -  2486  252s
    55    80    2.00000    6  227          -    2.00000      -  2588  255s
   127   153    2.00000    8  239          -    2.00000      -  2512  260s
   178   219    2.00000    9  229          -    2.00000      -  2353  267s
   218   315    2.00000   10  205          -    2.00000      -  2840  274s
   314   544    2.00000   11  233          -    2.00000      -  3181  453s
   556  1040    2.00000   13  224          -    2.00000      -  2842  578s
H  560  1040                      42.0000000    2.00000  95.2%  2842  578s
  1218  3311    2.00545   19  630   42.00000    2.00000  95.2%  1987  616s
H 1490  3311                      41.0000000    2.00000  95.1%  1719  616s
  4438  3312    2.03030   35   14   41.00000    2.00000  95.1%   908  678s
  4440  3313    3.00000   28   90   41.00000    2.00000  95.1%   908  684s
  4441  3314    3.00000   28  227   41.00000    2.00000  95.1%   907  686s
  4443  3315    3.00000   37  131   41.00000    2.00000  95.1%   907  695s
  4445  3317    3.00000   56   85   41.00000    2.00000  95.1%   907  703s
  4446  3317    4.98485   43  200   41.00000    2.00000  95.1%   906  705s
  4447  3318    6.00000   68   78   41.00000    2.00000  95.1%   906  714s
  4448  3319    2.00000   21  173   41.00000    2.00000  95.1%   906  716s
  4449  3319    3.00000   22  147   41.00000    2.00000  95.1%   906  720s
  4451  3321    3.00000   33  135   41.00000    2.00000  95.1%   905  728s
  4452  3321    3.00000   28  198   41.00000    2.00000  95.1%   905  730s
  4454  3323    3.00000   31  203   41.00000    2.00000  95.1%   905  736s
  4455  3323    3.00000   34  142   41.00000    2.00000  95.1%   905  740s
  4457  3325    3.00000   44   90   41.00000    2.00000  95.1%   904  746s
  4459  3326    2.00000   29  105   41.00000    2.00000  95.1%   904  754s
  4460  3327    3.00000   47  136   41.00000    2.00000  95.1%   904  758s
  4461  3327    2.00000   22   81   41.00000    2.00000  95.1%   903  761s
  4462  3328    2.00000   18   62   41.00000    2.00000  95.1%   903  769s
  4463  3329    2.00000   16  127   41.00000    2.00000  95.1%   903  779s
  4464  3329    3.00000   18   95   41.00000    2.00000  95.1%   903  794s
  4465  3330    2.00000   13  165   41.00000    2.00000  95.1%   903  800s
  4466  3331    2.00036   19  103   41.00000    2.00000  95.1%   902  810s
  4467  3331    2.00000   18   88   41.00000    2.00000  95.1%   902  815s
  4469  3333    3.00000   35  104   41.00000    2.00000  95.1%   902  825s
  4470  3333    2.03878   20  119   41.00000    2.00000  95.1%   902  831s
  4471  3334    3.00000   24   95   41.00000    2.00000  95.1%   901  837s
  4472  3335    3.00000   32   65   41.00000    2.00000  95.1%   901  841s
  4474  3336    3.00000   26   97   41.00000    2.00000  95.1%   901  853s
  4475  3337    3.00000   36   84   41.00000    2.00000  95.1%   900  858s
  4476  3337    3.00000   35   90   41.00000    2.00000  95.1%   900  864s
  4477  3338    4.00000   45   90   41.00000    2.00000  95.1%   900  870s
  4479  3339    3.00000   39  147   41.00000    2.00000  95.1%   900  880s
  4480  3340    3.00000   43   87   41.00000    2.00000  95.1%   899  885s
  4481  3341    3.00000   38  172   41.00000    2.00000  95.1%   899  890s
  4482  3341    2.00000   13  167   41.00000    2.00000  95.1%   899  895s
  4483  3342    2.00000   18   74   41.00000    2.00000  95.1%   899  901s
  4484  3343    2.00000   37   93   41.00000    2.00000  95.1%   899  911s
  4486  3344    3.00000   33  143   41.00000    2.00000  95.1%   898  920s
  4487  3345    3.00000   42   80   41.00000    2.00000  95.1%   898  926s
  4488  3345    4.00000   39  164   41.00000    2.00000  95.1%   898  930s
  4489  3346    2.00000   13  120   41.00000    2.00000  95.1%   898  936s
  4490  3347    3.00000   34   80   41.00000    2.00000  95.1%   897  943s
  4491  3347    2.00000   29  122   41.00000    2.00000  95.1%   897  949s
  4492  3348    3.00000   38  142   41.00000    2.00000  95.1%   897  952s
  4493  3349    3.00000   31  139   41.00000    2.00000  95.1%   897  959s
  4494  3349    2.00000   18  103   41.00000    2.00000  95.1%   897  965s
  4496  3351    2.00000   11  122   41.00000    2.00000  95.1%   896  973s
  4497  3351    3.00000   33  166   41.00000    2.00000  95.1%   896  978s
  4498  3352    2.00000   31  135   41.00000    2.00000  95.1%   896  983s
  4499  3353    2.00000   21  110   41.00000    2.00000  95.1%   896  991s
  4500  3353    3.00000   34  101   41.00000    2.00000  95.1%   895  995s
  4501  3354    5.00000   45   99   41.00000    2.00000  95.1%   895 1000s
  4502  3355    2.00000   29   67   41.00000    2.00000  95.1%   895 1006s
  4503  3355    2.00000    8   46   41.00000    2.00000  95.1%   895 1014s
  4504  3356    3.00000   38   71   41.00000    2.00000  95.1%   895 1018s
  4505  3357    2.00000   22   66   41.00000    2.00000  95.1%   894 1024s
  4506  3357    3.00000   29  111   41.00000    2.00000  95.1%   894 1030s
  4507  3358    2.00000    7  103   41.00000    2.00000  95.1%   894 1035s
  4508  3359    3.00000   32  150   41.00000    2.00000  95.1%   894 1042s
  4509  3359    3.00000   38   95   41.00000    2.00000  95.1%   894 1047s
  4510  3360    3.00000   57   91   41.00000    2.00000  95.1%   894 1055s
  4511  3361   29.00000   27  108   41.00000    2.00000  95.1%   893 1061s
  4512  3361    2.00000   31  105   41.00000    2.00000  95.1%   893 1068s
  4513  3362    3.00000   28  107   41.00000    2.00000  95.1%   893 1073s
  4514  3363    3.00000   41   99   41.00000    2.00000  95.1%   893 1079s
  4515  3363    6.00000   29   50   41.00000    2.00000  95.1%   893 1083s
  4516  3364    3.00000   23   90   41.00000    2.00000  95.1%   892 1086s
  4517  3365    2.00004   30  100   41.00000    2.00000  95.1%   892 1091s
  4519  3366    4.00000   25   99   41.00000    2.00000  95.1%   892 1098s
  4520  3367    2.00000   26  101   41.00000    2.00000  95.1%   892 1101s
  4522  3368    2.00000   25   79   41.00000    2.00000  95.1%   891 1108s
  4523  3369    2.00000   21  114   41.00000    2.00000  95.1%   891 1113s
  4524  3369    2.00000   24  111   41.00000    2.00000  95.1%   891 1118s
  4525  3370    2.00000    6   93   41.00000    2.00000  95.1%   891 1122s
  4526  3371    2.00000   16  113   41.00000    2.00000  95.1%   890 1125s
  4527  3371    3.00000   41   92   41.00000    2.00000  95.1%   890 1130s
  4528  3372    3.00000   35   86   41.00000    2.00000  95.1%   890 1137s
  4529  3373    3.00000   45   92   41.00000    2.00000  95.1%   890 1141s
  4530  3373    2.00000   11   62   41.00000    2.00000  95.1%   890 1145s
  4531  3374    2.00000   21   93   41.00000    2.00000  95.1%   889 1150s
  4532  3375    3.00000   37  119   41.00000    2.00000  95.1%   889 1155s
  4533  3375    3.00000   36   94   41.00000    2.00000  95.1%   889 1161s
  4534  3376    2.00000   19   43   41.00000    2.00000  95.1%   889 1168s
  4535  3377    2.00000   28   78   41.00000    2.00000  95.1%   889 1173s
  4536  3377    3.00000   18   83   41.00000    2.00000  95.1%   888 1179s
  4537  3378    3.00000   33   80   41.00000    2.00000  95.1%   888 1182s
  4539  3379    2.00006   16   99   41.00000    2.00000  95.1%   888 1187s
  4540  3380    3.00000   28   92   41.00000    2.00000  95.1%   888 1191s
  4541  3381    3.00000   28   48   41.00000    2.00000  95.1%   887 1195s
  4543  3382    3.00000   37  113   41.00000    2.00000  95.1%   887 1203s
  4544  3383    3.00000   36  120   41.00000    2.00000  95.1%   887 1206s
  4545  3383    3.00000   56  108   41.00000    2.00000  95.1%   887 1210s
  4546  3384    4.98485   43  126   41.00000    2.00000  95.1%   886 1215s
  4548  3385    2.00000   21  132   41.00000    2.00000  95.1%   886 1222s
  4549  3386    3.00000   22   86   41.00000    2.00000  95.1%   886 1230s
H 4550  3217                      40.0000000    2.00000  95.0%  1169 1236s
  4557  3228    2.00000   17  242   40.00000    2.00000  95.0%  1170 1241s
  4581  3260    2.00000   19  229   40.00000    2.00000  95.0%  1175 1256s
  4605  3276    2.00000   20  241   40.00000    2.00000  95.0%  1177 1263s
  4629  3292    2.00000   20  235   40.00000    2.00000  95.0%  1181 1267s
  4653  3308    2.00000   21  221   40.00000    2.00000  95.0%  1186 1277s
H 4655  3146                      34.0000000    2.00000  94.1%  1186 1277s
  4677  3162    2.00000   21  232   34.00000    2.00000  94.1%  1186 1280s
  4701  3179    2.00000   22  250   34.00000    2.00000  94.1%  1185 1289s
  4726  3197    2.00000   22  250   34.00000    2.00000  94.1%  1191 1292s
  4752  3241    2.00000   23  231   34.00000    2.00000  94.1%  1196 1300s
  4805  3357    2.00000   24  206   34.00000    2.00000  94.1%  1201 1319s
  4951  3810    2.00000   24  210   34.00000    2.00000  94.1%  1206 1392s
  5573  3616    2.00000   28  237   34.00000    2.00000  94.1%  1194 1543s
  5605  4097    2.00000   29  256   34.00000    2.00000  94.1%  1197 1619s
  6284  4497    2.00000   30  237   34.00000    2.00000  94.1%  1171 1680s
  7204  4682    2.00000   32  230   34.00000    2.00000  94.1%  1116 1716s
  7873  5363    2.02150   35  325   34.00000    2.00000  94.1%  1104 1773s
  9053  6152    3.00000   46  218   34.00000    2.00000  94.1%  1041 1828s
 10597  7054    3.00000   64  124   34.00000    2.00000  94.1%   964 1885s
 12283  8228    2.00000   31  211   34.00000    2.00000  94.1%   904 1946s
 14291  9085    3.00000   72  149   34.00000    2.00000  94.1%   828 2004s
 16029 10155    2.00061   38  315   34.00000    2.00000  94.1%   785 2066s
 17413 11322    2.00000   29  221   34.00000    2.00000  94.1%   774 2132s
 18977 12322    5.00000   77  146   34.00000    2.00000  94.1%   762 2206s
H19246 12322                      32.0000000    2.00000  93.8%   764 2207s
H19387 12322                      31.0000000    2.00000  93.5%   766 2207s
H20296 12322                      27.0000000    2.00000  92.6%   753 2207s
 20318 13589    3.00000   34  254   27.00000    2.00000  92.6%   753 2271s
 22079 14792    3.00000   54  138   27.00000    2.00000  92.6%   745 2334s
 23760 16136    2.01824   36  299   27.00000    2.00000  92.6%   744 2410s
 25720 17392    2.00000   30  212   27.00000    2.00000  92.6%   748 2479s
 27560 18558    3.00000   45  202   27.00000    2.00000  92.6%   759 2551s
 29497 18731    4.00000   63  156   27.00000    2.00000  92.6%   765 2828s
 29829 19710    3.00000   43  194   27.00000    2.00000  92.6%   769 2913s
 31519 20858    6.00000   89  131   27.00000    2.00000  92.6%   785 3006s
 33351 22029    4.00000   50  191   27.00000    2.00000  92.6%   792 3103s
H34690 21980                      26.0000000    2.00000  92.3%   801 3103s
 35174 23214 infeasible   47        26.00000    2.00000  92.3%   805 3202s
 37080 24636    2.00000   28  230   26.00000    2.00000  92.3%   813 3315s
 39227 26251    2.00028   30  300   26.00000    2.00000  92.3%   823 3434s
 41648 28430    5.00000   63  172   26.00000    2.00000  92.3%   829 3559s
 44600 28430    3.00000   32  241   26.00000    2.00000  92.3%   830 3560s
 45136 29957    3.00000   34  226   26.00000    2.00000  92.3%   832 3675s
 47445 32070    3.00000   42  211   26.00000    2.00000  92.3%   842 3807s
 50691 33774 infeasible   86        26.00000    2.00000  92.3%   851 3946s
 53291 36593    3.00000   59   78   26.00000    2.00000  92.3%   859 4092s
 57553 38321    5.00000   43  229   26.00000    2.00000  92.3%   852 4226s
H59125 38286                      25.0000000    2.00000  92.0%   854 4226s
H59222 38135                      23.0000000    2.00000  91.3%   854 4226s
 60136 40819    2.00000   37  226   23.00000    2.00000  91.3%   855 4399s
 64271 42912    3.00000   54  120   23.00000    2.00000  91.3%   855 4541s
 67450 45714    3.00000   36  195   23.00000    2.00000  91.3%   858 4698s
 71912 47633 infeasible   60        23.00000    2.00000  91.3%   855 4843s
 74927 50473    3.00000   41  229   23.00000    2.00000  91.3%   858 4992s
 79437 52289 infeasible   66        23.00000    2.00000  91.3%   855 5135s
 82168 54826    3.00000   39  229   23.00000    2.00000  91.3%   859 5299s
 84840 54826    6.00000   56  190   23.00000    2.00000  91.3%   858 5300s
 86261 56588    2.00000   30  240   23.00000    2.00000  91.3%   856 5437s
 89216 59118    3.00000   39  218   23.00000    2.00000  91.3%   862 5595s
 93171 60939    3.00000   38  242   23.00000    2.00000  91.3%   865 5736s
 96121 63820    3.00000   35  245   23.00000    2.00000  91.3%   867 5885s
 100512 65738    2.00000   32  229   23.00000    2.00000  91.3%   863 6025s
 103456 69325    2.00000   27  222   23.00000    2.00000  91.3%   866 6197s
 108429 70988    3.00000   29  244   23.00000    2.00000  91.3%   857 6329s
 110089 70988    4.00000   56  149   23.00000    2.00000  91.3%   860 6330s
 110942 73816    6.00000   55  134   23.00000    2.00000  91.3%   861 6478s
 115244 75377    3.00000   39  195   23.00000    2.00000  91.3%   858 6609s
H117046 75258                      22.0000000    2.00000  90.9%   861 6610s
 117668 77976    4.00000   57  150   22.00000    2.00000  90.9%   862 6760s
 121878 80041    2.00000   41  211   22.00000    2.00000  90.9%   862 6904s
 123141 80041    2.00000   28  220   22.00000    2.00000  90.9%   860 6905s
 125306 83054    5.00000   73  116   22.00000    2.00000  90.9%   861 7073s
 129678 84951    2.00000   36  199   22.00000    2.00000  90.9%   857 7219s
 132742 87570    3.00000   48  231   22.00000    2.00000  90.9%   858 7358s
 136821 89801    3.00000   36  203   22.00000    2.00000  90.9%   857 7498s
 140257 91835    3.00000   36  284   22.00000    2.00000  90.9%   855 7633s
 143293 94870    7.00000   50  170   22.00000    2.00000  90.9%   856 7779s
 147964 96911    3.00000   34  248   22.00000    2.00000  90.9%   851 7918s
 151222 99395    2.06709   35  335   22.00000    2.00000  90.9%   851 8056s
 155161 101508    3.00000   35  267   22.00000    2.00000  90.9%   850 8189s
 158063 101508    3.00000   32  483   22.00000    2.00000  90.9%   850 8190s
 158331 103475    3.00000   36  242   22.00000    2.00000  90.9%   850 8333s
 161390 106208    5.00000   43  229   22.00000    2.00000  90.9%   850 8477s
 165625 108505    3.00000   32  300   22.00000    2.00000  90.9%   848 8625s
 169102 111090    2.00000   29  211   22.00000    2.00000  90.9%   848 8774s
 173111 112834    3.00000   45  204   22.00000    2.00000  90.9%   848 8906s
 175980 115730    7.00000   57  175   22.00000    2.00000  90.9%   849 9056s
 180660 117584    2.00000   31  209   22.00000    2.00000  90.9%   844 9193s
 183822 119428    3.00837   52  208   22.00000    2.00000  90.9%   845 9321s
 186676 121429 infeasible   48        22.00000    2.00000  90.9%   845 9467s
 190034 124218    3.00000   41  257   22.00000    2.00000  90.9%   846 9617s
 194363 125947 infeasible   42        22.00000    2.00000  90.9%   844 9760s
 197183 128256    3.00000   32  314   22.00000    2.00000  90.9%   845 9910s
 200749 130868    3.00000   38  283   22.00000    2.00000  90.9%   844 10056s
 204753 132956    3.00000   34  249   22.00000    2.00000  90.9%   844 10196s
 208005 134855    4.00000   48  196   22.00000    2.00000  90.9%   844 10330s
 210977 137571    2.00000   38  213   22.00000    2.00000  90.9%   846 10485s
 215580 139554    2.03752   34  309   22.00000    2.00000  90.9%   844 10628s
 218788 141604    4.00000   48  225   22.00000    2.00000  90.9%   844 10768s
 222018 144645    4.00000   51  194   22.00000    2.00000  90.9%   844 10924s
 226775 146665    5.00000   55  145   22.00000    2.00000  90.9%   841 11063s
 230175 149470    3.00000   48  226   22.00000    2.00000  90.9%   841 11224s
 234346 151278    3.00000   32  296   22.00000    2.00000  90.9%   838 11362s
 237510 152918    4.00000   50  150   22.00000    2.00000  90.9%   839 11499s
 240393 155702    2.01885   36  286   22.00000    2.00000  90.9%   840 11650s
 244759 157595    2.00000   38  210   22.00000    2.00000  90.9%   839 11787s
H246168 157582                      21.0000000    2.00000  90.5%   838 11788s
 247902 159624 infeasible  110        21.00000    2.00000  90.5%   839 11927s
 251398 161504    3.00000   39  260   21.00000    2.00000  90.5%   839 12060s
 254444 164347    4.00000   71  145   21.00000    2.00000  90.5%   839 12207s
 258904 166313    5.00000   74  157   21.00000    2.00000  90.5%   837 12339s
 259042 166313    4.00000   61  133   21.00000    2.00000  90.5%   837 12340s
 262208 168561    4.00000   51  155   21.00000    2.00000  90.5%   837 12485s
 265765 170807    3.00000   33  225   21.00000    2.00000  90.5%   836 12632s
 269438 172988    3.00000   39  260   21.00000    2.00000  90.5%   836 12777s
 272894 174672    6.00000  112  115   21.00000    2.00000  90.5%   836 12927s
 275587 177655    3.00000   32  208   21.00000    2.00000  90.5%   836 13085s
 280217 180124    2.00160   35  284   21.00000    2.00000  90.5%   834 13237s
 284089 182076    2.00000   35  218   21.00000    2.00000  90.5%   832 13372s
 287217 184267    3.00000   53  178   21.00000    2.00000  90.5%   832 13514s
 288379 184267    3.00000   41  253   21.00000    2.00000  90.5%   832 13515s
 291296 186276    2.01925   41  259   21.00000    2.00000  90.5%   832 13649s
 293387 186276    4.00000   46  195   21.00000    2.00000  90.5%   831 13650s
 294668 188225    5.00000   43  188   21.00000    2.00000  90.5%   831 13803s
 297856 190444    4.00000   57  189   21.00000    2.00000  90.5%   832 13958s
 301511 193088    3.00000   37  240   21.00000    2.00000  90.5%   831 14146s
 305670 196037    3.00000   40  279   21.00000    2.00000  90.5%   829 14289s
H305898 195802                      20.0000000    2.00000  90.0%   829 14290s
 310215 197960    4.00000   40  191   20.00000    2.00000  90.0%   826 14387s
 313961 201219    3.00000   35  300   20.00000    2.00000  90.0%   827 14484s
 319362 203557    2.00000   37  209   20.00000    2.00000  90.0%   826 14586s
 323098 205896    3.00000   38  210   20.00000    2.00000  90.0%   826 14674s
 325452 205896    4.00000   51  165   20.00000    2.00000  90.0%   826 14675s
 327012 209167    5.00000   41  224   20.00000    2.00000  90.0%   826 14762s
 331874 210682    2.00489   29  328   20.00000    2.00000  90.0%   825 14837s
 334260 213661    3.00000   38  274   20.00000    2.00000  90.0%   826 14918s
 338925 215760    3.00000   37  229   20.00000    2.00000  90.0%   825 15002s
 342219 218549    3.00000   37  217   20.00000    2.00000  90.0%   826 15075s
 346665 220448    3.00000   34  307   20.00000    2.00000  90.0%   825 15155s
 349588 223752    3.00000   35  247   20.00000    2.00000  90.0%   826 15240s
 354509 225156    3.00000   35  222   20.00000    2.00000  90.0%   824 15316s
 356760 227692    7.00000   54  181   20.00000    2.00000  90.0%   825 15392s
 360726 229577    3.00000   37  577   20.00000    2.00000  90.0%   825 15469s
 361835 229577    3.00000   34  220   20.00000    2.00000  90.0%   825 15470s
 363706 232273    4.00000   60  162   20.00000    2.00000  90.0%   826 15546s
 367885 234009    3.00000   41  218   20.00000    2.00000  90.0%   826 15626s
 370635 236942    3.00000   39  220   20.00000    2.00000  90.0%   827 15726s
 375223 239192    3.00000   37  328   20.00000    2.00000  90.0%   826 15813s
 378664 242274   11.00000  117   47   20.00000    2.00000  90.0%   826 15895s
 383316 244140    4.00000   51  148   20.00000    2.00000  90.0%   825 15979s
 383437 244140    3.00000   28  251   20.00000    2.00000  90.0%   825 15980s
 386552 245719    3.00000   51  213   20.00000    2.00000  90.0%   825 16051s
 389343 248289    3.00000   35  257   20.00000    2.00000  90.0%   825 16137s
 393438 250612    3.00000   45  213   20.00000    2.00000  90.0%   825 16230s
 397126 253329    2.00000   31  210   20.00000    2.00000  90.0%   825 16306s
 401471 255241    3.00000   36  205   20.00000    2.00000  90.0%   824 16381s
 404624 257220    3.00000   32  368   20.00000    2.00000  90.0%   824 16458s
 407796 258967    2.00000   37  225   20.00000    2.00000  90.0%   824 16540s
 410845 262003    3.00000   40  228   20.00000    2.00000  90.0%   824 16621s
 415568 263939    3.00000   32  250   20.00000    2.00000  90.0%   824 16704s
 416367 263939    3.00000   48  194   20.00000    2.00000  90.0%   824 16705s
 418696 266453    3.00000   51  195   20.00000    2.00000  90.0%   824 16780s
 422865 268101    3.00000   57  177   20.00000    2.00000  90.0%   824 16852s
 425325 269650 infeasible   68        20.00000    2.00000  90.0%   826 16925s
 427815 272305    3.00000   39  206   20.00000    2.00000  90.0%   827 17023s
 431919 274280    2.00000   31  216   20.00000    2.00000  90.0%   829 17112s
 434960 276842    5.00000   62  140   20.00000    2.00000  90.0%   831 17196s
 439323 278630 infeasible   79        20.00000    2.00000  90.0%   832 17279s
 442172 281250    3.00000   45  207   20.00000    2.00000  90.0%   833 17361s
 446578 283444    2.00942   37  288   20.00000    2.00000  90.0%   834 17443s
H448008 283221                      19.0000000    2.00000  89.5%   834 17444s
 450022 285932 infeasible   32        19.00000    2.00000  89.5%   835 17523s
 454381 287896    3.00000   37  234   19.00000    2.00000  89.5%   835 17605s
 457649 290683 infeasible   55        19.00000    2.00000  89.5%   836 17686s
 462025 292270 infeasible   54        19.00000    2.00000  89.5%   836 17763s
 464697 294643    5.00000   40  226   19.00000    2.00000  89.5%   837 17846s
 468718 296661 infeasible   62        19.00000    2.00000  89.5%   837 17929s
 469770 296661 infeasible   35        19.00000    2.00000  89.5%   837 17930s
 472225 298580    4.00000   37  235   19.00000    2.00000  89.5%   837 18012s
 475542 301462    2.00146   35  272   19.00000    2.00000  89.5%   838 18093s
 480441 302908    3.00000   40  257   19.00000    2.00000  89.5%   837 18170s
 482900 305469    3.00000   47  237   19.00000    2.00000  89.5%   838 18251s
 487107 307387    3.00000   36  224   19.00000    2.00000  89.5%   838 18332s
 490351 309608    3.00000   47  230   19.00000    2.00000  89.5%   838 18419s
 493960 312218    3.00000   38  206   19.00000    2.00000  89.5%   838 18498s
 498243 314267    4.00000   50  189   19.00000    2.00000  89.5%   838 18581s
 501849 317129    3.00000   48  167   19.00000    2.00000  89.5%   838 18658s
 506214 318731    4.00000   43  217   19.00000    2.00000  89.5%   837 18732s
 508848 321146    5.00000   43  235   19.00000    2.00000  89.5%   838 18818s
 512648 323071    3.00000   33  260   19.00000    2.00000  89.5%   838 18903s
 515875 325883    2.01158   41  269   19.00000    2.00000  89.5%   838 18986s
 520390 327796    4.00000   57  197   19.00000    2.00000  89.5%   837 19063s
 523630 329393    5.00000   36  204   19.00000    2.00000  89.5%   838 19139s
 524532 329393 infeasible   57        19.00000    2.00000  89.5%   838 19140s
 526334 331973    4.00000   59  170   19.00000    2.00000  89.5%   838 19221s
 530709 333890    3.00000   38  230   19.00000    2.00000  89.5%   838 19303s
 533926 336449    2.00151   31  330   19.00000    2.00000  89.5%   839 19380s
 538253 338086 infeasible   53        19.00000    2.00000  89.5%   839 19456s
 540870 340815    2.03593   43  263   19.00000    2.00000  89.5%   840 19539s
 543022 340815    3.00000   34  187   19.00000    2.00000  89.5%   840 19540s
 545400 342669 infeasible   60        19.00000    2.00000  89.5%   840 19623s
 548500 345229    3.00000   47  199   19.00000    2.00000  89.5%   840 19754s
 550280 345229    3.00000   54  194   19.00000    2.00000  89.5%   841 19755s
 552875 347024    3.00000   38  296   19.00000    2.00000  89.5%   841 19833s
 556011 348921    3.00000   40  358   19.00000    2.00000  89.5%   841 19914s
 559368 351140    3.00000   41  244   19.00000    2.00000  89.5%   842 19993s
 563463 352934    3.00000   37  245   19.00000    2.00000  89.5%   842 20085s
 566365 355067    2.00000   25  193   19.00000    2.00000  89.5%   843 20165s
 570150 357030    3.00000   36  427   19.00000    2.00000  89.5%   843 20249s
 573452 359409    3.00000   47  164   19.00000    2.00000  89.5%   843 20340s
 577288 362066    5.00000   68  147   19.00000    2.00000  89.5%   844 20426s
 581584 364233    9.00000   44  209   19.00000    2.00000  89.5%   843 20512s
 585041 366715    3.00000   37  204   19.00000    2.00000  89.5%   843 20593s
 589228 368221    2.00286   50  264   19.00000    2.00000  89.5%   844 20669s
 591681 370934    4.00000   48  151   19.00000    2.00000  89.5%   845 20750s
 596176 372688    3.00000   50  219   19.00000    2.00000  89.5%   845 20829s
 599224 374282 infeasible   57        19.00000    2.00000  89.5%   845 20912s
 602031 376952    3.00000   38  346   19.00000    2.00000  89.5%   846 20992s
 606491 378415    2.00000   33  217   19.00000    2.00000  89.5%   846 21073s
H607425 378302                      18.0000000    2.00000  88.9%   846 21074s
 609047 380439    4.00000   34  221   18.00000    2.00000  88.9%   847 21161s
 612469 382303    4.00000   50  187   18.00000    2.00000  88.9%   847 21249s
 615517 384944    3.00000   37  324   18.00000    2.00000  88.9%   848 21332s
 619754 387246    3.00000   30  355   18.00000    2.00000  88.9%   848 21422s
 623537 389262    3.00000   33  242   18.00000    2.00000  88.9%   849 21515s
 627417 391684    3.00000   52  163   18.00000    2.00000  88.9%   849 21596s
 631494 393470    4.00000   56  201   18.00000    2.00000  88.9%   850 21680s
 634384 396011    5.00176   56  279   18.00000    2.00000  88.9%   850 21763s
 638677 398004    2.01115   31  318   18.00000    2.00000  88.9%   850 21848s
 642129 399836    3.00000   49  169   18.00000    2.00000  88.9%   850 21932s
 645173 401878    5.00000   82  136   18.00000    2.00000  88.9%   851 22025s
 648650 404637    3.00000   44  169   18.00000    2.00000  88.9%   851 22113s
 653147 406267 infeasible   53        18.00000    2.00000  88.9%   851 22198s
 655900 409165    3.00000   38  233   18.00000    2.00000  88.9%   852 22284s
 656756 409165    3.00000   31  207   18.00000    2.00000  88.9%   852 22285s
 660540 410972    3.00000   37  240   18.00000    2.00000  88.9%   852 22366s
 663813 413021    2.00000   33  219   18.00000    2.00000  88.9%   853 22450s
 667228 414844    2.00000   37  187   18.00000    2.00000  88.9%   853 22530s
 670437 416440    4.00000   48  193   18.00000    2.00000  88.9%   854 22622s
 673097 418987    2.00395   33  294   18.00000    2.00000  88.9%   855 22712s
 677479 421034    3.00000   31  407   18.00000    2.00000  88.9%   855 22811s
 680975 423062    2.00000   28  217   18.00000    2.00000  88.9%   856 22918s
 684380 425735    4.00000   44  226   18.00000    2.00000  88.9%   856 23005s
 688901 427220    2.00000   35  184   18.00000    2.00000  88.9%   856 23091s
 691521 429161    3.00000   55  196   18.00000    2.00000  88.9%   857 23185s
 694965 431952    3.00000   43  190   18.00000    2.00000  88.9%   858 23279s
 699787 433761 infeasible   47        18.00000    2.00000  88.9%   858 23373s
 702927 435389 infeasible   38        18.00000    2.00000  88.9%   859 23466s
 705817 437762    2.00000   28  221   18.00000    2.00000  88.9%   860 23553s
 710081 439847    5.00000   57  107   18.00000    2.00000  88.9%   861 23640s
 713413 442221    2.00000   30  209   18.00000    2.00000  88.9%   861 23731s
 717284 444357    3.00000   33  343   18.00000    2.00000  88.9%   862 23822s
 720938 446915    5.00000   50  191   18.00000    2.00000  88.9%   862 23911s
 725369 448621    2.00000   40  172   18.00000    2.00000  88.9%   862 23996s
 728191 450882    5.00000   86  133   18.00000    2.00000  88.9%   863 24086s
 732070 452927    2.01654   34  309   18.00000    2.00000  88.9%   863 24179s
 735440 454751    3.00000   27  240   18.00000    2.00000  88.9%   864 24272s
 738616 457267    3.00000   43  196   18.00000    2.00000  88.9%   864 24368s
 743015 460066    5.00000   33  227   18.00000    2.00000  88.9%   864 24453s
 747461 461849    5.00000   53  152   18.00000    2.00000  88.9%   864 24536s
 750600 463791    3.00000   33  510   18.00000    2.00000  88.9%   865 24625s
 753850 465899    3.00000   35  507   18.00000    2.00000  88.9%   865 24715s
 757484 468264    5.00000   50  185   18.00000    2.00000  88.9%   866 24807s
 761637 469797    5.00000   52  172   18.00000    2.00000  88.9%   866 24891s
 764280 472014    4.00000   69  171   18.00000    2.00000  88.9%   867 24977s
 768359 474048    5.00000   64  133   18.00000    2.00000  88.9%   868 25071s
 771702 476258    2.02592   35  250   18.00000    2.00000  88.9%   868 25168s
 775230 478867    3.00000   44  223   18.00000    2.00000  88.9%   868 25256s
 779662 480557    2.01641   49  254   18.00000    2.00000  88.9%   868 25339s
 782417 482550    3.00000   42  205   18.00000    2.00000  88.9%   869 25430s
 785839 484568    2.00000   34  210   18.00000    2.00000  88.9%   869 25527s
 789361 487508    2.00000   38  198   18.00000    2.00000  88.9%   870 25620s
 793878 488912    3.00000   31  392   18.00000    2.00000  88.9%   870 25708s
 796583 490878    3.00000   55  204   18.00000    2.00000  88.9%   871 25813s
 799942 493653    3.00000   44  155   18.00000    2.00000  88.9%   871 25906s
 804363 495477    3.00000   32  280   18.00000    2.00000  88.9%   871 26002s
 807614 497339    6.00000   61  157   18.00000    2.00000  88.9%   872 26091s
 810579 499860    4.00000   59  197   18.00000    2.00000  88.9%   872 26184s
 811105 499860    3.00000   34  228   18.00000    2.00000  88.9%   872 26185s
 814746 502195    2.00000   37  193   18.00000    2.00000  88.9%   873 26282s
 818730 504766    3.00000   37  223   18.00000    2.00000  88.9%   873 26370s
 823061 506599    2.00965   44  274   18.00000    2.00000  88.9%   873 26464s
 826158 508886    3.00000   34  236   18.00000    2.00000  88.9%   874 26565s
 829840 511348    2.00000   42  158   18.00000    2.00000  88.9%   874 26650s
 833883 512808 infeasible   58        18.00000    2.00000  88.9%   874 26737s
 836436 515206    3.00000   40  192   18.00000    2.00000  88.9%   875 26828s
 840610 517154    3.00000   33  249   18.00000    2.00000  88.9%   875 26921s
 843918 519355    3.00000   29  277   18.00000    2.00000  88.9%   876 27018s
 847956 521608    3.00000   37  180   18.00000    2.00000  88.9%   876 27106s
 851709 523331    2.00000   27  236   18.00000    2.00000  88.9%   876 27193s
 854601 525890    5.00000   60  193   18.00000    2.00000  88.9%   876 27282s
 858706 527870    3.00000   32  208   18.00000    2.00000  88.9%   877 27380s
 862456 529656    3.00000   45  247   18.00000    2.00000  88.9%   877 27473s
 866075 531994    3.00000   41  261   18.00000    2.00000  88.9%   877 27569s
 869800 534072    3.00000   34  236   18.00000    2.00000  88.9%   877 27659s
 873306 536771    3.00000   34  226   18.00000    2.00000  88.9%   878 27744s
 877792 538064    3.00000   32  322   18.00000    2.00000  88.9%   878 27824s
 880210 540773 infeasible   39        18.00000    2.00000  88.9%   879 27911s
 884689 542751    3.00000   35  314   18.00000    2.00000  88.9%   879 28000s
 888065 544699    3.00000   48  164   18.00000    2.00000  88.9%   880 28098s
 891336 546391    2.00000   34  195   18.00000    2.00000  88.9%   880 28193s
 894272 549375    3.00000   47  184   18.00000    2.00000  88.9%   880 28284s
 894818 549375    3.53737   56  194   18.00000    2.00000  88.9%   880 28285s
 898994 551191 infeasible   47        18.00000    2.00000  88.9%   880 28374s
 902004 553844    3.00000   34  242   18.00000    2.00000  88.9%   880 28474s
 902642 553844    4.00000   53  180   18.00000    2.00000  88.9%   881 28475s
 906163 556753    3.00000   46  200   18.00000    2.00000  88.9%   881 28561s
 911089 558458    2.00699   29  298   18.00000    2.00000  88.9%   880 28649s
 912772 558458 infeasible   58        18.00000    2.00000  88.9%   881 28650s
 913950 560410    5.00000   40  225   18.00000    2.00000  88.9%   881 28730s
 917567 561906    2.00000   39  177   18.00000    2.00000  88.9%   882 28800s

Cutting planes:
  Learned: 132
  Gomory: 30
  Lift-and-project: 53
  Implied bound: 89
  Clique: 14
  MIR: 389
  Flow cover: 3095
  Inf proof: 12
  Zero half: 31
  RLT: 600
  Relax-and-lift: 10

Explored 919997 nodes (811708919 simplex iterations) in 28800.50 seconds (11115.23 work units)
Thread count was 24 (of 24 available processors)

Solution count 10: 18 19 20 ... 31

Time limit reached
Best objective 1.800000000000e+01, best bound 2.000000000000e+00, gap 88.8889%
