
Gurobi 10.0.1 (linux64) logging started Mon Jul 10 06:44:22 2023

Set parameter LogFile to value "Class1_Instance-1_0.5.log"
Gurobi Optimizer version 10.0.1 build v10.0.1rc0 (linux64)

CPU model: AMD Opteron(tm) Processor 6174, instruction set [SSE2]
Thread count: 24 physical cores, 24 logical processors, using up to 24 threads

Optimize a model with 30176 rows, 16845 columns and 93413 nonzeros
Model fingerprint: 0x66615a7e
Model has 9535 quadratic constraints
Variable types: 5462 continuous, 11383 integer (11340 binary)
Coefficient statistics:
  Matrix range     [1e+00, 1e+04]
  QMatrix range    [1e+00, 1e+00]
  QLMatrix range   [1e+00, 2e+01]
  Objective range  [1e+00, 1e+00]
  Bounds range     [1e+00, 1e+00]
  RHS range        [1e+00, 1e+04]
Presolve removed 11431 rows and 3657 columns
Presolve time: 0.79s
Presolved: 24206 rows, 14952 columns, 89243 nonzeros
Presolved model has 4746 quadratic constraint(s)
Presolved model has 1806 bilinear constraint(s)
Variable types: 5335 continuous, 9617 integer (9574 binary)

Root relaxation: objective 1.000000e+00, 2011 iterations, 0.18 seconds (0.05 work units)

    Nodes    |    Current Node    |     Objective Bounds      |     Work
 Expl Unexpl |  Obj  Depth IntInf | Incumbent    BestBd   Gap | It/Node Time

     0     0    1.00000    0   43          -    1.00000      -     -    1s
     0     0    2.00000    0  191          -    2.00000      -     -    9s
     0     0    2.00000    0  182          -    2.00000      -     -    9s
     0     0    2.00000    0  199          -    2.00000      -     -   10s
     0     0    2.00000    0  195          -    2.00000      -     -   11s
     0     0    2.00000    0   43          -    2.00000      -     -   12s
     0     0    2.00000    0   64          -    2.00000      -     -   12s
     0     0    2.00000    0   50          -    2.00000      -     -   15s
     0     0    2.00000    0  139          -    2.00000      -     -   16s
     0     0    2.00000    0   44          -    2.00000      -     -   18s
     0     0    2.00000    0  126          -    2.00000      -     -   19s
     0     0    2.00000    0   44          -    2.00000      -     -   21s
     0     0    2.00000    0  118          -    2.00000      -     -   22s
     0     0    2.00000    0   42          -    2.00000      -     -   25s
     0     0    2.00000    0   44          -    2.00000      -     -   26s
     0     0    2.00000    0   43          -    2.00000      -     -   28s
     0     0    2.00000    0   47          -    2.00000      -     -   31s
     0     0    2.00000    0   56          -    2.00000      -     -   36s
     0     0    2.00000    0   61          -    2.00000      -     -   42s
     0     0    2.00000    0  100          -    2.00000      -     -   45s
     0     0    2.00000    0   76          -    2.00000      -     -   50s
     0     0    2.00000    0   51          -    2.00000      -     -   55s
     0     0    2.00000    0   94          -    2.00000      -     -   61s
     0     0    2.00000    0  100          -    2.00000      -     -   65s
     0     0    2.00000    0   77          -    2.00000      -     -   68s
     0     0    2.00000    0   78          -    2.00000      -     -   71s
     0     0    2.00000    0   74          -    2.00000      -     -   74s
     0     0    2.00000    0  112          -    2.00000      -     -   78s
     0     0    2.00000    0   76          -    2.00000      -     -   84s
     0     0    2.00000    0   74          -    2.00000      -     -   88s
     0     0    2.00000    0   48          -    2.00000      -     -   92s
     0     0    2.00000    0   54          -    2.00000      -     -   94s
     0     0    2.00000    0   90          -    2.00000      -     -   98s
     0     0    2.00000    0   44          -    2.00000      -     -  101s
     0     0    2.00000    0   75          -    2.00000      -     -  104s
     0     0    2.00000    0   62          -    2.00000      -     -  107s
     0     0    2.00000    0   54          -    2.00000      -     -  112s
     0     0    2.00000    0   58          -    2.00000      -     -  114s
     0     0    2.00000    0   76          -    2.00000      -     -  117s
     0     0    2.00000    0   70          -    2.00000      -     -  121s
     0     0    2.00000    0   43          -    2.00000      -     -  123s
     0     0    2.00000    0   77          -    2.00000      -     -  125s
     0     0    2.00000    0   71          -    2.00000      -     -  128s
     0     0    2.00000    0   44          -    2.00000      -     -  130s
     0     0    2.00000    0   57          -    2.00000      -     -  135s
     0     0    2.00000    0   45          -    2.00000      -     -  140s
     0     0    2.00000    0   43          -    2.00000      -     -  141s
     0     0    2.00000    0   44          -    2.00000      -     -  141s
     0     0    2.00000    0   46          -    2.00000      -     -  142s
     0     0    2.00000    0   56          -    2.00000      -     -  143s
     0     0    2.00000    0   67          -    2.00000      -     -  144s
     0     0    2.00000    0   69          -    2.00000      -     -  145s
     0     0    2.00000    0   54          -    2.00000      -     -  147s
     0     0    2.00000    0   71          -    2.00000      -     -  148s
     0     0    2.00000    0   68          -    2.00000      -     -  149s
     0     0    2.00000    0   62          -    2.00000      -     -  150s
     0     0    2.00000    0   71          -    2.00000      -     -  152s
     0     0    2.00000    0   48          -    2.00000      -     -  155s
     0     0    2.00000    0   78          -    2.00000      -     -  156s
     0     0    2.00000    0   67          -    2.00000      -     -  158s
     0     0    2.00000    0   80          -    2.00000      -     -  160s
     0     0    2.00000    0   75          -    2.00000      -     -  162s
     0     0    2.00000    0   52          -    2.00000      -     -  163s
     0     0    2.00000    0   77          -    2.00000      -     -  165s
     0     0    2.00000    0   62          -    2.00000      -     -  167s
     0     0    2.00000    0   61          -    2.00000      -     -  169s
     0     0    2.00000    0   63          -    2.00000      -     -  171s
     0     0    2.00000    0   44          -    2.00000      -     -  171s
     0     0    2.00000    0   44          -    2.00000      -     -  173s
     0     0    2.00000    0   60          -    2.00000      -     -  175s
     0     0    2.00000    0   63          -    2.00000      -     -  176s
     0     0    2.00000    0   66          -    2.00000      -     -  177s
     0     0    2.00000    0   70          -    2.00000      -     -  179s
     0     0    2.00000    0   52          -    2.00000      -     -  182s
     0     0    2.00000    0   50          -    2.00000      -     -  185s
     0     0    2.00000    0   54          -    2.00000      -     -  188s
     0     0    2.00000    0   80          -    2.00000      -     -  189s
     0     0    2.00000    0   50          -    2.00000      -     -  192s
     0     0    2.00000    0   83          -    2.00000      -     -  193s
     0     0    2.00000    0   41          -    2.00000      -     -  193s
     0     0    2.00000    0   78          -    2.00000      -     -  194s
     0     0    2.00000    0   53          -    2.00000      -     -  196s
     0     0    2.00000    0   67          -    2.00000      -     -  197s
     0     0    2.00000    0   58          -    2.00000      -     -  199s
     0     0    2.00000    0   80          -    2.00000      -     -  200s
     0     0    2.00000    0   78          -    2.00000      -     -  201s
     0     0    2.00000    0   50          -    2.00000      -     -  204s
     0     0    2.00000    0   58          -    2.00000      -     -  207s
     0     0    2.00000    0   84          -    2.00000      -     -  208s
     0     0    2.00000    0   96          -    2.00000      -     -  210s
     0     0    2.00000    0   63          -    2.00000      -     -  212s
     0     0    2.00000    0   60          -    2.00000      -     -  214s
     0     0    2.00000    0   67          -    2.00000      -     -  217s
     0     0    2.00000    0   59          -    2.00000      -     -  219s
     0     0    2.00000    0   54          -    2.00000      -     -  221s
     0     0    2.00000    0   59          -    2.00000      -     -  222s
     0     0    2.00000    0   44          -    2.00000      -     -  223s
     0     0    2.00000    0   59          -    2.00000      -     -  224s
     0     0    2.00000    0   63          -    2.00000      -     -  227s
     0     0    2.00000    0   58          -    2.00000      -     -  230s
     0     0    2.00000    0   76          -    2.00000      -     -  233s
     0     0    2.00000    0   44          -    2.00000      -     -  235s
     0     0    2.00000    0   74          -    2.00000      -     -  239s
     0     0    2.00000    0   50          -    2.00000      -     -  241s
     0     0    2.00000    0   57          -    2.00000      -     -  243s
     0     0    2.00000    0   43          -    2.00000      -     -  245s
     0     0    2.00000    0   87          -    2.00000      -     -  248s
     0     2    2.00000    0   69          -    2.00000      -     -  251s
    15    32    2.00000    4  214          -    2.00000      -  1563  256s
    31    56    2.00000    5  205          -    2.00000      -  2344  260s
    79   104    2.00000    7  197          -    2.00000      -  2332  265s
   151   178    2.00000   10  167          -    2.00000      -  2043  274s
   177   230    2.00000   10  201          -    2.00000      -  2393  280s
   229   427    2.00000   11  177          -    2.00000      -  2935  287s
   426   676    2.00000   21  137          -    2.00000      -  2501  457s
H  663   676                      42.0000000    2.00000  95.2%  2240  457s
   733  2407    2.02748   33 1014   42.00000    2.00000  95.2%  2127  512s
H 1746  2407                      41.0000000    2.00000  95.1%  1174  512s
  3268  2406    2.00000   49   44   41.00000    2.00000  95.1%   806  591s
  3270  2407    2.00000   16   76   41.00000    2.00000  95.1%   806  619s
  3271  2408    2.00000   14  165   41.00000    2.00000  95.1%   805  621s
  3273  2409    2.00000   14   70   41.00000    2.00000  95.1%   805  637s
  3274  2410    3.00000   53  212   41.00000    2.00000  95.1%   805  644s
  3275  2411    2.00007   34  120   41.00000    2.00000  95.1%   804  655s
  3277  2412    2.00000   19  184   41.00000    2.00000  95.1%   804  661s
  3279  2413    5.00000   40   81   41.00000    2.00000  95.1%   803  666s
  3281  2415    2.00000   16  101   41.00000    2.00000  95.1%   803  676s
  3283  2416    2.00000   12  100   41.00000    2.00000  95.1%   802  686s
  3285  2417    4.00000   39  113   41.00000    2.00000  95.1%   802  696s
  3287  2419    3.00000   43  113   41.00000    2.00000  95.1%   801  704s
  3288  2419    3.00000   36  200   41.00000    2.00000  95.1%   801  706s
  3289  2420    3.00000   23   90   41.00000    2.00000  95.1%   801  711s
  3290  2421    2.00000   21  115   41.00000    2.00000  95.1%   801  719s
  3291  2421    2.00000   37   93   41.00000    2.00000  95.1%   800  723s
  3292  2422    3.00000   24   66   41.00000    2.00000  95.1%   800  730s
  3294  2423    2.00000   25   59   41.00000    2.00000  95.1%   800  738s
  3295  2424    2.00000   14   84   41.00000    2.00000  95.1%   800  744s
  3296  2425    2.00000   19   72   41.00000    2.00000  95.1%   799  749s
  3297  2425    3.00000   50  112   41.00000    2.00000  95.1%   799  755s
  3298  2426    2.00000   27   87   41.00000    2.00000  95.1%   799  762s
  3299  2427    2.00000   22  133   41.00000    2.00000  95.1%   799  768s
  3300  2427    2.00000   52   96   41.00000    2.00000  95.1%   798  772s
  3301  2428    2.00000    7   97   41.00000    2.00000  95.1%   798  778s
  3302  2429    2.00000    7  129   41.00000    2.00000  95.1%   798  785s
  3303  2429    2.00000    6   76   41.00000    2.00000  95.1%   798  791s
  3304  2430    2.00000   32  101   41.00000    2.00000  95.1%   797  798s
  3305  2431    3.00000   50   81   41.00000    2.00000  95.1%   797  803s
  3306  2431    3.00000   41   69   41.00000    2.00000  95.1%   797  807s
  3307  2432    3.00000   39   90   41.00000    2.00000  95.1%   797  812s
  3308  2433    8.00000   76   49   41.00000    2.00000  95.1%   796  817s
  3309  2433    2.00000   23  147   41.00000    2.00000  95.1%   796  820s
  3310  2434    2.00000   12  114   41.00000    2.00000  95.1%   796  827s
  3311  2435    3.00000   29   68   41.00000    2.00000  95.1%   796  834s
  3312  2435    2.00000   16   89   41.00000    2.00000  95.1%   795  841s
  3313  2436   18.00000   37   62   41.00000    2.00000  95.1%   795  846s
H 3314  2316                      40.0000000    2.00000  95.0%   934  849s
  3315  2317    2.00000   12  238   40.00000    2.00000  95.0%   936  851s
  3329  2341    2.00000   15  203   40.00000    2.00000  95.0%   938  858s
  3345  2359    2.00000   16  199   40.00000    2.00000  95.0%   944  863s
  3369  2375    2.00000   17  214   40.00000    2.00000  95.0%   946  867s
  3393  2391    2.00000   17  217   40.00000    2.00000  95.0%   952  870s
  3441  2423    2.00000   18  166   40.00000    2.00000  95.0%   960  893s
H 3443  2306                      37.0000000    2.00000  94.6%   959  893s
H 3445  2195                      34.0000000    2.00000  94.1%   961  893s
  3465  2212    2.00000   19  250   34.00000    2.00000  94.1%   967  904s
  3489  2235    2.00000   19  199   34.00000    2.00000  94.1%  1036  907s
  3520  2272    2.00000   20  247   34.00000    2.00000  94.1%  1034  914s
  3567  2375    2.00000   20  194   34.00000    2.00000  94.1%  1047  933s
  3688  2589    2.00000   21  107   34.00000    2.00000  94.1%  1119 1000s
  3979  3032    2.00000   26  158   34.00000    2.00000  94.1%  1153 1051s
  4650  3425    2.00000   32  125   34.00000    2.00000  94.1%  1135 1113s
  5480  4021    2.05788   37  278   34.00000    2.00000  94.1%  1096 1185s
  6567  4594    3.00000   45  160   34.00000    2.00000  94.1%  1031 1246s
  7968  5262    6.00000  106  105   34.00000    2.00000  94.1%   967 1298s
  9621  5597    3.00000   55  161   34.00000    2.00000  94.1%   908 1345s
 10885  6836    3.00000   30  268   34.00000    2.00000  94.1%   895 1399s
 12743  7865    5.00000   66  142   34.00000    2.00000  94.1%   862 1450s
 14104  9742    5.00000   57  147   34.00000    2.00000  94.1%   858 1514s
 16488 11091    2.00000   34  189   34.00000    2.00000  94.1%   816 1567s
 18587 11596    3.00000   34  222   34.00000    2.00000  94.1%   810 1645s
H18736 11596                      30.0000000    2.00000  93.3%   808 1645s
H19113 11596                      29.0000000    2.00000  93.1%   818 1645s
 19512 12477 infeasible   53        29.00000    2.00000  93.1%   825 1707s
 21036 13385 infeasible   39        29.00000    2.00000  93.1%   830 1770s
 22494 14431    2.00010   35  245   29.00000    2.00000  93.1%   842 1840s
 24183 16327    2.00000   25  228   29.00000    2.00000  93.1%   850 1909s
 25146 16327    3.00000   45  164   29.00000    2.00000  93.1%   843 1910s
 26997 18127    4.00000   58  191   29.00000    2.00000  93.1%   829 1990s
 29580 19410    3.00000   36  221   29.00000    2.00000  93.1%   814 2077s
 31482 21584    4.00000   49  269   29.00000    2.00000  93.1%   817 2158s
 34984 23272 infeasible   56        29.00000    2.00000  93.1%   795 2234s
 37275 24460    3.32746   51  160   29.00000    2.00000  93.1%   790 2315s
 39077 27288    4.00000   62  189   29.00000    2.00000  93.1%   799 2410s
 43136 28843    3.00000   45  184   29.00000    2.00000  93.1%   778 2507s
 45480 30178    3.00000   26  250   29.00000    2.00000  93.1%   781 2591s
 47532 32916    4.00000   58  194   29.00000    2.00000  93.1%   787 2678s
 51300 34560    3.05926   48  201   29.00000    2.00000  93.1%   777 2783s
*52092 34078             397      22.0000000    2.00000  90.9%   775 2783s
 53848 35885 infeasible   63        22.00000    2.00000  90.9%   777 2877s
 56791 38617 infeasible   52        22.00000    2.00000  90.9%   779 2976s
 61022 40597    7.00000  130  109   22.00000    2.00000  90.9%   772 3075s
 64105 42774    2.06445   32  283   22.00000    2.00000  90.9%   770 3183s
 67628 45770    2.00000   33  186   22.00000    2.00000  90.9%   768 3277s
 72314 48013    3.00000   32  192   22.00000    2.00000  90.9%   759 3379s
 75152 48013    8.00000   61  151   22.00000    2.00000  90.9%   756 3380s
 75732 49868    3.00000   35  247   22.00000    2.00000  90.9%   756 3487s
 78725 52718    6.00000   36  260   22.00000    2.00000  90.9%   756 3584s
 83087 55170    2.00000   31  180   22.00000    2.00000  90.9%   751 3694s
 86893 56923    3.00000   32  216   22.00000    2.00000  90.9%   746 3798s
 89623 60009    2.00000   32  196   22.00000    2.00000  90.9%   749 3894s
 94513 61922    3.00000   33  340   22.00000    2.00000  90.9%   740 3990s
 97587 63868 infeasible   64        22.00000    2.00000  90.9%   741 4093s
 100987 66451    2.00000   34  202   22.00000    2.00000  90.9%   739 4189s
 104973 68587    2.00178   36  301   22.00000    2.00000  90.9%   737 4293s
 108075 71712    2.00000   39  170   22.00000    2.00000  90.9%   736 4398s
 112684 74475    2.00077   36  292   22.00000    2.00000  90.9%   731 4512s
 116533 77326    3.00000   44  142   22.00000    2.00000  90.9%   725 4615s
 120724 79070 infeasible   61        22.00000    2.00000  90.9%   721 4707s
 123569 80733 infeasible   48        22.00000    2.00000  90.9%   722 4799s
 126242 83519    3.00000   39  277   22.00000    2.00000  90.9%   723 4894s
 130616 85794    8.00000   88  124   22.00000    2.00000  90.9%   720 4994s
H131510 85569                      20.0000000    2.00000  90.0%   719 4994s
 131709 85569    3.00000   48  198   20.00000    2.00000  90.0%   719 4995s
 133889 88301    3.00000   34  285   20.00000    2.00000  90.0%   719 5087s
 138171 90432    2.01216   33  268   20.00000    2.00000  90.0%   716 5192s
 141463 92659 infeasible   97        20.00000    2.00000  90.0%   716 5292s
 145225 96312    3.00000   42  200   20.00000    2.00000  90.0%   713 5389s
 150593 98163 infeasible   50        20.00000    2.00000  90.0%   705 5479s
 153298 100930    3.00000   45  209   20.00000    2.00000  90.0%   704 5560s
 157558 102431    2.04329   33  294   20.00000    2.00000  90.0%   700 5647s
 160494 104361 infeasible   55        20.00000    2.00000  90.0%   700 5738s
 163597 105951    2.00160   33  277   20.00000    2.00000  90.0%   700 5831s
 166224 108853    3.00000   34  279   20.00000    2.00000  90.0%   701 5925s
 170942 110451 infeasible   56        20.00000    2.00000  90.0%   697 6021s
 174083 112567    3.00000   44  162   20.00000    2.00000  90.0%   698 6118s
 177580 114577    4.00000   54  192   20.00000    2.00000  90.0%   697 6222s
 181283 116336    3.00000   39  403   20.00000    2.00000  90.0%   695 6320s
 184289 119252    4.00000   57  199   20.00000    2.00000  90.0%   695 6409s
 189305 121539    8.00000   39  254   20.00000    2.00000  90.0%   690 6504s
 192892 123539    3.46909   52  174   20.00000    2.00000  90.0%   689 6599s
 193636 123539    3.07803   41  221   20.00000    2.00000  90.0%   688 6600s
 196217 125974    3.00000   45  232   20.00000    2.00000  90.0%   688 6694s
 200051 129421    4.00000   36  183   20.00000    2.00000  90.0%   686 6779s
H203204 129190                      19.0000000    2.00000  89.5%   682 6780s
 205192 130755 infeasible   55        19.00000    2.00000  89.5%   680 6859s
 207710 134289    3.00000   35  250   19.00000    2.00000  89.5%   680 6941s
 212988 136139    3.00000   39  262   19.00000    2.00000  89.5%   675 7016s
 215996 138133    3.00000   35  264   19.00000    2.00000  89.5%   674 7100s
 219104 140030    3.10397   37  231   19.00000    2.00000  89.5%   673 7183s
 222390 142855    3.00000   40  260   19.00000    2.00000  89.5%   672 7263s
 226962 144388    2.00000   32  189   19.00000    2.00000  89.5%   669 7344s
 227395 144388    4.00000   43  213   19.00000    2.00000  89.5%   669 7345s
 229758 146355    2.03190   31  298   19.00000    2.00000  89.5%   669 7426s
 232678 149397    4.00000   52  183   19.00000    2.00000  89.5%   668 7507s
H235601 146223                      16.0000000    2.00000  87.5%   666 7508s
 237474 148008    2.01926   35  287   16.00000    2.00000  87.5%   665 7590s
 240564 149955    2.00192   35  256   16.00000    2.00000  87.5%   664 7678s
 243785 153309    2.01938   37  272   16.00000    2.00000  87.5%   664 7757s
 248826 155107    2.00867   33  297   16.00000    2.00000  87.5%   661 7840s
 251910 157182    3.05163   55  196   16.00000    2.00000  87.5%   660 7926s
 254886 160466 infeasible   55        16.00000    2.00000  87.5%   659 8004s
 256288 160466    3.00000   39  305   16.00000    2.00000  87.5%   658 8005s
 259948 162824    2.00000   34  205   16.00000    2.00000  87.5%   655 8088s
 263594 165366    3.00000   40  204   16.00000    2.00000  87.5%   653 8161s
 267524 167031 infeasible   60        16.00000    2.00000  87.5%   651 8236s
 270253 169426    2.00124   40  287   16.00000    2.00000  87.5%   651 8320s
 273826 172796    3.00000   36  245   16.00000    2.00000  87.5%   649 8395s
 279081 174408    3.00000   30  227   16.00000    2.00000  87.5%   645 8621s
 281777 176403    3.00000   46  193   16.00000    2.00000  87.5%   644 8707s
 285152 178056    2.00000   32  217   16.00000    2.00000  87.5%   643 8786s
 287816 181055    4.00000   51  191   16.00000    2.00000  87.5%   643 8875s
 292695 183009    3.00000   37  258   16.00000    2.00000  87.5%   641 8956s
 295895 185924    3.00000   46  189   16.00000    2.00000  87.5%   640 9035s
 300534 187581    3.00000   42  235   16.00000    2.00000  87.5%   638 9121s
 303335 189888    3.00000   40  248   16.00000    2.00000  87.5%   638 9203s
 306757 191701    4.00000   44  220   16.00000    2.00000  87.5%   638 9283s
 309649 194326    3.00000   52  188   16.00000    2.00000  87.5%   637 9361s
 314209 196393    4.04386   54  235   16.00000    2.00000  87.5%   636 9444s
H317078 196118                      15.0000000    2.00000  86.7%   635 9445s
 317404 199617    3.00000   41  270   15.00000    2.00000  86.7%   635 9529s
 321079 199641    6.00000   67  192   15.00000    2.00000  86.7%   632 9530s
 322582 201393    6.00000   46  165   15.00000    2.00000  86.7%   632 9610s
 325376 203413    2.10955   33  286   15.00000    2.00000  86.7%   632 9698s
 328745 205527    2.00899   33  308   15.00000    2.00000  86.7%   631 9791s
*329284 204946             261      14.0000000    2.00000  85.7%   631 9792s
 332141 208158    3.00000   44  180   14.00000    2.00000  85.7%   630 9871s
 337263 209714 infeasible  104        14.00000    2.00000  85.7%   627 9945s
 339797 212359    2.00213   38  300   14.00000    2.00000  85.7%   627 10016s
 344089 214371    5.00000   69  128   14.00000    2.00000  85.7%   625 10094s
 347275 216202    3.00346   54  248   14.00000    2.00000  85.7%   624 10172s
 350261 218753    3.00000   42  280   14.00000    2.00000  85.7%   624 10255s
 354586 220577    3.00000   46  256   14.00000    2.00000  85.7%   622 10335s
 357558 222790    3.00000   41  228   14.00000    2.00000  85.7%   622 10418s
 360993 224746    5.00000   71  149   14.00000    2.00000  85.7%   621 10509s
 362515 224746    3.00000   46  216   14.00000    2.00000  85.7%   621 10510s
 364099 227612 infeasible   81        14.00000    2.00000  85.7%   621 10591s
 368898 229757    3.00000   40  257   14.00000    2.00000  85.7%   619 10677s
*371413 229129             223      13.0000000    2.00000  84.6%   618 10678s
 372372 231693    3.00000   39  264   13.00000    2.00000  84.6%   618 10754s
 376676 233654    3.00000   34  263   13.00000    2.00000  84.6%   617 10832s
 379656 235566    3.00000   35  286   13.00000    2.00000  84.6%   617 10914s
 382783 237288    3.00000   41  301   13.00000    2.00000  84.6%   616 10996s
 385502 240218 infeasible   49        13.00000    2.00000  84.6%   616 11081s
 390384 242818    3.00000   34  379   13.00000    2.00000  84.6%   614 11158s
 394445 244367 infeasible   62        13.00000    2.00000  84.6%   613 11249s
 397100 246592    6.00000   66  158   13.00000    2.00000  84.6%   613 11334s
 400712 248644    3.00000   50  247   13.00000    2.00000  84.6%   612 11414s
 402421 248644    2.00000   32  205   13.00000    2.00000  84.6%   611 11415s
 404093 250922    3.00000   37  265   13.00000    2.00000  84.6%   612 11502s
 407926 253079    3.00000   35  295   13.00000    2.00000  84.6%   611 11587s
 411571 256062    3.00000   47  230   13.00000    2.00000  84.6%   610 11666s
 416613 258080    5.00000   59  205   13.00000    2.00000  84.6%   608 11908s
 419820 259906    3.00000   39  220   13.00000    2.00000  84.6%   608 11992s
 423112 261859    3.00000   43  169   13.00000    2.00000  84.6%   607 12077s
 426479 263814    3.00000   40  248   13.00000    2.00000  84.6%   608 12168s
 429769 266397    3.00000   45  197   13.00000    2.00000  84.6%   608 12249s
 434090 268478    2.00000   32  213   13.00000    2.00000  84.6%   607 12342s
 437589 270490    2.00000   45  183   13.00000    2.00000  84.6%   607 12429s
 439008 270490    2.01278   42  277   13.00000    2.00000  84.6%   607 12430s
 441035 272421    3.33008   58  188   13.00000    2.00000  84.6%   607 12516s
 444382 275066    2.09894   37  284   13.00000    2.00000  84.6%   607 12596s
 448940 277085    3.00000   44  261   13.00000    2.00000  84.6%   606 12681s
 452375 279278    3.00000   45  171   13.00000    2.00000  84.6%   606 12766s
 455910 281325    5.01583   65  181   13.00000    2.00000  84.6%   605 12866s
*457075 279031             183      11.0000000    2.00000  81.8%   605 12867s
 459273 281906    5.00000   73  132   11.00000    2.00000  81.8%   605 12949s
 464198 283770    3.00000   35  235   11.00000    2.00000  81.8%   603 13029s
 467414 285731    3.00000   42  240   11.00000    2.00000  81.8%   603 13110s
*468286 276093             136       9.0000000    2.00000  77.8%   603 13110s
 470583 278158    3.00000   37  378    9.00000    2.00000  77.8%   603 13197s
 474296 280095    3.02857   57  266    9.00000    2.00000  77.8%   602 13280s
 477543 282628    6.00000   72  138    9.00000    2.00000  77.8%   602 13355s
 481729 284418    3.00000   35  289    9.00000    2.00000  77.8%   602 13436s
 484740 286504    3.00000   45  248    9.00000    2.00000  77.8%   602 13518s
 488148 288727    3.00000   37  304    9.00000    2.00000  77.8%   602 13608s
 491919 290851    4.00000   53  166    9.00000    2.00000  77.8%   601 13696s
 495571 292898    3.00000   44  178    9.00000    2.00000  77.8%   601 13783s
 498982 295287    3.00000   37  169    9.00000    2.00000  77.8%   601 13860s
 503155 297159    3.00000   36  281    9.00000    2.00000  77.8%   600 13943s
 506324 299386 infeasible   47         9.00000    2.00000  77.8%   600 14034s
 509977 300804    3.00000   36  260    9.00000    2.00000  77.8%   600 14129s
 512466 302726    4.00000   59  211    9.00000    2.00000  77.8%   600 14221s
 515835 305018    4.00000   45  231    9.00000    2.00000  77.8%   601 14317s
 519695 307163    2.07675   40  297    9.00000    2.00000  77.8%   601 14407s
 523602 309208 infeasible   65         9.00000    2.00000  77.8%   600 14500s
 527221 311463    3.00000   36  266    9.00000    2.00000  77.8%   600 14592s
 531108 314414    2.03527   36  269    9.00000    2.00000  77.8%   600 14677s
 535940 316308    3.00000   36  251    9.00000    2.00000  77.8%   599 14760s
 539439 318107    3.00000   41  244    9.00000    2.00000  77.8%   599 14843s
 542632 319862 infeasible   48         9.00000    2.00000  77.8%   599 14930s
 545753 321704    3.00000   49  193    9.00000    2.00000  77.8%   599 15016s
 548976 323791    5.00000   42  231    9.00000    2.00000  77.8%   599 15106s
 552680 326316    5.00000   34  271    9.00000    2.00000  77.8%   599 15183s
 557113 328292    3.00000   44  200    9.00000    2.00000  77.8%   599 15266s
 560425 330105    4.19462   68  226    9.00000    2.00000  77.8%   599 15360s
 563707 331856 infeasible   48         9.00000    2.00000  77.8%   599 15446s
 566796 333921    4.00000   52  177    9.00000    2.00000  77.8%   599 15538s
 570267 335855    2.00000   32  178    9.00000    2.00000  77.8%   599 15631s
 573691 337558    4.00000   68  180    9.00000    2.00000  77.8%   600 15736s
 576631 339523    2.00591   33  302    9.00000    2.00000  77.8%   600 15835s
 580355 341559 infeasible   58         9.00000    2.00000  77.8%   600 15940s
 584071 343784    3.00000   38  245    9.00000    2.00000  77.8%   601 16039s
 585098 343784    3.00000   42  252    9.00000    2.00000  77.8%   601 16040s
 588331 345881    3.00000   33  253    9.00000    2.00000  77.8%   600 16130s
 591985 347766    3.00000   32  264    9.00000    2.00000  77.8%   600 16225s
 595271 349963 infeasible   76         9.00000    2.00000  77.8%   601 16323s
 599092 352206 infeasible   55         9.00000    2.00000  77.8%   601 16423s
 602925 354123 infeasible   62         9.00000    2.00000  77.8%   601 16511s
 606263 356340    4.00000   49  173    9.00000    2.00000  77.8%   601 16594s
 608260 356340    2.00000   29  232    9.00000    2.00000  77.8%   601 16595s
 610045 357683    3.00000   42  208    9.00000    2.00000  77.8%   601 16697s
 612396 360110    4.00000   49  214    9.00000    2.00000  77.8%   602 16807s
 616624 362056    4.38464   56  178    9.00000    2.00000  77.8%   602 16906s
 620453 363977    4.00000   53  158    9.00000    2.00000  77.8%   602 17006s
 623818 365827    3.00000   35  265    9.00000    2.00000  77.8%   603 17099s
 626990 367852    3.00119   46  189    9.00000    2.00000  77.8%   603 17207s
 630445 369977    3.00000   33  254    9.00000    2.00000  77.8%   604 17307s
 634009 372623 infeasible   55         9.00000    2.00000  77.8%   604 17421s
 638841 374386    3.00000   45  177    9.00000    2.00000  77.8%   604 17519s
 641833 376470    5.00000   60  136    9.00000    2.00000  77.8%   605 17621s
 645364 378297    2.02955   39  273    9.00000    2.00000  77.8%   605 17727s
 649120 380373    5.00000   67  172    9.00000    2.00000  77.8%   605 17830s
 652816 382328 infeasible   43         9.00000    2.00000  77.8%   606 17930s
 656123 384224    3.00000   38  231    9.00000    2.00000  77.8%   606 18036s
 659557 386123    3.00000   37  272    9.00000    2.00000  77.8%   607 18133s
 663191 388057    2.00000   30  209    9.00000    2.00000  77.8%   607 18232s
 666559 389800    4.00394   48  213    9.00000    2.00000  77.8%   608 18335s
 669692 391838    3.00000   33  245    9.00000    2.00000  77.8%   608 18442s
 673258 393435    3.00000   35  241    9.00000    2.00000  77.8%   609 18556s
 676330 395667    4.00000   49  187    9.00000    2.00000  77.8%   609 18667s
 680450 397549    4.00000   58  216    9.00000    2.00000  77.8%   610 18774s
 680709 397549 infeasible   82         9.00000    2.00000  77.8%   610 18775s
 683975 399689    3.00000   39  233    9.00000    2.00000  77.8%   610 18881s
 687746 402148    3.00000   36  383    9.00000    2.00000  77.8%   611 18975s
 692210 403834 infeasible   56         9.00000    2.00000  77.8%   611 19079s
 692447 403834    3.00000   52  124    9.00000    2.00000  77.8%   611 19080s
 695351 405949 infeasible   40         9.00000    2.00000  77.8%   611 19179s
 698850 408071    2.00292   37  297    9.00000    2.00000  77.8%   612 19285s
 702410 410125    4.04303   60  225    9.00000    2.00000  77.8%   612 19391s
 705972 411707    3.00000   42  189    9.00000    2.00000  77.8%   613 19495s
 708983 413717    2.00000   29  214    9.00000    2.00000  77.8%   614 19604s
 711133 413717 infeasible   47         9.00000    2.00000  77.8%   614 19605s
 712541 415790    3.00000   35  207    9.00000    2.00000  77.8%   615 19720s
 716370 417732    3.20931   42  174    9.00000    2.00000  77.8%   615 19831s
 719918 419894    4.00000   46  209    9.00000    2.00000  77.8%   616 19940s
 723538 422240    3.00000   47  182    9.00000    2.00000  77.8%   616 20052s
 727412 424107    3.00000   39  251    9.00000    2.00000  77.8%   617 20163s
 730793 425908 infeasible   53         9.00000    2.00000  77.8%   617 20268s
 734081 427980    3.00000   37  259    9.00000    2.00000  77.8%   618 20381s
 737817 430890    2.03586   38  291    9.00000    2.00000  77.8%   618 20484s
 742295 430890    4.00000   47  245    9.00000    2.00000  77.8%   618 20485s
 742644 432963    2.01123   39  297    9.00000    2.00000  77.8%   619 20585s
 746203 435011    3.00000   57  144    9.00000    2.00000  77.8%   619 20690s
 749727 436532    2.00000   31  145    9.00000    2.00000  77.8%   619 20792s
 752418 438570    3.00000   46  222    9.00000    2.00000  77.8%   620 20907s
 756291 440778    3.00000   41  199    9.00000    2.00000  77.8%   621 21023s
 760155 442771    3.00000   36  269    9.00000    2.00000  77.8%   621 21133s
 763751 444804    4.23194   52  238    9.00000    2.00000  77.8%   621 21242s
 767414 446842    3.00000   38  250    9.00000    2.00000  77.8%   622 21346s
 770901 448788    2.00000   32  211    9.00000    2.00000  77.8%   622 21453s
 774307 450262    4.00000   50  155    9.00000    2.00000  77.8%   623 21568s
 777096 452245    3.00373   44  284    9.00000    2.00000  77.8%   624 21692s
 780754 454273    3.00000   54  121    9.00000    2.00000  77.8%   625 21804s
 784623 456352    3.00000   49  132    9.00000    2.00000  77.8%   625 21917s
*787482 437785             218       8.0000000    2.00000  75.0%   625 21919s
 788461 437638    4.00000   63   44    8.00000    2.00000  75.0%   625 21964s
 788463 437639    5.00000   52   87    8.00000    2.00000  75.0%   625 21966s
 788468 437643    3.00000   47   89    8.00000    2.00000  75.0%   625 21971s
 788472 437645    3.00000   38  130    8.00000    2.00000  75.0%   625 21976s
 788478 437649    3.00000   47  162    8.00000    2.00000  75.0%   625 21981s
 788484 437653    6.00000   69  119    8.00000    2.00000  75.0%   625 21987s
 788500 437681    2.00000   27  223    8.00000    2.00000  75.0%   625 21991s
H788519 415815                       7.0000000    2.00000  71.4%   625 21992s
 788564 415848    2.00000   29  229    7.00000    2.00000  71.4%   625 21995s
 788684 415964    2.00000   32  228    7.00000    2.00000  71.4%   625 22001s
 788744 416055    2.00000   33  237    7.00000    2.00000  71.4%   625 22005s
 788855 416219    2.00000   34  241    7.00000    2.00000  71.4%   625 22012s
 789085 416581    2.00000   35  233    7.00000    2.00000  71.4%   625 22022s
 789707 416633    2.00000   37  225    7.00000    2.00000  71.4%   625 22032s
 790055 416957    2.00000   38  233    7.00000    2.00000  71.4%   626 22045s
 790678 417472    2.00000   40  220    7.00000    2.00000  71.4%   626 22063s
 791645 417892    2.00000   42  214    7.00000    2.00000  71.4%   626 22081s
 792684 418657    2.00000   44  210    7.00000    2.00000  71.4%   626 22103s
 794211 419202    2.00997   46  293    7.00000    2.00000  71.4%   626 22126s
 795726 420881    3.00000   50  245    7.00000    2.00000  71.4%   626 22148s
 798993 421604    3.00000   60  159    7.00000    2.00000  71.4%   625 22170s
 801851 422622    4.00000   72  165    7.00000    2.00000  71.4%   625 22191s
 804754 423590    4.00000   70  158    7.00000    2.00000  71.4%   624 22215s
 807976 424126    4.00000   75  196    7.00000    2.00000  71.4%   623 22235s
 811030 424715    2.00000   52  146    7.00000    2.00000  71.4%   622 22254s
 813932 425482    3.00000   63  148    7.00000    2.00000  71.4%   622 22273s
 816865 425929    6.00000   75  125    7.00000    2.00000  71.4%   621 22291s
 819426 426388    3.00000   57  174    7.00000    2.00000  71.4%   620 22309s
 821651 427157    3.00000   42  223    7.00000    2.00000  71.4%   620 22329s
 824114 428567    2.00000   30  244    7.00000    2.00000  71.4%   620 22347s
 827552 429218    2.02273   65  121    7.00000    2.00000  71.4%   619 22369s
 830627 429898    6.00000  101  136    7.00000    2.00000  71.4%   618 22391s
 833879 431289 infeasible   94         7.00000    2.00000  71.4%   617 22412s
 838078 431473    3.00000   74  149    7.00000    2.00000  71.4%   616 22433s
 840846 433088 infeasible   93         7.00000    2.00000  71.4%   616 22452s
 844891 433333    2.00000   37  232    7.00000    2.00000  71.4%   615 22473s
 847517 434235    3.00000   61  178    7.00000    2.00000  71.4%   614 22495s
 850960 434732 infeasible   78         7.00000    2.00000  71.4%   614 22518s
 853782 436122    3.00000   60  197    7.00000    2.00000  71.4%   613 22544s
 855098 435684    3.00000   39  279    7.00000    2.00000  71.4%   613 22545s
 857563 437899    3.00000   59  157    7.00000    2.00000  71.4%   612 22568s
 862769 437444 infeasible   71         7.00000    2.00000  71.4%   611 22592s
 865609 438197 infeasible   80         7.00000    2.00000  71.4%   610 22617s
 869182 438982    3.00000   62  170    7.00000    2.00000  71.4%   610 22642s
 872723 439173    4.00000   76  117    7.00000    2.00000  71.4%   609 22665s
 875869 439869    3.00000   67  139    7.00000    2.00000  71.4%   608 22688s
 879537 439906    3.00000   64  185    7.00000    2.00000  71.4%   608 22713s
 882472 440142    2.00000   28  275    7.00000    2.00000  71.4%   607 22738s
 885310 440681    4.11315   70  190    7.00000    2.00000  71.4%   606 22767s
 888729 441174    2.00000   58  153    7.00000    2.00000  71.4%   606 22797s
 892664 441309    4.00000   71  134    7.00000    2.00000  71.4%   605 22824s
 896207 441578    5.00000   82  124    7.00000    2.00000  71.4%   604 22854s
 899548 442221    4.00000   71  146    7.00000    2.00000  71.4%   604 22882s
*900782 408983             109       5.0000000    2.00000  60.0%   603 22882s
*900867 369959             148       4.0000000    2.00000  50.0%   603 22883s
 903410 368093    3.00000   65   44    4.00000    2.00000  50.0%   603 22900s
 903417 368098    2.16646   67  157    4.00000    2.00000  50.0%   603 22905s
 903427 368104    3.00000   61  181    4.00000    2.00000  50.0%   603 22910s
 903434 368112    2.00000   35  230    4.00000    2.00000  50.0%   603 22915s
 903448 368135    2.00000   38  261    4.00000    2.00000  50.0%   603 22920s
 903512 368186    2.00000   40  247    4.00000    2.00000  50.0%   603 22925s
 903696 368369    2.00000   44  255    4.00000    2.00000  50.0%   603 22932s
 903798 368537    2.00000   45  255    4.00000    2.00000  50.0%   603 22937s
 904014 368930    2.00000   48  230    4.00000    2.00000  50.0%   603 22945s
 904669 369057    2.00000   53  240    4.00000    2.00000  50.0%   603 22954s
 905214 369330    2.00000   54  233    4.00000    2.00000  50.0%   602 22963s
 905871 369590    2.00444   57  361    4.00000    2.00000  50.0%   602 22974s
 906556 370008    3.00000   66  232    4.00000    2.00000  50.0%   602 22987s
 907558 370291    3.00000   64  218    4.00000    2.00000  50.0%   602 23000s
 908555 370601 infeasible   80         4.00000    2.00000  50.0%   601 23014s
 909793 371290    2.01423   62  335    4.00000    2.00000  50.0%   601 23030s
 911550 372003    3.00000   66  218    4.00000    2.00000  50.0%   600 23048s
 913520 372672    3.00000   57  257    4.00000    2.00000  50.0%   599 23066s
 915464 373251    2.00587   55  358    4.00000    2.00000  50.0%   599 23095s
 917222 373846    3.00000   59  233    4.00000    2.00000  50.0%   598 23123s
 919031 374999    3.00000   75  205    4.00000    2.00000  50.0%   597 23137s
 922081 375746 infeasible   77         4.00000    2.00000  50.0%   596 23152s
 924777 376912 infeasible   78         4.00000    2.00000  50.0%   595 23165s
 927902 377793    3.00000   53  249    4.00000    2.00000  50.0%   594 23178s
 930778 378206    2.00311   58  293    4.00000    2.00000  50.0%   593 23192s
 933080 379414    3.00000   80  191    4.00000    2.00000  50.0%   592 23206s
 935991 380049    3.00000   73  182    4.00000    2.00000  50.0%   591 23220s
 938545 380652    3.00000   56  252    4.00000    2.00000  50.0%   590 23236s
 940946 381686    3.00000   69  203    4.00000    2.00000  50.0%   589 23251s
 943963 382690    2.00000   54  238    4.00000    2.00000  50.0%   588 23267s
 947283 383878    3.00000   57  260    4.00000    2.00000  50.0%   587 23283s
 950832 385207    3.00000   51  246    4.00000    2.00000  50.0%   586 23300s
 954620 385809    3.00000   89  179    4.00000    2.00000  50.0%   585 23316s
 957653 386756 infeasible   82         4.00000    2.00000  50.0%   584 23334s
 960976 387960    3.00000   54  272    4.00000    2.00000  50.0%   583 23353s
 964517 389413    3.00000   84  195    4.00000    2.00000  50.0%   581 23372s
 968685 390616    3.00000   62  214    4.00000    2.00000  50.0%   580 23390s
 972834 391620 infeasible   89         4.00000    2.00000  50.0%   579 23409s
 976542 392964    3.00000   53  255    4.00000    2.00000  50.0%   577 23426s
 980942 393621    3.00000   63  229    4.00000    2.00000  50.0%   576 23446s
 985327 394268    3.00000   72  225    4.00000    2.00000  50.0%   574 23464s
 987139 393664    3.00000   80  188    4.00000    2.00000  50.0%   574 23465s
 989772 394497    3.00000   86  172    4.00000    2.00000  50.0%   573 23482s
 993731 394964    2.05311   90  242    4.00000    2.00000  50.0%   572 23500s
 997528 395556    3.00000   81  201    4.00000    2.00000  50.0%   570 23518s
 1001272 396467    3.00000   74  168    4.00000    2.00000  50.0%   569 23535s
 1005118 397143    2.01805   83  244    4.00000    2.00000  50.0%   568 23553s
 1008939 397834    3.00000   84  166    4.00000    2.00000  50.0%   567 23570s
 1012484 398836    3.00000   61  251    4.00000    2.00000  50.0%   565 23588s
 1016429 399428    3.00000   59  271    4.00000    2.00000  50.0%   564 23603s
 1019456 400256    2.00320   69  310    4.00000    2.00000  50.0%   563 23620s
 1022388 401797    2.00124   50  314    4.00000    2.00000  50.0%   562 23637s
 1026160 403076    3.00000   70  220    4.00000    2.00000  50.0%   561 23653s
 1029979 403664    3.00000   92  149    4.00000    2.00000  50.0%   559 23673s
 1032806 405423    3.00000   59  279    4.00000    2.00000  50.0%   558 23690s
 1036828 406861    2.00000   60  219    4.00000    2.00000  50.0%   557 23707s
 1041020 407698    3.00000   62  232    4.00000    2.00000  50.0%   556 23724s
 1044474 409234    3.00000   52  240    4.00000    2.00000  50.0%   555 23742s
 1048419 410782    3.00000   65  255    4.00000    2.00000  50.0%   553 23760s
 1052885 412089    3.00000   54  278    4.00000    2.00000  50.0%   552 23778s
 1057345 412573    3.00000   57  248    4.00000    2.00000  50.0%   550 23797s
 1060798 413738    2.00000   71   92    4.00000    2.00000  50.0%   549 23815s
 1065322 415139 infeasible   86         4.00000    2.00000  50.0%   548 23831s
 1070130 415566    3.00000   79  171    4.00000    2.00000  50.0%   546 23848s
 1073438 416622    3.00000   74  179    4.00000    2.00000  50.0%   545 23864s
 1076971 417608    3.00000   52  229    4.00000    2.00000  50.0%   544 23881s
 1080347 418729    3.00000   84  175    4.00000    2.00000  50.0%   543 23897s
 1084113 419687    2.00000   46  229    4.00000    2.00000  50.0%   542 23913s
 1087740 420701 infeasible   81         4.00000    2.00000  50.0%   541 23928s
 1091206 421625    3.00000   56  262    4.00000    2.00000  50.0%   540 23946s
 1094806 422754    3.00000   60  243    4.00000    2.00000  50.0%   538 23962s
 1098571 423264    3.00000   64  207    4.00000    2.00000  50.0%   537 23980s
 1101232 424989    3.00000   55  204    4.00000    2.00000  50.0%   537 23999s
 1105309 425988 infeasible   55         4.00000    2.00000  50.0%   535 24017s
 1109520 426778    3.00000   71  217    4.00000    2.00000  50.0%   534 24033s
 1113242 427713    3.00000   66  194    4.00000    2.00000  50.0%   533 24051s
 1116733 428721    3.00000   70  138    4.00000    2.00000  50.0%   532 24068s
 1121237 429608    3.00000   59  219    4.00000    2.00000  50.0%   531 24089s
 1124847 428405    2.00000   82   86    4.00000    2.00000  50.0%   530 24090s
 1126209 430391 infeasible   93         4.00000    2.00000  50.0%   529 24106s
 1131202 431084    3.00000   72  180    4.00000    2.00000  50.0%   528 24122s
 1135772 431403    2.00000   52  227    4.00000    2.00000  50.0%   527 24140s
 1139378 432155    3.00000   77  182    4.00000    2.00000  50.0%   526 24155s
 1142927 433149    3.00000   67  184    4.00000    2.00000  50.0%   525 24169s
 1146855 433672    2.00000   50  208    4.00000    2.00000  50.0%   523 24183s
 1150622 433868    3.00000   78  136    4.00000    2.00000  50.0%   522 24198s
 1153576 434398    3.00000   54  240    4.00000    2.00000  50.0%   522 24214s
 1156646 435424    3.00000   51  245    4.00000    2.00000  50.0%   521 24230s
 1160466 436225    2.00000   59  232    4.00000    2.00000  50.0%   520 24247s
 1164346 437019    3.00000   77  161    4.00000    2.00000  50.0%   519 24261s
 1167959 437364    3.00000   56  255    4.00000    2.00000  50.0%   518 24277s
 1170714 438361    2.00000   61  178    4.00000    2.00000  50.0%   517 24293s
 1174109 439506    3.00000   69  198    4.00000    2.00000  50.0%   516 24310s
 1177800 440300    3.00000   56  238    4.00000    2.00000  50.0%   515 24328s
 1181619 440659    3.00000   63  205    4.00000    2.00000  50.0%   514 24347s
 1185161 441685    2.00000   64  204    4.00000    2.00000  50.0%   513 24367s
 1189176 442804    2.00000   43  205    4.00000    2.00000  50.0%   512 24383s
 1193446 443367    3.00000   58  228    4.00000    2.00000  50.0%   511 24400s
 1196963 444271    2.00787   61  294    4.00000    2.00000  50.0%   510 24418s
 1200469 445204    2.01042   52  334    4.00000    2.00000  50.0%   509 24435s
 1203703 446795    3.00000   51  284    4.00000    2.00000  50.0%   509 24452s
 1208261 447125    3.00000   72  161    4.00000    2.00000  50.0%   508 24469s
 1208982 446885    3.00000   86  155    4.00000    2.00000  50.0%   507 24470s
 1211639 448299    3.00000   78  187    4.00000    2.00000  50.0%   507 24488s
 1215892 449293    2.00000   59  195    4.00000    2.00000  50.0%   506 24505s
 1220438 449871    3.00000   54  243    4.00000    2.00000  50.0%   505 24522s
 1224134 450736 infeasible   87         4.00000    2.00000  50.0%   504 24537s
 1227575 451403    3.00000   53  302    4.00000    2.00000  50.0%   503 24554s
 1229872 450637    3.00000   54  251    4.00000    2.00000  50.0%   502 24555s
 1230700 452681    2.00000   54  214    4.00000    2.00000  50.0%   502 24573s
 1234920 453826    3.00000   81   93    4.00000    2.00000  50.0%   501 24590s
 1239845 454093    3.00000   60  208    4.00000    2.00000  50.0%   500 24607s
 1243779 454333    3.00000   57  229    4.00000    2.00000  50.0%   499 24624s
 1246835 455202    3.00000   86  154    4.00000    2.00000  50.0%   498 24641s
 1250803 455743    2.00000   78  102    4.00000    2.00000  50.0%   497 24658s
 1254392 456541    2.00000   61  211    4.00000    2.00000  50.0%   497 24676s
 1257611 457443    2.00000   46  242    4.00000    2.00000  50.0%   496 24692s
 1261198 457969    3.00000   69  204    4.00000    2.00000  50.0%   495 24706s
 1264390 458486    3.00000   61  204    4.00000    2.00000  50.0%   494 24723s
 1267066 460087    2.01183   50  377    4.00000    2.00000  50.0%   494 24742s
 1270881 461570    3.00000   59  220    4.00000    2.00000  50.0%   493 24760s
 1275539 462392 infeasible   84         4.00000    2.00000  50.0%   492 24779s
 1279810 463313    2.00687   57  313    4.00000    2.00000  50.0%   491 24795s
 1283699 463921    3.00000   52  231    4.00000    2.00000  50.0%   490 24811s
 1286942 465103    2.01146   60  335    4.00000    2.00000  50.0%   489 24827s
 1290765 465497    3.00000   58  250    4.00000    2.00000  50.0%   488 24844s
 1293391 466709    3.00000   63  201    4.00000    2.00000  50.0%   488 24861s
 1296810 467712    3.00000   69  171    4.00000    2.00000  50.0%   487 24881s
 1300322 469155    3.00000   87  179    4.00000    2.00000  50.0%   486 24897s
 1304522 469978    3.00000   55  235    4.00000    2.00000  50.0%   486 24916s
 1308298 471324    3.00000   69  229    4.00000    2.00000  50.0%   485 24934s
 1312495 472189 infeasible   88         4.00000    2.00000  50.0%   484 24953s
 1316249 472691    3.00000   63  225    4.00000    2.00000  50.0%   483 24974s
 1319581 473601    3.00000   65  189    4.00000    2.00000  50.0%   482 24994s
 1323144 474500    2.00000   50  243    4.00000    2.00000  50.0%   482 25013s
 1326802 475750    2.00000   57  202    4.00000    2.00000  50.0%   481 25030s
 1330760 476622 infeasible   83         4.00000    2.00000  50.0%   480 25049s
 1334144 478544    3.00000   53  210    4.00000    2.00000  50.0%   480 25067s
 1339171 479435    3.00000   83  112    4.00000    2.00000  50.0%   478 25084s
 1343606 480314    3.00000   51  242    4.00000    2.00000  50.0%   478 25100s
 1348299 480715    3.00000   69  170    4.00000    2.00000  50.0%   477 25118s
 1352273 481860    3.00000   50  219    4.00000    2.00000  50.0%   476 25133s
 1356453 482383    3.00000   84  150    4.00000    2.00000  50.0%   475 25151s
 1360008 483240    3.00000   70  162    4.00000    2.00000  50.0%   474 25165s
 1364059 483455 infeasible   74         4.00000    2.00000  50.0%   473 25182s
 1367611 484124    2.03030   69  191    4.00000    2.00000  50.0%   473 25198s
 1371764 484391    2.00000   71  125    4.00000    2.00000  50.0%   472 25214s
 1375469 484764 infeasible   81         4.00000    2.00000  50.0%   471 25228s
 1379184 485059    2.00000   72  134    4.00000    2.00000  50.0%   471 25243s
 1383087 485107    3.00000   71  160    4.00000    2.00000  50.0%   470 25258s
 1385935 486014    3.00000   73  208    4.00000    2.00000  50.0%   470 25274s
 1389631 486214    3.00000   69  173    4.00000    2.00000  50.0%   469 25291s
 1392627 487190    3.00000   77  148    4.00000    2.00000  50.0%   469 25307s
 1396395 487517    2.07704   72  138    4.00000    2.00000  50.0%   468 25325s
 1399684 487931    3.00000   58  205    4.00000    2.00000  50.0%   468 25342s
 1402804 488598    3.00000   71  162    4.00000    2.00000  50.0%   467 25360s
 1406158 489349    2.14464   51  326    4.00000    2.00000  50.0%   466 25377s
 1409184 490407    3.00000   61  215    4.00000    2.00000  50.0%   466 25394s
 1412395 491269    3.00000   62  226    4.00000    2.00000  50.0%   465 25414s
 1415483 492718    2.33545   63  225    4.00000    2.00000  50.0%   465 25433s
 1419096 493778    3.00000   50  274    4.00000    2.00000  50.0%   464 25449s
 1422778 494568    3.00000   67  204    4.00000    2.00000  50.0%   464 25469s
 1425945 495806    3.00000   52  252    4.00000    2.00000  50.0%   463 25489s
 1428121 495080 infeasible   76         4.00000    2.00000  50.0%   463 25490s
 1430092 497169    3.00000   61  183    4.00000    2.00000  50.0%   462 25509s
 1434597 497879    3.00000   64  231    4.00000    2.00000  50.0%   462 25529s
 1435670 497521    3.00000   60  235    4.00000    2.00000  50.0%   461 25530s
 1438139 499466 infeasible   78         4.00000    2.00000  50.0%   461 25547s
 1442775 499794    3.00000   87  149    4.00000    2.00000  50.0%   460 25568s
 1446427 500841    3.00000   56  256    4.00000    2.00000  50.0%   460 25585s
 1450414 501315    3.00000   56  243    4.00000    2.00000  50.0%   459 25603s
 1453636 502580    2.00000   53  212    4.00000    2.00000  50.0%   458 25620s
 1457436 503198    3.00000   58  201    4.00000    2.00000  50.0%   458 25639s
 1460258 504742    3.00000   56  263    4.00000    2.00000  50.0%   457 25657s
 1463935 506145    2.01134   50  354    4.00000    2.00000  50.0%   457 25675s
 1467858 507148    3.00000   59  215    4.00000    2.00000  50.0%   456 25695s
 1471337 508958    2.00000   58  206    4.00000    2.00000  50.0%   455 25714s
 1475766 509608    3.00000   63  244    4.00000    2.00000  50.0%   455 25732s
 1479180 510047 infeasible   92         4.00000    2.00000  50.0%   454 25753s
 1481834 511364    2.03298   55  347    4.00000    2.00000  50.0%   454 25773s
 1485298 513159    3.00000   58  237    4.00000    2.00000  50.0%   453 25793s
 1489666 514191    3.00000   85  129    4.00000    2.00000  50.0%   453 25814s
 1493555 515620    3.00000   56  212    4.00000    2.00000  50.0%   452 25832s
 1497877 516280    3.00000   66  221    4.00000    2.00000  50.0%   451 25853s
 1501144 517839    3.00000   68  229    4.00000    2.00000  50.0%   451 25871s
 1505081 518518    2.03302   56  315    4.00000    2.00000  50.0%   450 25892s
 1508585 520009    3.00000   66  221    4.00000    2.00000  50.0%   450 25911s
 1512626 521016    3.00000   59  271    4.00000    2.00000  50.0%   449 25930s
 1516342 522354    2.01967   57  301    4.00000    2.00000  50.0%   448 25949s
 1520597 523234    2.00000   62  191    4.00000    2.00000  50.0%   448 25970s
 1524759 524381    3.00000   55  255    4.00000    2.00000  50.0%   447 25988s
 1529013 525375    3.00000   67  209    4.00000    2.00000  50.0%   447 26007s
 1532780 526427    3.00000   65  221    4.00000    2.00000  50.0%   446 26024s
 1536358 527378    3.00000   58  209    4.00000    2.00000  50.0%   445 26042s
 1539461 529111    2.00000   58  205    4.00000    2.00000  50.0%   445 26061s
 1543588 530464    3.00000   58  199    4.00000    2.00000  50.0%   444 26079s
 1547777 531245    3.00000   56  244    4.00000    2.00000  50.0%   444 26097s
 1551073 532681    2.06918   49  381    4.00000    2.00000  50.0%   443 26114s
 1553069 532016    3.00000   54  258    4.00000    2.00000  50.0%   443 26115s
 1554966 533618    3.00000   55  227    4.00000    2.00000  50.0%   443 26134s
 1558619 534972    2.01811   62  274    4.00000    2.00000  50.0%   442 26151s
 1562488 535934    3.00000   72  170    4.00000    2.00000  50.0%   441 26171s
 1566105 536724    2.00000   51  247    4.00000    2.00000  50.0%   441 26192s
 1569206 538064    3.00000   56  237    4.00000    2.00000  50.0%   440 26213s
 1572975 539579    3.00000   67  217    4.00000    2.00000  50.0%   440 26232s
 1577099 540357    3.00000   55  248    4.00000    2.00000  50.0%   439 26252s
 1580471 542077    2.00270   64  210    4.00000    2.00000  50.0%   439 26270s
 1584707 543264    3.00000   78  148    4.00000    2.00000  50.0%   438 26289s
 1589103 543355    3.00000   55  229    4.00000    2.00000  50.0%   438 26308s
 1592295 544596    3.00000   70  190    4.00000    2.00000  50.0%   437 26326s
 1596736 545241    3.00000   57  231    4.00000    2.00000  50.0%   437 26344s
 1600267 545959    2.00665   52  329    4.00000    2.00000  50.0%   436 26363s
 1603477 546805 infeasible   84         4.00000    2.00000  50.0%   436 26383s
 1606840 548085    3.00000   54  225    4.00000    2.00000  50.0%   435 26401s
 1610703 548906 infeasible   91         4.00000    2.00000  50.0%   435 26420s
 1613934 550121    3.00000   51  260    4.00000    2.00000  50.0%   434 26439s
 1617594 551644    3.00000   58  250    4.00000    2.00000  50.0%   434 26458s
 1621576 552833    3.00000   70  174    4.00000    2.00000  50.0%   433 26479s
 1625407 553583    3.00000   55  209    4.00000    2.00000  50.0%   433 26500s
 1628552 555153    2.00000   58  206    4.00000    2.00000  50.0%   432 26521s
 1632394 556560 infeasible   92         4.00000    2.00000  50.0%   432 26541s
 1636687 557951    3.00000   60  226    4.00000    2.00000  50.0%   431 26560s
 1640949 558918    3.00000   58  246    4.00000    2.00000  50.0%   431 26581s
 1645014 560055    3.00000   52  248    4.00000    2.00000  50.0%   430 26601s
 1649177 560404    3.00000   64  222    4.00000    2.00000  50.0%   429 26621s
 1652695 560847    2.01023   67  294    4.00000    2.00000  50.0%   429 26641s
 1655774 561942    3.00000   57  252    4.00000    2.00000  50.0%   429 26661s
 1660244 562362    3.00000   68  157    4.00000    2.00000  50.0%   428 26681s
 1663836 563566    3.00000   57  206    4.00000    2.00000  50.0%   428 26700s
 1667486 565032    2.00726   58  303    4.00000    2.00000  50.0%   427 26718s
 1671446 566157    2.00000   58  237    4.00000    2.00000  50.0%   427 26737s
 1675291 567164    3.00000   63  223    4.00000    2.00000  50.0%   426 26757s
 1679071 568006    3.00000   51  249    4.00000    2.00000  50.0%   426 26777s
 1682727 568579    3.00000   54  206    4.00000    2.00000  50.0%   425 26797s
 1685719 569969    3.00000   57  214    4.00000    2.00000  50.0%   425 26817s
 1689766 571039    3.00000   59  262    4.00000    2.00000  50.0%   425 26837s
 1693493 572294    2.00000   60  210    4.00000    2.00000  50.0%   424 26856s
 1697890 573351    2.00000   67  160    4.00000    2.00000  50.0%   423 26876s
 1701908 574383    3.00000   54  246    4.00000    2.00000  50.0%   423 26894s
 1705589 575143    3.00000   54  247    4.00000    2.00000  50.0%   422 26914s
 1708980 576724    3.00000   64  212    4.00000    2.00000  50.0%   422 26934s
 1713484 577505    2.00094   54  292    4.00000    2.00000  50.0%   422 26955s
 1717304 578433 infeasible   72         4.00000    2.00000  50.0%   421 26973s
 1720873 579461    3.00000   56  254    4.00000    2.00000  50.0%   421 26993s
 1724293 580970    3.00000   56  213    4.00000    2.00000  50.0%   420 27012s
 1728285 582143    3.00000   60  232    4.00000    2.00000  50.0%   420 27030s
 1732089 582483    3.00000   55  243    4.00000    2.00000  50.0%   419 27051s
 1734717 583877    3.00000   62  237    4.00000    2.00000  50.0%   419 27070s
 1738557 584815    3.00000   58  248    4.00000    2.00000  50.0%   419 27090s
 1742032 586197    3.00000   61  248    4.00000    2.00000  50.0%   418 27109s
 1746007 586978    3.00000   51  233    4.00000    2.00000  50.0%   418 27131s
 1749992 588027    3.00000   66  196    4.00000    2.00000  50.0%   417 27149s
 1750703 587790    2.00643   62  332    4.00000    2.00000  50.0%   417 27150s
 1753796 588963    3.00000   46  287    4.00000    2.00000  50.0%   417 27168s
 1757251 590322    3.00000   67  184    4.00000    2.00000  50.0%   417 27188s
 1761342 590864 infeasible   91         4.00000    2.00000  50.0%   416 27209s
 1764418 592198    3.00000   56  245    4.00000    2.00000  50.0%   416 27228s
 1768084 593570    3.00000   70  206    4.00000    2.00000  50.0%   415 27250s
 1772152 594273    3.00000   53  270    4.00000    2.00000  50.0%   415 27270s
 1775949 595049    3.00000   84  191    4.00000    2.00000  50.0%   415 27291s
 1780464 595747    2.00000   52  229    4.00000    2.00000  50.0%   414 27311s
 1784108 596913    3.00000   57  233    4.00000    2.00000  50.0%   414 27329s
 1788144 597668    3.00000   62  214    4.00000    2.00000  50.0%   413 27352s
 1791956 598403    3.00000   56  243    4.00000    2.00000  50.0%   413 27373s
 1796094 599059    2.00099   53  308    4.00000    2.00000  50.0%   412 27394s
 1799606 600150    3.00000   59  266    4.00000    2.00000  50.0%   412 27414s
 1803396 601150    3.00000   55  217    4.00000    2.00000  50.0%   412 27433s
 1807030 601483    2.00328   61  195    4.00000    2.00000  50.0%   411 27456s
 1810146 601953    3.00000   55  251    4.00000    2.00000  50.0%   411 27482s
 1814266 602202    2.00000   67  188    4.00000    2.00000  50.0%   411 27504s
 1818047 602836    3.00000   66  204    4.00000    2.00000  50.0%   410 27524s
 1819602 602318    2.00000   66  183    4.00000    2.00000  50.0%   410 27525s
 1822185 602958    2.01515   81  135    4.00000    2.00000  50.0%   410 27548s
 1825610 603465    2.00000   66  139    4.00000    2.00000  50.0%   410 27570s
 1829552 603741    2.00000   41  250    4.00000    2.00000  50.0%   409 27594s
 1833723 603416    3.00000   71  142    4.00000    2.00000  50.0%   409 27616s
 1836781 603983    3.00000   69  190    4.00000    2.00000  50.0%   409 27637s
 1840726 604208    3.00000   54  239    4.00000    2.00000  50.0%   409 27658s
 1843985 605195    2.00979   55  341    4.00000    2.00000  50.0%   408 27679s
 1844973 604866    3.00000   62  213    4.00000    2.00000  50.0%   408 27680s
 1848175 605502    3.00000   58  231    4.00000    2.00000  50.0%   408 27699s
 1851219 606394    2.00000   54  238    4.00000    2.00000  50.0%   408 27720s
 1854748 607229    3.00000   57  235    4.00000    2.00000  50.0%   407 27741s
 1858036 608369    2.00000   56  209    4.00000    2.00000  50.0%   407 27762s
 1861594 609347    3.00000   57  227    4.00000    2.00000  50.0%   407 27782s
 1865328 610292    3.00000   63  204    4.00000    2.00000  50.0%   406 27805s
 1868893 611482    2.00000   48  243    4.00000    2.00000  50.0%   406 27827s
 1873070 612281    2.00000   60  166    4.00000    2.00000  50.0%   406 27848s
 1877511 612774    3.00000   54  236    4.00000    2.00000  50.0%   405 27870s
 1881324 613966    3.00000   56  273    4.00000    2.00000  50.0%   405 27887s
 1885291 614196    3.00000   53  243    4.00000    2.00000  50.0%   404 27909s
 1888189 615869    3.00000   53  272    4.00000    2.00000  50.0%   404 27929s
 1892216 616746    3.00000   70  149    4.00000    2.00000  50.0%   404 27951s
 1895805 618298    2.00000   59  178    4.00000    2.00000  50.0%   403 27971s
 1900299 618852    2.05346   52  379    4.00000    2.00000  50.0%   403 27991s
 1903733 619987    3.00000   62  213    4.00000    2.00000  50.0%   403 28012s
 1908186 620796 infeasible   68         4.00000    2.00000  50.0%   402 28033s
 1912459 621476    3.00000   49  246    4.00000    2.00000  50.0%   402 28052s
 1916853 621715 infeasible   87         4.00000    2.00000  50.0%   401 28075s
 1920591 622517    2.00000   50  238    4.00000    2.00000  50.0%   401 28095s
 1924450 623009    3.00000   88   80    4.00000    2.00000  50.0%   401 28114s
 1927742 624342    3.00000   72  129    4.00000    2.00000  50.0%   400 28133s
 1932088 624714    2.00000   54  199    4.00000    2.00000  50.0%   400 28151s
 1935041 625835    3.00000   61  227    4.00000    2.00000  50.0%   400 28169s
 1935568 625659    3.00000   64  228    4.00000    2.00000  50.0%   400 28170s
 1939021 626172    2.02141   60  346    4.00000    2.00000  50.0%   399 28192s
 1941958 627278    3.00000   68  203    4.00000    2.00000  50.0%   399 28212s
 1945598 628275    3.00000   53  237    4.00000    2.00000  50.0%   399 28235s
 1949259 629392    3.00000   59  229    4.00000    2.00000  50.0%   398 28254s
 1952967 630236    3.00000   60  225    4.00000    2.00000  50.0%   398 28276s
 1956217 631910    2.00000   50  219    4.00000    2.00000  50.0%   398 28296s
 1960577 632718 infeasible   87         4.00000    2.00000  50.0%   397 28315s
 1964548 633542    3.00000   53  254    4.00000    2.00000  50.0%   397 28334s
 1968052 634681    3.00000   54  239    4.00000    2.00000  50.0%   397 28353s
 1971568 635728 infeasible   65         4.00000    2.00000  50.0%   396 28373s
 1975056 637039    3.00000   57  251    4.00000    2.00000  50.0%   396 28393s
 1979063 637653 infeasible   87         4.00000    2.00000  50.0%   396 28414s
 1983028 638512    2.03541   50  377    4.00000    2.00000  50.0%   395 28436s
 1987065 639385    2.04766   52  337    4.00000    2.00000  50.0%   395 28456s
 1990978 640182    3.00000   63  223    4.00000    2.00000  50.0%   395 28476s
 1994521 641235    3.00000   86  178    4.00000    2.00000  50.0%   394 28497s
 1998373 641517    2.00000   49  240    4.00000    2.00000  50.0%   394 28519s
 2001465 642582    3.00000   55  267    4.00000    2.00000  50.0%   394 28542s
 2005077 644038    3.00000   55  261    4.00000    2.00000  50.0%   394 28565s
 2009305 645130 infeasible   91         4.00000    2.00000  50.0%   393 28588s
 2012662 647648    3.00000   51  247    4.00000    2.00000  50.0%   393 28609s
 2014347 647648    2.00000   55  229    4.00000    2.00000  50.0%   393 28610s
 2016572 649810 infeasible   72         4.00000    2.00000  50.0%   393 28633s
 2020372 652384    3.00000   63  171    4.00000    2.00000  50.0%   392 28654s
 2025058 654126    2.00000   49  228    4.00000    2.00000  50.0%   392 28677s
 2028769 655650    3.00000   58  236    4.00000    2.00000  50.0%   392 28700s
 2033198 656898    3.00000   74  168    4.00000    2.00000  50.0%   391 28721s
 2036910 658162 infeasible   86         4.00000    2.00000  50.0%   391 28740s
 2041283 659164    2.15575   80  138    4.00000    2.00000  50.0%   391 28761s
 2045095 659594 infeasible   87         4.00000    2.00000  50.0%   391 28780s
 2047519 660338    2.00000   47  244    4.00000    2.00000  50.0%   391 28800s

Cutting planes:
  Learned: 291
  Gomory: 24
  Lift-and-project: 33
  Implied bound: 40
  Clique: 2
  MIR: 415
  Flow cover: 5149
  Inf proof: 9
  Zero half: 37
  RLT: 689
  Relax-and-lift: 7

Explored 2050409 nodes (801422596 simplex iterations) in 28800.37 seconds (17795.48 work units)
Thread count was 24 (of 24 available processors)

Solution count 10: 4 5 7 ... 16

Time limit reached
Best objective 4.000000000000e+00, best bound 2.000000000000e+00, gap 50.0000%
