
Gurobi 10.0.1 (linux64) logging started Mon Jul 10 14:44:37 2023

Set parameter LogFile to value "Class1_Instance-2_0.5.log"
Gurobi Optimizer version 10.0.1 build v10.0.1rc0 (linux64)

CPU model: AMD Opteron(tm) Processor 6174, instruction set [SSE2]
Thread count: 24 physical cores, 24 logical processors, using up to 24 threads

Optimize a model with 30176 rows, 16845 columns and 93413 nonzeros
Model fingerprint: 0x8d374212
Model has 9535 quadratic constraints
Variable types: 5462 continuous, 11383 integer (11340 binary)
Coefficient statistics:
  Matrix range     [1e+00, 1e+04]
  QMatrix range    [1e+00, 1e+00]
  QLMatrix range   [1e+00, 2e+01]
  Objective range  [1e+00, 1e+00]
  Bounds range     [1e+00, 1e+00]
  RHS range        [1e+00, 1e+04]
Presolve removed 11431 rows and 3657 columns
Presolve time: 0.79s
Presolved: 24206 rows, 14952 columns, 89243 nonzeros
Presolved model has 4746 quadratic constraint(s)
Presolved model has 1806 bilinear constraint(s)
Variable types: 5335 continuous, 9617 integer (9574 binary)

Root relaxation: objective 1.000000e+00, 2292 iterations, 0.29 seconds (0.13 work units)

    Nodes    |    Current Node    |     Objective Bounds      |     Work
 Expl Unexpl |  Obj  Depth IntInf | Incumbent    BestBd   Gap | It/Node Time

     0     0    1.00000    0   48          -    1.00000      -     -    1s
     0     0    1.00015    0  218          -    1.00015      -     -    7s
     0     0    2.00000    0  193          -    2.00000      -     -    8s
     0     0    2.00000    0  183          -    2.00000      -     -    8s
     0     0    2.00000    0  164          -    2.00000      -     -    9s
     0     0    2.00000    0  160          -    2.00000      -     -   10s
     0     0    2.00000    0   43          -    2.00000      -     -   11s
     0     0    2.00000    0   91          -    2.00000      -     -   11s
     0     0    2.00000    0   50          -    2.00000      -     -   12s
     0     0    2.00000    0  140          -    2.00000      -     -   13s
     0     0    2.00000    0   54          -    2.00000      -     -   15s
     0     0    2.00000    0  108          -    2.00000      -     -   17s
     0     0    2.00000    0   54          -    2.00000      -     -   20s
     0     0    2.00000    0   93          -    2.00000      -     -   21s
     0     0    2.00000    0   62          -    2.00000      -     -   26s
     0     0    2.00000    0  162          -    2.00000      -     -   28s
     0     0    2.00000    0   68          -    2.00000      -     -   33s
     0     0    2.00000    0   60          -    2.00000      -     -   35s
     0     0    2.00000    0   50          -    2.00000      -     -   38s
     0     0    2.00000    0   53          -    2.00000      -     -   42s
     0     0    2.00000    0   42          -    2.00000      -     -   44s
     0     0    2.00000    0   50          -    2.00000      -     -   48s
     0     0    2.00000    0   71          -    2.00000      -     -   50s
     0     0    2.00000    0   44          -    2.00000      -     -   52s
     0     0    2.00000    0   51          -    2.00000      -     -   56s
     0     0    2.00000    0   43          -    2.00000      -     -   58s
     0     0    2.00000    0   68          -    2.00000      -     -   62s
     0     0    2.00000    0   71          -    2.00000      -     -   65s
     0     0    2.00000    0   75          -    2.00000      -     -   67s
     0     0    2.00000    0   52          -    2.00000      -     -   71s
     0     0    2.00000    0   42          -    2.00000      -     -   73s
     0     0    2.00000    0   51          -    2.00000      -     -   76s
     0     0    2.00000    0   86          -    2.00000      -     -   78s
     0     0    2.00000    0   40          -    2.00000      -     -   80s
     0     0    2.00000    0   76          -    2.00000      -     -   82s
     0     0    2.00000    0   89          -    2.00000      -     -   85s
     0     0    2.00000    0   74          -    2.00000      -     -   87s
     0     0    2.00000    0   58          -    2.00000      -     -   91s
     0     0    2.00000    0   48          -    2.00000      -     -   94s
     0     0    2.00000    0   63          -    2.00000      -     -   96s
     0     0    2.00000    0   57          -    2.00000      -     -  101s
     0     0    2.00000    0   58          -    2.00000      -     -  109s
     0     0    2.00000    0   56          -    2.00000      -     -  112s
     0     0    2.00000    0   51          -    2.00000      -     -  114s
     0     0    2.00000    0   50          -    2.00000      -     -  118s
     0     0    2.00000    0   66          -    2.00000      -     -  120s
     0     0    2.00000    0   66          -    2.00000      -     -  121s
     0     0    2.00000    0   50          -    2.00000      -     -  125s
     0     0    2.00000    0   65          -    2.00000      -     -  127s
     0     0    2.00000    0   78          -    2.00000      -     -  131s
     0     0    2.00000    0   64          -    2.00000      -     -  134s
     0     0    2.00000    0   70          -    2.00000      -     -  135s
     0     0    2.00000    0   81          -    2.00000      -     -  137s
     0     0    2.00000    0   80          -    2.00000      -     -  138s
     0     0    2.00000    0   58          -    2.00000      -     -  142s
     0     0    2.00000    0   59          -    2.00000      -     -  145s
     0     0    2.00000    0   70          -    2.00000      -     -  147s
     0     0    2.00000    0   58          -    2.00000      -     -  150s
     0     0    2.00000    0   87          -    2.00000      -     -  152s
     0     0    2.00000    0   60          -    2.00000      -     -  156s
     0     0    2.00000    0   51          -    2.00000      -     -  157s
     0     0    2.00000    0   58          -    2.00000      -     -  159s
     0     0    2.00000    0   64          -    2.00000      -     -  161s
     0     0    2.00000    0   50          -    2.00000      -     -  164s
     0     0    2.00000    0   68          -    2.00000      -     -  166s
     0     0    2.00000    0   49          -    2.00000      -     -  167s
     0     0    2.00000    0   58          -    2.00000      -     -  171s
     0     0    2.00000    0   43          -    2.00000      -     -  173s
     0     0    2.00000    0   56          -    2.00000      -     -  174s
     0     0    2.00000    0   71          -    2.00000      -     -  176s
     0     0    2.00000    0   56          -    2.00000      -     -  179s
     0     0    2.00000    0   64          -    2.00000      -     -  180s
     0     0    2.00000    0   91          -    2.00000      -     -  181s
     0     0    2.00000    0   70          -    2.00000      -     -  182s
     0     0    2.00000    0   68          -    2.00000      -     -  183s
     0     0    2.00000    0   87          -    2.00000      -     -  184s
     0     0    2.00000    0   68          -    2.00000      -     -  185s
     0     0    2.00000    0   69          -    2.00000      -     -  186s
     0     0    2.00000    0   56          -    2.00000      -     -  187s
     0     0    2.00000    0   70          -    2.00000      -     -  188s
     0     0    2.00000    0   44          -    2.00000      -     -  189s
     0     0    2.00000    0   98          -    2.00000      -     -  191s
     0     0    2.00000    0   57          -    2.00000      -     -  192s
     0     0    2.00000    0   43          -    2.00000      -     -  193s
     0     0    2.00000    0   56          -    2.00000      -     -  195s
     0     0    2.00000    0   70          -    2.00000      -     -  196s
     0     0    2.00000    0   56          -    2.00000      -     -  200s
     0     0    2.00000    0   70          -    2.00000      -     -  202s
     0     0    2.00000    0   71          -    2.00000      -     -  202s
     0     0    2.00000    0   56          -    2.00000      -     -  205s
     0     0    2.00000    0   66          -    2.00000      -     -  206s
     0     0    2.00000    0   67          -    2.00000      -     -  207s
     0     0    2.00000    0   69          -    2.00000      -     -  208s
     0     0    2.00000    0   92          -    2.00000      -     -  210s
     0     0    2.00000    0   74          -    2.00000      -     -  211s
     0     0    2.00000    0   78          -    2.00000      -     -  215s
     0     0    2.00000    0   69          -    2.00000      -     -  219s
     0     0    2.00000    0   61          -    2.00000      -     -  222s
     0     0    2.00000    0  111          -    2.00000      -     -  224s
     0     0    2.00000    0   55          -    2.00000      -     -  225s
     0     0    2.00000    0   68          -    2.00000      -     -  228s
     0     0    2.00000    0   86          -    2.00000      -     -  233s
     0     0    2.00000    0   55          -    2.00000      -     -  235s
     0     0    2.00000    0   86          -    2.00000      -     -  236s
     0     0    2.00000    0   81          -    2.00000      -     -  238s
     0     0    2.00000    0   44          -    2.00000      -     -  240s
     0     0    2.00000    0   68          -    2.00000      -     -  241s
     0     0    2.00000    0   57          -    2.00000      -     -  243s
     0     0    2.00000    0   44          -    2.00000      -     -  245s
     0     2    2.00000    0   44          -    2.00000      -     -  249s
     1     4    2.00000    1   77          -    2.00000      -   459  250s
    31    56    2.00000    5  219          -    2.00000      -  2724  257s
    55    80    2.00000    6  209          -    2.00000      -  2827  261s
    79   104    2.00000    6  235          -    2.00000      -  3101  265s
   153   184    2.00000    8  220          -    2.00000      -  2640  272s
   183   236    2.00000    9  234          -    2.00000      -  2579  278s
   235   325    2.00000    9  214          -    2.00000      -  3015  306s
   326   572    2.00000   11  170          -    2.00000      -  3045  528s
   594  1577    2.00000   13  211          -    2.00000      -  2737  600s
  1890  3029    3.00000   33  187          -    2.00000      -  1558  657s
  4012  3030    2.00000   17    0          -    2.00000      -  1041  728s
  4014  3031    2.00000    8   60          -    2.00000      -  1040  736s
  4016  3033    3.00000   36  196          -    2.00000      -  1040  740s
  4018  3034    2.00000   11  207          -    2.00000      -  1039  746s
  4019  3035    2.00000   19   90          -    2.00000      -  1039  752s
  4021  3036    3.00000   37   92          -    2.00000      -  1039  758s
  4022  3037    3.00000   28  173          -    2.00000      -  1038  760s
  4024  3038    3.00000   25  200          -    2.00000      -  1038  765s
  4025  3039    2.14040   23  103          -    2.00000      -  1038  772s
  4027  3040    2.00000   37  103          -    2.00000      -  1037  785s
  4029  3041    2.00128   19  113          -    2.00000      -  1037  794s
  4030  3042    3.00000   50  195          -    2.00000      -  1036  796s
  4031  3043    2.00000   16   86          -    2.00000      -  1036  800s
  4033  3044    2.00000   19   43          -    2.00000      -  1036  806s
  4035  3045    2.00014   22  115          -    2.00000      -  1035  811s
  4036  3046    3.00000   20   95          -    2.00000      -  1035  816s
  4037  3047    5.00000   66   59          -    2.00000      -  1035  822s
  4038  3047    3.00000   20   97          -    2.00000      -  1034  829s
  4039  3048    3.00000   53   97          -    2.00000      -  1034  833s
  4040  3049    3.00000   39   97          -    2.00000      -  1034  838s
  4041  3052    2.00000   11  232          -    2.00000      -  1081  855s
  4071  3094    2.00000   15  263          -    2.00000      -  1083  863s
  4095  3110    2.00000   16  220          -    2.00000      -  1084  867s
  4143  3142    2.00000   17  224          -    2.00000      -  1086  890s
  4218  3191    2.00000   18  254          -    2.00000      -  1086  896s
  4243  3237    2.00000   19  264          -    2.00000      -  1086  901s
  4303  3322    2.00000   20  239          -    2.00000      -  1085  912s
  4451  3554    2.00000   22  247          -    2.00000      -  1104  931s
  4806  3740    2.02512   24  350          -    2.00000      -  1074  952s
  5203  3846    2.01829   27  341          -    2.00000      -  1040  976s
  5559  3966    2.08284   28  337          -    2.00000      -  1018  996s
  5923  4099    3.00000   33  231          -    2.00000      -   998 1018s
  6317  4231    3.00000   40  143          -    2.00000      -   973 1056s
  6714  4368    3.00000   47  118          -    2.00000      -   953 1077s
  7187  4502 infeasible   57               -    2.00000      -   929 1147s
  7631  4757    2.00000   23  224          -    2.00000      -   912 1172s
H 7876  4522                      42.0000000    2.00000  95.2%   903 1172s
  8182  4984 infeasible   35        42.00000    2.00000  95.2%   895 1197s
H 8402  4765                      41.0000000    2.00000  95.1%   886 1197s
H 8997  5213                      34.0000000    2.00000  94.1%   866 1253s
 10113  5403 infeasible   46        34.00000    2.00000  94.1%   830 1293s
 11041  6447    3.00000   29  235   34.00000    2.00000  94.1%   813 1325s
 12959  6816 infeasible   46        34.00000    2.00000  94.1%   758 1377s
 13840  8610    4.00000   71  168   34.00000    2.00000  94.1%   759 1436s
 16008  9748   10.00000  230  134   34.00000    2.00000  94.1%   718 1497s
 17314 11270   14.00000  291  135   34.00000    2.00000  94.1%   699 1549s
 19257 13247    2.02591   33  247   34.00000    2.00000  94.1%   674 1591s
 21689 14533   10.00000  163  151   34.00000    2.00000  94.1%   648 1643s
 23250 16469   17.00866  272  151   34.00000    2.00000  94.1%   636 1691s
H23671 16469                      33.0000000    2.00000  93.9%   633 1692s
H25780 16469                      30.0000000    2.00000  93.3%   612 1692s
 25881 18459   28.00000  415  120   30.00000    2.00000  93.3%   611 1767s
 28619 19314    3.00000   47  233   30.00000    2.00000  93.3%   597 1842s
 29959 20913 infeasible   32        30.00000    2.00000  93.3%   601 1890s
 32508 22241    3.00000   43  107   30.00000    2.00000  93.3%   596 1937s
 34153 24935    3.00000   29  234   30.00000    2.00000  93.3%   595 2018s
 37506 27441 infeasible   61        30.00000    2.00000  93.3%   583 2087s
 40859 29101 infeasible   72        30.00000    2.00000  93.3%   576 2145s
H42455 28919                      23.0000000    2.00000  91.3%   576 2145s
 42929 32002    2.03095   37  299   23.00000    2.00000  91.3%   575 2219s
 47014 34105    2.00000   22  228   23.00000    2.00000  91.3%   560 2280s
 50004 35333    3.00000   40  194   23.00000    2.00000  91.3%   557 2334s
 51836 38288 infeasible   58        23.00000    2.00000  91.3%   560 2401s
 55825 40842    3.00173   61  307   23.00000    2.00000  91.3%   555 2470s
 59077 43027    3.00000   39  195   23.00000    2.00000  91.3%   548 2547s
 62348 45955    3.00000   41  200   23.00000    2.00000  91.3%   547 2609s
 63253 45955 infeasible   58        23.00000    2.00000  91.3%   547 2610s
 66588 49608    3.00000   47  212   23.00000    2.00000  91.3%   543 2679s
 71196 51113    4.00000   41  165   23.00000    2.00000  91.3%   539 2744s
 73456 54057    3.00000   28  266   23.00000    2.00000  91.3%   540 2811s
 77715 55681    3.00000   54  155   23.00000    2.00000  91.3%   538 2883s
 79947 60216    3.00000   42  160   23.00000    2.00000  91.3%   539 2966s
 85695 63613    3.00000   45  176   23.00000    2.00000  91.3%   531 3034s
 86152 63613    5.00000   57  125   23.00000    2.00000  91.3%   530 3035s
 89859 65980 infeasible  370        23.00000    2.00000  91.3%   528 3098s
 92919 68447    4.00000   61   66   23.00000    2.00000  91.3%   525 3167s
 96519 71099    2.00000   22  245   23.00000    2.00000  91.3%   524 3240s
 100216 72291    2.00819   24  320   23.00000    2.00000  91.3%   524 3319s
 102132 74880    2.00902   28  336   23.00000    2.00000  91.3%   528 3388s
 105938 76307 infeasible   46        23.00000    2.00000  91.3%   529 3462s
 108225 78242    3.00000   28  213   23.00000    2.00000  91.3%   532 3536s
 110946 81370    4.00000   53  177   23.00000    2.00000  91.3%   533 3619s
 115563 85433 infeasible   23        23.00000    2.00000  91.3%   533 3698s
 120828 88199    3.00000   33  194   23.00000    2.00000  91.3%   530 3770s
 124855 90066    4.03030   67  163   23.00000    2.00000  91.3%   529 3896s
H126242 89736                      22.0000000    2.00000  90.9%   530 3897s
 127630 92523    2.00000   32  239   22.00000    2.00000  90.9%   530 3988s
 131738 94315    3.00000   47  251   22.00000    2.00000  90.9%   531 4085s
 134246 97469    4.00000   59  162   22.00000    2.00000  90.9%   532 4158s
 138700 100023 infeasible   28        22.00000    2.00000  90.9%   532 4234s
 142339 102235 infeasible   49        22.00000    2.00000  90.9%   533 4310s
 145401 105187    2.01834   28  331   22.00000    2.00000  90.9%   533 4383s
 149599 107687    3.00000   32  200   22.00000    2.00000  90.9%   533 4479s
 150774 107687    2.00000   31  236   22.00000    2.00000  90.9%   534 4480s
 153350 109852 infeasible   60        22.00000    2.00000  90.9%   534 4555s
 156119 113604    5.00000   85  180   22.00000    2.00000  90.9%   534 4631s
 161225 115992    3.00000   32  257   22.00000    2.00000  90.9%   534 4699s
 164967 119567    2.02998   40  332   22.00000    2.00000  90.9%   535 4772s
 169800 121347    2.00795   36  300   22.00000    2.00000  90.9%   534 4837s
 172511 124329    2.00000   23  213   22.00000    2.00000  90.9%   534 4905s
 176661 126271    2.00337   27  338   22.00000    2.00000  90.9%   534 4972s
 179410 129430 infeasible   51        22.00000    2.00000  90.9%   535 5049s
 181605 129430    3.00000   36  184   22.00000    2.00000  90.9%   535 5050s
 183889 131696    3.00000   34  168   22.00000    2.00000  90.9%   534 5123s
 186874 135783    6.00000   95  128   22.00000    2.00000  90.9%   535 5214s
*187821 135502             438      21.0000000    2.00000  90.5%   534 5214s
 191253 135502    5.00000  104  145   21.00000    2.00000  90.5%   532 5215s
 192285 138170    5.00000   62  170   21.00000    2.00000  90.5%   532 5278s
 196189 139596    2.00000   32  196   21.00000    2.00000  90.5%   532 5344s
 198416 142524    3.00000   45  144   21.00000    2.00000  90.5%   533 5414s
 201633 142524    2.00000   35  206   21.00000    2.00000  90.5%   533 5415s
 203042 144931    3.00000   48  156   21.00000    2.00000  90.5%   532 5479s
 206195 148061    8.00000  140   97   21.00000    2.00000  90.5%   532 5549s
 208907 148061    5.00000   71  140   21.00000    2.00000  90.5%   531 5550s
 210705 150048    3.00000   33  239   21.00000    2.00000  90.5%   531 5613s
 213615 152595    8.00000   95  153   21.00000    2.00000  90.5%   532 5686s
 217696 154212    3.00000   42  181   21.00000    2.00000  90.5%   532 5763s
 219886 157319    3.00000   59  156   21.00000    2.00000  90.5%   533 5827s
 224523 159813 infeasible   57        21.00000    2.00000  90.5%   532 5918s
 228312 161567    3.00000   49  215   21.00000    2.00000  90.5%   533 5995s
 231090 165217    4.00000   52  153   21.00000    2.00000  90.5%   533 6058s
 236559 166794 infeasible  115        21.00000    2.00000  90.5%   531 6124s
 238370 166794    5.00000   60  157   21.00000    2.00000  90.5%   531 6125s
 238724 169725    6.00000   58  148   21.00000    2.00000  90.5%   532 6196s
 242919 173622    3.00000   37  231   21.00000    2.00000  90.5%   532 6273s
*247753 173254             527      20.0000000    2.00000  90.0%   530 6274s
 248110 174597    4.00000   48  163   20.00000    2.00000  90.0%   530 6341s
 250842 177958 infeasible   71        20.00000    2.00000  90.0%   529 6401s
 255783 179632    5.00000   64  153   20.00000    2.00000  90.0%   528 6471s
 258235 181817    3.00000   58  214   20.00000    2.00000  90.0%   528 6545s
 261638 184088 infeasible   57        20.00000    2.00000  90.0%   529 6622s
 264963 186958    6.00000   73  152   20.00000    2.00000  90.0%   529 6709s
 269621 189463    3.00000   32  314   20.00000    2.00000  90.0%   528 6806s
 273707 191063    5.00000   59  141   20.00000    2.00000  90.0%   527 6890s
 276062 194418    5.00000   57  180   20.00000    2.00000  90.0%   527 6956s
 280894 196682    2.01837   32  236   20.00000    2.00000  90.0%   526 7049s
 284415 198482    4.00000   43  169   20.00000    2.00000  90.0%   526 7133s
 287095 200787 infeasible   56        20.00000    2.00000  90.0%   527 7211s
 290867 203209    4.00000   48  144   20.00000    2.00000  90.0%   527 7287s
 294642 207101    3.00000   43  199   20.00000    2.00000  90.0%   527 7374s
 300052 209740    5.00000   59  148   20.00000    2.00000  90.0%   525 7432s
 303837 211432    2.00334   38  250   20.00000    2.00000  90.0%   524 7491s
 306206 214093    2.03219   40  219   20.00000    2.00000  90.0%   524 7563s
 310143 216848    3.00000   39  176   20.00000    2.00000  90.0%   525 7627s
 314108 219191    4.00000   74  136   20.00000    2.00000  90.0%   525 7704s
 314962 219191 infeasible   69        20.00000    2.00000  90.0%   525 7705s
 317438 221766    4.00000   56  181   20.00000    2.00000  90.0%   524 7787s
 321330 225172    4.00000   46  138   20.00000    2.00000  90.0%   525 7859s
 325850 227693 infeasible  101        20.00000    2.00000  90.0%   524 7932s
 329083 231123    3.00000   38  208   20.00000    2.00000  90.0%   524 8011s
 333687 234039    4.00000   63  186   20.00000    2.00000  90.0%   523 8100s
 337959 235929 infeasible   95        20.00000    2.00000  90.0%   522 8160s
 340419 238858    4.00000   55  155   20.00000    2.00000  90.0%   522 8238s
 344426 241410    6.00000  105  163   20.00000    2.00000  90.0%   522 8298s
 348183 243910    4.00000   53  170   20.00000    2.00000  90.0%   522 8387s
 351948 246153    3.00000   45  171   20.00000    2.00000  90.0%   522 8470s
 355091 248737    5.00000   66   99   20.00000    2.00000  90.0%   522 8552s
 359085 250922    2.00136   32  314   20.00000    2.00000  90.0%   522 8651s
 362259 253808    3.00000   51  223   20.00000    2.00000  90.0%   522 8721s
 366747 255366    3.00000   49  179   20.00000    2.00000  90.0%   522 8791s
H368111 252454                      16.0000000    2.00000  87.5%   522 8792s
 369069 256076 infeasible   67        16.00000    2.00000  87.5%   522 8870s
 374075 259925    5.00000   78  137   16.00000    2.00000  87.5%   522 8937s
 379673 262016    2.02904   47  246   16.00000    2.00000  87.5%   520 9005s
 382541 264987    2.00000   33  188   16.00000    2.00000  87.5%   520 9071s
 386752 267843 infeasible  104        16.00000    2.00000  87.5%   519 9151s
 390927 269214    4.00000   49  187   16.00000    2.00000  87.5%   519 9204s
 391402 269214    2.00000   35  192   16.00000    2.00000  87.5%   519 9205s
 392978 272801    2.00000   38  172   16.00000    2.00000  87.5%   519 9280s
 398040 275411 infeasible  112        16.00000    2.00000  87.5%   518 9345s
 401634 277472    5.47539   82  146   16.00000    2.00000  87.5%   518 9424s
 404509 280366    5.00000   75  162   16.00000    2.00000  87.5%   518 9533s
 408573 283137    2.01018   46  253   16.00000    2.00000  87.5%   518 9600s
 412572 284869    5.00000   54  205   16.00000    2.00000  87.5%   517 9680s
 415230 287685    4.00000   60  203   16.00000    2.00000  87.5%   518 9755s
 419485 289096    6.00000   66  178   16.00000    2.00000  87.5%   517 9827s
 421692 292787 infeasible   63        16.00000    2.00000  87.5%   517 9896s
 426804 295847    6.00000   67  165   16.00000    2.00000  87.5%   517 9965s
 430927 297827    3.00000   46  188   16.00000    2.00000  87.5%   517 10029s
 431524 297827 infeasible   59        16.00000    2.00000  87.5%   516 10030s
 433741 300674    3.00000   42  168   16.00000    2.00000  87.5%   516 10122s
 437718 303342    4.00000   64  205   16.00000    2.00000  87.5%   516 10200s
 441724 305434 infeasible   97        16.00000    2.00000  87.5%   516 10263s
 444538 308423 infeasible   57        16.00000    2.00000  87.5%   516 10341s
 448883 311529    3.00000   42  198   16.00000    2.00000  87.5%   515 10415s
 453592 313473    3.00000   48  152   16.00000    2.00000  87.5%   515 10476s
 456604 316061    3.00000   42  219   16.00000    2.00000  87.5%   514 10547s
 460741 318670    3.00000   49  166   16.00000    2.00000  87.5%   514 10617s
 465094 320494    4.00000   66  104   16.00000    2.00000  87.5%   514 10700s
 467832 324028    3.00000   59  225   16.00000    2.00000  87.5%   514 10773s
 472627 325789    3.00000   43  142   16.00000    2.00000  87.5%   514 10848s
 475214 328564    3.00000   40  207   16.00000    2.00000  87.5%   514 10919s
 479576 331499    3.00000   43  201   16.00000    2.00000  87.5%   514 10993s
 483892 332876    6.00000   63  162   16.00000    2.00000  87.5%   514 11060s
 485999 335427 infeasible   64        16.00000    2.00000  87.5%   514 11177s
 490067 337356    6.03966   65  415   16.00000    2.00000  87.5%   514 11245s
 493384 340100    3.00000   63  156   16.00000    2.00000  87.5%   514 11324s
 496264 340100    3.00000   47  140   16.00000    2.00000  87.5%   514 11325s
 497830 342070    3.00000   43  246   16.00000    2.00000  87.5%   514 11387s
 500807 345125    6.02816   75  159   16.00000    2.00000  87.5%   514 11464s
 501213 345125    2.01766   45  300   16.00000    2.00000  87.5%   514 11465s
 505513 347706    5.00000   43  191   16.00000    2.00000  87.5%   514 11544s
 509221 350226   10.00000   98   86   16.00000    2.00000  87.5%   513 11607s
 513088 352952    2.00000   37  191   16.00000    2.00000  87.5%   513 11677s
 517172 356040    3.00000   51  182   16.00000    2.00000  87.5%   513 11740s
 521962 358072    6.00000   90  135   16.00000    2.00000  87.5%   513 11802s
 525280 360659    5.00000   60  104   16.00000    2.00000  87.5%   512 11870s
 529413 363466    4.00000   44  149   16.00000    2.00000  87.5%   512 11937s
 533736 364799    6.00000   44  140   16.00000    2.00000  87.5%   511 12004s
 535676 366998    3.00000   45  189   16.00000    2.00000  87.5%   512 12067s
 539193 369401    3.00000   54  182   16.00000    2.00000  87.5%   512 12135s
 542849 372520    5.00000   69  167   16.00000    2.00000  87.5%   511 12201s
*545138 361290             196      10.0000000    2.00000  80.0%   511 12202s
 547727 362985    4.45091   43  247   10.00000    2.00000  80.0%   511 12270s
 550407 365500 infeasible   70        10.00000    2.00000  80.0%   511 12331s
 554314 367140    5.00000   47  173   10.00000    2.00000  80.0%   511 12388s
 556763 370005    2.03268   30  306   10.00000    2.00000  80.0%   511 12463s
 560817 373156    2.00000   40  206   10.00000    2.00000  80.0%   511 12555s
 565257 374973    2.00000   46  152   10.00000    2.00000  80.0%   510 12622s
 567941 377598 infeasible   82        10.00000    2.00000  80.0%   511 12724s
 571831 379774    2.08291   42  270   10.00000    2.00000  80.0%   511 12800s
 575313 381598    2.00000   33  186   10.00000    2.00000  80.0%   512 12874s
 577045 381598    3.03517   61  253   10.00000    2.00000  80.0%   512 12875s
 578464 385074    3.00000   45  245   10.00000    2.00000  80.0%   512 12942s
 583677 386853    2.00367   35  276   10.00000    2.00000  80.0%   511 13008s
 586479 388608 infeasible   70        10.00000    2.00000  80.0%   512 13083s
 589235 391392 infeasible   61        10.00000    2.00000  80.0%   512 13149s
 591211 391392    5.27840   58  137   10.00000    2.00000  80.0%   512 13150s
 593468 393731    4.00000   60  176   10.00000    2.00000  80.0%   512 13258s
 597210 395816 infeasible   76        10.00000    2.00000  80.0%   513 13336s
 600494 399019    3.00000   46  255   10.00000    2.00000  80.0%   513 13412s
*601548 394175             244       9.0000000    2.00000  77.8%   512 13414s
 605235 396218    6.00000   57  156    9.00000    2.00000  77.8%   512 13506s
 608351 398499    4.02098   60  233    9.00000    2.00000  77.8%   513 13580s
 612016 400714    4.00000   52  205    9.00000    2.00000  77.8%   513 13685s
 615612 402331 infeasible   55         9.00000    2.00000  77.8%   513 13756s
 618079 405262    3.01689   58  196    9.00000    2.00000  77.8%   513 13842s
 622703 407232    6.43379   92  121    9.00000    2.00000  77.8%   514 13914s
 626025 410471    3.00000   36  219    9.00000    2.00000  77.8%   514 13992s
 630740 412126    3.00000   31  227    9.00000    2.00000  77.8%   514 14079s
 633587 414889    4.00000   56  137    9.00000    2.00000  77.8%   515 14176s
*635693 402501             168       8.0000000    2.00000  75.0%   515 14178s
 638012 404506    6.05595   82  168    8.00000    2.00000  75.0%   515 14263s
 641602 407123    3.00000   44  173    8.00000    2.00000  75.0%   515 14339s
 642382 407123    2.00000   39  205    8.00000    2.00000  75.0%   515 14340s
 645922 408445 infeasible   53         8.00000    2.00000  75.0%   515 14422s
 648104 411625    3.00000   49  175    8.00000    2.00000  75.0%   515 14503s
 652610 413597    2.00448   37  255    8.00000    2.00000  75.0%   516 14594s
 655653 416293    2.00000   35  219    8.00000    2.00000  75.0%   516 14695s
 659731 418937    5.00000   60  157    8.00000    2.00000  75.0%   516 14781s
 663759 420717    3.00000   37  208    8.00000    2.00000  75.0%   517 14870s
 666560 422659    3.00000   48  179    8.00000    2.00000  75.0%   517 14956s
 669958 424463 infeasible   59         8.00000    2.00000  75.0%   517 15037s
 672609 427153    3.14290   51  130    8.00000    2.00000  75.0%   518 15129s
 677054 430490    5.00000   57  142    8.00000    2.00000  75.0%   518 15213s
 681984 432586    3.00000   32  225    8.00000    2.00000  75.0%   518 15289s
 685153 435194 infeasible   73         8.00000    2.00000  75.0%   518 15357s
 689229 437945    3.00000   42  176    8.00000    2.00000  75.0%   519 15432s
 693177 439747    5.00000   77  124    8.00000    2.00000  75.0%   519 15506s
 696159 442774    3.00000   57  190    8.00000    2.00000  75.0%   519 15587s
 700458 444752 infeasible   86         8.00000    2.00000  75.0%   520 15671s
 703359 447533    3.00000   58  168    8.00000    2.00000  75.0%   520 15752s
 707542 449266    7.00000   78  150    8.00000    2.00000  75.0%   520 15822s
 710114 452555 infeasible   55         8.00000    2.00000  75.0%   520 15904s
 713887 452555    3.00000   44  156    8.00000    2.00000  75.0%   521 15905s
 714923 454878    3.00000   60  168    8.00000    2.00000  75.0%   521 15998s
 718513 457439 infeasible   74         8.00000    2.00000  75.0%   521 16070s
 722165 459292    6.00000   46  166    8.00000    2.00000  75.0%   521 16148s
 725239 462200    3.00000   38  196    8.00000    2.00000  75.0%   521 16231s
 729425 464206 infeasible   50         8.00000    2.00000  75.0%   522 16305s
 732731 466983    3.00000   44  187    8.00000    2.00000  75.0%   522 16382s
 736773 468809    3.00000   42  213    8.00000    2.00000  75.0%   522 16450s
 739271 472260    3.00000   49  181    8.00000    2.00000  75.0%   522 16522s
 744100 474382    4.02469   74  439    8.00000    2.00000  75.0%   522 16599s
 747339 477066    2.00156   34  264    8.00000    2.00000  75.0%   523 16678s
 751311 478761 infeasible   61         8.00000    2.00000  75.0%   523 16754s
 754000 481998    5.00000   57  138    8.00000    2.00000  75.0%   523 16837s
 758742 483986    3.00000   48  225    8.00000    2.00000  75.0%   523 16946s
 761658 487205    5.00000   56  135    8.00000    2.00000  75.0%   524 17035s
 766189 489486    4.00000   76  162    8.00000    2.00000  75.0%   524 17114s
 769422 492380    2.02002   44  229    8.00000    2.00000  75.0%   524 17187s
 773470 495360    3.00000   43  172    8.00000    2.00000  75.0%   524 17272s
 777797 497348    2.11091   38  208    8.00000    2.00000  75.0%   524 17347s
 780706 499754 infeasible   55         8.00000    2.00000  75.0%   525 17417s
 784546 501413    4.00000   68  133    8.00000    2.00000  75.0%   525 17495s
 787138 504243    3.00000   50  195    8.00000    2.00000  75.0%   525 17597s
 791426 506613 infeasible   44         8.00000    2.00000  75.0%   526 17677s
 794716 509456    6.00000   82  117    8.00000    2.00000  75.0%   526 17796s
 798872 512070    3.00000   45  164    8.00000    2.00000  75.0%   526 17874s
 802758 513639    2.00000   37  181    8.00000    2.00000  75.0%   526 17962s
 805096 516752    4.00000   78  144    8.00000    2.00000  75.0%   527 18045s
 809622 519056    3.00000   35  208    8.00000    2.00000  75.0%   527 18124s
 812983 521895    3.00000   32  204    8.00000    2.00000  75.0%   527 18196s
 817227 525150    3.00000   48  218    8.00000    2.00000  75.0%   527 18277s
 821750 527435    3.00000   29  239    8.00000    2.00000  75.0%   528 18348s
 825080 529844    6.00000   73  110    8.00000    2.00000  75.0%   528 18423s
 828960 531670    6.00000   98  122    8.00000    2.00000  75.0%   528 18490s
 831532 534266    3.00000   49  193    8.00000    2.00000  75.0%   528 18562s
 835349 537417    3.00000   37  212    8.00000    2.00000  75.0%   528 18635s
 839625 539996    4.00000   50  170    8.00000    2.00000  75.0%   528 18706s
 843444 542064    4.07384   73  170    8.00000    2.00000  75.0%   529 18792s
 846472 545406    3.00000   51  199    8.00000    2.00000  75.0%   529 18874s
 846948 545406    2.00000   32  213    8.00000    2.00000  75.0%   529 18875s
 851181 547660    4.00000   83  108    8.00000    2.00000  75.0%   529 18954s
 854302 550249    4.00000   42  192    8.00000    2.00000  75.0%   529 19031s
 858098 552697 infeasible   46         8.00000    2.00000  75.0%   529 19112s
 861927 554809    4.00000   85   93    8.00000    2.00000  75.0%   530 19214s
 864919 557641    3.00000   36  217    8.00000    2.00000  75.0%   530 19308s
 869186 559196 infeasible   56         8.00000    2.00000  75.0%   530 19379s
 871714 562349    3.00000   34  206    8.00000    2.00000  75.0%   530 19484s
 873815 562349    3.00748   67  253    8.00000    2.00000  75.0%   530 19485s
 876418 564349    4.09327   57  235    8.00000    2.00000  75.0%   531 19562s
 879412 567754    3.00000   46  124    8.00000    2.00000  75.0%   531 19650s
 884201 569818    3.00000   27  269    8.00000    2.00000  75.0%   531 19730s
 887186 573077    7.00000   89  139    8.00000    2.00000  75.0%   531 19812s
 891769 575166    2.00000   37  124    8.00000    2.00000  75.0%   531 19884s
 892689 575166    2.00000   42  167    8.00000    2.00000  75.0%   531 19885s
 894691 577865    2.00000   20  252    8.00000    2.00000  75.0%   531 19961s
 898777 580647    3.00000   42  182    8.00000    2.00000  75.0%   531 20038s
 902990 582603    5.26955   73  225    8.00000    2.00000  75.0%   532 20183s
 906033 585454    4.00000   72  146    8.00000    2.00000  75.0%   532 20271s
 910133 587790    3.00179   51  180    8.00000    2.00000  75.0%   532 20354s
 910534 587790    3.01373   47  184    8.00000    2.00000  75.0%   532 20355s
 913629 590201    6.00000  107  155    8.00000    2.00000  75.0%   533 20433s
 917608 591802    3.00000   34  232    8.00000    2.00000  75.0%   533 20512s
 920249 594660 infeasible   51         8.00000    2.00000  75.0%   533 20604s
 920596 594660 infeasible   57         8.00000    2.00000  75.0%   533 20605s
 924573 597695    4.00000   54  146    8.00000    2.00000  75.0%   533 20691s
 928953 599877    3.00000   43  160    8.00000    2.00000  75.0%   533 20793s
 932112 603109    5.00000   80  165    8.00000    2.00000  75.0%   534 20921s
 936835 605260    3.00000   45  186    8.00000    2.00000  75.0%   534 21015s
 939931 607984    3.00000   35  215    8.00000    2.00000  75.0%   534 21135s
 943938 611126    3.00000   44  164    8.00000    2.00000  75.0%   535 21208s
 948368 613622    5.00000   63  143    8.00000    2.00000  75.0%   535 21285s
 951777 616202    4.00000   47  207    8.00000    2.00000  75.0%   535 21369s
 952778 616202    3.00000   43  198    8.00000    2.00000  75.0%   535 21370s
 955387 618560    4.00000   59  192    8.00000    2.00000  75.0%   535 21441s
 958615 621438    5.00000   55  142    8.00000    2.00000  75.0%   535 21519s
 962743 624666    3.00000   23  269    8.00000    2.00000  75.0%   535 21601s
 967381 626590    3.00000   46  193    8.00000    2.00000  75.0%   535 21675s
 970359 629125    3.00000   40  175    8.00000    2.00000  75.0%   536 21753s
 974344 630788 infeasible   52         8.00000    2.00000  75.0%   536 21820s
 976822 633647    3.00000   45  154    8.00000    2.00000  75.0%   536 21914s
 977575 633647    3.00000   39  192    8.00000    2.00000  75.0%   536 21915s
 981183 636507    3.00000   41  196    8.00000    2.00000  75.0%   536 21988s
 985283 638142    3.00000   34  237    8.00000    2.00000  75.0%   536 22066s
 988005 641315    3.00000   42  187    8.00000    2.00000  75.0%   537 22154s
 991711 641315    4.00000   55  159    8.00000    2.00000  75.0%   537 22155s
 992511 642913    2.17767   35  232    8.00000    2.00000  75.0%   537 22231s
 995066 646234    4.00000   74  203    8.00000    2.00000  75.0%   537 22314s
 996585 646234    3.01663   44  276    8.00000    2.00000  75.0%   537 22315s
 999594 648234    3.00000   46  171    8.00000    2.00000  75.0%   537 22403s
 1002530 650578    3.00000   43  194    8.00000    2.00000  75.0%   537 22482s
 1006549 652270    2.00000   35  194    8.00000    2.00000  75.0%   538 22561s
 1008920 655595    3.00000   51  203    8.00000    2.00000  75.0%   538 22671s
 1013536 658122    5.00000   91  161    8.00000    2.00000  75.0%   538 22759s
 1017273 660068    4.00000   64  144    8.00000    2.00000  75.0%   538 22854s
 1018767 660068 infeasible   61         8.00000    2.00000  75.0%   538 22855s
 1020441 662484    3.00000   47  193    8.00000    2.00000  75.0%   539 22946s
 1023783 664893    4.01087   42  185    8.00000    2.00000  75.0%   539 23034s
 1027662 667028    3.00000   53  136    8.00000    2.00000  75.0%   539 23192s
 1030748 670158    4.00000   64  163    8.00000    2.00000  75.0%   539 23296s
 1035241 672120 infeasible   82         8.00000    2.00000  75.0%   540 23375s
 1038011 675859    4.00000   56  182    8.00000    2.00000  75.0%   540 23463s
 1043252 678762    3.00000   45  222    8.00000    2.00000  75.0%   540 23541s
 1047306 680953    4.00000   46  272    8.00000    2.00000  75.0%   540 23625s
 1050717 683804    3.00000   34  228    8.00000    2.00000  75.0%   541 23728s
 1054975 685865    3.00000   50  178    8.00000    2.00000  75.0%   541 23822s
 1058014 689152    4.00000   47   99    8.00000    2.00000  75.0%   541 23982s
 1062583 691189    4.00000   61  157    8.00000    2.00000  75.0%   541 24067s
 1065603 694812    2.01210   32  286    8.00000    2.00000  75.0%   542 24188s
 1070602 696657 infeasible   45         8.00000    2.00000  75.0%   542 24278s
 1073419 699728    4.00000   58  135    8.00000    2.00000  75.0%   542 24373s
 1077692 702130    3.00000   23  290    8.00000    2.00000  75.0%   542 24454s
 1080978 704880    3.00000   39  208    8.00000    2.00000  75.0%   542 24555s
 1085008 707780    6.13905   72  114    8.00000    2.00000  75.0%   543 24634s
 1089295 710072    2.00823   35  290    8.00000    2.00000  75.0%   543 24710s
 1092452 712473    3.00000   47  201    8.00000    2.00000  75.0%   543 24792s
 1096148 715152    3.00000   36  211    8.00000    2.00000  75.0%   543 24886s
 1099946 716625 infeasible   93         8.00000    2.00000  75.0%   544 24971s
 1102237 719967    4.00000   61  188    8.00000    2.00000  75.0%   544 25061s
 1106704 722111    3.00000   31  216    8.00000    2.00000  75.0%   544 25147s
 1110141 724316 infeasible   70         8.00000    2.00000  75.0%   545 25240s
 1113390 727382    6.00000  131  173    8.00000    2.00000  75.0%   545 25338s
 1117835 729433 infeasible   56         8.00000    2.00000  75.0%   545 25429s
 1120711 732942    4.00000   53  137    8.00000    2.00000  75.0%   545 25512s
 1125470 735323 infeasible   49         8.00000    2.00000  75.0%   546 25595s
 1129299 736761    3.00000   38  212    8.00000    2.00000  75.0%   546 25691s
 1131494 739715    3.00000   34  200    8.00000    2.00000  75.0%   546 25827s
 1135620 742135 infeasible   47         8.00000    2.00000  75.0%   547 25916s
 1138988 745024    3.00000   30  218    8.00000    2.00000  75.0%   547 26014s
 1143186 748274    5.00000   79  162    8.00000    2.00000  75.0%   547 26109s
 1147752 750035    3.00000   49  205    8.00000    2.00000  75.0%   547 26200s
 1150361 752611    5.00000   54  204    8.00000    2.00000  75.0%   547 26287s
 1154226 754205    3.00000   40  225    8.00000    2.00000  75.0%   548 26374s
 1156684 757891 infeasible   45         8.00000    2.00000  75.0%   548 26466s
 1161672 760272    4.04981   73  227    8.00000    2.00000  75.0%   548 26549s
 1164288 760272    5.00000   64  140    8.00000    2.00000  75.0%   548 26550s
 1165157 762769    2.00000   32  212    8.00000    2.00000  75.0%   548 26640s
 1168996 764690 infeasible   37         8.00000    2.00000  75.0%   549 26727s
 1171800 767451    3.00000   53  218    8.00000    2.00000  75.0%   549 26879s
 1174913 767451    5.00000   83  185    8.00000    2.00000  75.0%   549 26880s
 1175861 769340    3.00000   47  145    8.00000    2.00000  75.0%   549 26963s
 1178477 773052    3.00000   32  174    8.00000    2.00000  75.0%   550 27067s
 1183682 776147 infeasible   93         8.00000    2.00000  75.0%   550 27158s
 1188085 778174 infeasible  104         8.00000    2.00000  75.0%   550 27249s
 1190975 781354 infeasible   66         8.00000    2.00000  75.0%   550 27369s
 1195318 783441    3.12390   48  229    8.00000    2.00000  75.0%   550 27466s
 1198460 786020    4.00000   47  219    8.00000    2.00000  75.0%   551 27566s
 1201931 789086    7.00000  138   88    8.00000    2.00000  75.0%   551 27655s
 1206440 792176    7.00000   99  157    8.00000    2.00000  75.0%   551 27798s
 1210740 794016 infeasible   58         8.00000    2.00000  75.0%   551 27881s
 1213308 796711    3.06190   49  186    8.00000    2.00000  75.0%   551 27980s
 1217259 798692 infeasible   37         8.00000    2.00000  75.0%   552 28083s
 1220702 800539 infeasible   65         8.00000    2.00000  75.0%   552 28173s
 1223703 803795    4.12858   54  168    8.00000    2.00000  75.0%   553 28292s
 1228444 806081    3.00000   43  198    8.00000    2.00000  75.0%   553 28390s
 1231789 809301    4.00000   54  210    8.00000    2.00000  75.0%   553 28485s
 1236509 811018    2.00000   33  201    8.00000    2.00000  75.0%   554 28572s
 1239032 814038    3.00000   32  233    8.00000    2.00000  75.0%   554 28664s
 1243266 817004    3.00000   34  222    8.00000    2.00000  75.0%   554 28746s
 1247301 819255    4.00000   57  187    8.00000    2.00000  75.0%   554 28800s

Cutting planes:
  Learned: 133
  Gomory: 16
  Lift-and-project: 77
  Implied bound: 127
  Clique: 4
  MIR: 330
  Flow cover: 3300
  Inf proof: 2
  Zero half: 55
  RLT: 546
  Relax-and-lift: 16

Explored 1250572 nodes (693962020 simplex iterations) in 28800.49 seconds (12736.55 work units)
Thread count was 24 (of 24 available processors)

Solution count 10: 8 9 10 ... 33

Time limit reached
Best objective 8.000000000000e+00, best bound 2.000000000000e+00, gap 75.0000%
