
Gurobi 10.0.1 (linux64) logging started Tue Jul 25 14:14:00 2023

Set parameter LogFile to value "Reales_mo_0.5.log"
Gurobi Optimizer version 10.0.1 build v10.0.1rc0 (linux64)

CPU model: AMD Opteron(tm) Processor 6174, instruction set [SSE2]
Thread count: 24 physical cores, 24 logical processors, using up to 24 threads

Optimize a model with 30176 rows, 16845 columns and 93413 nonzeros
Model fingerprint: 0xa9218a89
Model has 9535 quadratic constraints
Variable types: 5462 continuous, 11383 integer (11340 binary)
Coefficient statistics:
  Matrix range     [1e+00, 1e+04]
  QMatrix range    [1e+00, 1e+00]
  QLMatrix range   [1e+00, 2e+01]
  Objective range  [1e+00, 1e+00]
  Bounds range     [1e+00, 1e+00]
  RHS range        [1e+00, 1e+04]
Presolve removed 11431 rows and 3657 columns
Presolve time: 0.79s
Presolved: 24206 rows, 14952 columns, 89243 nonzeros
Presolved model has 4746 quadratic constraint(s)
Presolved model has 1806 bilinear constraint(s)
Variable types: 5335 continuous, 9617 integer (9574 binary)

Root relaxation: objective 1.000000e+00, 2329 iterations, 0.29 seconds (0.12 work units)

    Nodes    |    Current Node    |     Objective Bounds      |     Work
 Expl Unexpl |  Obj  Depth IntInf | Incumbent    BestBd   Gap | It/Node Time

     0     0    1.00000    0   48          -    1.00000      -     -    1s
     0     0    1.00014    0  657          -    1.00014      -     -   14s
     0     0    2.00000    0  200          -    2.00000      -     -   16s
     0     0    2.00000    0  192          -    2.00000      -     -   18s
     0     0    2.00000    0  212          -    2.00000      -     -   19s
     0     0    2.00000    0  188          -    2.00000      -     -   19s
     0     0    2.00000    0   43          -    2.00000      -     -   20s
     0     0    2.00000    0   84          -    2.00000      -     -   21s
     0     0    2.00000    0   41          -    2.00000      -     -   22s
     0     0    2.00000    0   65          -    2.00000      -     -   22s
     0     0    2.00000    0   44          -    2.00000      -     -   23s
     0     0    2.00000    0  107          -    2.00000      -     -   24s
     0     0    2.00000    0   51          -    2.00000      -     -   25s
     0     0    2.00000    0  107          -    2.00000      -     -   26s
     0     0    2.00000    0   60          -    2.00000      -     -   30s
     0     0    2.00000    0   45          -    2.00000      -     -   36s
     0     0    2.00000    0   58          -    2.00000      -     -   39s
     0     0    2.00000    0   44          -    2.00000      -     -   40s
     0     0    2.00000    0   59          -    2.00000      -     -   43s
     0     0    2.00000    0   59          -    2.00000      -     -   46s
     0     0    2.00000    0   44          -    2.00000      -     -   48s
     0     0    2.00000    0   56          -    2.00000      -     -   51s
     0     0    2.00000    0   72          -    2.00000      -     -   53s
     0     0    2.00000    0   66          -    2.00000      -     -   58s
     0     0    2.00000    0   43          -    2.00000      -     -   60s
     0     0    2.00000    0   44          -    2.00000      -     -   61s
     0     0    2.00000    0   52          -    2.00000      -     -   64s
     0     0    2.00000    0   76          -    2.00000      -     -   66s
     0     0    2.00000    0   68          -    2.00000      -     -   68s
     0     0    2.00000    0   67          -    2.00000      -     -   71s
     0     0    2.00000    0   80          -    2.00000      -     -   72s
     0     0    2.00000    0   73          -    2.00000      -     -   73s
     0     0    2.00000    0   57          -    2.00000      -     -   75s
     0     0    2.00000    0   63          -    2.00000      -     -   77s
     0     0    2.00000    0   63          -    2.00000      -     -   79s
     0     0    2.00000    0   55          -    2.00000      -     -   80s
     0     0    2.00000    0   75          -    2.00000      -     -   82s
     0     0    2.00000    0   61          -    2.00000      -     -   83s
     0     0    2.00000    0   68          -    2.00000      -     -   84s
     0     0    2.00000    0   58          -    2.00000      -     -   86s
     0     0    2.00000    0   70          -    2.00000      -     -   87s
     0     0    2.00000    0   50          -    2.00000      -     -   89s
     0     0    2.00000    0   67          -    2.00000      -     -   90s
     0     0    2.00000    0   64          -    2.00000      -     -   91s
     0     0    2.00000    0   66          -    2.00000      -     -   92s
     0     0    2.00000    0   84          -    2.00000      -     -   94s
     0     0    2.00000    0   61          -    2.00000      -     -   96s
     0     0    2.00000    0   70          -    2.00000      -     -   97s
     0     0    2.00000    0   71          -    2.00000      -     -   99s
     0     0    2.00000    0   71          -    2.00000      -     -  100s
     0     0    2.00000    0   44          -    2.00000      -     -  101s
     0     0    2.00000    0   68          -    2.00000      -     -  102s
     0     0    2.00000    0   60          -    2.00000      -     -  103s
     0     0    2.00000    0   44          -    2.00000      -     -  104s
     0     0    2.00000    0   73          -    2.00000      -     -  106s
     0     0    2.00000    0   44          -    2.00000      -     -  106s
     0     0    2.00000    0   44          -    2.00000      -     -  107s
     0     0    2.00000    0   70          -    2.00000      -     -  110s
     0     0    2.00000    0   58          -    2.00000      -     -  112s
     0     0    2.00000    0   71          -    2.00000      -     -  114s
     0     0    2.00000    0   54          -    2.00000      -     -  120s
     0     0    2.00000    0   66          -    2.00000      -     -  122s
     0     0    2.00000    0   44          -    2.00000      -     -  125s
     0     0    2.00000    0   55          -    2.00000      -     -  128s
     0     0    2.00000    0   77          -    2.00000      -     -  131s
     0     0    2.00000    0   58          -    2.00000      -     -  134s
     0     0    2.00000    0   79          -    2.00000      -     -  138s
     0     0    2.00000    0   52          -    2.00000      -     -  141s
     0     0    2.00000    0   76          -    2.00000      -     -  143s
     0     0    2.00000    0   75          -    2.00000      -     -  145s
     0     0    2.00000    0   54          -    2.00000      -     -  149s
     0     0    2.00000    0   49          -    2.00000      -     -  154s
     0     0    2.00000    0   76          -    2.00000      -     -  157s
     0     0    2.00000    0   42          -    2.00000      -     -  160s
     0     0    2.00000    0   95          -    2.00000      -     -  161s
     0     0    2.00000    0   72          -    2.00000      -     -  165s
     0     0    2.00000    0   58          -    2.00000      -     -  169s
     0     0    2.00000    0   79          -    2.00000      -     -  172s
     0     0    2.00000    0   57          -    2.00000      -     -  174s
     0     0    2.00000    0   79          -    2.00000      -     -  176s
     0     0    2.00000    0   90          -    2.00000      -     -  177s
     0     0    2.00000    0   63          -    2.00000      -     -  178s
     0     0    2.00000    0   65          -    2.00000      -     -  182s
     0     0    2.00000    0   67          -    2.00000      -     -  185s
     0     0    2.00000    0   90          -    2.00000      -     -  187s
     0     0    2.00000    0   46          -    2.00000      -     -  189s
     0     0    2.00000    0   67          -    2.00000      -     -  191s
     0     0    2.00000    0   69          -    2.00000      -     -  192s
     0     0    2.00000    0   44          -    2.00000      -     -  193s
     0     0    2.00000    0   59          -    2.00000      -     -  195s
     0     0    2.00000    0   55          -    2.00000      -     -  196s
     0     0    2.00000    0   73          -    2.00000      -     -  199s
     0     0    2.00000    0   97          -    2.00000      -     -  201s
     0     0    2.00000    0   79          -    2.00000      -     -  204s
     0     0    2.00000    0   57          -    2.00000      -     -  208s
     0     0    2.00000    0   76          -    2.00000      -     -  210s
     0     0    2.00000    0   77          -    2.00000      -     -  213s
     0     0    2.00000    0   59          -    2.00000      -     -  215s
     0     0    2.00000    0   67          -    2.00000      -     -  218s
     0     0    2.00000    0   69          -    2.00000      -     -  221s
     0     0    2.00000    0   53          -    2.00000      -     -  223s
     0     0    2.00000    0   67          -    2.00000      -     -  225s
     0     0    2.00000    0  114          -    2.00000      -     -  226s
     0     0    2.00000    0   42          -    2.00000      -     -  226s
     0     0    2.00000    0   44          -    2.00000      -     -  229s
     0     0    2.00000    0   81          -    2.00000      -     -  231s
     0     0    2.00000    0   50          -    2.00000      -     -  234s
     0     0    2.00000    0   50          -    2.00000      -     -  237s
     0     2    2.00000    0   50          -    2.00000      -     -  247s
    15    32    2.00000    4  174          -    2.00000      -  1182  251s
    55    80    2.00000    6  228          -    2.00000      -  1917  255s
   127   152    2.00000    8  242          -    2.00000      -  1969  261s
   175   215    2.00000    9  209          -    2.00000      -  2001  267s
   214   297    2.00000   10  207          -    2.00000      -  2447  273s
   296   515    2.00000   11  206          -    2.00000      -  2568  293s
   519   853    2.00001   12  277          -    2.00000      -  2353  513s
   942  2634    2.00000   11  176          -    2.00000      -  1909  579s
  3530  2635    3.00000   36    6          -    2.00000      -   921  647s
  3532  2636    3.00000   39   72          -    2.00000      -   921  654s
  3533  2637    2.00000   19  220          -    2.00000      -   920  657s
  3535  2638    2.00000    8   88          -    2.00000      -   920  662s
  3537  2640    3.00000   25  155          -    2.00000      -   919  669s
  3538  2640    2.00000    9  207          -    2.00000      -   919  671s
  3540  2642    2.00000   13  216          -    2.00000      -   919  677s
  3541  2642    2.00000   17   94          -    2.00000      -   918  681s
  3543  2644    3.00000   34  144          -    2.00000      -   918  693s
  3545  2645    3.00000   28   56          -    2.00000      -   917  701s
  3547  2646    3.00000   31   56          -    2.00000      -   917  710s
  3549  2648    2.00000   25  112          -    2.00000      -   916  717s
  3551  2649    2.00000   19  167          -    2.00000      -   916  723s
  3552  2650    2.00000   12   78          -    2.00000      -   916  730s
  3553  2650    3.00000   34  181          -    2.00000      -   915  736s
  3554  2651    3.00000   36   72          -    2.00000      -   915  743s
  3555  2652    3.00000   38  111          -    2.00000      -   915  746s
  3556  2652    2.00000   14  124          -    2.00000      -   915  750s
  3557  2653    2.00000   21   92          -    2.00000      -   914  756s
  3558  2654    5.00000   47  148          -    2.00000      -   914  761s
  3559  2654    3.00001   42   93          -    2.00000      -   914  771s
  3560  2655    2.00000   12   94          -    2.00000      -   913  776s
  3562  2656    3.00000   39   90          -    2.00000      -   913  786s
  3563  2657    3.00000   20   70          -    2.00000      -   913  790s
  3564  2658    3.00000   19   53          -    2.00000      -   912  797s
  3565  2658    2.00000   61   76          -    2.00000      -   912  800s
  3566  2659    3.00001   45  110          -    2.00000      -   912  806s
  3568  2660    3.00000   47   93          -    2.00000      -   911  813s
  3569  2661    2.00000   10  116          -    2.00000      -   911  817s
  3570  2662    2.00000   18   96          -    2.00000      -   911  822s
  3571  2662    3.00000   56   89          -    2.00000      -   911  825s
  3572  2663    2.00006   23   97          -    2.00000      -   910  830s
  3573  2664    3.00000   33  103          -    2.00000      -   910  836s
  3574  2664    2.00000   30   85          -    2.00000      -   910  841s
  3575  2665    3.00000   24   80          -    2.00000      -   910  846s
  3576  2666    2.00000    8   93          -    2.00000      -   909  852s
  3577  2666    2.00000   13  109          -    2.00000      -   909  856s
  3578  2667    3.00000   20  114          -    2.00000      -   909  861s
  3579  2668    2.00001   20  165          -    2.00000      -   909  865s
  3580  2668    3.00000   40   95          -    2.00000      -   908  870s
  3581  2669    3.00000   16   95          -    3.00000      -   908  883s
  3582  2673    3.00000   14  252          -    3.00000      -  1025  886s
  3584  2676    3.00000   15  243          -    3.00000      -  1025  902s
  3596  2696    3.00000   17  175          -    3.00000      -  1026  906s
  3612  2715    3.00000   18  264          -    3.00000      -  1030  912s
  3660  2747    3.00000   19  267          -    3.00000      -  1039  916s
  3735  2798    3.00000   21  213          -    3.00000      -  1047  921s
  3785  2830    3.00000   22  244          -    3.00000      -  1056  926s
  3809  2874    3.00000   22  252          -    3.00000      -  1063  931s
  3861  2983    3.00000   23  231          -    3.00000      -  1071  937s
  3993  3188    3.00000   25  215          -    3.00000      -  1098  947s
  4262  3851    3.00000   29  193          -    3.00000      -  1096  969s
  5370  3534    3.00000   35  266          -    3.00000      -  1011 1000s
H 5387  3393                      18.0000000    3.00000  83.3%  1012 1000s
  5489  4015 infeasible   36        18.00000    3.00000  83.3%  1012 1018s
  6502  4083    3.00000   53  123   18.00000    3.00000  83.3%   931 1036s
  7126  4286    3.00000   48  190   18.00000    3.00000  83.3%   921 1059s
  7729  4587    3.00000   34  200   18.00000    3.00000  83.3%   919 1081s
  8619  5397    6.00000   69  140   18.00000    3.00000  83.3%   892 1103s
 10227  5532 infeasible   22        18.00000    3.00000  83.3%   838 1123s
 11144  6250 infeasible   26        18.00000    3.00000  83.3%   817 1156s
 12662  7244    3.00000   23  226   18.00000    3.00000  83.3%   784 1176s
 14116  7852    3.00000   33  191   18.00000    3.00000  83.3%   759 1196s
 15007  9189    6.00000   79   92   18.00000    3.00000  83.3%   750 1219s
 17194 10412 infeasible   58        18.00000    3.00000  83.3%   715 1238s
 18853 11314 infeasible   73        18.00000    3.00000  83.3%   702 1261s
 19971 12492    3.04165   59  226   18.00000    3.00000  83.3%   691 1286s
H20559 12492                      16.0000000    3.00000  81.3%   685 1286s
 21772 13645    3.00000   32  240   16.00000    3.00000  81.3%   675 1307s
 23368 14909    3.00000   38  194   16.00000    3.00000  81.3%   673 1354s
 25203 16196    4.00000   68  184   16.00000    3.00000  81.3%   673 1406s
 27294 17153    3.00000   41  188   16.00000    3.00000  81.3%   667 1433s
 28787 19082    5.00000   71  142   16.00000    3.00000  81.3%   662 1466s
 31489 20476    5.00000   86  132   16.00000    3.00000  81.3%   649 1496s
 33607 22146 infeasible   26        16.00000    3.00000  81.3%   641 1528s
 36199 23424 infeasible   67        16.00000    3.00000  81.3%   637 1569s
 38024 25782    3.72695   57  769   16.00000    3.00000  81.3%   636 1607s
 41418 27542 infeasible   29        16.00000    3.00000  81.3%   628 1643s
 43943 28504    3.00000   32  309   16.00000    3.00000  81.3%   629 1679s
 45367 30864    3.00000   40  207   16.00000    3.00000  81.3%   634 1727s
 48775 33409    3.00000   26  243   16.00000    3.00000  81.3%   629 1772s
 52469 36001    3.00000   30  207   16.00000    3.00000  81.3%   622 1819s
 53627 36001    3.00000   41  196   16.00000    3.00000  81.3%   620 1820s
 56336 37401    5.00000   66  151   16.00000    3.00000  81.3%   617 1864s
 58513 40429    3.00000   32  194   16.00000    3.00000  81.3%   617 1912s
 62751 42402    3.00000   35  289   16.00000    3.00000  81.3%   612 1963s
 65430 45689    3.00000   49  158   16.00000    3.00000  81.3%   612 2016s
 70082 48175    5.00000   85  150   16.00000    3.00000  81.3%   608 2061s
 73968 51048    3.00000   46  165   16.00000    3.00000  81.3%   606 2110s
 78193 52608    5.00000   65  132   16.00000    3.00000  81.3%   601 2157s
 80245 55343    3.00000   26  214   16.00000    3.00000  81.3%   601 2206s
 84341 57580    5.00207   53  191   16.00000    3.00000  81.3%   599 2252s
 87947 60112    3.00000   28  215   16.00000    3.00000  81.3%   600 2303s
 91646 61577 infeasible   26        16.00000    3.00000  81.3%   601 2355s
 94280 64039    3.00000   32  219   16.00000    3.00000  81.3%   601 2406s
 98161 66427 infeasible   56        16.00000    3.00000  81.3%   603 2455s
 101831 67659    3.00000   52  105   16.00000    3.00000  81.3%   604 2506s
 103642 70478    3.00345   51  214   16.00000    3.00000  81.3%   606 2559s
 106876 70478    3.00000   32  207   16.00000    3.00000  81.3%   606 2560s
 107896 72593 infeasible   31        16.00000    3.00000  81.3%   607 2609s
 108810 72593    3.00000   30  269   16.00000    3.00000  81.3%   608 2610s
 111213 74489    3.00000   36  234   16.00000    3.00000  81.3%   612 2663s
 114129 77820 infeasible   59        16.00000    3.00000  81.3%   614 2720s
 119134 79623 infeasible   88        16.00000    3.00000  81.3%   612 2776s
 121838 82674    3.00000   24  227   16.00000    3.00000  81.3%   613 2832s
 126202 85358    4.00103   64  219   16.00000    3.00000  81.3%   613 2884s
 130418 87160    3.00000   47  164   16.00000    3.00000  81.3%   613 2940s
 133338 89738 infeasible   67        16.00000    3.00000  81.3%   613 2989s
 134074 89738    3.00000   28  332   16.00000    3.00000  81.3%   613 2990s
 137234 92183 infeasible   49        16.00000    3.00000  81.3%   614 3039s
 137796 92183 infeasible   60        16.00000    3.00000  81.3%   615 3040s
 140931 93726    4.19189   47  137   16.00000    3.00000  81.3%   616 3090s
 143327 97055    7.00000   87  114   16.00000    3.00000  81.3%   616 3150s
 148298 98998    3.00000   52  167   16.00000    3.00000  81.3%   614 3198s
 151635 101319    3.00000   27  228   16.00000    3.00000  81.3%   615 3251s
 155199 103248    6.00000   74   91   16.00000    3.00000  81.3%   616 3307s
 157916 105681    3.00000   51  173   16.00000    3.00000  81.3%   616 3361s
 161461 107912    3.00000   51  146   16.00000    3.00000  81.3%   620 3419s
 165349 110023 infeasible   28        16.00000    3.00000  81.3%   623 3479s
 168293 112261    3.00000   49  110   16.00000    3.00000  81.3%   624 3533s
 171930 114723    3.00000   34  244   16.00000    3.00000  81.3%   627 3585s
 176057 116267    3.00000   52  170   16.00000    3.00000  81.3%   627 3639s
 178199 119074    3.00000   31  301   16.00000    3.00000  81.3%   629 3701s
 182456 121602    3.00229   55  189   16.00000    3.00000  81.3%   630 3760s
 186461 124324    4.02283   67  137   16.00000    3.00000  81.3%   633 3827s
 190567 125857    3.00000   56  152   16.00000    3.00000  81.3%   633 3884s
 192858 128460    3.00000   31  213   16.00000    3.00000  81.3%   636 3942s
 197098 130644    3.00000   46  189   16.00000    3.00000  81.3%   637 4005s
 200158 134152    3.00000   50  155   16.00000    3.00000  81.3%   637 4069s
 205422 137124 infeasible   41        16.00000    3.00000  81.3%   635 4125s
 209486 139396 infeasible   45        16.00000    3.00000  81.3%   635 4178s
 212927 140570    3.00000   38  223   16.00000    3.00000  81.3%   636 4229s
 214700 143424    5.00000   57  187   16.00000    3.00000  81.3%   638 4286s
 219427 145791    3.00000   48  165   16.00000    3.00000  81.3%   636 4340s
 223331 147969 infeasible   62        16.00000    3.00000  81.3%   636 4392s
 226756 150191 infeasible   31        16.00000    3.00000  81.3%   637 4455s
 229687 152905   11.00132  169  120   16.00000    3.00000  81.3%   637 4511s
 233711 155441    5.00000   60  177   16.00000    3.00000  81.3%   637 4563s
 237624 157038    3.00000   40  226   16.00000    3.00000  81.3%   637 4618s
 240087 159895    4.00000   51  187   16.00000    3.00000  81.3%   638 4674s
 240746 159895    3.00000   22  253   16.00000    3.00000  81.3%   638 4675s
 244527 162689    3.00000   46  148   16.00000    3.00000  81.3%   638 4729s
 248663 163784    3.00000   43  202   16.00000    3.00000  81.3%   638 4778s
 250328 166505    4.00000   36  254   16.00000    3.00000  81.3%   640 4835s
 254729 168835    3.00000   35  256   16.00000    3.00000  81.3%   640 4890s
 258458 171569 infeasible   73        16.00000    3.00000  81.3%   642 4945s
 262507 173274 infeasible   39        16.00000    3.00000  81.3%   642 4999s
 265200 175554    5.00000   53  157   16.00000    3.00000  81.3%   642 5053s
 268723 177961 infeasible   67        16.00000    3.00000  81.3%   644 5112s
 272230 180189    4.00000   46  190   16.00000    3.00000  81.3%   645 5176s
 275389 183105    4.00000   51  175   16.00000    3.00000  81.3%   645 5233s
 279641 186088 infeasible  106        16.00000    3.00000  81.3%   645 5288s
 284168 188222    4.00000   48  210   16.00000    3.00000  81.3%   644 5344s
 286479 188222    3.00000   28  260   16.00000    3.00000  81.3%   643 5345s
 287256 190682    4.00000   51  200   16.00000    3.00000  81.3%   643 5401s
 290793 193371    3.00000   35  281   16.00000    3.00000  81.3%   644 5463s
 294929 196165    3.00000   64  121   16.00000    3.00000  81.3%   645 5518s
 299012 198018    4.00000   63  175   16.00000    3.00000  81.3%   645 5572s
 301701 200799 infeasible   49        16.00000    3.00000  81.3%   646 5628s
 306065 203461    3.00000   37  229   16.00000    3.00000  81.3%   645 5694s
 310098 205012    3.00000   45  143   16.00000    3.00000  81.3%   645 5750s
 312550 207837    3.00000   33  253   16.00000    3.00000  81.3%   646 5813s
 316784 209332 infeasible   34        16.00000    3.00000  81.3%   646 5867s
 318924 212455    3.00139   54  237   16.00000    3.00000  81.3%   646 5929s
 323581 214848    5.50000   67  171   16.00000    3.00000  81.3%   646 5986s
 327231 217333 infeasible   53        16.00000    3.00000  81.3%   646 6046s
 331120 219628    6.00000   66  187   16.00000    3.00000  81.3%   647 6105s
 334354 222419    3.00000   36  198   16.00000    3.00000  81.3%   646 6162s
 338554 225332 infeasible   40        16.00000    3.00000  81.3%   646 6220s
 342818 227451 infeasible   65        16.00000    3.00000  81.3%   646 6276s
 345987 229785    3.00000   40  190   16.00000    3.00000  81.3%   646 6329s
 349569 231456 infeasible   72        16.00000    3.00000  81.3%   647 6384s
 351975 234403 infeasible   24        16.00000    3.00000  81.3%   647 6449s
 356325 237131    3.00000   32  192   16.00000    3.00000  81.3%   647 6507s
 360425 239725    3.00000   38  229   16.00000    3.00000  81.3%   647 6571s
 364667 241351 infeasible   84        16.00000    3.00000  81.3%   647 6628s
 367389 243639    4.00000   65   87   16.00000    3.00000  81.3%   647 6683s
 371198 245531 infeasible   33        16.00000    3.00000  81.3%   647 6741s
 374097 248051    3.00159   50  209   16.00000    3.00000  81.3%   647 6806s
 378016 250502    3.00000   52  101   16.00000    3.00000  81.3%   648 6865s
 381839 252657    3.00000   55  153   16.00000    3.00000  81.3%   648 6928s
 384872 255324    3.00000   35  266   16.00000    3.00000  81.3%   648 6994s
 388911 257787    3.00000   40  192   16.00000    3.00000  81.3%   648 7057s
 392820 258972    3.00000   52  156   16.00000    3.00000  81.3%   649 7113s
 394752 261804 infeasible   61        16.00000    3.00000  81.3%   650 7178s
 399337 264346 infeasible   35        16.00000    3.00000  81.3%   650 7238s
 403301 267223    3.00000   32  320   16.00000    3.00000  81.3%   650 7300s
 407316 268693    3.00000   29  271   16.00000    3.00000  81.3%   650 7363s
 409551 271543    3.00000   47  169   16.00000    3.00000  81.3%   652 7427s
 413809 273389    3.00000   41  212   16.00000    3.00000  81.3%   652 7493s
 416627 276417    3.00000   46  183   16.00000    3.00000  81.3%   653 7565s
 421075 279026    3.00000   47  216   16.00000    3.00000  81.3%   654 7624s
 422278 279026    3.00480   58  181   16.00000    3.00000  81.3%   654 7625s
 425307 280961    3.00000   38  238   16.00000    3.00000  81.3%   654 7689s
 428431 282913    3.00000   37  277   16.00000    3.00000  81.3%   654 7748s
 431600 285462    3.00000   50  161   16.00000    3.00000  81.3%   655 7809s
 435560 287400    6.00000   84  130   16.00000    3.00000  81.3%   656 7876s
 438634 290021    3.00000   29  249   16.00000    3.00000  81.3%   656 7940s
 443444 291677 infeasible   89        16.00000    3.00000  81.3%   655 8005s
 446733 293492 infeasible   33        16.00000    3.00000  81.3%   655 8075s
 450395 296445    3.00000   50  156   16.00000    3.00000  81.3%   655 8138s
 455034 298001    3.00000   37  170   16.00000    3.00000  81.3%   654 8200s
 457330 300828 infeasible   28        16.00000    3.00000  81.3%   655 8263s
 461590 302282    3.00000   30  315   16.00000    3.00000  81.3%   656 8329s
 464093 305163 infeasible   84        16.00000    3.00000  81.3%   657 8400s
 468664 307067    5.00000   60  137   16.00000    3.00000  81.3%   657 8464s
 471783 309670    4.00000   68  119   16.00000    3.00000  81.3%   657 8532s
 476303 311977 infeasible   58        16.00000    3.00000  81.3%   657 8596s
 480203 313826    3.00000   37  205   16.00000    3.00000  81.3%   657 8655s
 483244 316936    5.00000   69  147   16.00000    3.00000  81.3%   657 8720s
 488010 319507    4.00000   58  190   16.00000    3.00000  81.3%   656 8782s
 491952 321451    3.00000   27  227   16.00000    3.00000  81.3%   657 8845s
 494733 323824    3.00000   39  188   16.00000    3.00000  81.3%   657 8911s
 499105 326391    3.00000   35  286   16.00000    3.00000  81.3%   657 9006s
 503063 327909 infeasible   79        16.00000    3.00000  81.3%   657 9066s
*503635 314178             122       8.0000000    3.00000  62.5%   657 9067s
 505618 316412    4.02273   59  162    8.00000    3.00000  62.5%   657 9129s
 505991 316412    3.00000   45  191    8.00000    3.00000  62.5%   657 9130s
 509452 318180    3.00000   38  210    8.00000    3.00000  62.5%   657 9194s
 512296 320181    3.00000   24  220    8.00000    3.00000  62.5%   658 9254s
 515670 322083    3.00000   36  232    8.00000    3.00000  62.5%   659 9318s
 518835 325388 infeasible   61         8.00000    3.00000  62.5%   659 9388s
 523896 327326    3.00000   39  165    8.00000    3.00000  62.5%   659 9450s
 526859 329524    4.00000   72   73    8.00000    3.00000  62.5%   659 9511s
 530599 331454    5.00000   65  188    8.00000    3.00000  62.5%   660 9575s
 533772 334646    3.00000   35  231    8.00000    3.00000  62.5%   660 9649s
 539376 336807    5.00000   90   94    8.00000    3.00000  62.5%   658 9709s
 540549 336807    5.00000   49  208    8.00000    3.00000  62.5%   658 9710s
 542989 338789 infeasible   36         8.00000    3.00000  62.5%   658 9766s
 546004 342005    5.00000   76   92    8.00000    3.00000  62.5%   658 9831s
 550954 344211 infeasible   70         8.00000    3.00000  62.5%   657 9883s
 554737 346159    3.00000   30  229    8.00000    3.00000  62.5%   657 9942s
 557502 348819    4.00000   58  165    8.00000    3.00000  62.5%   657 10003s
 562267 350699    4.00089   77  126    8.00000    3.00000  62.5%   656 10058s
 565633 352589    5.05590   83  112    8.00000    3.00000  62.5%   656 10114s
 568426 354741     cutoff   62         8.00000    3.00000  62.5%   657 10171s
 572132 356754 infeasible   33         8.00000    3.00000  62.5%   657 10244s
 575446 358444 infeasible   63         8.00000    3.00000  62.5%   657 10306s
 578367 360895    3.00000   54  138    8.00000    3.00000  62.5%   657 10388s
 582463 362527 infeasible   56         8.00000    3.00000  62.5%   657 10452s
 585115 365288    5.50026   85   83    8.00000    3.00000  62.5%   658 10520s
 589573 367090    3.00000   53  124    8.00000    3.00000  62.5%   658 10594s
 592609 370636    3.00000   43  230    8.00000    3.00000  62.5%   658 10661s
 597921 372336    4.00000   60  122    8.00000    3.00000  62.5%   657 10715s
 600876 374193    3.01702   55  151    8.00000    3.00000  62.5%   658 10782s
 604070 376932    3.00000   31  253    8.00000    3.00000  62.5%   658 10846s
 608623 379289    3.00000   35  187    8.00000    3.00000  62.5%   657 10906s
 612483 380885 infeasible   94         8.00000    3.00000  62.5%   657 10966s
 615201 383698 infeasible   52         8.00000    3.00000  62.5%   657 11028s
 619654 385474    5.00000   82  149    8.00000    3.00000  62.5%   657 11087s
 622522 388233 infeasible   65         8.00000    3.00000  62.5%   657 11144s
 626230 388233 infeasible   39         8.00000    3.00000  62.5%   657 11145s
 626834 390576    3.03506   54  271    8.00000    3.00000  62.5%   657 11203s
 630383 392227    4.00000   46  260    8.00000    3.00000  62.5%   658 11261s
 633175 394245 infeasible   61         8.00000    3.00000  62.5%   658 11321s
 636564 395925    3.00000   61  112    8.00000    3.00000  62.5%   659 11391s
 639469 398556    3.00000   38  196    8.00000    3.00000  62.5%   659 11465s
 644174 400357    3.60081   57  177    8.00000    3.00000  62.5%   659 11528s
 647231 403519    3.00000   30  317    8.00000    3.00000  62.5%   659 11595s
 652079 405409 infeasible   31         8.00000    3.00000  62.5%   659 11656s
 655244 408164 infeasible   37         8.00000    3.00000  62.5%   659 11715s
 659524 409804 infeasible   66         8.00000    3.00000  62.5%   659 11776s
 662506 412327    3.00000   41  202    8.00000    3.00000  62.5%   659 11840s
 667267 413843    3.00000   38  204    8.00000    3.00000  62.5%   659 11896s
 669762 416609    3.00000   36  285    8.00000    3.00000  62.5%   659 11955s
 673961 418388    3.00000   45  180    8.00000    3.00000  62.5%   659 12015s
 676720 421176    3.00000   31  252    8.00000    3.00000  62.5%   659 12074s
 681039 423080 infeasible   33         8.00000    3.00000  62.5%   659 12132s
 684066 425244    4.00000   51  240    8.00000    3.00000  62.5%   660 12198s
 687255 427662    3.00000   57  157    8.00000    3.00000  62.5%   660 12271s
 691167 429791    3.00000   31  259    8.00000    3.00000  62.5%   660 12337s
 694495 432163    3.00000   61  116    8.00000    3.00000  62.5%   660 12403s
 698857 435117    3.00000   46  225    8.00000    3.00000  62.5%   660 12469s
*699219 416991             221       7.0000000    3.00000  57.1%   660 12470s
 703635 418465 infeasible   36         7.00000    3.00000  57.1%   660 12530s
 706585 421396    3.00229   56  235    7.00000    3.00000  57.1%   660 12592s
*706918 388743             203       6.0000000    3.00000  50.0%   660 12593s
 711452 388193    3.00000   54    6    6.00000    3.00000  50.0%   659 12609s
 711454 388194    4.00000   63   84    6.00000    3.00000  50.0%   659 12610s
 711461 388199    3.00000   52   85    6.00000    3.00000  50.0%   659 12615s
 711480 388229    3.00000   26  250    6.00000    3.00000  50.0%   659 12620s
 711617 388329    3.00000   30  272    6.00000    3.00000  50.0%   659 12625s
 711779 388574    3.00000   32  253    6.00000    3.00000  50.0%   659 12631s
 711943 388853    3.00000   33  237    6.00000    3.00000  50.0%   659 12636s
 712367 389311    3.00000   36  214    6.00000    3.00000  50.0%   659 12641s
 713242 389591    3.00000   38  373    6.00000    3.00000  50.0%   659 12646s
 714789 389882 infeasible   42         6.00000    3.00000  50.0%   659 12653s
 715478 390057    3.00000   52  222    6.00000    3.00000  50.0%   658 12658s
 716108 390281    4.00000   60  166    6.00000    3.00000  50.0%   658 12662s
 716759 390480 infeasible   53         6.00000    3.00000  50.0%   658 12667s
 717410 390795 infeasible   49         6.00000    3.00000  50.0%   658 12671s
 718163 391105 infeasible   45         6.00000    3.00000  50.0%   658 12675s
 718914 391339    3.09708   68  201    6.00000    3.00000  50.0%   658 12680s
 719738 391689 infeasible   50         6.00000    3.00000  50.0%   657 12686s
 720744 392036    3.00000   45  236    6.00000    3.00000  50.0%   657 12692s
 721780 392182    4.19444   66  188    6.00000    3.00000  50.0%   657 12698s
 722530 392842 infeasible   35         6.00000    3.00000  50.0%   657 12703s
 723974 393413 infeasible   60         6.00000    3.00000  50.0%   656 12709s
 725023 393063    4.00000   68  198    6.00000    3.00000  50.0%   656 12710s
 725641 393666 infeasible   46         6.00000    3.00000  50.0%   656 12716s
 726925 393973    4.00000   64  217    6.00000    3.00000  50.0%   655 12722s
 728098 394120    3.16012   63  164    6.00000    3.00000  50.0%   655 12728s
 728949 394571 infeasible   46         6.00000    3.00000  50.0%   655 12735s
 730090 395037 infeasible   75         6.00000    3.00000  50.0%   655 12743s
 731452 395578    3.00000   55  215    6.00000    3.00000  50.0%   654 12750s
 733084 396043    4.13592   67  180    6.00000    3.00000  50.0%   654 12758s
 734678 396453    4.06060   61  201    6.00000    3.00000  50.0%   653 12765s
 736229 396677    3.07688   59  168    6.00000    3.00000  50.0%   653 12774s
 737642 397323    3.00000   35  226    6.00000    3.00000  50.0%   653 12783s
 739548 397847    4.00000   53  207    6.00000    3.00000  50.0%   652 12792s
 741522 398160 infeasible   44         6.00000    3.00000  50.0%   652 12801s
 742965 398570    3.00000   46  161    6.00000    3.00000  50.0%   651 12811s
 744512 399904    3.00000   42  191    6.00000    3.00000  50.0%   651 12822s
 747407 400252    4.00000   67  127    6.00000    3.00000  50.0%   650 12832s
 749707 400980    3.00000   37  234    6.00000    3.00000  50.0%   650 12843s
 751976 401826 infeasible   63         6.00000    3.00000  50.0%   649 12854s
 754451 402484    3.00000   35  249    6.00000    3.00000  50.0%   648 12864s
 756671 402916    3.00000   60  158    6.00000    3.00000  50.0%   648 12876s
 758513 403716    3.00000   39  215    6.00000    3.00000  50.0%   648 12888s
 760728 405102    4.00000   56  227    6.00000    3.00000  50.0%   647 12902s
 763897 406355    3.00000   39  276    6.00000    3.00000  50.0%   646 12916s
 767462 407242    5.00000   68  208    6.00000    3.00000  50.0%   645 12932s
 770490 408842    3.05257   56  180    6.00000    3.00000  50.0%   645 12947s
 774508 409544    4.00000   59  203    6.00000    3.00000  50.0%   643 12961s
 777686 410508    4.16176   61  267    6.00000    3.00000  50.0%   643 12977s
 780836 411171    4.00000   64  150    6.00000    3.00000  50.0%   642 12992s
 783484 412717    3.00000   44  242    6.00000    3.00000  50.0%   641 13008s
 787190 413758    3.00019   52  276    6.00000    3.00000  50.0%   640 13025s
 790567 414571    4.00000   69  202    6.00000    3.00000  50.0%   640 13042s
 793547 415903    3.00000   36  372    6.00000    3.00000  50.0%   639 13058s
 797127 417038 infeasible   39         6.00000    3.00000  50.0%   638 13075s
 800551 418448    3.00000   47  219    6.00000    3.00000  50.0%   638 13092s
 804465 419109 infeasible   41         6.00000    3.00000  50.0%   637 13109s
 807605 420648    4.00000   61  251    6.00000    3.00000  50.0%   636 13127s
 811669 422360    3.00000   43  172    6.00000    3.00000  50.0%   635 13145s
 816342 423191    3.01450   53  275    6.00000    3.00000  50.0%   634 13163s
 820037 424928 infeasible   68         6.00000    3.00000  50.0%   633 13181s
 825516 425862 infeasible   57         6.00000    3.00000  50.0%   631 13197s
 830277 426698 infeasible   56         6.00000    3.00000  50.0%   630 13214s
 834148 427348    4.00000   68  192    6.00000    3.00000  50.0%   629 13226s
 837054 427978    3.03819   65  178    6.00000    3.00000  50.0%   628 13240s
 839536 429327    5.00000   71  143    6.00000    3.00000  50.0%   628 13255s
 842889 430325    4.00000   58  216    6.00000    3.00000  50.0%   627 13270s
 846079 431309    3.00000   44  193    6.00000    3.00000  50.0%   627 13285s
 849383 432170 infeasible   44         6.00000    3.00000  50.0%   626 13300s
 852473 433153 infeasible   35         6.00000    3.00000  50.0%   625 13317s
 855540 434624 infeasible   34         6.00000    3.00000  50.0%   625 13334s
 859166 435654    3.00000   53  198    6.00000    3.00000  50.0%   624 13351s
 862631 436357 infeasible  101         6.00000    3.00000  50.0%   624 13368s
 865436 437707    4.00000   61  224    6.00000    3.00000  50.0%   623 13385s
 868958 439396    3.00000   51  206    6.00000    3.00000  50.0%   623 13403s
 873326 440249 infeasible   78         6.00000    3.00000  50.0%   622 13421s
 877018 441050    3.00000   46  182    6.00000    3.00000  50.0%   621 13441s
 880032 442170    3.00000   31  244    6.00000    3.00000  50.0%   621 13459s
 883611 443558    3.00000   49  219    6.00000    3.00000  50.0%   620 13476s
 887544 444894    3.00000   43  186    6.00000    3.00000  50.0%   620 13495s
 891887 445306 infeasible   40         6.00000    3.00000  50.0%   619 13512s
 894691 446921    3.03401   49  271    6.00000    3.00000  50.0%   619 13530s
 898539 448199 infeasible   38         6.00000    3.00000  50.0%   618 13548s
 902976 449439    3.00000   30  227    6.00000    3.00000  50.0%   617 13567s
 907336 450404 infeasible   53         6.00000    3.00000  50.0%   616 13584s
 911312 450854    4.00000   66  170    6.00000    3.00000  50.0%   615 13600s
 914035 452094 infeasible   39         6.00000    3.00000  50.0%   615 13616s
 917407 453470    3.00000   53  191    6.00000    3.00000  50.0%   615 13634s
 921221 454265 infeasible   51         6.00000    3.00000  50.0%   614 13651s
 924375 455743 infeasible   38         6.00000    3.00000  50.0%   613 13668s
 928168 457252    4.00271   76  116    6.00000    3.00000  50.0%   613 13685s
 932518 458107    3.00000   40  316    6.00000    3.00000  50.0%   612 13701s
 936009 458702    3.00000   58  176    6.00000    3.00000  50.0%   611 13719s
 938879 460042    3.00000   56  183    6.00000    3.00000  50.0%   611 13735s
 942547 461137    3.00044   60  285    6.00000    3.00000  50.0%   611 13753s
 946411 461651    3.00000   56  195    6.00000    3.00000  50.0%   610 13771s
 949172 462975    3.00000   45  217    6.00000    3.00000  50.0%   610 13789s
 952626 464360    3.00000   51  144    6.00000    3.00000  50.0%   609 13808s
 956609 465680    5.00000   62  186    6.00000    3.00000  50.0%   609 13826s
 960741 466338 infeasible   40         6.00000    3.00000  50.0%   608 13844s
 964042 467738 infeasible   51         6.00000    3.00000  50.0%   607 13861s
 967852 469136    3.00000   41  215    6.00000    3.00000  50.0%   607 13879s
 971936 469879    3.00000   40  202    6.00000    3.00000  50.0%   606 13898s
*972440 415537             129       5.0000000    3.00000  40.0%   606 13899s
 975294 416337     cutoff   81         5.00000    3.00000  40.0%   606 13919s
 979123 416958 infeasible   46         5.00000    3.00000  40.0%   605 13935s
 982300 417564    3.00000   32  253    5.00000    3.00000  40.0%   604 13953s
 985185 418481    3.00000   36  225    5.00000    3.00000  40.0%   604 13971s
 988276 419520    4.00000   70  179    5.00000    3.00000  40.0%   604 13989s
 991710 420230    3.00000   33  259    5.00000    3.00000  40.0%   603 14007s
 994803 421475    3.00000   38  187    5.00000    3.00000  40.0%   603 14025s
 998486 422615    4.00000   69  184    5.00000    3.00000  40.0%   602 14044s
 1002440 423516 infeasible   61         5.00000    3.00000  40.0%   602 14063s
 1006249 424066    3.00000   35  407    5.00000    3.00000  40.0%   601 14082s
 1009309 425301 infeasible   36         5.00000    3.00000  40.0%   601 14101s
 1013073 426532    4.00000   66  165    5.00000    3.00000  40.0%   600 14124s
 1017143 428526 infeasible   42         5.00000    3.00000  40.0%   600 14147s
 1024080 428693    3.00000   75  111    5.00000    3.00000  40.0%   598 14168s
 1029851 428556 infeasible   80         5.00000    3.00000  40.0%   596 14183s
 1035472 428543    4.00000   82   97    5.00000    3.00000  40.0%   595 14197s
 1040450 428211    3.00000   79  115    5.00000    3.00000  40.0%   593 14210s
 1044693 428226    4.00000   75  115    5.00000    3.00000  40.0%   592 14222s
 1048860 428208 infeasible   82         5.00000    3.00000  40.0%   591 14234s
 1052563 428629    4.00000   85  121    5.00000    3.00000  40.0%   590 14247s
 1056763 428521    3.00000   81   57    5.00000    3.00000  40.0%   589 14260s
 1060639 428030    3.00000   88   78    5.00000    3.00000  40.0%   588 14271s
 1063328 427951 infeasible   87         5.00000    3.00000  40.0%   587 14283s
 1066246 428072    4.00000   79  127    5.00000    3.00000  40.0%   586 14295s
 1069554 427953    3.00000   33  394    5.00000    3.00000  40.0%   586 14307s
 1072740 428004    3.00000   66  116    5.00000    3.00000  40.0%   585 14320s
 1076069 428244 infeasible   87         5.00000    3.00000  40.0%   584 14333s
 1079544 428365    4.00000   87  107    5.00000    3.00000  40.0%   583 14347s
 1083046 428440    3.00364   74  121    5.00000    3.00000  40.0%   582 14359s
 1086490 428340    3.00000   41  362    5.00000    3.00000  40.0%   581 14371s
 1088647 428544 infeasible   43         5.00000    3.00000  40.0%   581 14383s
 1090509 429011    3.16086   44  236    5.00000    3.00000  40.0%   581 14396s
 1092471 429589    3.00000   42  310    5.00000    3.00000  40.0%   581 14411s
 1094492 430380 infeasible   38         5.00000    3.00000  40.0%   580 14426s
 1096777 431087    4.00000   68  239    5.00000    3.00000  40.0%   580 14442s
 1099148 431905    3.00000   44  205    5.00000    3.00000  40.0%   580 14460s
 1101901 432658    4.00000   48  231    5.00000    3.00000  40.0%   580 14479s
 1104862 433417    3.00000   36  369    5.00000    3.00000  40.0%   580 14498s
 1107802 434349    3.00000   39  215    5.00000    3.00000  40.0%   580 14518s
 1111057 435213    3.00000   59  169    5.00000    3.00000  40.0%   579 14540s
 1114336 436266    3.00000   46  229    5.00000    3.00000  40.0%   579 14562s
 1117872 437561    3.00000   41  207    5.00000    3.00000  40.0%   579 14584s
 1122598 437794    4.00000   64  229    5.00000    3.00000  40.0%   578 14605s
 1125775 439118    3.00000   36  239    5.00000    3.00000  40.0%   578 14625s
 1129739 439947 infeasible   46         5.00000    3.00000  40.0%   578 14645s
 1133286 440833 infeasible   39         5.00000    3.00000  40.0%   578 14667s
 1136704 442372    3.00000   50  167    5.00000    3.00000  40.0%   577 14689s
 1141180 444097 infeasible   42         5.00000    3.00000  40.0%   577 14714s
*1142700 329329             149       4.0000000    3.00000  25.0%   577 14715s
 1146698 326527    3.00000   62    6    4.00000    3.00000  25.0%   576 14726s
 1146706 326532    3.00000   49  169    4.00000    3.00000  25.0%   576 14730s
 1146718 326549    3.00000   37  225    4.00000    3.00000  25.0%   576 14735s
 1146838 326645    3.00000   41  189    4.00000    3.00000  25.0%   576 14740s
 1146966 326761    3.00000   44  201    4.00000    3.00000  25.0%   576 14745s
 1147258 327206    3.00000   48  231    4.00000    3.00000  25.0%   576 14751s
 1148324 327343    3.00000   52  362    4.00000    3.00000  25.0%   576 14758s
 1148700 327510    3.00000   59  212    4.00000    3.00000  25.0%   576 14761s
 1149181 327641    3.00000   65  214    4.00000    3.00000  25.0%   576 14765s
 1150288 327969    3.00000   46  259    4.00000    3.00000  25.0%   576 14773s
 1150940 328147    3.00000   48  243    4.00000    3.00000  25.0%   576 14778s
 1151667 328256    3.00000   44  242    4.00000    3.00000  25.0%   576 14783s
 1152291 328405    3.00000   58  236    4.00000    3.00000  25.0%   576 14787s
 1152917 328749    3.00000   59  206    4.00000    3.00000  25.0%   576 14792s
 1153830 328994    3.00000   72  217    4.00000    3.00000  25.0%   576 14796s
 1154790 329335 infeasible   68         4.00000    3.00000  25.0%   575 14801s
 1155948 329610    3.00000   81  107    4.00000    3.00000  25.0%   575 14807s
 1157273 329780    3.00000   46  391    4.00000    3.00000  25.0%   575 14814s
 1158561 329868    3.00000   63  235    4.00000    3.00000  25.0%   575 14820s
 1159533 330212    3.00000   49  250    4.00000    3.00000  25.0%   575 14826s
 1160823 330297    3.00000   70  196    4.00000    3.00000  25.0%   575 14834s
 1161759 330704    3.00000   69  220    4.00000    3.00000  25.0%   575 14840s
 1163014 330984    3.00000   65  206    4.00000    3.00000  25.0%   575 14848s
 1164305 331161 infeasible   67         4.00000    3.00000  25.0%   574 14856s
 1165379 331588    3.00000   41  241    4.00000    3.00000  25.0%   574 14864s
 1166769 331999    3.00000   67  209    4.00000    3.00000  25.0%   574 14872s
 1168259 332448    3.00000   50  227    4.00000    3.00000  25.0%   574 14882s
 1169973 332782 infeasible   71         4.00000    3.00000  25.0%   574 14890s
 1171615 333300    3.00000   45  255    4.00000    3.00000  25.0%   574 14898s
 1173378 333721    3.00000   66  206    4.00000    3.00000  25.0%   574 14907s
 1175134 334058 infeasible   64         4.00000    3.00000  25.0%   573 14917s
 1177115 334628    3.00000   45  236    4.00000    3.00000  25.0%   573 14928s
 1179924 334848    3.00000   64  166    4.00000    3.00000  25.0%   573 14939s
 1182139 335184 infeasible   71         4.00000    3.00000  25.0%   572 14950s
 1184593 335525    3.00000   52  226    4.00000    3.00000  25.0%   572 14963s
 1188259 335542    3.00000   49  244    4.00000    3.00000  25.0%   571 14976s
 1194427 333960 infeasible   84         4.00000    3.00000  25.0%   569 14985s
 1196237 334061     cutoff   75         4.00000    3.00000  25.0%   569 14994s
 1197564 334468    3.00000   65  228    4.00000    3.00000  25.0%   569 15004s
 1199464 334740    3.00000   56  224    4.00000    3.00000  25.0%   568 15014s
 1201215 335275    3.00000   67  218    4.00000    3.00000  25.0%   568 15024s
 1203305 335749    3.00000   56  176    4.00000    3.00000  25.0%   568 15036s
 1205470 336419    3.00000   49  252    4.00000    3.00000  25.0%   568 15049s
 1207955 337200    3.00000   49  248    4.00000    3.00000  25.0%   568 15064s
 1210918 337648    3.00000   50  244    4.00000    3.00000  25.0%   567 15077s
 1213619 338116    3.00000   52  206    4.00000    3.00000  25.0%   567 15092s
 1216076 338949    3.00000   50  214    4.00000    3.00000  25.0%   567 15106s
 1219248 339598    3.00000   63  255    4.00000    3.00000  25.0%   567 15121s
 1222434 340305    3.00000   47  276    4.00000    3.00000  25.0%   566 15137s
 1225686 340947    3.00000   50  191    4.00000    3.00000  25.0%   566 15152s
 1228842 341760    3.00000   68  209    4.00000    3.00000  25.0%   566 15168s
 1232429 342403    3.00000   76  128    4.00000    3.00000  25.0%   565 15184s
 1233578 342020    3.00000   69  220    4.00000    3.00000  25.0%   565 15185s
 1236454 342834 infeasible   75         4.00000    3.00000  25.0%   565 15201s
 1239652 343323    3.00000   65  193    4.00000    3.00000  25.0%   565 15219s
 1242542 344319    3.00000   52  248    4.00000    3.00000  25.0%   564 15235s
 1246175 344854    3.00000   59  241    4.00000    3.00000  25.0%   564 15251s
 1249300 345876    3.00000   58  226    4.00000    3.00000  25.0%   564 15268s
 1253250 346521    3.00000   55  317    4.00000    3.00000  25.0%   563 15288s
 1257021 347564    3.00000   48  222    4.00000    3.00000  25.0%   563 15306s
 1261583 347592    3.00000   54  226    4.00000    3.00000  25.0%   562 15323s
 1264717 348185 infeasible   67         4.00000    3.00000  25.0%   562 15338s
 1267895 349171    3.00000   49  244    4.00000    3.00000  25.0%   562 15357s
 1273141 349365    3.00000   78  168    4.00000    3.00000  25.0%   561 15374s
 1278029 349126    3.00000   80  165    4.00000    3.00000  25.0%   560 15390s
 1281919 348923    3.00000   64  211    4.00000    3.00000  25.0%   559 15403s
 1284389 349580    3.00000   49  210    4.00000    3.00000  25.0%   559 15415s
 1287147 350313    3.00000   62  171    4.00000    3.00000  25.0%   559 15429s
 1290127 350830    3.00000   47  226    4.00000    3.00000  25.0%   559 15444s
 1292974 351551    3.00000   59  213    4.00000    3.00000  25.0%   558 15458s
 1296003 352281    3.00000   54  261    4.00000    3.00000  25.0%   558 15473s
 1299407 352962 infeasible   64         4.00000    3.00000  25.0%   558 15490s
 1303060 353256    3.00000   57  224    4.00000    3.00000  25.0%   557 15506s
 1306080 353841    3.00000   47  218    4.00000    3.00000  25.0%   557 15522s
 1309425 354731    3.00000   62   83    4.00000    3.00000  25.0%   557 15539s
 1313813 355187    3.00000   76  160    4.00000    3.00000  25.0%   556 15555s
 1317801 355413    3.00000   55  243    4.00000    3.00000  25.0%   556 15570s
 1321284 355473    3.00000   66  174    4.00000    3.00000  25.0%   555 15586s
 1323864 356144 infeasible   69         4.00000    3.00000  25.0%   555 15602s
 1326873 357076    3.00000   48  237    4.00000    3.00000  25.0%   555 15619s
 1328869 356410    3.00000   51  368    4.00000    3.00000  25.0%   555 15620s
 1330900 357228    3.00000   59  187    4.00000    3.00000  25.0%   554 15635s
 1333860 358007    3.00000   67  176    4.00000    3.00000  25.0%   554 15650s
 1337077 358714    3.00000   54  243    4.00000    3.00000  25.0%   554 15666s
 1340435 359255    3.00000   52  239    4.00000    3.00000  25.0%   554 15681s
 1343527 359817    3.00000   55  220    4.00000    3.00000  25.0%   553 15697s
 1346554 360645    3.00000   55  224    4.00000    3.00000  25.0%   553 15714s
 1350048 361317    3.00000   54  303    4.00000    3.00000  25.0%   553 15732s
 1353706 361740 infeasible   67         4.00000    3.00000  25.0%   553 15750s
 1357007 362361 infeasible   73         4.00000    3.00000  25.0%   552 15767s
 1360748 362980    3.00000   61  234    4.00000    3.00000  25.0%   552 15783s
 1364178 363648    3.00000   59  235    4.00000    3.00000  25.0%   552 15798s
 1367465 364213    3.00000   73  161    4.00000    3.00000  25.0%   551 15815s
 1370813 365048    3.00000   45  264    4.00000    3.00000  25.0%   551 15831s
 1374624 365398    3.00000   72  146    4.00000    3.00000  25.0%   551 15847s
 1378333 365783    3.00000   51  269    4.00000    3.00000  25.0%   550 15863s
 1381542 366288    3.00000   56  273    4.00000    3.00000  25.0%   550 15877s
 1385044 366741    3.00000   55  277    4.00000    3.00000  25.0%   550 15893s
 1388559 367155    3.00000   62  195    4.00000    3.00000  25.0%   549 15908s
 1391785 367974    3.00000   56  269    4.00000    3.00000  25.0%   549 15924s
 1395501 368586    3.00000   57  235    4.00000    3.00000  25.0%   549 15941s
 1399193 369554    3.00000   56  247    4.00000    3.00000  25.0%   548 15958s
 1403889 369451 infeasible   92         4.00000    3.00000  25.0%   548 15974s
 1407745 369685    3.00000   58  273    4.00000    3.00000  25.0%   547 15987s
 1410786 370033    3.00000   52  250    4.00000    3.00000  25.0%   547 15999s
 1413482 370482    3.00000   66  213    4.00000    3.00000  25.0%   546 16012s
 1416051 370760    3.00000   51  242    4.00000    3.00000  25.0%   546 16026s
 1418308 371355    3.00000   58  205    4.00000    3.00000  25.0%   546 16039s
 1418436 371313    3.00000   49  287    4.00000    3.00000  25.0%   546 16040s
 1421496 371672    3.00000   71  179    4.00000    3.00000  25.0%   546 16053s
 1424221 372447    3.00000   62  245    4.00000    3.00000  25.0%   546 16067s
 1427407 373220    3.00000   56  179    4.00000    3.00000  25.0%   545 16083s
 1430869 374014    3.00000   85  168    4.00000    3.00000  25.0%   545 16098s
 1435460 374135    3.00000   66  172    4.00000    3.00000  25.0%   544 16111s
 1439937 373982    3.00000   61  194    4.00000    3.00000  25.0%   543 16122s
 1442874 374034 infeasible   73         4.00000    3.00000  25.0%   543 16133s
 1444821 374534 infeasible   64         4.00000    3.00000  25.0%   543 16144s
 1447187 375042    3.00000   53  197    4.00000    3.00000  25.0%   543 16157s
 1449766 375512 infeasible   65         4.00000    3.00000  25.0%   543 16169s
 1452298 375979    3.00000   54  214    4.00000    3.00000  25.0%   542 16182s
 1454723 376665    3.00000   51  232    4.00000    3.00000  25.0%   542 16196s
 1457562 377153 infeasible   63         4.00000    3.00000  25.0%   542 16210s
 1460162 377641    3.00000   53  155    4.00000    3.00000  25.0%   542 16223s
 1463375 378054    3.00000   58  151    4.00000    3.00000  25.0%   542 16236s
 1466577 378692    3.00000   64  178    4.00000    3.00000  25.0%   541 16250s
 1470225 379866    3.00000   59  212    4.00000    3.00000  25.0%   541 16265s
 1476546 378882    3.00000   52  312    4.00000    3.00000  25.0%   539 16277s
 1480197 379103    3.00000   88   70    4.00000    3.00000  25.0%   539 16289s
 1486369 378058    3.00000   91  110    4.00000    3.00000  25.0%   537 16299s
 1491512 377007    3.00000   87   88    4.00000    3.00000  25.0%   536 16307s
 1495847 376191    3.00000   84   85    4.00000    3.00000  25.0%   535 16314s
 1499259 375294    3.00000   86   46    4.00000    3.00000  25.0%   534 16320s
 1501003 375135    3.00000   55  205    4.00000    3.00000  25.0%   534 16327s
 1502637 375233    3.00000   77  200    4.00000    3.00000  25.0%   533 16334s
 1504183 375257    3.00000   54  209    4.00000    3.00000  25.0%   533 16340s
 1505556 375326 infeasible   70         4.00000    3.00000  25.0%   533 16347s
 1507074 375483    3.00000   60  216    4.00000    3.00000  25.0%   533 16354s
 1508258 375088    3.00000   50  232    4.00000    3.00000  25.0%   533 16355s
 1508300 375830    3.00000   52  159    4.00000    3.00000  25.0%   533 16362s
 1509808 376232    3.00000   72  151    4.00000    3.00000  25.0%   533 16371s
 1511603 376415    3.00000   67  196    4.00000    3.00000  25.0%   532 16380s
 1513103 376972    3.00000   67  196    4.00000    3.00000  25.0%   532 16390s
 1515037 377311    3.00000   62  250    4.00000    3.00000  25.0%   532 16400s
 1516961 377750    3.00000   53  349    4.00000    3.00000  25.0%   532 16410s
 1518936 378187    3.00000   65  208    4.00000    3.00000  25.0%   532 16422s
 1521223 378640    3.00000   52  225    4.00000    3.00000  25.0%   532 16433s
 1523485 379469    3.00000   56  158    4.00000    3.00000  25.0%   532 16445s
 1526162 380133    3.00000   56  243    4.00000    3.00000  25.0%   531 16458s
 1528897 381191    3.00000   70  207    4.00000    3.00000  25.0%   531 16471s
 1532629 381738    3.00000   60  243    4.00000    3.00000  25.0%   531 16483s
 1535794 382181    3.00000   55  333    4.00000    3.00000  25.0%   530 16494s
 1538727 382632    3.00000   54  195    4.00000    3.00000  25.0%   530 16505s
 1541671 382817    3.00000   74  134    4.00000    3.00000  25.0%   530 16516s
 1543902 383716    3.00000   81  160    4.00000    3.00000  25.0%   530 16528s
 1547564 383863    3.00000   49  231    4.00000    3.00000  25.0%   529 16538s
 1550784 383780    3.00000   64  249    4.00000    3.00000  25.0%   529 16547s
 1552791 384126    3.00000   57  209    4.00000    3.00000  25.0%   529 16556s
 1554735 384538    3.00000   77  185    4.00000    3.00000  25.0%   528 16565s
 1556758 384980 infeasible   69         4.00000    3.00000  25.0%   528 16576s
 1559450 385059    3.00000   67  163    4.00000    3.00000  25.0%   528 16585s
 1561500 385538 infeasible   77         4.00000    3.00000  25.0%   528 16594s
 1564146 385825    3.00000   69  197    4.00000    3.00000  25.0%   528 16603s
 1566668 386104    3.00000   57  204    4.00000    3.00000  25.0%   527 16612s
 1569316 386166    3.00000   65  176    4.00000    3.00000  25.0%   527 16621s
 1571946 386114 infeasible   72         4.00000    3.00000  25.0%   527 16630s
 1574636 386102 infeasible   61         4.00000    3.00000  25.0%   526 16640s
 1577498 385831 infeasible   71         4.00000    3.00000  25.0%   526 16649s
 1579998 385861    3.00000   69  150    4.00000    3.00000  25.0%   526 16657s
 1583268 385307    3.00000   84  132    4.00000    3.00000  25.0%   525 16667s
 1586026 385099    3.00000   81   83    4.00000    3.00000  25.0%   525 16675s
 1588777 384736 infeasible   69         4.00000    3.00000  25.0%   524 16683s
 1591509 384320    3.00000   75  211    4.00000    3.00000  25.0%   524 16692s
 1593906 384190    3.00000   84   83    4.00000    3.00000  25.0%   523 16700s
 1596567 383875 infeasible   69         4.00000    3.00000  25.0%   523 16708s
 1599518 383323 infeasible   55         4.00000    3.00000  25.0%   523 16716s
 1601623 383067    3.00000   66  165    4.00000    3.00000  25.0%   522 16723s
 1603887 382722 infeasible   72         4.00000    3.00000  25.0%   522 16731s
 1606134 382415 infeasible   75         4.00000    3.00000  25.0%   522 16739s
 1608731 381985    3.00000   76  134    4.00000    3.00000  25.0%   521 16748s
 1611383 381234 infeasible   93         4.00000    3.00000  25.0%   521 16755s
 1613230 380851    3.00000   65  205    4.00000    3.00000  25.0%   521 16764s
 1615540 380306    3.00000   71  172    4.00000    3.00000  25.0%   521 16772s
 1617768 379683 infeasible   92         4.00000    3.00000  25.0%   520 16781s
 1620092 378897 infeasible   64         4.00000    3.00000  25.0%   520 16789s
 1622492 378167    3.00000   70  186    4.00000    3.00000  25.0%   520 16798s
 1625282 376978 infeasible   87         4.00000    3.00000  25.0%   519 16806s
 1627575 376044    3.00000   66  198    4.00000    3.00000  25.0%   519 16815s
 1629799 375437 infeasible   91         4.00000    3.00000  25.0%   518 16824s
 1632317 374503 infeasible   94         4.00000    3.00000  25.0%   518 16839s
 1640660 371445 infeasible   76         4.00000    3.00000  25.0%   516 16852s
 1653088 367112    3.00000   88  143    4.00000    3.00000  25.0%   513 16860s
 1661187 364452 infeasible   74         4.00000    3.00000  25.0%   511 16867s
 1667691 362288 infeasible   85         4.00000    3.00000  25.0%   509 16872s
 1672263 360725 infeasible   92         4.00000    3.00000  25.0%   508 16877s
 1677025 359170    3.00000   83  150    4.00000    3.00000  25.0%   506 16882s
 1681697 357628 infeasible   86         4.00000    3.00000  25.0%   505 16887s
 1685244 356444 infeasible   93         4.00000    3.00000  25.0%   504 16892s
 1688749 355345 infeasible   82         4.00000    3.00000  25.0%   503 16896s
 1691664 354403    3.00000   84   85    4.00000    3.00000  25.0%   502 16901s
 1696194 352893 infeasible   94         4.00000    3.00000  25.0%   501 16905s
 1699253 351796    3.00000   88   60    4.00000    3.00000  25.0%   500 16910s
 1706100 349579 infeasible   92         4.00000    3.00000  25.0%   499 16919s
 1709883 348289 infeasible   98         4.00000    3.00000  25.0%   498 16925s
 1713919 346987    3.00000   79   78    4.00000    3.00000  25.0%   497 16931s
 1718182 345411 infeasible   92         4.00000    3.00000  25.0%   496 16936s
 1723893 343518 infeasible   91         4.00000    3.00000  25.0%   494 16942s
 1728389 341941 infeasible   85         4.00000    3.00000  25.0%   493 16946s
 1730609 341195 infeasible   95         4.00000    3.00000  25.0%   493 16952s
 1736845 339054    3.00000   83   73    4.00000    3.00000  25.0%   491 16957s
 1740059 338117 infeasible   81         4.00000    3.00000  25.0%   490 16961s
 1742760 337233    3.00000   82  107    4.00000    3.00000  25.0%   489 16966s
 1745356 336350    3.00000   92   82    4.00000    3.00000  25.0%   489 16971s
 1747539 335346    3.00000   78   85    4.00000    3.00000  25.0%   488 16975s
 1749996 334455    3.00000   78  123    4.00000    3.00000  25.0%   488 16981s
 1755036 332667    3.00000   83  141    4.00000    3.00000  25.0%   487 16987s
 1758920 331571 infeasible   90         4.00000    3.00000  25.0%   486 16992s
 1761249 331135 infeasible   74         4.00000    3.00000  25.0%   485 16997s
 1763091 330656    3.00000   86  130    4.00000    3.00000  25.0%   485 17003s
 1767650 329148    3.00000  100  126    4.00000    3.00000  25.0%   484 17009s
 1770074 328507    3.00000   78  159    4.00000    3.00000  25.0%   484 17015s
 1772207 327865    3.00000   86  110    4.00000    3.00000  25.0%   483 17022s
 1775927 326649 infeasible  103         4.00000    3.00000  25.0%   482 17029s
 1779219 325532    3.00000   94   52    4.00000    3.00000  25.0%   482 17036s
 1783939 323693    3.00000   79  108    4.00000    3.00000  25.0%   481 17043s
 1786340 322690 infeasible   77         4.00000    3.00000  25.0%   480 17049s
 1788897 321822    3.00000   77   85    4.00000    3.00000  25.0%   480 17057s
 1792191 320579    3.00000   72  141    4.00000    3.00000  25.0%   479 17066s
 1794570 319934 infeasible   71         4.00000    3.00000  25.0%   479 17075s
 1799569 318372 infeasible   79         4.00000    3.00000  25.0%   478 17085s
 1805023 316526    3.00000   90  118    4.00000    3.00000  25.0%   477 17092s
 1807434 315694 infeasible   84         4.00000    3.00000  25.0%   476 17101s
 1812625 313758 infeasible   98         4.00000    3.00000  25.0%   475 17108s
 1814581 312983 infeasible   97         4.00000    3.00000  25.0%   475 17116s
 1817299 311813    3.00000   84   67    4.00000    3.00000  25.0%   474 17123s
 1819556 311145     cutoff   84         4.00000    3.00000  25.0%   474 17131s
 1822503 310021 infeasible   92         4.00000    3.00000  25.0%   474 17139s
 1824747 309120 infeasible   70         4.00000    3.00000  25.0%   473 17149s
 1828429 307724    3.00000   76  130    4.00000    3.00000  25.0%   473 17158s
 1831485 306451 infeasible   83         4.00000    3.00000  25.0%   472 17167s
 1834124 305453 infeasible   96         4.00000    3.00000  25.0%   472 17177s
 1837548 304191    3.00000   97   65    4.00000    3.00000  25.0%   472 17189s
 1842195 302293 infeasible  106         4.00000    3.00000  25.0%   471 17199s
 1844835 301279    3.00000   89   95    4.00000    3.00000  25.0%   471 17209s
 1847731 300313 infeasible   90         4.00000    3.00000  25.0%   470 17210s
 1848205 300060 infeasible   75         4.00000    3.00000  25.0%   470 17222s
 1852616 298460 infeasible   83         4.00000    3.00000  25.0%   470 17232s
 1855620 297304    3.00000   82  107    4.00000    3.00000  25.0%   469 17245s
 1859967 295690    3.00000   79  165    4.00000    3.00000  25.0%   469 17256s
 1863327 294358    3.00000   88  172    4.00000    3.00000  25.0%   468 17266s
 1865893 293532    3.00000   81  158    4.00000    3.00000  25.0%   468 17277s
 1869652 292194 infeasible   89         4.00000    3.00000  25.0%   467 17288s
 1873659 290584    3.00000   71  128    4.00000    3.00000  25.0%   467 17299s
 1876638 289512 infeasible   84         4.00000    3.00000  25.0%   467 17311s
 1880411 288257    3.00000   88  130    4.00000    3.00000  25.0%   466 17325s
 1884499 286567     cutoff  104         4.00000    3.00000  25.0%   466 17336s
 1887722 285417    3.00000   79  101    4.00000    3.00000  25.0%   465 17350s
 1892070 283954    3.00000   74  134    4.00000    3.00000  25.0%   465 17361s
 1895285 282731    3.00000   94  147    4.00000    3.00000  25.0%   464 17372s
 1898248 281602    3.00000   81   92    4.00000    3.00000  25.0%   464 17384s
 1902671 279956    3.00000   86  147    4.00000    3.00000  25.0%   463 17396s
 1906644 278501    3.00000   76  156    4.00000    3.00000  25.0%   463 17407s
 1909713 277436    3.00000   73   73    4.00000    3.00000  25.0%   463 17420s
 1915057 275576    3.00000   76  139    4.00000    3.00000  25.0%   462 17434s
 1921507 273325 infeasible   77         4.00000    3.00000  25.0%   461 17443s
 1924108 272297    3.00000   85   78    4.00000    3.00000  25.0%   460 17452s
 1926426 271494 infeasible   89         4.00000    3.00000  25.0%   460 17462s
 1929004 270444    3.00000   99   95    4.00000    3.00000  25.0%   460 17474s
 1933019 268931 infeasible   97         4.00000    3.00000  25.0%   459 17485s
 1936065 267834    3.00000   82  131    4.00000    3.00000  25.0%   459 17495s
 1938803 266885 infeasible   93         4.00000    3.00000  25.0%   459 17506s
 1942636 265575    3.00000   74  119    4.00000    3.00000  25.0%   458 17518s
 1945289 264620    3.00000   97   76    4.00000    3.00000  25.0%   458 17529s
 1948792 263412 infeasible   89         4.00000    3.00000  25.0%   458 17541s
 1952538 262049 infeasible   82         4.00000    3.00000  25.0%   457 17553s
 1956313 260635    3.00000   85  115    4.00000    3.00000  25.0%   457 17564s
 1957856 260121 infeasible   88         4.00000    3.00000  25.0%   457 17565s
 1959318 259485    3.00000   89   90    4.00000    3.00000  25.0%   457 17578s
 1963348 257928    3.00000   82  147    4.00000    3.00000  25.0%   456 17592s
 1967034 256638 infeasible   82         4.00000    3.00000  25.0%   456 17604s
 1970070 256582 infeasible   87         4.00000    3.00000  25.0%   456 17624s
*1970519 37860             124       3.0000000    3.00000  0.00%   456 17626s

Cutting planes:
  Learned: 493
  Gomory: 24
  Lift-and-project: 2
  Implied bound: 38
  MIR: 328
  Flow cover: 4278
  Inf proof: 2
  Zero half: 51
  RLT: 680
  Relax-and-lift: 10

Explored 1981112 nodes (899102050 simplex iterations) in 17627.08 seconds (7650.34 work units)
Thread count was 24 (of 24 available processors)

Solution count 9: 3 3 4 ... 18

Optimal solution found (tolerance 1.00e-04)
Best objective 3.000000000000e+00, best bound 3.000000000000e+00, gap 0.0000%
