
Gurobi 10.0.1 (linux64) logging started Tue Jul 25 11:08:22 2023

Set parameter LogFile to value "Reales_mo_0.4.log"
Gurobi Optimizer version 10.0.1 build v10.0.1rc0 (linux64)

CPU model: AMD Opteron(tm) Processor 6174, instruction set [SSE2]
Thread count: 24 physical cores, 24 logical processors, using up to 24 threads

Optimize a model with 30176 rows, 16845 columns and 93413 nonzeros
Model fingerprint: 0x30e95e2f
Model has 9535 quadratic constraints
Variable types: 5462 continuous, 11383 integer (11340 binary)
Coefficient statistics:
  Matrix range     [1e+00, 1e+04]
  QMatrix range    [1e+00, 1e+00]
  QLMatrix range   [1e+00, 2e+01]
  Objective range  [1e+00, 1e+00]
  Bounds range     [1e+00, 1e+00]
  RHS range        [1e+00, 1e+04]
Presolve removed 11431 rows and 3657 columns
Presolve time: 0.79s
Presolved: 24206 rows, 14952 columns, 89243 nonzeros
Presolved model has 4746 quadratic constraint(s)
Presolved model has 1806 bilinear constraint(s)
Variable types: 5335 continuous, 9617 integer (9574 binary)

Root relaxation: objective 1.000000e+00, 2074 iterations, 0.18 seconds (0.06 work units)

    Nodes    |    Current Node    |     Objective Bounds      |     Work
 Expl Unexpl |  Obj  Depth IntInf | Incumbent    BestBd   Gap | It/Node Time

     0     0    1.00000    0   51          -    1.00000      -     -    1s
     0     0    2.00000    0  138          -    2.00000      -     -   10s
     0     0    2.00000    0  113          -    2.00000      -     -   10s
     0     0    2.00000    0  219          -    2.00000      -     -   11s
     0     0    2.00000    0  171          -    2.00000      -     -   12s
     0     0    2.00000    0   43          -    2.00000      -     -   13s
     0     0    2.00000    0   70          -    2.00000      -     -   13s
     0     0    2.00000    0   43          -    2.00000      -     -   14s
     0     0    2.00000    0  115          -    2.00000      -     -   15s
     0     0    2.00000    0   44          -    2.00000      -     -   16s
     0     0    2.00000    0  135          -    2.00000      -     -   17s
     0     0    2.00000    0   56          -    2.00000      -     -   24s
     0     0    2.00000    0  147          -    2.00000      -     -   26s
     0     0    2.00000    0   42          -    2.00000      -     -   28s
     0     0    2.00000    0   37          -    2.00000      -     -   29s
     0     0    2.00000    0   58          -    2.00000      -     -   34s
     0     0    2.00000    0   49          -    2.00000      -     -   42s
     0     0    2.00000    0   70          -    2.00000      -     -   46s
     0     0    2.00000    0   76          -    2.00000      -     -   48s
     0     0    2.00000    0  105          -    2.00000      -     -   52s
     0     0    2.00000    0   82          -    2.00000      -     -   54s
     0     0    2.00000    0   67          -    2.00000      -     -   57s
     0     0    2.00000    0   80          -    2.00000      -     -   59s
     0     0    2.00000    0   44          -    2.00000      -     -   60s
     0     0    2.00000    0  133          -    2.00000      -     -   63s
     0     0    2.00000    0   44          -    2.00000      -     -   65s
     0     0    2.00000    0   83          -    2.00000      -     -   67s
     0     0    2.00000    0   44          -    2.00000      -     -   69s
     0     0    2.00000    0   43          -    2.00000      -     -   71s
     0     0    2.00000    0   66          -    2.00000      -     -   73s
     0     0    2.00000    0   66          -    2.00000      -     -   76s
     0     0    2.00000    0   66          -    2.00000      -     -   79s
     0     0    2.00000    0   86          -    2.00000      -     -   84s
     0     0    2.00000    0   44          -    2.00000      -     -   86s
     0     0    2.00000    0   44          -    2.00000      -     -   89s
     0     0    2.00000    0   62          -    2.00000      -     -   91s
     0     0    2.00000    0   68          -    2.00000      -     -   96s
     0     0    2.00000    0   61          -    2.00000      -     -  100s
     0     0    2.00000    0   78          -    2.00000      -     -  104s
     0     0    2.00000    0   55          -    2.00000      -     -  109s
     0     0    2.00000    0   48          -    2.00000      -     -  113s
     0     0    2.00000    0   65          -    2.00000      -     -  115s
     0     0    2.00000    0   68          -    2.00000      -     -  119s
     0     0    2.00000    0   43          -    2.00000      -     -  121s
     0     0    2.00000    0   69          -    2.00000      -     -  125s
     0     0    2.00000    0   58          -    2.00000      -     -  128s
     0     0    2.00000    0   52          -    2.00000      -     -  131s
     0     0    2.00000    0   43          -    2.00000      -     -  133s
     0     0    2.00000    0   60          -    2.00000      -     -  136s
     0     0    2.00000    0   50          -    2.00000      -     -  139s
     0     0    2.00000    0   45          -    2.00000      -     -  140s
     0     0    2.00000    0   76          -    2.00000      -     -  144s
     0     0    2.00000    0   70          -    2.00000      -     -  147s
     0     0    2.00000    0   87          -    2.00000      -     -  150s
     0     0    2.00000    0   54          -    2.00000      -     -  152s
     0     0    2.00000    0   44          -    2.00000      -     -  154s
     0     0    2.00000    0   78          -    2.00000      -     -  156s
     0     0    2.00000    0   42          -    2.00000      -     -  157s
     0     0    2.00000    0   43          -    2.00000      -     -  158s
     0     0    2.00000    0   50          -    2.00000      -     -  161s
     0     0    2.00000    0   82          -    2.00000      -     -  164s
     0     0    2.00000    0   41          -    2.00000      -     -  166s
     0     0    2.00000    0   56          -    2.00000      -     -  168s
     0     0    2.00000    0   54          -    2.00000      -     -  172s
     0     0    2.00000    0   54          -    2.00000      -     -  177s
     0     0    2.00000    0   43          -    2.00000      -     -  178s
     0     0    2.00000    0   64          -    2.00000      -     -  182s
     0     0    2.00000    0   51          -    2.00000      -     -  185s
     0     0    2.00000    0   44          -    2.00000      -     -  188s
     0     0    2.00000    0   44          -    2.00000      -     -  190s
     0     0    2.00000    0   60          -    2.00000      -     -  195s
     0     0    2.00000    0   63          -    2.00000      -     -  197s
     0     0    2.00000    0   54          -    2.00000      -     -  200s
     0     0    2.00000    0   78          -    2.00000      -     -  205s
     0     0    2.00000    0   77          -    2.00000      -     -  206s
     0     0    2.00000    0   67          -    2.00000      -     -  208s
     0     0    2.00000    0   44          -    2.00000      -     -  210s
     0     0    2.00000    0   68          -    2.00000      -     -  213s
     0     0    2.00000    0   50          -    2.00000      -     -  216s
     0     0    2.00000    0   58          -    2.00000      -     -  219s
     0     0    2.00000    0   54          -    2.00000      -     -  220s
     0     0    2.00000    0   49          -    2.00000      -     -  222s
     0     0    2.00000    0   38          -    2.00000      -     -  225s
     0     0    2.00000    0   62          -    2.00000      -     -  229s
     0     0    2.00000    0   76          -    2.00000      -     -  231s
     0     0    2.00000    0   44          -    2.00000      -     -  234s
     0     0    2.00000    0   80          -    2.00000      -     -  237s
     0     0    2.00000    0  117          -    2.00000      -     -  238s
     0     0    2.00000    0   43          -    2.00000      -     -  239s
     0     0    2.00000    0   49          -    2.00000      -     -  243s
     0     0    2.00000    0   73          -    2.00000      -     -  246s
     0     0    2.00000    0   49          -    2.00000      -     -  249s
     0     0    2.00000    0   44          -    2.00000      -     -  250s
     0     0    2.00000    0   50          -    2.00000      -     -  251s
     0     0    2.00000    0   42          -    2.00000      -     -  253s
     0     0    2.00000    0   44          -    2.00000      -     -  254s
     0     0    2.00000    0   75          -    2.00000      -     -  254s
     0     0    2.00000    0   52          -    2.00000      -     -  255s
     0     0    2.00000    0   72          -    2.00000      -     -  257s
     0     0    2.00000    0   52          -    2.00000      -     -  258s
     0     0    2.00000    0   73          -    2.00000      -     -  259s
     0     0    2.00000    0   57          -    2.00000      -     -  262s
     0     0    2.00000    0   57          -    2.00000      -     -  265s
     0     0    2.00000    0   66          -    2.00000      -     -  267s
     0     0    2.00000    0   72          -    2.00000      -     -  269s
     0     0    2.00000    0   60          -    2.00000      -     -  273s
     0     0    2.00000    0   52          -    2.00000      -     -  276s
     0     2    3.00000    0   52          -    3.00000      -     -  287s
    15    32    3.00000    4  181          -    3.00000      -   894  291s
    55    80    3.00000    6  226          -    3.00000      -  1966  297s
   103   128    3.00000    8  207          -    3.00000      -  1877  301s
   152   181    3.00000    9  231          -    3.00000      -  1798  309s
   180   229    3.00000   10  187          -    3.00000      -  1896  315s
   228   351    3.00000   10  169          -    3.00000      -  2421  321s
   350   668    3.00000   11  204          -    3.00000      -  2359  582s
   678  1542    3.00000   15  217          -    3.00000      -  1991  673s
  1916  3463 infeasible   18               -    3.00000      -  1155  744s
H 2971  3463                      42.0000000    3.00000  92.9%   901  744s
  4861  3463    3.00000   16    8   42.00000    3.00000  92.9%   710  820s
  4863  3464    3.00000   22   40   42.00000    3.00000  92.9%   710  826s
  4865  3466    3.00000   34  165   42.00000    3.00000  92.9%   710  830s
  4867  3467    3.00000   30  157   42.00000    3.00000  92.9%   709  836s
  4868  3468    3.00000   26   79   42.00000    3.00000  92.9%   709  840s
  4870  3469    3.00000   29   49   42.00000    3.00000  92.9%   709  845s
  4872  3470    3.00000   33   67   42.00000    3.00000  92.9%   709  851s
  4874  3472    3.00000    7   71   42.00000    3.00000  92.9%   708  864s
  4875  3472    3.00000   63  156   42.00000    3.00000  92.9%   708  866s
H 4875  3298                      41.0000000    3.00000  92.7%   708  869s
  4877  3300    3.00000   26  201   41.00000    3.00000  92.7%   708  870s
  4879  3301    3.00000   27  204   41.00000    3.00000  92.7%   708  878s
  4880  3302    3.00000   19  103   41.00000    3.00000  92.7%   707  887s
  4881  3302    3.00000   28  130   41.00000    3.00000  92.7%   707  890s
  4882  3303    3.00000   15  114   41.00000    3.00000  92.7%   707  899s
  4883  3304    4.00000   46   63   41.00000    3.00000  92.7%   707  903s
  4885  3308    3.00000   15  236   41.00000    3.00000  92.7%   737  907s
  4899  3331    3.00000   18  216   41.00000    3.00000  92.7%   739  911s
  4939  3366    3.00000   20  243   41.00000    3.00000  92.7%   743  915s
  5011  3414    3.00000   21  196   41.00000    3.00000  92.7%   753  921s
  5035  3431    3.00000   22  216   41.00000    3.00000  92.7%   755  928s
  5060  3450    3.00000   22  204   41.00000    3.00000  92.7%   788  936s
  5087  3501    3.00000   23  211   41.00000    3.00000  92.7%   798  945s
  5147  3641    3.00000   24  168   41.00000    3.00000  92.7%   816  954s
  5319  4101    3.00000   26  196   41.00000    3.00000  92.7%   823  966s
  5992  4299    3.00000   32  180   41.00000    3.00000  92.7%   792  988s
  6490  5182    3.00000   38   91   41.00000    3.00000  92.7%   772 1007s
  7918  5638    3.00000   47  111   41.00000    3.00000  92.7%   691 1025s
  9347  5721    3.25273   63  137   41.00000    3.00000  92.7%   634 1048s
 10189  6139    3.00000   49  206   41.00000    3.00000  92.7%   616 1088s
 11193  7010 infeasible   65        41.00000    3.00000  92.7%   592 1127s
 13398  6889    3.00000   48  213   41.00000    3.00000  92.7%   541 1164s
 14468  7697    3.00000   53  172   41.00000    3.00000  92.7%   528 1197s
 16609  8039 infeasible   52        41.00000    3.00000  92.7%   498 1229s
 17490  9009    3.00000   27  211   41.00000    3.00000  92.7%   497 1267s
H19182  9706                      38.0000000    3.00000  92.1%   487 1307s
H19354  9696                      36.0000000    3.00000  91.7%   486 1307s
H20176  9672                      35.0000000    3.00000  91.4%   476 1308s
H20360  9640                      32.0000000    3.00000  90.6%   479 1308s
 20456 10245    3.00000   56  123   32.00000    3.00000  90.6%   480 1347s
 21872 11151 infeasible   58        32.00000    3.00000  90.6%   482 1384s
 23140 12538    3.00000   60  107   32.00000    3.00000  90.6%   482 1411s
 25388 13848    3.00000   39  208   32.00000    3.00000  90.6%   477 1437s
 27345 14593    3.00000   53  139   32.00000    3.00000  90.6%   480 1463s
 28413 16262    3.00000   29  234   32.00000    3.00000  90.6%   482 1496s
 31070 17808 infeasible   59        32.00000    3.00000  90.6%   480 1530s
 33615 19854    3.00000   50  143   32.00000    3.00000  90.6%   477 1563s
 36775 21153 infeasible   93        32.00000    3.00000  90.6%   467 1601s
 38593 24152    8.00000  145  104   32.00000    3.00000  90.6%   465 1662s
 42795 26451 infeasible   60        32.00000    3.00000  90.6%   447 1698s
 46396 27474 infeasible   40        32.00000    3.00000  90.6%   437 1734s
 46579 27474    3.00000   63  106   32.00000    3.00000  90.6%   438 1735s
 48193 29235    3.00000   41  209   32.00000    3.00000  90.6%   438 1781s
 51219 30410    4.00126   81  114   32.00000    3.00000  90.6%   437 1822s
 53357 32492 infeasible   70        32.00000    3.00000  90.6%   436 1866s
 56945 33911    3.00000   43  200   32.00000    3.00000  90.6%   435 1965s
 59153 35679    3.00000   27  215   32.00000    3.00000  90.6%   433 2026s
 62772 38318    3.00000   37  222   32.00000    3.00000  90.6%   429 2079s
 66956 41512    3.00000   32  185   32.00000    3.00000  90.6%   430 2147s
H71028 41334                      29.0000000    3.00000  89.7%   430 2148s
 71435 42608    3.00000   25  261   29.00000    3.00000  89.7%   429 2191s
 73216 46400    4.00000   59   85   29.00000    3.00000  89.7%   431 2250s
 78593 48956    3.00000   49  189   29.00000    3.00000  89.7%   426 2298s
 82401 51375    3.00000   47  157   29.00000    3.00000  89.7%   427 2345s
 85932 53485 infeasible   37        29.00000    3.00000  89.7%   428 2398s
 88777 55981    3.00000   35  196   29.00000    3.00000  89.7%   428 2456s
 92433 58575 infeasible   70        29.00000    3.00000  89.7%   430 2511s
 96467 60739    3.00000   31  322   29.00000    3.00000  89.7%   432 2565s
 99835 62448    4.00000   54  183   29.00000    3.00000  89.7%   436 2619s
 102490 64932    3.00000   40  185   29.00000    3.00000  89.7%   438 2670s
 106440 67017    4.00000   45  176   29.00000    3.00000  89.7%   440 2727s
 109731 70580 infeasible   58        29.00000    3.00000  89.7%   440 2784s
 115077 70580    3.00000   38  241   29.00000    3.00000  89.7%   436 2785s
 115241 75159    3.00000   29  239   29.00000    3.00000  89.7%   436 2849s
 115473 75159    6.00000   69  173   29.00000    3.00000  89.7%   436 2850s
 122825 77039    4.00000   61  178   29.00000    3.00000  89.7%   424 2905s
 126207 79476    3.00000   68  121   29.00000    3.00000  89.7%   420 2948s
 130401 82157    3.00000   44  176   29.00000    3.00000  89.7%   416 2994s
 133201 82157 infeasible   40        29.00000    3.00000  89.7%   414 2995s
 134780 83902    3.00000   53  157   29.00000    3.00000  89.7%   412 3038s
 137627 85635    3.00000   58  132   29.00000    3.00000  89.7%   410 3073s
 140364 87939    3.00000   34  174   29.00000    3.00000  89.7%   411 3112s
 143907 89090 infeasible   32        29.00000    3.00000  89.7%   411 3159s
 146225 91413    3.00000   54  150   29.00000    3.00000  89.7%   411 3205s
 150121 93088    3.00000   35  293   29.00000    3.00000  89.7%   410 3260s
 152676 95273    3.16467   42  175   29.00000    3.00000  89.7%   410 3304s
 154570 95273 infeasible   46        29.00000    3.00000  89.7%   411 3305s
 156265 97547    3.00000   50  164   29.00000    3.00000  89.7%   412 3348s
 160133 99388    3.00000   49  165   29.00000    3.00000  89.7%   412 3408s
 163040 102012    3.00000   37  225   29.00000    3.00000  89.7%   411 3458s
 167143 104308    3.00000   44  174   29.00000    3.00000  89.7%   411 3503s
 170919 105667 infeasible   36        29.00000    3.00000  89.7%   412 3553s
 173047 107942    3.00000   40  199   29.00000    3.00000  89.7%   414 3608s
 176867 109743 infeasible   84        29.00000    3.00000  89.7%   415 3666s
 179959 112174    3.00000   42  217   29.00000    3.00000  89.7%   415 3739s
 181576 112174    3.00000   34  207   29.00000    3.00000  89.7%   416 3740s
 183531 113966    4.00000   47  199   29.00000    3.00000  89.7%   418 3792s
 187042 115609    8.00000   70  132   29.00000    3.00000  89.7%   421 3863s
 190055 119064 infeasible   77        29.00000    3.00000  89.7%   421 3923s
 195461 122261    3.00000   44  196   29.00000    3.00000  89.7%   420 3977s
 200570 123865    3.00000   35  202   29.00000    3.00000  89.7%   419 4027s
 202918 126353    3.00000   44  167   29.00000    3.00000  89.7%   420 4076s
 207284 128437    3.00000   34  195   29.00000    3.00000  89.7%   419 4135s
 210552 131738    6.16530   60  208   29.00000    3.00000  89.7%   418 4195s
 216051 133863    6.50000   84   99   29.00000    3.00000  89.7%   415 4245s
 220414 136119    4.00000   59  154   29.00000    3.00000  89.7%   413 4289s
 221089 136119    3.30749   51  234   29.00000    3.00000  89.7%   413 4290s
 223998 137786 infeasible   77        29.00000    3.00000  89.7%   413 4340s
 226686 140321    3.00000   58  141   29.00000    3.00000  89.7%   412 4386s
 230638 142256    4.00000   55  181   29.00000    3.00000  89.7%   412 4429s
 233738 144257    4.00000   53  211   29.00000    3.00000  89.7%   413 4501s
 236932 146518    4.00000   52  163   29.00000    3.00000  89.7%   412 4549s
 240688 148620 infeasible   31        29.00000    3.00000  89.7%   413 4594s
 243410 148620    5.99992   88  109   29.00000    3.00000  89.7%   414 4595s
 243892 149794    5.03259   55  109   29.00000    3.00000  89.7%   415 4640s
 245684 152583    4.00000   53  186   29.00000    3.00000  89.7%   415 4694s
 250012 154710    4.00000   52  189   29.00000    3.00000  89.7%   416 4745s
 253530 157214    3.00000   37  260   29.00000    3.00000  89.7%   417 4797s
 257417 160007    3.00000   29  228   29.00000    3.00000  89.7%   418 4856s
 261657 161079 infeasible   81        29.00000    3.00000  89.7%   418 4907s
 263313 163552    6.00000   77   89   29.00000    3.00000  89.7%   419 4961s
 267249 165750    4.00000   58  197   29.00000    3.00000  89.7%   420 5012s
 270804 168366    3.00000   27  224   29.00000    3.00000  89.7%   421 5067s
 274911 170806    3.00000   38  162   29.00000    3.00000  89.7%   422 5121s
 278320 173447    3.00000   34  272   29.00000    3.00000  89.7%   422 5202s
 282075 174846    4.00000   57  169   29.00000    3.00000  89.7%   423 5256s
 284082 178068    3.00000   39  175   29.00000    3.00000  89.7%   424 5314s
 288977 180432    3.00000   46  147   29.00000    3.00000  89.7%   424 5368s
 292852 182355    3.00000   48  159   29.00000    3.00000  89.7%   425 5423s
 295912 184827 infeasible   59        29.00000    3.00000  89.7%   427 5476s
 299825 186478 infeasible   57        29.00000    3.00000  89.7%   428 5536s
 302567 189796    4.00000   49  144   29.00000    3.00000  89.7%   428 5612s
 307228 192482    8.00000  120  107   29.00000    3.00000  89.7%   429 5666s
 311323 194647    5.00000   75  143   29.00000    3.00000  89.7%   429 5723s
 314292 198036    3.00000   40  207   29.00000    3.00000  89.7%   430 5780s
 318999 200126    6.33614   87  181   29.00000    3.00000  89.7%   429 5836s
 322360 201728 infeasible   30        29.00000    3.00000  89.7%   431 5887s
 324921 205314    3.00000   43  207   29.00000    3.00000  89.7%   431 5942s
 329745 207693    5.00000   78  155   29.00000    3.00000  89.7%   431 5995s
 333299 209495   11.00000  180   71   29.00000    3.00000  89.7%   432 6053s
 336204 211420    4.00000   49  175   29.00000    3.00000  89.7%   433 6113s
 339284 214065    3.00000   19  201   29.00000    3.00000  89.7%   434 6178s
 343131 215270    3.03387   57  177   29.00000    3.00000  89.7%   435 6281s
 345241 217637    3.00000   40  219   29.00000    3.00000  89.7%   437 6347s
 349172 219782 infeasible   59        29.00000    3.00000  89.7%   438 6419s
 352547 224339    3.00000   39  194   29.00000    3.00000  89.7%   439 6488s
 358738 226384 infeasible   70        29.00000    3.00000  89.7%   437 6607s
 362454 228183 infeasible   62        29.00000    3.00000  89.7%   438 6668s
 365449 230894 infeasible   29        29.00000    3.00000  89.7%   438 6744s
 369885 232298    3.00000   35  294   29.00000    3.00000  89.7%   438 6798s
H371783 232187                      27.0000000    3.00000  88.9%   439 6799s
 372334 233790 infeasible   50        27.00000    3.00000  88.9%   439 6866s
 375441 235987 infeasible   33        27.00000    3.00000  88.9%   440 6929s
 379158 237515    5.00000   55  147   27.00000    3.00000  88.9%   441 6997s
 381778 240266    3.00000   42  205   27.00000    3.00000  88.9%   442 7108s
 386505 241997    3.00000   44  217   27.00000    3.00000  88.9%   443 7177s
 389393 244107    6.00000   62  202   27.00000    3.00000  88.9%   443 7245s
 393399 246100 infeasible   81        27.00000    3.00000  88.9%   444 7319s
 396786 248256    3.00000   40  215   27.00000    3.00000  88.9%   446 7399s
 400530 251073    3.00000   39  209   27.00000    3.00000  88.9%   446 7471s
 405156 253005    3.00000   43  226   27.00000    3.00000  88.9%   447 7552s
 407929 255257    3.02254   54  219   27.00000    3.00000  88.9%   448 7619s
 412219 257677    3.00000   42  242   27.00000    3.00000  88.9%   449 7688s
 416818 260120    6.00000  102   91   27.00000    3.00000  88.9%   449 7761s
 420297 262752    3.00000   46  125   27.00000    3.00000  88.9%   449 7831s
*424640 213803             165       6.0000000    3.00000  50.0%   449 7833s
 424764 215205    3.00000   43  169    6.00000    3.00000  50.0%   449 7897s
 428470 217119    3.00000   32  307    6.00000    3.00000  50.0%   450 7963s
 431805 219200 infeasible   53         6.00000    3.00000  50.0%   451 8029s
 435497 221872    3.00000   37  176    6.00000    3.00000  50.0%   451 8091s
 439971 223995 infeasible   64         6.00000    3.00000  50.0%   452 8150s
 443446 226149    3.00000   35  293    6.00000    3.00000  50.0%   452 8208s
 447223 227803 infeasible   60         6.00000    3.00000  50.0%   452 8271s
 450103 230379    5.00000   65  147    6.00000    3.00000  50.0%   453 8335s
 454814 232243    3.00000   58  150    6.00000    3.00000  50.0%   453 8401s
 458174 235399    3.00000   37  282    6.00000    3.00000  50.0%   453 8462s
 464063 237638    3.00000   37  181    6.00000    3.00000  50.0%   452 8519s
 468357 240361 infeasible   38         6.00000    3.00000  50.0%   452 8570s
 473839 241933    4.00000   61  160    6.00000    3.00000  50.0%   450 8617s
 477062 243859    3.00000   38  211    6.00000    3.00000  50.0%   450 8661s
 481024 245382 infeasible   39         6.00000    3.00000  50.0%   449 8712s
 483871 247134    3.00000   48  204    6.00000    3.00000  50.0%   449 8759s
 486993 248857    3.00359   44  249    6.00000    3.00000  50.0%   449 8806s
 490260 250289    4.00000   69  122    6.00000    3.00000  50.0%   450 8865s
 493114 252351    3.00000   34  159    6.00000    3.00000  50.0%   450 8918s
 496724 253861    3.00000   53   94    6.00000    3.00000  50.0%   450 8967s
 499456 255767    3.00000   53  109    6.00000    3.00000  50.0%   450 9021s
 502994 257512 infeasible   61         6.00000    3.00000  50.0%   451 9076s
 505906 260044    4.07817   61  260    6.00000    3.00000  50.0%   451 9132s
 510124 261707    3.00000   40  189    6.00000    3.00000  50.0%   451 9192s
 513412 264173    5.00000   68   87    6.00000    3.00000  50.0%   451 9253s
 518630 265785    3.00000   35  190    6.00000    3.00000  50.0%   451 9308s
 521626 267488    5.00000   85   86    6.00000    3.00000  50.0%   451 9393s
 524733 269716    4.00000   48  211    6.00000    3.00000  50.0%   451 9449s
 528397 271246 infeasible   60         6.00000    3.00000  50.0%   452 9506s
 530947 273069    3.00000   60   81    6.00000    3.00000  50.0%   452 9579s
 534335 275515    5.00000   67  113    6.00000    3.00000  50.0%   453 9644s
*536429 230574             103       5.0000000    3.00000  40.0%   453 9645s
 538521 231827    3.00000   35  195    5.00000    3.00000  40.0%   453 9722s
 541613 234012    3.00000   35  244    5.00000    3.00000  40.0%   454 9809s
 543478 234012    3.00000   50  195    5.00000    3.00000  40.0%   454 9810s
 546001 236050    3.00000   48  159    5.00000    3.00000  40.0%   454 9873s
 549532 237751 infeasible   35         5.00000    3.00000  40.0%   455 9930s
 552758 240123    3.00000   36  239    5.00000    3.00000  40.0%   455 9994s
 553332 240123    3.00000   45  206    5.00000    3.00000  40.0%   455 9995s
 557070 241800 infeasible   43         5.00000    3.00000  40.0%   456 10053s
 560426 243746 infeasible   62         5.00000    3.00000  40.0%   456 10121s
 564272 245700 infeasible   30         5.00000    3.00000  40.0%   456 10188s
 568600 247890 infeasible   44         5.00000    3.00000  40.0%   456 10245s
 572911 249682 infeasible   56         5.00000    3.00000  40.0%   456 10299s
 576118 251724 infeasible   43         5.00000    3.00000  40.0%   457 10358s
 579800 253430    3.00000   33  305    5.00000    3.00000  40.0%   457 10419s
 582918 255076    4.00000   46  171    5.00000    3.00000  40.0%   458 10488s
 586037 257582    3.00000   48  123    5.00000    3.00000  40.0%   458 10549s
 590275 259437    4.00000   57  186    5.00000    3.00000  40.0%   458 10619s
 593468 261074    3.52721   43  200    5.00000    3.00000  40.0%   459 10705s
 596609 263083    3.00000   58  136    5.00000    3.00000  40.0%   460 10775s
 600348 265199    3.00000   35  299    5.00000    3.00000  40.0%   460 10839s
*600453 173000             103       4.0000000    3.00000  25.0%   460 10841s
 604206 172344    3.00000   46    8    4.00000    3.00000  25.0%   460 10851s
 604213 172349    3.00000   44  103    4.00000    3.00000  25.0%   460 10855s
 604221 172354    3.00000   43   91    4.00000    3.00000  25.0%   460 10861s
 604301 172432    3.00000   34  239    4.00000    3.00000  25.0%   460 10865s
 604455 172572    3.00000   38  188    4.00000    3.00000  25.0%   460 10870s
 604672 172949    3.00000   41  184    4.00000    3.00000  25.0%   460 10875s
 605101 173341    3.00000   44  146    4.00000    3.00000  25.0%   461 10880s
 606328 173567 infeasible   65         4.00000    3.00000  25.0%   461 10885s
 607192 173818    3.00000   72  161    4.00000    3.00000  25.0%   461 10890s
 608422 174033 infeasible   46         4.00000    3.00000  25.0%   460 10896s
 610309 173865 infeasible   68         4.00000    3.00000  25.0%   460 10902s
 611813 173775 infeasible   73         4.00000    3.00000  25.0%   459 10907s
 613025 173903    3.00000   56  231    4.00000    3.00000  25.0%   459 10912s
 614413 173775    3.00000   51  240    4.00000    3.00000  25.0%   459 10918s
 615525 173919    3.00000   77  119    4.00000    3.00000  25.0%   459 10923s
 617203 173864 infeasible   79         4.00000    3.00000  25.0%   459 10929s
 619107 173372    3.00000   67  122    4.00000    3.00000  25.0%   458 10935s
 620641 173203 infeasible   81         4.00000    3.00000  25.0%   458 10941s
 622365 172927    3.00000   74  144    4.00000    3.00000  25.0%   458 10948s
 623975 172706 infeasible   71         4.00000    3.00000  25.0%   458 10954s
 625259 172895 infeasible   64         4.00000    3.00000  25.0%   458 10960s
 626591 173132    3.00000   42  344    4.00000    3.00000  25.0%   458 10967s
 627866 173610 infeasible   49         4.00000    3.00000  25.0%   457 10974s
 629567 173892 infeasible   67         4.00000    3.00000  25.0%   457 10982s
 631230 174735    3.00000   39  200    4.00000    3.00000  25.0%   457 10992s
 634281 174528    3.00000   37  259    4.00000    3.00000  25.0%   457 11000s
 635770 175006    3.00000   61  166    4.00000    3.00000  25.0%   457 11008s
 637523 175197    3.00000   56  163    4.00000    3.00000  25.0%   457 11018s
 639201 175856    3.00000   38  207    4.00000    3.00000  25.0%   457 11028s
 641625 176228    3.00000   67  164    4.00000    3.00000  25.0%   457 11040s
 643943 176931 infeasible   73         4.00000    3.00000  25.0%   457 11052s
 646528 177597    3.00000   59   64    4.00000    3.00000  25.0%   457 11067s
 649459 178508    3.00000   37  247    4.00000    3.00000  25.0%   457 11082s
 653578 178400    3.00000   61  198    4.00000    3.00000  25.0%   457 11097s
 656507 179045 infeasible   53         4.00000    3.00000  25.0%   457 11110s
 659638 179476 infeasible   44         4.00000    3.00000  25.0%   457 11128s
*660575 148046              97       3.0000000    3.00000  0.00%   457 11128s

Cutting planes:
  Learned: 278
  Gomory: 16
  Lift-and-project: 1
  Implied bound: 29
  Clique: 5
  MIR: 242
  Flow cover: 2884
  Inf proof: 2
  Zero half: 41
  Mod-K: 1
  RLT: 491
  Relax-and-lift: 17

Explored 662380 nodes (303279836 simplex iterations) in 11128.59 seconds (4815.22 work units)
Thread count was 24 (of 24 available processors)

Solution count 10: 3 4 5 ... 38

Optimal solution found (tolerance 1.00e-04)
Warning: max constraint violation (1.8838e-06) exceeds tolerance
Best objective 3.000000000000e+00, best bound 3.000000000000e+00, gap 0.0000%
