
Gurobi 10.0.1 (linux64) logging started Tue Jul 25 10:34:25 2023

Set parameter LogFile to value "Reales_mo_0.2.log"
Gurobi Optimizer version 10.0.1 build v10.0.1rc0 (linux64)

CPU model: AMD Opteron(tm) Processor 6174, instruction set [SSE2]
Thread count: 24 physical cores, 24 logical processors, using up to 24 threads

Optimize a model with 30176 rows, 16845 columns and 93413 nonzeros
Model fingerprint: 0x01b45e00
Model has 9535 quadratic constraints
Variable types: 5462 continuous, 11383 integer (11340 binary)
Coefficient statistics:
  Matrix range     [1e+00, 1e+04]
  QMatrix range    [1e+00, 1e+00]
  QLMatrix range   [1e+00, 2e+01]
  Objective range  [1e+00, 1e+00]
  Bounds range     [1e+00, 1e+00]
  RHS range        [1e+00, 1e+04]
Presolve removed 11431 rows and 3657 columns
Presolve time: 0.80s
Presolved: 24206 rows, 14952 columns, 89243 nonzeros
Presolved model has 4746 quadratic constraint(s)
Presolved model has 1806 bilinear constraint(s)
Variable types: 5335 continuous, 9617 integer (9574 binary)

Root relaxation: objective 1.000000e+00, 2031 iterations, 0.25 seconds (0.12 work units)

    Nodes    |    Current Node    |     Objective Bounds      |     Work
 Expl Unexpl |  Obj  Depth IntInf | Incumbent    BestBd   Gap | It/Node Time

     0     0    1.00000    0   46          -    1.00000      -     -    2s
     0     0    2.00000    0  173          -    2.00000      -     -   12s
     0     0    2.00000    0  165          -    2.00000      -     -   13s
     0     0    2.00000    0  232          -    2.00000      -     -   14s
     0     0    2.00000    0  227          -    2.00000      -     -   14s
     0     0    2.00000    0   42          -    2.00000      -     -   15s
     0     0    2.00000    0   71          -    2.00000      -     -   16s
     0     0    2.00000    0   43          -    2.00000      -     -   16s
     0     0    2.00000    0   77          -    2.00000      -     -   17s
     0     0    2.00000    0   44          -    2.00000      -     -   18s
     0     0    2.00000    0   65          -    2.00000      -     -   18s
     0     0    2.00000    0   43          -    2.00000      -     -   19s
     0     0    2.00000    0  140          -    2.00000      -     -   20s
     0     0    2.00000    0   49          -    2.00000      -     -   21s
     0     0    2.00000    0   43          -    2.00000      -     -   22s
     0     0    2.00000    0   37          -    2.00000      -     -   24s
     0     0    2.00000    0   44          -    2.00000      -     -   28s
     0     0    2.00000    0   50          -    2.00000      -     -   32s
     0     0    2.00000    0   43          -    2.00000      -     -   33s
     0     0    2.00000    0   44          -    2.00000      -     -   35s
     0     0    2.00000    0   47          -    2.00000      -     -   40s
     0     0    2.00000    0   50          -    2.00000      -     -   46s
     0     0    2.00000    0   42          -    2.00000      -     -   47s
     0     0    2.00000    0   43          -    2.00000      -     -   48s
     0     0    2.00000    0   42          -    2.00000      -     -   49s
     0     0    2.00000    0   44          -    2.00000      -     -   51s
     0     0    2.00000    0   58          -    2.00000      -     -   55s
     0     0    2.00000    0   50          -    2.00000      -     -   61s
     0     0    2.00000    0   44          -    2.00000      -     -   66s
     0     0    2.00000    0   44          -    2.00000      -     -   68s
     0     0    2.00000    0   44          -    2.00000      -     -   69s
     0     0    2.00000    0   50          -    2.00000      -     -   74s
     0     0    2.00000    0   62          -    2.00000      -     -   78s
     0     0    2.00000    0   43          -    2.00000      -     -   81s
     0     0    2.00000    0   50          -    2.00000      -     -   84s
     0     0    2.00000    0   50          -    2.00000      -     -   87s
     0     0    2.00000    0   60          -    2.00000      -     -   88s
     0     0    2.00000    0   58          -    2.00000      -     -   91s
     0     0    2.00000    0   58          -    2.00000      -     -   92s
     0     0    2.00000    0   54          -    2.00000      -     -   94s
     0     0    2.00000    0   44          -    2.00000      -     -   95s
     0     0    2.00000    0   71          -    2.00000      -     -   96s
     0     0    2.00000    0   43          -    2.00000      -     -   97s
     0     0    2.00000    0   56          -    2.00000      -     -   98s
     0     0    2.00000    0   44          -    2.00000      -     -   99s
     0     0    2.00000    0   50          -    2.00000      -     -  100s
     0     0    2.00000    0   44          -    2.00000      -     -  101s
     0     0    2.00000    0   44          -    2.00000      -     -  102s
     0     0    2.00000    0   43          -    2.00000      -     -  103s
     0     0    2.00000    0   51          -    2.00000      -     -  104s
     0     0    2.00000    0   39          -    2.00000      -     -  105s
     0     0    2.00000    0   54          -    2.00000      -     -  106s
     0     0    2.00000    0   67          -    2.00000      -     -  106s
     0     0    2.00000    0   43          -    2.00000      -     -  107s
     0     0    2.00000    0   43          -    2.00000      -     -  108s
     0     0    2.00000    0   41          -    2.00000      -     -  109s
     0     0    2.00000    0   42          -    2.00000      -     -  111s
     0     0    2.00000    0   50          -    2.00000      -     -  113s
     0     0    2.00000    0   44          -    2.00000      -     -  115s
     0     0    2.00000    0   39          -    2.00000      -     -  116s
     0     0    2.00000    0   42          -    2.00000      -     -  118s
     0     0    2.00000    0   49          -    2.00000      -     -  119s
     0     0    2.00000    0   44          -    2.00000      -     -  121s
     0     0    2.00000    0   54          -    2.00000      -     -  123s
     0     0    2.00000    0   37          -    2.00000      -     -  124s
     0     0    2.00000    0   54          -    2.00000      -     -  128s
     0     0    2.00000    0   50          -    2.00000      -     -  132s
     0     0    2.00000    0   43          -    2.00000      -     -  133s
     0     0    2.00000    0   42          -    2.00000      -     -  134s
     0     0    2.00000    0   45          -    2.00000      -     -  135s
     0     0    2.00000    0   41          -    2.00000      -     -  136s
     0     0    2.00000    0   44          -    2.00000      -     -  136s
     0     0    2.00000    0   54          -    2.00000      -     -  137s
     0     0    2.00000    0   44          -    2.00000      -     -  138s
     0     0    2.00000    0   42          -    2.00000      -     -  139s
     0     0    2.00000    0   58          -    2.00000      -     -  140s
     0     0    2.00000    0   44          -    2.00000      -     -  141s
     0     0    2.00000    0   52          -    2.00000      -     -  142s
     0     0    2.00000    0   43          -    2.00000      -     -  143s
     0     0    2.00000    0   43          -    2.00000      -     -  143s
     0     0    2.00000    0   43          -    2.00000      -     -  144s
     0     0    2.00000    0   61          -    2.00000      -     -  145s
     0     0    2.00000    0   54          -    2.00000      -     -  146s
     0     0    2.00000    0   52          -    2.00000      -     -  149s
     0     0    2.00000    0   44          -    2.00000      -     -  151s
     0     0    2.00000    0   55          -    2.00000      -     -  153s
     0     0    2.00000    0   44          -    2.00000      -     -  154s
     0     0    2.00000    0   44          -    2.00000      -     -  155s
     0     0    2.00000    0   44          -    2.00000      -     -  156s
     0     0    2.00000    0   57          -    2.00000      -     -  157s
     0     0    2.00000    0   43          -    2.00000      -     -  157s
     0     0    2.00000    0   44          -    2.00000      -     -  158s
     0     0    2.00000    0   51          -    2.00000      -     -  160s
     0     0    2.00000    0   43          -    2.00000      -     -  162s
     0     0    2.00000    0   43          -    2.00000      -     -  162s
     0     0    2.00000    0   43          -    2.00000      -     -  163s
     0     0    2.00000    0   49          -    2.00000      -     -  165s
     0     0    2.00000    0   53          -    2.00000      -     -  167s
     0     0    2.00000    0   43          -    2.00000      -     -  168s
     0     0    2.00000    0   49          -    2.00000      -     -  170s
     0     0    2.00000    0   52          -    2.00000      -     -  173s
     0     0    2.00000    0   63          -    2.00000      -     -  175s
     0     0    2.00000    0   58          -    2.00000      -     -  177s
     0     0    2.00000    0   47          -    2.00000      -     -  179s
     0     0    2.00000    0   58          -    2.00000      -     -  180s
     0     0    2.00000    0   44          -    2.00000      -     -  181s
     0     0    2.00000    0   41          -    2.00000      -     -  183s
     0     2    3.00000    0   41          -    3.00000      -     -  185s
    31    56    3.00000    5  203          -    3.00000      -  1327  190s
   127   160    3.00000    8  195          -    3.00000      -  1334  195s
   189   283    3.00000   11   84          -    3.00000      -  1593  203s
   282   559    3.00000   16  145          -    3.00000      -  1941  209s
   558   981    3.00000   21  133          -    3.00000      -  1686  431s
  1029  3608    3.00000   11   77          -    3.00000      -  1534  490s
  4748  3609    3.00000   25    0          -    3.00000      -   711  559s
  4750  3610    3.00000   30   72          -    3.00000      -   710  582s
  4752  3612    3.00000   26  193          -    3.00000      -   710  585s
  4753  3612    3.00000   39   20          -    3.00000      -   710  591s
  4755  3614    3.00000   39   36          -    3.00000      -   710  600s
  4757  3615    3.00000   32   33          -    3.00000      -   709  611s
  4759  3616    3.00000   34   49          -    3.00000      -   709  617s
  4761  3618    3.00000   43   38          -    3.00000      -   709  624s
  4762  3618    3.00000   12  186          -    3.00000      -   708  625s
  4763  3619    3.00000   34   65          -    3.00000      -   708  632s
  4765  3620    3.00000   23   47          -    3.00000      -   708  636s
  4767  3622    3.00000   14    6          -    3.00000      -   708  641s
  4769  3623    4.98662   39   35          -    3.00000      -   707  645s
  4772  3625    3.00000   29   31          -    3.00000      -   707  651s
  4774  3626    3.00000   27   19          -    3.00000      -   707  656s
  4776  3628    3.00000   38   43          -    3.00000      -   706  661s
  4778  3629    3.00000   38   48          -    3.00000      -   706  666s
  4779  3630    3.00000    6   50          -    3.00000      -   706  673s
  4780  3630    3.00000   19   73          -    3.00000      -   706  676s
  4781  3631    3.00000   32   34          -    3.00000      -   706  681s
  4783  3632    3.00000   16   54          -    3.00000      -   705  687s
  4784  3633    3.00000   29   26          -    3.00000      -   705  690s
  4785  3634    3.00000   40   29          -    3.00000      -   705  695s
  4786  3634    3.00000   32   27          -    3.00000      -   705  700s
  4788  3636    3.00000   10   27          -    3.00000      -   705  712s
  4789  3639    3.00000   12  214          -    3.00000      -   762  727s
  4795  3649    3.00000   14  238          -    3.00000      -   763  730s
  4803  3663    3.00000   15  199          -    3.00000      -   764  735s
  4891  3729    3.00000   18  204          -    3.00000      -   777  741s
  4944  3767    3.00000   19  197          -    3.00000      -   779  745s
  4998  3816    3.00000   20  186          -    3.00000      -   803  768s
  5037  3939    3.00000   21  149          -    3.00000      -   816  775s
  5173  4202    3.00000   21  146          -    3.00000      -   839  787s
  5494  5039    3.00000   22  164          -    3.00000      -   893  815s
  6864  5266    3.00000   38   78          -    3.00000      -   893  877s
  7808  6943    3.00000   24  190          -    3.00000      -   914  914s
 11227  6597    4.00000   60  110          -    3.00000      -   807  963s
 12688  6910    3.00000   49  107          -    3.00000      -   799  992s
 14923  7236    3.00000   42  179          -    3.00000      -   740 1023s
 17860  8317    3.00000   33  144          -    3.00000      -   683 1052s
 20785  8645    3.00000   35  153          -    3.00000      -   647 1091s
H21214  3113                       3.0000000    3.00000  0.00%   644 1091s

Cutting planes:
  Learned: 41
  Gomory: 16
  Lift-and-project: 56
  Implied bound: 114
  Clique: 7
  MIR: 262
  Flow cover: 1927
  Zero half: 5
  RLT: 486
  Relax-and-lift: 5

Explored 21592 nodes (14601130 simplex iterations) in 1091.81 seconds (300.45 work units)
Thread count was 24 (of 24 available processors)

Solution count 1: 3 

Optimal solution found (tolerance 1.00e-04)
Best objective 3.000000000000e+00, best bound 3.000000000000e+00, gap 0.0000%
