
Gurobi 10.0.1 (linux64) logging started Tue Jul 25 10:32:26 2023

Set parameter LogFile to value "Reales_mo_0.1.log"
Gurobi Optimizer version 10.0.1 build v10.0.1rc0 (linux64)

CPU model: AMD Opteron(tm) Processor 6174, instruction set [SSE2]
Thread count: 24 physical cores, 24 logical processors, using up to 24 threads

Optimize a model with 30176 rows, 16845 columns and 93413 nonzeros
Model fingerprint: 0x7c51c5e0
Model has 9535 quadratic constraints
Variable types: 5462 continuous, 11383 integer (11340 binary)
Coefficient statistics:
  Matrix range     [1e+00, 1e+04]
  QMatrix range    [1e+00, 1e+00]
  QLMatrix range   [1e+00, 2e+01]
  Objective range  [1e+00, 1e+00]
  Bounds range     [1e+00, 1e+00]
  RHS range        [1e+00, 1e+04]
Presolve removed 11431 rows and 3657 columns
Presolve time: 0.80s
Presolved: 24206 rows, 14952 columns, 89243 nonzeros
Presolved model has 4746 quadratic constraint(s)
Presolved model has 1806 bilinear constraint(s)
Variable types: 5335 continuous, 9617 integer (9574 binary)

Root relaxation: objective 1.000000e+00, 2042 iterations, 0.25 seconds (0.12 work units)

    Nodes    |    Current Node    |     Objective Bounds      |     Work
 Expl Unexpl |  Obj  Depth IntInf | Incumbent    BestBd   Gap | It/Node Time

     0     0    1.00000    0   50          -    1.00000      -     -    2s
     0     0    1.00002    0  214          -    1.00002      -     -    8s
     0     0    2.00000    0  197          -    2.00000      -     -    9s
     0     0    2.00000    0  195          -    2.00000      -     -    9s
     0     0    2.00000    0  136          -    2.00000      -     -   10s
     0     0    2.00000    0  135          -    2.00000      -     -   11s
     0     0    2.00000    0   43          -    2.00000      -     -   12s
     0     0    2.00000    0   77          -    2.00000      -     -   12s
     0     0    2.00000    0   41          -    2.00000      -     -   13s
     0     0    2.00000    0   66          -    2.00000      -     -   14s
     0     0    2.00000    0   44          -    2.00000      -     -   14s
     0     0    2.00000    0  110          -    2.00000      -     -   15s
     0     0    2.00000    0   42          -    2.00000      -     -   15s
     0     0    2.00000    0  138          -    2.00000      -     -   16s
     0     0    2.00000    0   41          -    2.00000      -     -   18s
     0     0    2.00000    0  115          -    2.00000      -     -   18s
     0     0    2.00000    0   43          -    2.00000      -     -   19s
     0     0    2.00000    0   43          -    2.00000      -     -   20s
     0     0    2.00000    0   43          -    2.00000      -     -   21s
     0     0    2.00000    0   50          -    2.00000      -     -   24s
     0     0    2.00000    0   50          -    2.00000      -     -   26s
     0     0    2.00000    0   59          -    2.00000      -     -   27s
     0     0    2.00000    0   44          -    2.00000      -     -   28s
     0     0    2.00000    0   43          -    2.00000      -     -   28s
     0     0    2.00000    0   41          -    2.00000      -     -   31s
     0     0    2.00000    0   44          -    2.00000      -     -   32s
     0     0    2.00000    0   43          -    2.00000      -     -   34s
     0     0    2.00000    0   45          -    2.00000      -     -   36s
     0     0    2.00000    0   42          -    2.00000      -     -   39s
     0     0    2.00000    0   58          -    2.00000      -     -   42s
     0     0    2.00000    0   44          -    2.00000      -     -   44s
     0     0    2.00000    0   42          -    2.00000      -     -   46s
     0     0    2.00000    0   44          -    2.00000      -     -   48s
     0     0    2.00000    0   50          -    2.00000      -     -   52s
     0     0    2.00000    0   47          -    2.00000      -     -   54s
     0     0    2.00000    0   50          -    2.00000      -     -   58s
     0     0    2.00000    0   50          -    2.00000      -     -   61s
     0     0    2.00000    0   44          -    2.00000      -     -   65s
     0     0    2.00000    0   41          -    2.00000      -     -   66s
     0     0    2.00000    0   42          -    2.00000      -     -   67s
     0     0    2.00000    0   46          -    2.00000      -     -   70s
     0     0    2.00000    0   44          -    2.00000      -     -   72s
     0     0    2.00000    0   43          -    2.00000      -     -   73s
     0     0    2.00000    0   43          -    2.00000      -     -   74s
     0     0    2.00000    0   43          -    2.00000      -     -   75s
     0     0    2.00000    0   43          -    2.00000      -     -   76s
     0     0    2.00000    0   43          -    2.00000      -     -   77s
     0     0    2.00000    0   43          -    2.00000      -     -   78s
     0     0    2.00000    0   44          -    2.00000      -     -   79s
     0     0    2.00000    0   43          -    2.00000      -     -   80s
     0     0    2.00000    0   44          -    2.00000      -     -   81s
H    0     0                       3.0000000    2.00000  33.3%     -   82s
     0     0    2.00000    0   50    3.00000    2.00000  33.3%     -   83s
     0     0    2.00000    0  213    3.00000    2.00000  33.3%     -   83s
     0     0    2.00000    0   44    3.00000    2.00000  33.3%     -   83s
     0     0    2.00000    0  119    3.00000    2.00000  33.3%     -   83s
     0     0    2.00000    0  120    3.00000    2.00000  33.3%     -   83s
     0     0    2.00000    0   44    3.00000    2.00000  33.3%     -   84s
     0     0    2.00000    0   64    3.00000    2.00000  33.3%     -   84s
     0     0    2.00000    0   42    3.00000    2.00000  33.3%     -   84s
     0     0    2.00000    0  108    3.00000    2.00000  33.3%     -   84s
     0     0    2.00000    0   44    3.00000    2.00000  33.3%     -   84s
     0     0    2.00000    0   44    3.00000    2.00000  33.3%     -   84s
     0     0    2.00000    0   43    3.00000    2.00000  33.3%     -   84s
     0     0    2.00000    0   42    3.00000    2.00000  33.3%     -   84s
     0     0    2.00000    0   44    3.00000    2.00000  33.3%     -   84s
     0     0    2.00000    0   44    3.00000    2.00000  33.3%     -   84s
     0     0    2.00000    0   43    3.00000    2.00000  33.3%     -   84s
     0     0    2.00000    0   44    3.00000    2.00000  33.3%     -   84s
     0     0    2.00000    0   43    3.00000    2.00000  33.3%     -   84s
     0     0    2.00000    0   43    3.00000    2.00000  33.3%     -   84s
     0     0    2.00000    0   42    3.00000    2.00000  33.3%     -   84s
     0     0    2.00000    0   44    3.00000    2.00000  33.3%     -   84s
     0     0    2.00000    0   42    3.00000    2.00000  33.3%     -   84s
     0     0    2.00000    0   44    3.00000    2.00000  33.3%     -   84s
     0     0    2.00000    0   43    3.00000    2.00000  33.3%     -   84s
     0     0    2.00000    0   44    3.00000    2.00000  33.3%     -   84s
     0     0    2.00000    0   44    3.00000    2.00000  33.3%     -   84s
     0     0    2.00000    0   44    3.00000    2.00000  33.3%     -   84s
     0     0    2.00000    0   44    3.00000    2.00000  33.3%     -   84s
     0     0    2.00000    0   40    3.00000    2.00000  33.3%     -   84s
     0     0    2.00000    0   42    3.00000    2.00000  33.3%     -   84s
     0     0    2.00000    0   44    3.00000    2.00000  33.3%     -   85s
     0     0    2.00000    0   43    3.00000    2.00000  33.3%     -   85s
     0     0    2.00000    0   41    3.00000    2.00000  33.3%     -   85s
     0     0    2.00000    0   44    3.00000    2.00000  33.3%     -   85s
     0     0    2.00000    0   52    3.00000    2.00000  33.3%     -   85s
     0     0    2.00000    0   44    3.00000    2.00000  33.3%     -   85s
     0     0    2.00000    0   43    3.00000    2.00000  33.3%     -   85s
     0     0    2.00000    0   42    3.00000    2.00000  33.3%     -   85s
     0     0    2.00000    0   43    3.00000    2.00000  33.3%     -   85s
     0     0    2.00000    0   42    3.00000    2.00000  33.3%     -   85s
     0     0    2.00000    0   42    3.00000    2.00000  33.3%     -   85s
     0     0    2.00000    0   43    3.00000    2.00000  33.3%     -   85s
     0     0    2.00000    0   44    3.00000    2.00000  33.3%     -   85s
     0     0    2.00000    0   43    3.00000    2.00000  33.3%     -   85s
     0     0    2.00000    0   44    3.00000    2.00000  33.3%     -   85s
     0     0    2.00000    0   44    3.00000    2.00000  33.3%     -   85s
     0     0    2.00000    0   43    3.00000    2.00000  33.3%     -   85s
     0     0    2.00000    0   44    3.00000    2.00000  33.3%     -   85s
     0     0    2.00000    0   43    3.00000    2.00000  33.3%     -   85s
     0     0    2.00000    0   44    3.00000    2.00000  33.3%     -   85s
     0     0    2.00000    0   44    3.00000    2.00000  33.3%     -   85s
     0     0    2.00000    0   44    3.00000    2.00000  33.3%     -   85s
     0     0    2.00000    0   43    3.00000    2.00000  33.3%     -   85s
     0     0    2.00000    0   44    3.00000    2.00000  33.3%     -   85s
     0     0    2.00000    0   44    3.00000    2.00000  33.3%     -   85s
     0     0    2.00000    0   42    3.00000    2.00000  33.3%     -   85s
     0     0    2.00000    0   40    3.00000    2.00000  33.3%     -   85s
     0     0    2.00000    0   43    3.00000    2.00000  33.3%     -   85s
     0     0    2.00000    0   44    3.00000    2.00000  33.3%     -   86s
     0     0    2.00000    0   43    3.00000    2.00000  33.3%     -   86s
     0     0    2.00000    0   44    3.00000    2.00000  33.3%     -   86s
     0     0    2.00000    0   44    3.00000    2.00000  33.3%     -   86s
     0     0    2.00000    0   44    3.00000    2.00000  33.3%     -   86s
     0     0    2.00000    0   43    3.00000    2.00000  33.3%     -   86s
     0     0    2.00000    0   43    3.00000    2.00000  33.3%     -   86s
     0     0    2.00000    0   49    3.00000    2.00000  33.3%     -   86s
     0     0    2.00000    0   42    3.00000    2.00000  33.3%     -   86s
     0     0    2.00000    0   44    3.00000    2.00000  33.3%     -   86s
     0     0    2.00000    0   44    3.00000    2.00000  33.3%     -   86s
     0     0    2.00000    0   42    3.00000    2.00000  33.3%     -   86s
     0     0    2.00000    0   38    3.00000    2.00000  33.3%     -   86s
     0     0    2.00000    0   44    3.00000    2.00000  33.3%     -   86s
     0     0    2.00000    0   44    3.00000    2.00000  33.3%     -   86s
     0     0    2.00000    0   43    3.00000    2.00000  33.3%     -   86s
     0     0    2.00000    0   42    3.00000    2.00000  33.3%     -   86s
     0     0    2.00000    0   38    3.00000    2.00000  33.3%     -   86s
     0     0    2.00000    0   43    3.00000    2.00000  33.3%     -   86s
     0     0    2.00000    0   43    3.00000    2.00000  33.3%     -   86s
     0     0    2.00000    0   50    3.00000    2.00000  33.3%     -   86s
     0     0    2.00000    0   44    3.00000    2.00000  33.3%     -   86s
     0     0    2.00000    0   44    3.00000    2.00000  33.3%     -   86s
     0     0    2.00000    0   44    3.00000    2.00000  33.3%     -   86s
     0     0    2.00000    0   44    3.00000    2.00000  33.3%     -   87s
     0     0    2.00000    0   43    3.00000    2.00000  33.3%     -   87s
     0     0    2.00000    0   44    3.00000    2.00000  33.3%     -   87s
     0     0    2.00000    0   40    3.00000    2.00000  33.3%     -   87s
     0     0    2.00000    0   44    3.00000    2.00000  33.3%     -   87s
     0     0    2.00000    0   44    3.00000    2.00000  33.3%     -   87s
     0     0    2.00000    0   44    3.00000    2.00000  33.3%     -   87s
     0     0    2.00000    0   53    3.00000    2.00000  33.3%     -   87s
     0     0    2.00000    0   43    3.00000    2.00000  33.3%     -   87s
     0     0    2.00000    0   40    3.00000    2.00000  33.3%     -   87s
     0     0    2.00000    0   45    3.00000    2.00000  33.3%     -   87s
     0     0    2.00000    0   46    3.00000    2.00000  33.3%     -   87s
     0     0    2.00000    0   44    3.00000    2.00000  33.3%     -   87s
     0     0    2.00000    0   44    3.00000    2.00000  33.3%     -   87s
     0     0    2.00000    0   44    3.00000    2.00000  33.3%     -   87s
     0     0    2.00000    0   43    3.00000    2.00000  33.3%     -   87s
     0     0    2.00000    0   44    3.00000    2.00000  33.3%     -   87s
     0     0    2.00000    0   42    3.00000    2.00000  33.3%     -   87s
     0     0    2.00000    0   44    3.00000    2.00000  33.3%     -   87s
     0     0    2.00000    0   40    3.00000    2.00000  33.3%     -   87s
     0     0    2.00000    0   44    3.00000    2.00000  33.3%     -   87s
     0     0    2.00000    0   36    3.00000    2.00000  33.3%     -   87s
     0     0    2.00000    0   45    3.00000    2.00000  33.3%     -   87s
     0     0    2.00000    0   52    3.00000    2.00000  33.3%     -   87s
     0     2    2.00000    0   52    3.00000    2.00000  33.3%     -   87s
   396   797    2.00000   11  106    3.00000    2.00000  33.3%   203   90s
  3044  1875    2.00000   38   18    3.00000    2.00000  33.3%   112   95s
  3049  1878    2.00000   10   10    3.00000    2.00000  33.3%   112  100s
  3059  1885    2.00000   56   13    3.00000    2.00000  33.3%   112  105s
  3253  2039    2.00000   24   44    3.00000    2.00000  33.3%   122  110s
H 3599  2239                       2.0000000    2.00000  0.00%   122  112s

Cutting planes:
  Learned: 30
  Gomory: 5
  Cover: 1
  Implied bound: 16
  MIR: 34
  Flow cover: 331
  RLT: 149
  Relax-and-lift: 10

Explored 3802 nodes (813139 simplex iterations) in 112.17 seconds (25.50 work units)
Thread count was 24 (of 24 available processors)

Solution count 2: 2 3 

Optimal solution found (tolerance 1.00e-04)
Best objective 2.000000000000e+00, best bound 2.000000000000e+00, gap 0.0000%
