
Gurobi 10.0.1 (linux64) logging started Tue Jul 25 19:07:57 2023

Set parameter LogFile to value "Reales_mo_0.6.log"
Gurobi Optimizer version 10.0.1 build v10.0.1rc0 (linux64)

CPU model: AMD Opteron(tm) Processor 6174, instruction set [SSE2]
Thread count: 24 physical cores, 24 logical processors, using up to 24 threads

Optimize a model with 30176 rows, 16845 columns and 93413 nonzeros
Model fingerprint: 0x9b9f162c
Model has 9535 quadratic constraints
Variable types: 5462 continuous, 11383 integer (11340 binary)
Coefficient statistics:
  Matrix range     [1e+00, 1e+04]
  QMatrix range    [1e+00, 1e+00]
  QLMatrix range   [1e+00, 2e+01]
  Objective range  [1e+00, 1e+00]
  Bounds range     [1e+00, 1e+00]
  RHS range        [1e+00, 1e+04]
Presolve removed 11431 rows and 3657 columns
Presolve time: 0.79s
Presolved: 24206 rows, 14952 columns, 89243 nonzeros
Presolved model has 4746 quadratic constraint(s)
Presolved model has 1806 bilinear constraint(s)
Variable types: 5335 continuous, 9617 integer (9574 binary)

Root relaxation: objective 1.000000e+00, 2089 iterations, 0.27 seconds (0.14 work units)

    Nodes    |    Current Node    |     Objective Bounds      |     Work
 Expl Unexpl |  Obj  Depth IntInf | Incumbent    BestBd   Gap | It/Node Time

     0     0    1.00000    0   50          -    1.00000      -     -    2s
     0     0    2.00000    0  200          -    2.00000      -     -    9s
     0     0    2.00000    0  201          -    2.00000      -     -   10s
     0     0    2.00000    0  191          -    2.00000      -     -   10s
     0     0    2.00000    0  187          -    2.00000      -     -   11s
     0     0    2.00000    0   51          -    2.00000      -     -   14s
     0     0    2.00000    0  138          -    2.00000      -     -   14s
     0     0    2.00000    0   43          -    2.00000      -     -   16s
     0     0    2.00000    0   96          -    2.00000      -     -   17s
     0     0    2.00000    0   61          -    2.00000      -     -   18s
     0     0    2.00000    0  153          -    2.00000      -     -   18s
     0     0    2.00000    0   50          -    2.00000      -     -   20s
     0     0    2.00000    0  103          -    2.00000      -     -   21s
     0     0    2.00000    0   44          -    2.00000      -     -   22s
     0     0    2.00000    0  116          -    2.00000      -     -   22s
     0     0    2.00000    0   51          -    2.00000      -     -   27s
     0     0    2.00000    0  114          -    2.00000      -     -   28s
     0     0    2.00000    0   44          -    2.00000      -     -   30s
     0     0    2.00000    0   79          -    2.00000      -     -   33s
     0     0    2.00000    0  101          -    2.00000      -     -   35s
     0     0    2.00000    0   56          -    2.00000      -     -   38s
     0     0    2.00000    0   75          -    2.00000      -     -   40s
     0     0    2.00000    0   60          -    2.00000      -     -   41s
     0     0    2.00000    0   50          -    2.00000      -     -   43s
     0     0    2.00000    0   58          -    2.00000      -     -   44s
     0     0    2.00000    0   56          -    2.00000      -     -   46s
     0     0    2.00000    0   51          -    2.00000      -     -   49s
     0     0    2.00000    0   68          -    2.00000      -     -   53s
     0     0    2.00000    0   61          -    2.00000      -     -   60s
     0     0    2.00000    0  100          -    2.00000      -     -   63s
     0     0    2.00000    0  107          -    2.00000      -     -   65s
     0     0    2.00000    0  116          -    2.00000      -     -   68s
     0     0    2.00000    0   93          -    2.00000      -     -   70s
     0     0    2.00000    0   61          -    2.00000      -     -   72s
     0     0    2.00000    0   70          -    2.00000      -     -   75s
     0     0    2.00000    0   89          -    2.00000      -     -   77s
     0     0    2.00000    0   71          -    2.00000      -     -   80s
     0     0    2.00000    0   99          -    2.00000      -     -   81s
     0     0    2.00000    0   68          -    2.00000      -     -   82s
     0     0    2.00000    0   77          -    2.00000      -     -   84s
     0     0    2.00000    0   82          -    2.00000      -     -   86s
     0     0    2.00000    0   89          -    2.00000      -     -   88s
     0     0    2.00000    0  112          -    2.00000      -     -   93s
     0     0    2.00000    0   59          -    2.00000      -     -   98s
     0     0    2.00000    0   81          -    2.00000      -     -  102s
     0     0    2.00000    0   87          -    2.00000      -     -  104s
     0     0    2.00000    0   79          -    2.00000      -     -  107s
     0     0    2.00000    0   72          -    2.00000      -     -  109s
     0     0    2.00000    0   90          -    2.00000      -     -  112s
     0     0    2.00000    0   79          -    2.00000      -     -  114s
     0     0    2.00000    0   57          -    2.00000      -     -  119s
     0     0    2.00000    0   60          -    2.00000      -     -  125s
     0     0    2.00000    0  103          -    2.00000      -     -  128s
     0     0    2.00000    0   50          -    2.00000      -     -  132s
     0     0    2.00000    0   60          -    2.00000      -     -  134s
     0     0    2.00000    0   64          -    2.00000      -     -  137s
     0     0    2.00000    0  156          -    2.00000      -     -  139s
     0     0    2.00000    0   88          -    2.00000      -     -  141s
     0     0    2.00000    0   43          -    2.00000      -     -  142s
     0     0    2.00000    0   54          -    2.00000      -     -  146s
     0     0    2.00000    0   83          -    2.00000      -     -  148s
     0     0    2.00000    0   74          -    2.00000      -     -  150s
     0     0    2.00000    0   71          -    2.00000      -     -  153s
     0     0    2.00000    0   44          -    2.00000      -     -  156s
     0     0    2.00000    0   44          -    2.00000      -     -  157s
     0     0    2.00000    0   58          -    2.00000      -     -  158s
     0     0    2.00000    0   52          -    2.00000      -     -  159s
     0     0    2.00000    0   71          -    2.00000      -     -  161s
     0     0    2.00000    0   74          -    2.00000      -     -  162s
     0     0    2.00000    0   64          -    2.00000      -     -  164s
     0     0    2.00000    0   57          -    2.00000      -     -  165s
     0     0    2.00000    0  123          -    2.00000      -     -  166s
     0     0    2.00000    0   84          -    2.00000      -     -  168s
     0     0    2.00000    0   66          -    2.00000      -     -  169s
     0     0    2.00000    0   82          -    2.00000      -     -  170s
     0     0    2.00000    0   68          -    2.00000      -     -  171s
     0     0    2.00000    0   80          -    2.00000      -     -  172s
     0     0    2.00000    0   84          -    2.00000      -     -  175s
     0     0    2.00000    0   60          -    2.00000      -     -  176s
     0     0    2.00000    0   98          -    2.00000      -     -  177s
     0     0    2.00000    0   82          -    2.00000      -     -  177s
     0     0    2.00000    0  132          -    2.00000      -     -  181s
     0     0    2.00000    0   44          -    2.00000      -     -  183s
     0     0    2.00000    0  101          -    2.00000      -     -  185s
     0     0    2.00000    0   53          -    2.00000      -     -  187s
     0     0    2.00000    0   76          -    2.00000      -     -  190s
     0     0    2.00000    0   69          -    2.00000      -     -  196s
     0     0    2.00000    0  122          -    2.00000      -     -  197s
     0     0    2.00000    0   66          -    2.00000      -     -  198s
     0     0    2.00000    0   44          -    2.00000      -     -  199s
     0     0    2.00000    0   85          -    2.00000      -     -  205s
     0     0    2.00000    0   54          -    2.00000      -     -  207s
     0     0    2.00000    0   42          -    2.00000      -     -  208s
     0     0    2.00000    0   92          -    2.00000      -     -  209s
     0     0    2.00000    0   60          -    2.00000      -     -  211s
     0     0    2.00000    0   54          -    2.00000      -     -  211s
     0     0    2.00000    0   58          -    2.00000      -     -  213s
     0     0    2.00000    0   66          -    2.00000      -     -  214s
     0     0    2.00000    0   79          -    2.00000      -     -  215s
     0     0    2.00000    0   81          -    2.00000      -     -  215s
     0     0    2.00000    0   86          -    2.00000      -     -  217s
     0     0    2.00000    0   96          -    2.00000      -     -  218s
     0     0    2.00000    0   91          -    2.00000      -     -  219s
     0     0    2.00000    0   84          -    2.00000      -     -  220s
     0     0    2.00000    0   62          -    2.00000      -     -  221s
     0     0    2.00000    0   76          -    2.00000      -     -  224s
     0     0    2.00000    0   79          -    2.00000      -     -  226s
     0     0    2.00000    0   44          -    2.00000      -     -  227s
     0     0    2.00000    0   90          -    2.00000      -     -  230s
     0     2    2.00000    0   43          -    2.00000      -     -  239s
     1     4    2.00000    1   43          -    2.00000      -   1.0  240s
    31    56    2.00000    5  218          -    2.00000      -  2579  246s
    55    80    2.00000    6  270          -    2.00000      -  2774  250s
    79   102    2.00000    6  251          -    2.00000      -  3000  546s
   127   152    2.00000    7  229          -    2.00000      -  2907  552s
   155   177    2.00000    8  243          -    2.00000      -  2688  589s
   184   226    2.00000    9  234          -    2.00000      -  2595  627s
   242   385    2.00000   10  230          -    2.00000      -  2710  652s
   431   690    2.00000   11  221          -    2.00000      -  2334  680s
   808  1223    2.00000   14  242          -    2.00000      -  1737  703s
H 1500  1223                      42.0000000    2.00000  95.2%  1226  703s
  1591  2550    2.00000   19  194   42.00000    2.00000  95.2%  1206  722s
H 1980  2550                      41.0000000    2.00000  95.1%  1038  722s
  3413  2551    3.00000   38   44   41.00000    2.00000  95.1%   744  782s
  3415  2552    3.00000   15   69   41.00000    2.00000  95.1%   744  788s
  3416  2553    4.00000   44  153   41.00000    2.00000  95.1%   744  790s
  3418  2554    5.00000   90  104   41.00000    2.00000  95.1%   743  796s
  3420  2556    5.00000   80   98   41.00000    2.00000  95.1%   743  805s
  3422  2557    3.00000   49  115   41.00000    2.00000  95.1%   742  813s
  3423  2558    3.00000   26  198   41.00000    2.00000  95.1%   742  815s
  3424  2558    4.00000   30  107   41.00000    2.00000  95.1%   742  820s
  3426  2560    3.07997   35   56   41.00000    2.00000  95.1%   742  835s
  3428  2561    3.00000   20   79   41.00000    2.00000  95.1%   741  842s
  3429  2562   15.00000   84  186   41.00000    2.00000  95.1%   741  845s
  3432  2564    3.00000   42   98   41.00000    2.00000  95.1%   740  857s
  3434  2565    4.00000   14  123   41.00000    2.00000  95.1%   740  863s
  3435  2566    3.00000   27   96   41.00000    2.00000  95.1%   740  866s
  3436  2566    3.00000   43  131   41.00000    2.00000  95.1%   739  870s
  3437  2567    3.00000   26  139   41.00000    2.00000  95.1%   739  875s
  3438  2568    3.00000   19  101   41.00000    2.00000  95.1%   739  880s
  3440  2569    4.00000   43  125   41.00000    2.00000  95.1%   739  888s
  3441  2570    4.00000   48   96   41.00000    2.00000  95.1%   738  892s
  3442  2570    3.00009   24   90   41.00000    2.00000  95.1%   738  895s
  3444  2572    3.00000   35  142   41.00000    2.00000  95.1%   738  903s
  3445  2572    5.00000   38  135   41.00000    2.00000  95.1%   737  908s
  3446  2573    4.00000   69  122   41.00000    2.00000  95.1%   737  914s
  3447  2574    2.00000   15  103   41.00000    2.00000  95.1%   737  918s
H 3447  2444                      40.0000000    3.00000  92.5%   737  919s
  3449  2448    3.00000   13  228   40.00000    3.00000  92.5%   816  922s
  3455  2458    3.00000   15  258   40.00000    3.00000  92.5%   816  926s
  3479  2490    3.00000   17  288   40.00000    3.00000  92.5%   826  932s
  3503  2506    3.00000   18  294   40.00000    3.00000  92.5%   832  935s
  3551  2526    3.00000   19  402   40.00000    3.00000  92.5%   846  942s
  3575  2544    3.00000   19  262   40.00000    3.00000  92.5%   849  945s
  3628  2579    3.00000   20  273   40.00000    3.00000  92.5%   860  950s
  3689  2658    3.00000   21  374   40.00000    3.00000  92.5%   865  980s
  3848  2770    3.00000   22  275   40.00000    3.00000  92.5%   879  991s
  3980  2883    3.00000   23  367   40.00000    3.00000  92.5%   888  999s
  4187  2917 infeasible   24        40.00000    3.00000  92.5%   885 1008s
  4325  3032    3.00000   25  240   40.00000    3.00000  92.5%   892 1017s
  4531  3140    3.00000   28  243   40.00000    3.00000  92.5%   886 1026s
  4761  3351    3.00000   33  237   40.00000    3.00000  92.5%   875 1038s
  5083  3437    3.00000   43  140   40.00000    3.00000  92.5%   863 1049s
  5331  3656    3.00000   51  113   40.00000    3.00000  92.5%   855 1063s
  5735  3727    3.00000   20  230   40.00000    3.00000  92.5%   835 1076s
  6006  3999    3.00000   23  233   40.00000    3.00000  92.5%   834 1091s
  6455  4202    3.00000   25  235   40.00000    3.00000  92.5%   810 1128s
  6862  4354    3.00000   29  293   40.00000    3.00000  92.5%   796 1143s
  7223  4555    3.00000   32  218   40.00000    3.00000  92.5%   784 1158s
  7646  4805    3.00000   37  196   40.00000    3.00000  92.5%   768 1176s
  8150  4904 infeasible   41        40.00000    3.00000  92.5%   754 1193s
  8515  5172    3.00000   25  242   40.00000    3.00000  92.5%   747 1212s
  9015  5394    4.00000   43  225   40.00000    3.00000  92.5%   736 1246s
  9536  5523 infeasible   59        40.00000    3.00000  92.5%   726 1264s
  9951  5835    3.00000   24  241   40.00000    3.00000  92.5%   720 1284s
 10555  6062    4.00000   56  154   40.00000    3.00000  92.5%   709 1305s
 11154  6356    3.00000   27  222   40.00000    3.00000  92.5%   699 1327s
 11623  6894    3.00000   41  220   40.00000    3.00000  92.5%   697 1351s
 12292  7477 infeasible   66        40.00000    3.00000  92.5%   691 1376s
 13083  7917    6.00000   99  159   40.00000    3.00000  92.5%   679 1404s
H13656  8518                      39.0000000    3.00000  92.3%   675 1434s
H13829  8518                      37.0000000    3.00000  91.9%   669 1434s
H14139  8518                      36.0000000    3.00000  91.7%   668 1434s
 14431  8950 infeasible  188        36.00000    3.00000  91.7%   664 1465s
 15045  9580 infeasible   24        36.00000    3.00000  91.7%   662 1500s
 15887 10017    5.00000   47  199   36.00000    3.00000  91.7%   658 1534s
 16527 10626 infeasible   23        36.00000    3.00000  91.7%   657 1570s
 17408 11143    8.00000   56  147   36.00000    3.00000  91.7%   657 1609s
 18084 11630 infeasible   30        36.00000    3.00000  91.7%   660 1651s
 18860 11945 infeasible   29        36.00000    3.00000  91.7%   665 1680s
H18900 11899                      35.0000000    3.00000  91.4%   666 1680s
 19612 12602    4.00000   40  258   35.00000    3.00000  91.4%   668 1770s
 20883 13604    3.00000   22  254   35.00000    3.00000  91.4%   675 1810s
 22325 14710    8.00000   69  231   35.00000    3.00000  91.4%   676 1837s
 24017 15840   21.00000  108  256   35.00000    3.00000  91.4%   684 1867s
 25831 16987   21.00000  133  293   35.00000    3.00000  91.4%   690 1894s
 26404 16987    3.00000   25  203   35.00000    3.00000  91.4%   694 1895s
 27469 17642   21.00000  153  226   35.00000    3.00000  91.4%   699 1924s
 28440 19005   21.00000  175  303   35.00000    3.00000  91.4%   710 1953s
 30386 20227   21.00000  202  317   35.00000    3.00000  91.4%   718 1986s
 32199 21593   21.00000  229  296   35.00000    3.00000  91.4%   730 2021s
 34311 22474   21.00000  254  264   35.00000    3.00000  91.4%   733 2054s
H34420 22448                      34.0000000    3.00000  91.2%   734 2054s
 35511 24065   21.00000  278  308   34.00000    3.00000  91.2%   737 2085s
 37914 25498    3.00000   36  252   34.00000    3.00000  91.2%   735 2122s
 40246 26852    3.00000   29  208   34.00000    3.00000  91.2%   737 2155s
 42425 27834    3.06630   56  226   34.00000    3.00000  91.2%   739 2194s
 44059 29505 infeasible   77        34.00000    3.00000  91.2%   741 2232s
 46740 31324    9.00000  130  146   34.00000    3.00000  91.2%   741 2274s
 49560 32442 infeasible   27        34.00000    3.00000  91.2%   740 2318s
 51492 34954    6.03361   85   97   34.00000    3.00000  91.2%   744 2368s
 55087 36312    3.00000   32  259   34.00000    3.00000  91.2%   736 2413s
 57047 39487    4.00000   53  175   34.00000    3.00000  91.2%   738 2507s
 61291 41320 infeasible   31        34.00000    3.00000  91.2%   725 2548s
 64203 42652    3.00000   35  232   34.00000    3.00000  91.2%   726 2601s
 66281 45080 infeasible   73        34.00000    3.00000  91.2%   730 2656s
 69953 46385    3.00000   36  221   34.00000    3.00000  91.2%   727 2704s
 71387 46385 infeasible   73        34.00000    3.00000  91.2%   728 2705s
 72166 48815    4.00000   52  178   34.00000    3.00000  91.2%   728 2750s
 75753 51216    8.00000  121  120   34.00000    3.00000  91.2%   725 2806s
 79463 52733    3.00000   37  184   34.00000    3.00000  91.2%   719 2852s
 81694 54658    4.00000   68  121   34.00000    3.00000  91.2%   719 2897s
 84858 57072 infeasible   21        34.00000    3.00000  91.2%   720 2948s
 88509 58668 infeasible   55        34.00000    3.00000  91.2%   717 3019s
 91395 59930 infeasible   27        34.00000    3.00000  91.2%   719 3068s
 93625 61603    4.00000   59  134   34.00000    3.00000  91.2%   720 3112s
 96601 63281    3.00000   30  223   34.00000    3.00000  91.2%   722 3158s
 99485 64614    3.00000   32  239   34.00000    3.00000  91.2%   725 3211s
 101613 66338 infeasible   48        34.00000    3.00000  91.2%   726 3259s
 104530 66338    3.00000   32  232   34.00000    3.00000  91.2%   728 3260s
 104719 68380    3.00000   22  254   34.00000    3.00000  91.2%   728 3307s
 108252 70178    4.00000   52  185   34.00000    3.00000  91.2%   726 3354s
H109480 70079                      32.0000000    3.00000  90.6%   726 3354s
 110980 70946 infeasible   38        32.00000    3.00000  90.6%   728 3399s
 112425 73268    4.00000   50  213   32.00000    3.00000  90.6%   730 3459s
 116076 75919 infeasible   30        32.00000    3.00000  90.6%   729 3512s
 119754 77966    3.00000   30  229   32.00000    3.00000  90.6%   726 3563s
 122746 81314    8.00000   77  221   32.00000    3.00000  90.6%   726 3613s
 126912 83360    3.02789   48  210   32.00000    3.00000  90.6%   721 3657s
 130190 84622 infeasible   67        32.00000    3.00000  90.6%   720 3700s
 131740 87661    3.00000   33  225   32.00000    3.00000  90.6%   719 3751s
 135814 89903    3.00000   27  262   32.00000    3.00000  90.6%   713 3795s
 139080 91621    5.01572   62  255   32.00000    3.00000  90.6%   711 3848s
 141682 93287    3.00000   33  249   32.00000    3.00000  90.6%   711 3928s
 144297 94767 infeasible   30        32.00000    3.00000  90.6%   713 3966s
 146808 96518    3.00000   34  195   32.00000    3.00000  90.6%   714 4008s
 149782 97635 infeasible   69        32.00000    3.00000  90.6%   714 4052s
 151786 99435    3.00000   52  177   32.00000    3.00000  90.6%   714 4101s
 154696 100985    4.00148   63  183   32.00000    3.00000  90.6%   714 4145s
 157231 102630    3.00000   27  256   32.00000    3.00000  90.6%   716 4195s
 159564 105217    3.08066   40  296   32.00000    3.00000  90.6%   716 4255s
 163316 106809 infeasible   30        32.00000    3.00000  90.6%   714 4298s
 165983 108501    4.00000   47  205   32.00000    3.00000  90.6%   716 4337s
 168768 110623    4.00000   63  197   32.00000    3.00000  90.6%   716 4381s
 171801 111635    3.00000   29  344   32.00000    3.00000  90.6%   716 4421s
 173079 114264    4.00000   43  215   32.00000    3.00000  90.6%   717 4471s
 176896 116121 infeasible   29        32.00000    3.00000  90.6%   714 4514s
 179823 117624    3.00000   44  217   32.00000    3.00000  90.6%   715 4572s
 182321 119569    3.00000   29  300   32.00000    3.00000  90.6%   717 4627s
 185378 121271    6.00000   61  112   32.00000    3.00000  90.6%   717 4671s
 188195 122809 infeasible   33        32.00000    3.00000  90.6%   718 4713s
 190997 124005    4.00000   54  195   32.00000    3.00000  90.6%   718 4761s
 193079 126264 infeasible   47        32.00000    3.00000  90.6%   718 4807s
 196504 129337    4.00000   44  244   32.00000    3.00000  90.6%   717 4858s
 200727 130477   23.00000  337   78   32.00000    3.00000  90.6%   712 4930s
 202605 131815   10.00000   38  238   32.00000    3.00000  90.6%   712 4969s
 205010 133256   10.00000   82  198   32.00000    3.00000  90.6%   713 5039s
 207287 134906 infeasible   29        32.00000    3.00000  90.6%   712 5079s
 209760 134906    6.00000   78   96   32.00000    3.00000  90.6%   712 5080s
 209885 137115 infeasible   47        32.00000    3.00000  90.6%   712 5132s
 212745 139639    3.00000   44  132   32.00000    3.00000  90.6%   711 5179s
 215098 139639    6.00000   76  216   32.00000    3.00000  90.6%   709 5180s
 216477 141019    3.00000   43  169   32.00000    3.00000  90.6%   708 5219s
 218738 141019 infeasible   48        32.00000    3.00000  90.6%   708 5220s
 218969 142870    6.00000   71  156   32.00000    3.00000  90.6%   707 5259s
 221654 144137 infeasible   86        32.00000    3.00000  90.6%   707 5302s
 223467 146241    5.00000   72  229   32.00000    3.00000  90.6%   707 5344s
 225579 146241    4.00000   44  255   32.00000    3.00000  90.6%   705 5345s
 226747 147765    5.00000   69  104   32.00000    3.00000  90.6%   705 5380s
 229320 148966    3.00000   31  261   32.00000    3.00000  90.6%   704 5418s
 231286 150533    3.00000   50  178   32.00000    3.00000  90.6%   704 5472s
 233940 151517    5.00000   55  247   32.00000    3.00000  90.6%   704 5509s
 235697 152396 infeasible   59        32.00000    3.00000  90.6%   704 5548s
 237862 153127    3.00000   33  215   32.00000    3.00000  90.6%   704 5583s
 239822 153626    3.00000   23  285   32.00000    3.00000  90.6%   704 5625s
 241476 155119    3.27705   57  180   32.00000    3.00000  90.6%   705 5669s
 244842 156479    3.49335   49  187   32.00000    3.00000  90.6%   704 5715s
 247173 158344    4.00000   43  250   32.00000    3.00000  90.6%   703 5773s
 250490 160430    4.00000   52  135   32.00000    3.00000  90.6%   703 5824s
 250658 160430 infeasible   52        32.00000    3.00000  90.6%   703 5825s
 254007 162948    3.00000   34  232   32.00000    3.00000  90.6%   701 5876s
 258012 164458    4.00000   38  208   32.00000    3.00000  90.6%   701 5936s
 260501 167973    4.00000   57  150   32.00000    3.00000  90.6%   701 5995s
 265516 172022    3.00000   36  230   32.00000    3.00000  90.6%   699 6051s
 271339 174044    7.00000   92  200   32.00000    3.00000  90.6%   694 6115s
*274171 173963             789      31.0000000    3.00000  90.3%   691 6116s
 274488 175571 infeasible   43        31.00000    3.00000  90.3%   691 6183s
 277404 177498    5.00000   68  117   31.00000    3.00000  90.3%   691 6246s
 280880 179517    4.00000   52  192   31.00000    3.00000  90.3%   691 6299s
 283884 182496    3.03315   39  325   31.00000    3.00000  90.3%   691 6351s
 288679 184357    4.00000   51  179   31.00000    3.00000  90.3%   688 6398s
 292042 186316    7.00000   95  194   31.00000    3.00000  90.3%   688 6445s
 295779 187574    3.50721   52  325   31.00000    3.00000  90.3%   688 6492s
 297890 189881    8.00000  117  132   31.00000    3.00000  90.3%   689 6548s
 301975 191494    6.00000   59  191   31.00000    3.00000  90.3%   689 6597s
 305333 193150    5.00000   51  227   31.00000    3.00000  90.3%   690 6684s
 308726 194276    3.00000   51  156   31.00000    3.00000  90.3%   691 6735s
 310978 196575 infeasible   38        31.00000    3.00000  90.3%   692 6788s
 314828 198018    4.00000   39  204   31.00000    3.00000  90.3%   693 6872s
 317408 199808    4.00000   44  235   31.00000    3.00000  90.3%   694 6961s
 321454 201870    5.00047   63  207   31.00000    3.00000  90.3%   694 7027s
 325258 203343 infeasible   46        31.00000    3.00000  90.3%   696 7091s
 327839 205171 infeasible   61        31.00000    3.00000  90.3%   696 7154s
 332226 206329 infeasible   59        31.00000    3.00000  90.3%   696 7232s
 334962 208221 infeasible   63        31.00000    3.00000  90.3%   696 7312s
 339655 209193    5.00000   62  164   31.00000    3.00000  90.3%   696 7371s
 342200 210903    4.00000   62  149   31.00000    3.00000  90.3%   697 7430s
 346545 212375 infeasible   85        31.00000    3.00000  90.3%   696 7529s
 349747 214862    3.00000   40  215   31.00000    3.00000  90.3%   696 7597s
 354829 216247    3.00000   46  124   31.00000    3.00000  90.3%   694 7653s
 358147 217464 infeasible   59        31.00000    3.00000  90.3%   694 7718s
 360893 220041    4.00000   48  204   31.00000    3.00000  90.3%   695 7786s
 366259 221912    3.00000   41  151   31.00000    3.00000  90.3%   693 7844s
 367842 221912    3.00552   49  216   31.00000    3.00000  90.3%   693 7845s
 370343 223143    6.06040   66  152   31.00000    3.00000  90.3%   693 7902s
 373043 225051    7.00000   66  159   31.00000    3.00000  90.3%   692 7979s
 377093 227332    6.19290   86  122   31.00000    3.00000  90.3%   692 8050s
 381615 228568    4.00000   59  189   31.00000    3.00000  90.3%   691 8133s
 384117 230391    5.00000   57  168   31.00000    3.00000  90.3%   691 8203s
 387855 232335    4.08110   55  201   31.00000    3.00000  90.3%   691 8259s
 391795 232335    7.00186   65  185   31.00000    3.00000  90.3%   691 8260s
 391895 233374    4.00104   62  229   31.00000    3.00000  90.3%   691 8319s
 394136 235590    5.21927   72  240   31.00000    3.00000  90.3%   691 8388s
 398827 237412 infeasible   54        31.00000    3.00000  90.3%   691 8475s
 402474 238688 infeasible   90        31.00000    3.00000  90.3%   691 8537s
 405038 240896    3.00000   40  218   31.00000    3.00000  90.3%   691 8601s
 409124 243484    4.00000   43  200   31.00000    3.00000  90.3%   692 8661s
 413473 244467 infeasible   63        31.00000    3.00000  90.3%   691 8712s
 415328 246662    5.00000   76  109   31.00000    3.00000  90.3%   692 8817s
 419356 248885    5.00000   86  161   31.00000    3.00000  90.3%   693 8882s
 423436 250998    4.00000   52  210   31.00000    3.00000  90.3%   693 8942s
 427194 252247   10.00000   75  185   31.00000    3.00000  90.3%   694 8999s
 429366 254238    5.00000   56  210   31.00000    3.00000  90.3%   695 9076s
 433000 256206 infeasible   66        31.00000    3.00000  90.3%   696 9148s
 436656 258846    3.12186   54  225   31.00000    3.00000  90.3%   698 9214s
 441240 259871    6.00025   88  203   31.00000    3.00000  90.3%   698 9271s
 443043 262316    5.00000   55  189   31.00000    3.00000  90.3%   699 9335s
 447600 264608 infeasible   77        31.00000    3.00000  90.3%   700 9397s
 451470 266460    4.00000   42  219   31.00000    3.00000  90.3%   700 9504s
 455003 268055    6.35564   73  123   31.00000    3.00000  90.3%   701 9567s
 458169 268963 infeasible   36        31.00000    3.00000  90.3%   702 9639s
 459943 271146    4.00000   36  222   31.00000    3.00000  90.3%   703 9709s
 464216 273768    3.01837   48  182   31.00000    3.00000  90.3%   705 9783s
 468659 276443    4.00000   44  253   31.00000    3.00000  90.3%   705 9867s
 473212 277506    8.00000  128  175   31.00000    3.00000  90.3%   706 9926s
 475130 279897   13.00000  252  100   31.00000    3.00000  90.3%   707 9997s
 479364 282851    5.02728   66  205   31.00000    3.00000  90.3%   708 10064s
 484170 284017    5.00000   70  188   31.00000    3.00000  90.3%   708 10119s
 486290 286019    4.00000   42  211   31.00000    3.00000  90.3%   708 10182s
 490202 288625 infeasible   62        31.00000    3.00000  90.3%   709 10248s
 494688 290329 infeasible   43        31.00000    3.00000  90.3%   710 10314s
 498188 291467    3.00000   41  196   31.00000    3.00000  90.3%   711 10373s
 500469 294212    8.00000   71  154   31.00000    3.00000  90.3%   711 10452s
 505335 296991    3.05003   42  338   31.00000    3.00000  90.3%   711 10554s
 510009 299193    3.11338   44  271   31.00000    3.00000  90.3%   711 10633s
 513914 300212 infeasible   48        31.00000    3.00000  90.3%   711 10687s
 515813 302759 infeasible   47        31.00000    3.00000  90.3%   712 10754s
 520077 305251    4.00000   46  205   31.00000    3.00000  90.3%   712 10866s
 524543 307718    5.00000   49  221   31.00000    3.00000  90.3%   711 10930s
 528714 309006    4.00000   49  220   31.00000    3.00000  90.3%   711 10998s
 530988 311317    4.00000   55  195   31.00000    3.00000  90.3%   711 11057s
 534844 312988    3.00000   46  219   31.00000    3.00000  90.3%   712 11158s
 538162 314220 infeasible   62        31.00000    3.00000  90.3%   713 11219s
 540415 316756    5.00000   66  233   31.00000    3.00000  90.3%   714 11286s
 544852 319614    4.01078   61  235   31.00000    3.00000  90.3%   714 11373s
 549403 320836    3.00000   50  198   31.00000    3.00000  90.3%   714 11431s
 551751 322974 infeasible   39        31.00000    3.00000  90.3%   715 11494s
 555868 325453    5.00000   60  214   31.00000    3.00000  90.3%   715 11598s
 560265 326424    9.54756   80  171   31.00000    3.00000  90.3%   715 11677s
 562148 329107    4.00000   41  269   31.00000    3.00000  90.3%   716 11743s
 566521 331695    8.00000   61  293   31.00000    3.00000  90.3%   716 11829s
 570453 331695    5.00000   56  221   31.00000    3.00000  90.3%   716 11830s
 570650 334274    7.00000   81  158   31.00000    3.00000  90.3%   716 11893s
 574806 335750 infeasible   67        31.00000    3.00000  90.3%   717 11954s
 575967 335750    4.00000   52  216   31.00000    3.00000  90.3%   717 11955s
 577176 338236    4.00000   62  161   31.00000    3.00000  90.3%   717 12023s
 581767 340668    3.00000   39  266   31.00000    3.00000  90.3%   717 12084s
 586268 342108    3.00069   43  294   31.00000    3.00000  90.3%   716 12146s
 588622 344453    5.01806   62  216   31.00000    3.00000  90.3%   717 12255s
 592661 346516    6.00000   69  201   31.00000    3.00000  90.3%   717 12337s
 596578 347714    4.00000   54  150   31.00000    3.00000  90.3%   717 12393s
 598596 350426    4.00000   52  143   31.00000    3.00000  90.3%   717 12456s
 603010 352301 infeasible   69        31.00000    3.00000  90.3%   717 12525s
 606678 354024 infeasible   46        31.00000    3.00000  90.3%   718 12584s
 610059 356654    4.00000   62  162   31.00000    3.00000  90.3%   719 12646s
 614458 359069 infeasible   40        31.00000    3.00000  90.3%   719 12705s
 618563 360679    4.00000   52  168   31.00000    3.00000  90.3%   719 12765s
 621295 363369    4.00000   57  179   31.00000    3.00000  90.3%   719 12836s
 625621 364939    7.00000   83  219   31.00000    3.00000  90.3%   719 12924s
 628089 364939   11.02101  213  175   31.00000    3.00000  90.3%   719 12925s
 629243 367439 infeasible   62        31.00000    3.00000  90.3%   719 12990s
 633326 368895 infeasible   58        31.00000    3.00000  90.3%   719 13053s
 635863 371433    5.05312   59  185   31.00000    3.00000  90.3%   720 13115s
 639997 373918    4.00000   66  138   31.00000    3.00000  90.3%   720 13176s
 644240 375434    4.06320   64  222   31.00000    3.00000  90.3%   720 13238s
 646592 377751    3.00000   46  171   31.00000    3.00000  90.3%   720 13336s
 650487 380354    4.00000   50  242   31.00000    3.00000  90.3%   720 13398s
 654851 382448    4.00000   52  216   31.00000    3.00000  90.3%   720 13453s
 658419 384286    6.23023   87  226   31.00000    3.00000  90.3%   720 13523s
 661844 385652    4.00000   51  230   31.00000    3.00000  90.3%   721 13581s
 664209 388361    4.00000   45  206   31.00000    3.00000  90.3%   721 13644s
 667743 388361    3.00000   45  241   31.00000    3.00000  90.3%   721 13645s
 668588 390104   14.00000  179  196   31.00000    3.00000  90.3%   721 13724s
 671569 392808    4.00000   50  174   31.00000    3.00000  90.3%   721 13787s
 675748 394787    4.00078   62  239   31.00000    3.00000  90.3%   722 13847s
 679681 395887    3.00188   35  339   31.00000    3.00000  90.3%   722 13981s
 681670 398101    5.00000   65  164   31.00000    3.00000  90.3%   722 14080s
 685871 401000    5.18419   71  218   31.00000    3.00000  90.3%   723 14170s
 690617 403703    3.00000   47  211   31.00000    3.00000  90.3%   723 14233s
 695034 405151    4.00000   45  187   31.00000    3.00000  90.3%   722 14293s
 697461 407567    4.00000   48  231   31.00000    3.00000  90.3%   723 14353s
 701535 409499    5.00000   60  170   31.00000    3.00000  90.3%   723 14454s
 704987 410988 infeasible   44        31.00000    3.00000  90.3%   723 14517s
 707725 413219 infeasible   68        31.00000    3.00000  90.3%   723 14584s
 711839 414949    4.00000   62  166   31.00000    3.00000  90.3%   724 14643s
 715097 416852    4.00172   55  236   31.00000    3.00000  90.3%   725 14704s
 718887 418234    6.06907   69  187   31.00000    3.00000  90.3%   725 14796s
 721313 421271 infeasible   59        31.00000    3.00000  90.3%   726 14883s
 726400 423416    5.00000   81  176   31.00000    3.00000  90.3%   725 14977s
 730163 425368 infeasible   52        31.00000    3.00000  90.3%   726 15080s
 733883 426603    4.00000   48  199   31.00000    3.00000  90.3%   726 15162s
 736147 429400    8.00000  105  143   31.00000    3.00000  90.3%   727 15269s
 736566 429400    5.00000   72  148   31.00000    3.00000  90.3%   726 15270s
 740992 431435    8.00000   76  107   31.00000    3.00000  90.3%   726 15346s
 744964 433934 infeasible   71        31.00000    3.00000  90.3%   727 15414s
 747406 433934    3.01298   48  260   31.00000    3.00000  90.3%   727 15415s
 749356 435880    4.00000   49  176   31.00000    3.00000  90.3%   726 15479s
 751864 435880   12.00000  126  141   31.00000    3.00000  90.3%   727 15480s
 752886 437455    6.00000   58  180   31.00000    3.00000  90.3%   727 15539s
 755728 439922 infeasible   55        31.00000    3.00000  90.3%   727 15603s
 759990 442522    4.00000   66  130   31.00000    3.00000  90.3%   727 15668s
 764277 444270    3.00000   31  267   31.00000    3.00000  90.3%   727 15759s
 765496 444270    4.00000   54  177   31.00000    3.00000  90.3%   727 15760s
 767256 446928    7.00000   96  116   31.00000    3.00000  90.3%   727 15819s
 771620 448126 infeasible   38        31.00000    3.00000  90.3%   727 15878s
 773797 450673    5.00000   59  192   31.00000    3.00000  90.3%   728 15970s
 778113 452835    6.00000   71  193   31.00000    3.00000  90.3%   727 16041s
 781768 454828   20.00000  102  240   31.00000    3.00000  90.3%   728 16105s
 785350 457129 infeasible   58        31.00000    3.00000  90.3%   728 16190s
 789292 458450    6.02814   68  225   31.00000    3.00000  90.3%   728 16253s
 791969 460898    5.00000   63  166   31.00000    3.00000  90.3%   729 16319s
 793818 460898    4.00000   59  185   31.00000    3.00000  90.3%   729 16320s
 796115 463106    4.00000   55  252   31.00000    3.00000  90.3%   729 16377s
 800003 464492 infeasible   99        31.00000    3.00000  90.3%   729 16447s
 802662 467120    4.21961   65  214   31.00000    3.00000  90.3%   729 16527s
 806879 468235    3.00000   36  258   31.00000    3.00000  90.3%   729 16587s
 808915 470394 infeasible   49        31.00000    3.00000  90.3%   730 16664s
 812777 472505    5.00000   62  186   31.00000    3.00000  90.3%   730 16728s
 816833 474564 infeasible   42        31.00000    3.00000  90.3%   731 16797s
 820515 475903    6.00000   58  174   31.00000    3.00000  90.3%   732 16866s
 823061 478172    9.00000   82  136   31.00000    3.00000  90.3%   732 16931s
 827150 480288 infeasible   68        31.00000    3.00000  90.3%   733 17003s
 831071 481996    4.77700   54  229   31.00000    3.00000  90.3%   733 17107s
 833994 484587    3.00000   40  246   31.00000    3.00000  90.3%   734 17197s
 838343 487011    5.00158   55  251   31.00000    3.00000  90.3%   734 17284s
 842573 489327    7.02358   89  170   31.00000    3.00000  90.3%   734 17350s
 846594 490557 infeasible   49        31.00000    3.00000  90.3%   734 17421s
 848883 492420 infeasible   49        31.00000    3.00000  90.3%   735 17496s
 852437 494380    4.00000   54  244   31.00000    3.00000  90.3%   735 17575s
 856047 496244    3.10549   54  189   31.00000    3.00000  90.3%   736 17639s
 859699 497872 infeasible   57        31.00000    3.00000  90.3%   736 17714s
 862580 500382    7.00000   80  246   31.00000    3.00000  90.3%   737 17789s
 863228 500382    9.00000  116  175   31.00000    3.00000  90.3%   736 17790s
 866947 502234   11.00000   94  147   31.00000    3.00000  90.3%   737 17869s
 870715 503648 infeasible   57        31.00000    3.00000  90.3%   738 17976s
 873587 505081 infeasible   68        31.00000    3.00000  90.3%   738 18096s
 875932 508015    4.00000   50  187   31.00000    3.00000  90.3%   739 18181s
 881052 510301   10.00000  171  112   31.00000    3.00000  90.3%   739 18256s
 885069 511947 infeasible   43        31.00000    3.00000  90.3%   739 18345s
 888344 514414    5.00000   53  239   31.00000    3.00000  90.3%   740 18416s
 892394 515719 infeasible   43        31.00000    3.00000  90.3%   741 18489s
 895117 517919 infeasible   47        31.00000    3.00000  90.3%   741 18560s
 899301 520070 infeasible   46        31.00000    3.00000  90.3%   742 18630s
 903238 521644 infeasible   61        31.00000    3.00000  90.3%   743 18702s
 906088 523731    5.00000   63  177   31.00000    3.00000  90.3%   743 18778s
 909819 525894    4.61590   49  264   31.00000    3.00000  90.3%   744 18869s
 910311 525894    8.00000   99  229   31.00000    3.00000  90.3%   744 18870s
 913681 527419 infeasible   77        31.00000    3.00000  90.3%   745 18950s
 916561 529887    6.00000   56  227   31.00000    3.00000  90.3%   745 19027s
 920808 532423    3.00000   35  237   31.00000    3.00000  90.3%   746 19108s
 925125 535148    9.00000   77  247   31.00000    3.00000  90.3%   746 19178s
 929689 536527    6.00000   65  151   31.00000    3.00000  90.3%   746 19246s
 932038 539056 infeasible   91        31.00000    3.00000  90.3%   746 19370s
 936580 541281    6.00000   55  245   31.00000    3.00000  90.3%   747 19459s
 940441 543128    3.00000   53  155   31.00000    3.00000  90.3%   747 19527s
 943814 544708 infeasible   82        31.00000    3.00000  90.3%   748 19604s
 946535 547468   10.00000  113  230   31.00000    3.00000  90.3%   748 19690s
 950988 550131    4.00000   49  252   31.00000    3.00000  90.3%   749 19762s
 955441 551679    5.00000   64  181   31.00000    3.00000  90.3%   749 19838s
 958214 554905 infeasible   89        31.00000    3.00000  90.3%   749 19911s
 963113 558052    4.00000   50  245   31.00000    3.00000  90.3%   749 19995s
 967857 559370 infeasible   78        31.00000    3.00000  90.3%   748 20053s
 970334 561389    4.00000   43  226   31.00000    3.00000  90.3%   748 20112s
 973750 563274    4.20664   53  287   31.00000    3.00000  90.3%   749 20174s
 977068 564770    3.01654   45  282   31.00000    3.00000  90.3%   749 20243s
 979626 566880    4.00000   59  152   31.00000    3.00000  90.3%   750 20342s
 983096 568743    5.00000   65  153   31.00000    3.00000  90.3%   750 20459s
 986362 570956    5.00000   73  112   31.00000    3.00000  90.3%   750 20549s
 987346 570956    4.00000   47  198   31.00000    3.00000  90.3%   750 20550s
 990393 573123    4.00000   37  226   31.00000    3.00000  90.3%   750 20627s
 994282 575840 infeasible   61        31.00000    3.00000  90.3%   751 20698s
 998459 577097    4.00000   51  241   31.00000    3.00000  90.3%   751 20765s
 1000878 579354    4.00000   42  193   31.00000    3.00000  90.3%   752 20831s
 1005118 581452    4.00239   57  138   31.00000    3.00000  90.3%   752 20897s
 1009100 583663    3.00000   41  209   31.00000    3.00000  90.3%   752 20965s
 1012893 585183 infeasible  126        31.00000    3.00000  90.3%   753 21069s
 1015604 587496    4.00000   49  186   31.00000    3.00000  90.3%   753 21160s
 1019719 589498 infeasible   45        31.00000    3.00000  90.3%   754 21232s
 1023567 591222    5.00003   75  146   31.00000    3.00000  90.3%   754 21302s
 1026804 593879    4.00000   46  195   31.00000    3.00000  90.3%   754 21388s
 1031455 596491 infeasible   50        31.00000    3.00000  90.3%   754 21455s
 1035711 597856    4.00931   61  175   31.00000    3.00000  90.3%   755 21522s
 1038130 600117    4.00000   52  155   31.00000    3.00000  90.3%   755 21595s
 1042132 602159    6.00000   77  195   31.00000    3.00000  90.3%   755 21679s
 1042781 602159   14.00000   70  206   31.00000    3.00000  90.3%   755 21680s
 1045740 605178 infeasible   81        31.00000    3.00000  90.3%   756 21750s
 1050506 606375    4.00669   73  265   31.00000    3.00000  90.3%   755 21822s
 1052868 608531    5.00000   45  241   31.00000    3.00000  90.3%   756 21892s
 1056805 611069 infeasible   40        31.00000    3.00000  90.3%   756 21960s
 1060860 612594    4.00000   47  215   31.00000    3.00000  90.3%   756 22025s
 1063014 615181    8.00000   94  174   31.00000    3.00000  90.3%   756 22097s
 1067265 617832 infeasible  141        31.00000    3.00000  90.3%   756 22182s
 1071649 620091 infeasible   61        31.00000    3.00000  90.3%   756 22260s
 1075531 622067 infeasible   74        31.00000    3.00000  90.3%   757 22322s
 1079183 623319 infeasible   91        31.00000    3.00000  90.3%   757 22387s
 1081601 625858    4.00000   52  231   31.00000    3.00000  90.3%   757 22457s
 1085719 628235 infeasible   46        31.00000    3.00000  90.3%   757 22527s
 1089811 629727    5.00000   80   85   31.00000    3.00000  90.3%   757 22597s
 1092474 632174    7.00000   86  191   31.00000    3.00000  90.3%   757 22667s
 1096749 633537    5.00000   56  175   31.00000    3.00000  90.3%   758 22733s
 1099260 636141    4.10921   66  182   31.00000    3.00000  90.3%   758 22826s
 1103818 638372    4.05132   51  321   31.00000    3.00000  90.3%   758 22891s
 1107875 640533    4.00000   37  242   31.00000    3.00000  90.3%   758 22965s
 1111198 642790 infeasible   45        31.00000    3.00000  90.3%   758 23032s
 1115188 644555    6.00000   57  175   31.00000    3.00000  90.3%   758 23135s
 1118565 645687    4.00000   66  143   31.00000    3.00000  90.3%   759 23259s
 1120686 648283    5.18710   64  279   31.00000    3.00000  90.3%   759 23332s
 1125203 651050 infeasible   41        31.00000    3.00000  90.3%   759 23404s
 1129599 652489    3.32379   45  264   31.00000    3.00000  90.3%   759 23476s
 1131999 655084    4.00000   68  101   31.00000    3.00000  90.3%   760 23549s
 1133731 655084 infeasible  104        31.00000    3.00000  90.3%   759 23550s
 1136806 657893    4.00000   53  215   31.00000    3.00000  90.3%   759 23641s
 1141364 659643 infeasible  100        31.00000    3.00000  90.3%   759 23718s
 1144118 661661 infeasible   64        31.00000    3.00000  90.3%   759 23798s
 1147995 663900    5.00000   63  243   31.00000    3.00000  90.3%   760 23872s
 1152130 665299    8.00000   94  176   31.00000    3.00000  90.3%   760 23961s
 1154655 667604    5.00000   59  166   31.00000    3.00000  90.3%   759 24033s
 1159010 669917    5.00000   46  234   31.00000    3.00000  90.3%   759 24116s
 1162933 671752 infeasible  142        31.00000    3.00000  90.3%   759 24179s
 1166381 672954    3.01550   54  223   31.00000    3.00000  90.3%   760 24242s
 1168731 674771    5.14913   51  187   31.00000    3.00000  90.3%   760 24312s
 1172219 676949    3.00179   45  310   31.00000    3.00000  90.3%   761 24387s
 1176287 678055 infeasible   43        31.00000    3.00000  90.3%   761 24481s
 1178561 680087    4.00000   57  133   31.00000    3.00000  90.3%   761 24551s
 1182595 682568    6.00000   81  131   31.00000    3.00000  90.3%   762 24624s
 1187043 684125 infeasible   49        31.00000    3.00000  90.3%   762 24694s
 1190265 686592    4.00000   52  185   31.00000    3.00000  90.3%   762 24768s
 1194679 688082    4.00513   53  207   31.00000    3.00000  90.3%   762 24843s
 1197576 690005    4.00000   43  222   31.00000    3.00000  90.3%   762 24919s
 1199654 690005    4.13642   59  255   31.00000    3.00000  90.3%   763 24920s
 1201414 692225    3.00000   37  211   31.00000    3.00000  90.3%   763 25019s
 1201773 692225 infeasible   53        31.00000    3.00000  90.3%   763 25020s
 1205338 693313    6.00000   60  235   31.00000    3.00000  90.3%   763 25085s
 1207539 695696 infeasible   52        31.00000    3.00000  90.3%   763 25162s
 1211951 698004    4.00226   68  167   31.00000    3.00000  90.3%   763 25241s
 1216125 699647    4.00000   46  200   31.00000    3.00000  90.3%   763 25305s
 1219453 701211    7.00000   82  134   31.00000    3.00000  90.3%   764 25393s
 1222292 703161    3.00040   47  300   31.00000    3.00000  90.3%   764 25506s
 1226200 704894    4.01218   64  172   31.00000    3.00000  90.3%   765 25585s
 1229270 707259    4.00000   55  149   31.00000    3.00000  90.3%   765 25663s
 1233681 709370    3.00000   52  163   31.00000    3.00000  90.3%   765 25736s
 1237548 710444 infeasible   59        31.00000    3.00000  90.3%   766 25826s
 1239755 713197    4.00000   69  131   31.00000    3.00000  90.3%   766 25905s
 1244499 715218    4.00000   52  184   31.00000    3.00000  90.3%   766 25983s
 1248433 717190    4.00000   42  246   31.00000    3.00000  90.3%   767 26070s
 1252155 718503 infeasible   61        31.00000    3.00000  90.3%   767 26177s
 1254708 720878 infeasible   66        31.00000    3.00000  90.3%   767 26260s
 1259209 722558    6.00000   86  188   31.00000    3.00000  90.3%   768 26338s
 1262680 724086    3.00000   37  225   31.00000    3.00000  90.3%   768 26431s
 1265600 726363    3.08466   49  291   31.00000    3.00000  90.3%   769 26530s
 1269985 727446    4.00000   58  171   31.00000    3.00000  90.3%   769 26632s
 1272266 730439    7.00000   88  154   31.00000    3.00000  90.3%   770 26716s
 1277449 732441    4.03632   56  174   31.00000    3.00000  90.3%   770 26816s
 1281133 733898    5.00000   61  167   31.00000    3.00000  90.3%   770 26889s
 1284119 736544    4.00000   64  142   31.00000    3.00000  90.3%   770 26965s
 1288841 737901    3.00000   50  211   31.00000    3.00000  90.3%   771 27041s
 1291530 740075 infeasible   52        31.00000    3.00000  90.3%   771 27135s
 1295742 742221    4.00000   53  157   31.00000    3.00000  90.3%   771 27242s
 1299973 743246 infeasible  135        31.00000    3.00000  90.3%   771 27315s
 1302318 745417    6.00000   72  177   31.00000    3.00000  90.3%   772 27397s
 1306983 747090    5.00771   67  178   31.00000    3.00000  90.3%   772 27494s
 1310698 748867 infeasible   65        31.00000    3.00000  90.3%   772 27580s
 1314369 751312    5.09382   71  136   31.00000    3.00000  90.3%   772 27659s
 1319362 752724    4.17560   57  200   31.00000    3.00000  90.3%   772 27799s
 1322045 754691    5.00000   65  172   31.00000    3.00000  90.3%   772 27883s
 1326298 756586    3.01339   51  219   31.00000    3.00000  90.3%   772 27970s
 1330088 758238 infeasible   64        31.00000    3.00000  90.3%   772 28050s
 1333179 760213 infeasible   71        31.00000    3.00000  90.3%   773 28137s
 1337378 762514 infeasible   56        31.00000    3.00000  90.3%   773 28229s
 1338003 762514 infeasible   51        31.00000    3.00000  90.3%   773 28230s
 1341805 763727    4.00326   64  132   31.00000    3.00000  90.3%   773 28297s
 1344124 765827    4.00000   60  166   31.00000    3.00000  90.3%   773 28369s
 1348235 768570    3.00000   51  176   31.00000    3.00000  90.3%   773 28463s
 1353289 770732 infeasible   61        31.00000    3.00000  90.3%   773 28530s
 1357218 772646    6.00000   72  218   31.00000    3.00000  90.3%   773 28609s
 1360300 775153 infeasible   51        31.00000    3.00000  90.3%   773 28676s
 1364952 777039    3.30763   43  317   31.00000    3.00000  90.3%   773 28794s
 1368716 777245    5.00034   67  220   31.00000    3.00000  90.3%   773 28800s

Cutting planes:
  Learned: 240
  Gomory: 26
  Lift-and-project: 41
  Implied bound: 91
  Clique: 7
  MIR: 363
  Flow cover: 3332
  Zero half: 26
  RLT: 562
  Relax-and-lift: 14

Explored 1369079 nodes (1058156150 simplex iterations) in 28800.21 seconds (10373.82 work units)
Thread count was 24 (of 24 available processors)

Solution count 10: 31 32 34 ... 42

Time limit reached
Warning: max constraint violation (7.7082e-06) exceeds tolerance
Best objective 3.100000000000e+01, best bound 3.000000000000e+00, gap 90.3226%
