
Gurobi 10.0.1 (linux64) logging started Sun Jul 30 17:34:28 2023

Set parameter LogFile to value "Reales_bases_0.3.log"
Gurobi Optimizer version 10.0.1 build v10.0.1rc0 (linux64)

CPU model: AMD Opteron(tm) Processor 6174, instruction set [SSE2]
Thread count: 24 physical cores, 24 logical processors, using up to 24 threads

Optimize a model with 30176 rows, 16845 columns and 93413 nonzeros
Model fingerprint: 0x098c8258
Model has 9535 quadratic constraints
Variable types: 5462 continuous, 11383 integer (11340 binary)
Coefficient statistics:
  Matrix range     [1e+00, 1e+04]
  QMatrix range    [1e+00, 1e+00]
  QLMatrix range   [1e+00, 1e+01]
  Objective range  [1e+00, 1e+00]
  Bounds range     [1e+00, 1e+00]
  RHS range        [1e+00, 1e+04]
Presolve removed 11431 rows and 3657 columns
Presolve time: 0.79s
Presolved: 24206 rows, 14952 columns, 89243 nonzeros
Presolved model has 4746 quadratic constraint(s)
Presolved model has 1806 bilinear constraint(s)
Variable types: 5335 continuous, 9617 integer (9574 binary)

Root relaxation: objective 1.000000e+00, 1956 iterations, 0.17 seconds (0.05 work units)

    Nodes    |    Current Node    |     Objective Bounds      |     Work
 Expl Unexpl |  Obj  Depth IntInf | Incumbent    BestBd   Gap | It/Node Time

     0     0    1.00000    0   49          -    1.00000      -     -    2s
     0     0    2.00000    0  203          -    2.00000      -     -   17s
     0     0    2.00000    0  202          -    2.00000      -     -   20s
     0     0    2.00000    0   93          -    2.00000      -     -   21s
     0     0    2.00000    0  132          -    2.00000      -     -   22s
     0     0    2.00000    0   42          -    2.00000      -     -   23s
     0     0    2.00000    0   70          -    2.00000      -     -   24s
     0     0    2.00000    0   44          -    2.00000      -     -   26s
     0     0    2.00000    0  116          -    2.00000      -     -   26s
     0     0    2.00000    0   43          -    2.00000      -     -   27s
     0     0    2.00000    0   61          -    2.00000      -     -   28s
     0     0    2.00000    0   55          -    2.00000      -     -   32s
     0     0    2.00000    0  107          -    2.00000      -     -   33s
     0     0    2.00000    0   44          -    2.00000      -     -   35s
     0     0    2.00000    0  116          -    2.00000      -     -   36s
     0     0    2.00000    0   46          -    2.00000      -     -   39s
     0     0    2.00000    0   71          -    2.00000      -     -   44s
     0     0    2.00000    0   44          -    2.00000      -     -   46s
     0     0    2.00000    0   68          -    2.00000      -     -   48s
     0     0    2.00000    0   44          -    2.00000      -     -   50s
     0     0    2.00000    0   69          -    2.00000      -     -   52s
     0     0    2.00000    0   43          -    2.00000      -     -   53s
     0     0    2.00000    0   44          -    2.00000      -     -   55s
     0     0    2.00000    0   53          -    2.00000      -     -   57s
     0     0    2.00000    0   54          -    2.00000      -     -   61s
     0     0    2.00000    0   63          -    2.00000      -     -   64s
     0     0    2.00000    0   43          -    2.00000      -     -   65s
     0     0    2.00000    0   44          -    2.00000      -     -   67s
     0     0    2.00000    0   44          -    2.00000      -     -   68s
     0     0    2.00000    0   50          -    2.00000      -     -   73s
     0     0    2.00000    0   54          -    2.00000      -     -   78s
     0     0    2.00000    0   44          -    2.00000      -     -   79s
     0     0    2.00000    0   50          -    2.00000      -     -   85s
     0     0    2.00000    0   63          -    2.00000      -     -   89s
     0     0    2.00000    0   50          -    2.00000      -     -   93s
     0     0    2.00000    0   62          -    2.00000      -     -   97s
     0     0    2.00000    0   70          -    2.00000      -     -  101s
     0     0    2.00000    0   42          -    2.00000      -     -  103s
     0     0    2.00000    0   62          -    2.00000      -     -  108s
     0     0    2.00000    0   68          -    2.00000      -     -  111s
     0     0    2.00000    0   43          -    2.00000      -     -  113s
     0     0    2.00000    0   50          -    2.00000      -     -  117s
     0     0    2.00000    0   62          -    2.00000      -     -  118s
     0     0    2.00000    0   43          -    2.00000      -     -  120s
     0     0    2.00000    0   86          -    2.00000      -     -  122s
     0     0    2.00000    0   54          -    2.00000      -     -  125s
     0     0    2.00000    0   66          -    2.00000      -     -  128s
     0     0    2.00000    0   44          -    2.00000      -     -  130s
     0     0    2.00000    0   44          -    2.00000      -     -  131s
     0     0    2.00000    0   54          -    2.00000      -     -  134s
     0     0    2.00000    0   63          -    2.00000      -     -  137s
     0     0    2.00000    0   58          -    2.00000      -     -  139s
     0     0    2.00000    0   57          -    2.00000      -     -  140s
     0     0    2.00000    0   62          -    2.00000      -     -  142s
     0     0    2.00000    0   67          -    2.00000      -     -  143s
     0     0    2.00000    0   49          -    2.00000      -     -  144s
     0     0    2.00000    0   60          -    2.00000      -     -  146s
     0     0    2.00000    0   55          -    2.00000      -     -  147s
     0     0    2.00000    0   66          -    2.00000      -     -  149s
     0     0    2.00000    0   62          -    2.00000      -     -  151s
     0     0    2.00000    0   44          -    2.00000      -     -  152s
     0     0    2.00000    0   65          -    2.00000      -     -  153s
     0     0    2.00000    0   50          -    2.00000      -     -  155s
     0     0    2.00000    0   62          -    2.00000      -     -  156s
     0     0    2.00000    0   71          -    2.00000      -     -  156s
     0     0    2.00000    0   60          -    2.00000      -     -  157s
     0     0    2.00000    0   56          -    2.00000      -     -  159s
     0     0    2.00000    0   83          -    2.00000      -     -  160s
     0     0    2.00000    0   42          -    2.00000      -     -  161s
     0     0    2.00000    0   44          -    2.00000      -     -  162s
     0     0    2.00000    0   52          -    2.00000      -     -  163s
     0     0    2.00000    0   44          -    2.00000      -     -  164s
     0     0    2.00000    0   86          -    2.00000      -     -  167s
     0     0    2.00000    0   52          -    2.00000      -     -  167s
     0     0    2.00000    0   43          -    2.00000      -     -  168s
     0     0    2.00000    0   50          -    2.00000      -     -  170s
     0     0    2.00000    0   44          -    2.00000      -     -  171s
     0     0    2.00000    0   74          -    2.00000      -     -  172s
     0     0    2.00000    0   44          -    2.00000      -     -  173s
     0     0    2.00000    0   59          -    2.00000      -     -  176s
     0     0    2.00000    0   44          -    2.00000      -     -  178s
     0     0    2.00000    0   66          -    2.00000      -     -  180s
     0     0    2.00000    0   54          -    2.00000      -     -  183s
     0     0    2.00000    0   60          -    2.00000      -     -  185s
     0     0    2.00000    0   60          -    2.00000      -     -  187s
     0     0    2.00000    0   44          -    2.00000      -     -  188s
     0     0    2.00000    0   56          -    2.00000      -     -  190s
     0     0    2.00000    0   54          -    2.00000      -     -  192s
     0     0    2.00000    0   62          -    2.00000      -     -  195s
     0     0    2.00000    0   63          -    2.00000      -     -  196s
     0     0    2.00000    0   50          -    2.00000      -     -  200s
     0     0    2.00000    0   44          -    2.00000      -     -  202s
     0     0    2.00000    0   43          -    2.00000      -     -  204s
     0     0    2.00000    0   47          -    2.00000      -     -  206s
     0     0    2.00000    0   42          -    2.00000      -     -  207s
     0     0    2.00000    0   42          -    2.00000      -     -  209s
     0     0    2.00000    0   79          -    2.00000      -     -  211s
     0     0    2.00000    0   42          -    2.00000      -     -  212s
     0     0    2.00000    0   54          -    2.00000      -     -  215s
     0     0    2.00000    0   83          -    2.00000      -     -  216s
     0     0    2.00000    0   60          -    2.00000      -     -  219s
     0     0    2.00000    0   47          -    2.00000      -     -  219s
     0     0    2.00000    0   62          -    2.00000      -     -  222s
     0     0    2.00000    0   56          -    2.00000      -     -  223s
     0     0    2.00000    0   82          -    2.00000      -     -  224s
     0     0    2.00000    0   43          -    2.00000      -     -  225s
     0     0    2.00000    0   53          -    2.00000      -     -  227s
     0     0    2.00000    0   43          -    2.00000      -     -  230s
     0     2    3.00000    0   43          -    3.00000      -     -  232s
     7    16    3.00000    3  159          -    3.00000      -  1006  235s
    55    80    3.00000    6  159          -    3.00000      -  1646  241s
   153   181    3.00000   10  128          -    3.00000      -  1368  248s
   180   234    3.00000   10  180          -    3.00000      -  1568  253s
   233   405    3.00000   11  186          -    3.00000      -  1918  260s
   409   793    3.00000   12  173          -    3.00000      -  1838  512s
   850  2133    3.00000   20  147          -    3.00000      -  1455  577s
  2699  4213    3.00000   29 1461          -    3.00000      -   858  624s
  5970  4214    3.00000   32    0          -    3.00000      -   670  692s
  5972  4215    3.00000   42   24          -    3.00000      -   670  718s
  5973  4216    3.00000   35  168          -    3.00000      -   670  720s
  5975  4217    3.00000   54   28          -    3.00000      -   670  728s
  5976  4218    3.02051   46  172          -    3.00000      -   670  730s
  5977  4219    3.00000   30   45          -    3.00000      -   670  735s
  5979  4220    3.00000   42   48          -    3.00000      -   669  740s
  5981  4221    3.00000   27   61          -    3.00000      -   669  746s
  5983  4223    3.00000   31   37          -    3.00000      -   669  753s
  5984  4223    3.00000   22  158          -    3.00000      -   669  765s
  5986  4225    5.00000   35  175          -    3.00000      -   669  770s
  5987  4225    3.00000   44   68          -    3.00000      -   669  775s
  5990  4227    3.00000   20   41          -    3.00000      -   668  781s
  5991  4228    3.00000   28   74          -    3.00000      -   668  785s
  5993  4229    3.00000   22   16          -    3.00000      -   668  790s
  5995  4231    3.00000   14   70          -    3.00000      -   668  795s
  5996  4231    3.00000   33   51          -    3.00000      -   668  800s
  5997  4232    3.00000   28   51          -    3.00000      -   667  806s
  5998  4236    3.00000   11  231          -    3.00000      -   696  810s
  6000  4239    3.00000   12  236          -    3.00000      -   696  828s
  6004  4246    3.00000   13  228          -    3.00000      -   696  833s
  6028  4278    3.00000   15  191          -    3.00000      -   697  835s
  6124  4344    3.00000   17  219          -    3.00000      -   703  842s
  6150  4365    3.00000   18  223          -    3.00000      -   706  847s
  6180  4380    3.00000   18  220          -    3.00000      -   713  851s
  6205  4433    3.00000   19  182          -    3.00000      -   720  855s
  6266  4564    3.00000   20  159          -    3.00000      -   735  862s
  6418  4971    3.00000   20  152          -    3.00000      -   751  872s
  6931  6007    3.00000   21  143          -    3.00000      -   758  897s
* 7019  5764              79       5.0000000    3.00000  40.0%   755  897s
  8748  6235    3.00000   27  183    5.00000    3.00000  40.0%   691  922s
 11002  5484    3.00000   29    0    5.00000    3.00000  40.0%   619  935s
 11010  5489    3.00000   57   15    5.00000    3.00000  40.0%   618  941s
 11068  5553    3.00000   29  192    5.00000    3.00000  40.0%   619  945s
 11313  5970    3.00000   32  184    5.00000    3.00000  40.0%   617  950s
 12391  7113    3.00000   36   98    5.00000    3.00000  40.0%   590  957s
*12721  6728             128       2.0000000    2.00000  0.00%   583  957s

Cutting planes:
  Learned: 80
  Gomory: 25
  Lift-and-project: 7
  Cover: 2
  Implied bound: 1
  Clique: 9
  MIR: 51
  Flow cover: 1084
  Zero half: 1
  RLT: 258
  Relax-and-lift: 9

Explored 14165 nodes (8464941 simplex iterations) in 958.02 seconds (232.87 work units)
Thread count was 24 (of 24 available processors)

Solution count 2: 2 5 

Optimal solution found (tolerance 1.00e-04)
Best objective 2.000000000000e+00, best bound 2.000000000000e+00, gap 0.0000%
