
Gurobi 10.0.1 (linux64) logging started Sun Jul 30 17:13:50 2023

Set parameter LogFile to value "Reales_bases_0.1.log"
Gurobi Optimizer version 10.0.1 build v10.0.1rc0 (linux64)

CPU model: AMD Opteron(tm) Processor 6174, instruction set [SSE2]
Thread count: 24 physical cores, 24 logical processors, using up to 24 threads

Optimize a model with 30176 rows, 16845 columns and 93413 nonzeros
Model fingerprint: 0xf343c3f7
Model has 9535 quadratic constraints
Variable types: 5462 continuous, 11383 integer (11340 binary)
Coefficient statistics:
  Matrix range     [1e+00, 1e+04]
  QMatrix range    [1e+00, 1e+00]
  QLMatrix range   [1e+00, 1e+01]
  Objective range  [1e+00, 1e+00]
  Bounds range     [1e+00, 1e+00]
  RHS range        [1e+00, 1e+04]
Presolve removed 11431 rows and 3657 columns
Presolve time: 0.80s
Presolved: 24206 rows, 14952 columns, 89243 nonzeros
Presolved model has 4746 quadratic constraint(s)
Presolved model has 1806 bilinear constraint(s)
Variable types: 5335 continuous, 9617 integer (9574 binary)

Root relaxation: objective 1.000000e+00, 1999 iterations, 0.22 seconds (0.10 work units)

    Nodes    |    Current Node    |     Objective Bounds      |     Work
 Expl Unexpl |  Obj  Depth IntInf | Incumbent    BestBd   Gap | It/Node Time

     0     0    1.00000    0   46          -    1.00000      -     -    2s
     0     0    2.00000    0   87          -    2.00000      -     -    6s
     0     0    2.00000    0  108          -    2.00000      -     -    7s
     0     0    2.00000    0  121          -    2.00000      -     -    7s
     0     0    2.00000    0  118          -    2.00000      -     -    7s
     0     0    2.00000    0   43          -    2.00000      -     -    8s
     0     0    2.00000    0   55          -    2.00000      -     -    9s
     0     0    2.00000    0   50          -    2.00000      -     -   10s
     0     0    2.00000    0   66          -    2.00000      -     -   10s
     0     0    2.00000    0   43          -    2.00000      -     -   11s
     0     0    2.00000    0   72          -    2.00000      -     -   12s
     0     0    2.00000    0   42          -    2.00000      -     -   12s
     0     0    2.00000    0   92          -    2.00000      -     -   13s
     0     0    2.00000    0   42          -    2.00000      -     -   13s
     0     0    2.00000    0   43          -    2.00000      -     -   14s
     0     0    2.00000    0   42          -    2.00000      -     -   14s
     0     0    2.00000    0   42          -    2.00000      -     -   14s
     0     0    2.00000    0   54          -    2.00000      -     -   17s
     0     0    2.00000    0   54          -    2.00000      -     -   20s
     0     0    2.00000    0   54          -    2.00000      -     -   22s
     0     0    2.00000    0   43          -    2.00000      -     -   23s
     0     0    2.00000    0   50          -    2.00000      -     -   26s
     0     0    2.00000    0   50          -    2.00000      -     -   28s
     0     0    2.00000    0   54          -    2.00000      -     -   29s
     0     0    2.00000    0   43          -    2.00000      -     -   30s
     0     0    2.00000    0   44          -    2.00000      -     -   31s
     0     0    2.00000    0   55          -    2.00000      -     -   35s
     0     0    2.00000    0   43          -    2.00000      -     -   36s
     0     0    2.00000    0   43          -    2.00000      -     -   37s
     0     0    2.00000    0   42          -    2.00000      -     -   39s
     0     0    2.00000    0   44          -    2.00000      -     -   40s
     0     0    2.00000    0   44          -    2.00000      -     -   42s
     0     0    2.00000    0   44          -    2.00000      -     -   43s
     0     0    2.00000    0   42          -    2.00000      -     -   44s
     0     0    2.00000    0   54          -    2.00000      -     -   46s
     0     0    2.00000    0   44          -    2.00000      -     -   48s
     0     0    2.00000    0   50          -    2.00000      -     -   51s
     0     0    2.00000    0   48          -    2.00000      -     -   55s
     0     0    2.00000    0   53          -    2.00000      -     -   59s
     0     0    2.00000    0   48          -    2.00000      -     -   61s
     0     0    2.00000    0   55          -    2.00000      -     -   63s
     0     0    2.00000    0   51          -    2.00000      -     -   66s
     0     0    2.00000    0   44          -    2.00000      -     -   67s
     0     0    2.00000    0   49          -    2.00000      -     -   71s
     0     0    2.00000    0   43          -    2.00000      -     -   72s
     0     0    2.00000    0   52          -    2.00000      -     -   75s
     0     0    2.00000    0   60          -    2.00000      -     -   77s
     0     0    2.00000    0   50          -    2.00000      -     -   81s
     0     0    2.00000    0   60          -    2.00000      -     -   85s
     0     0    2.00000    0   44          -    2.00000      -     -   86s
     0     0    2.00000    0   50          -    2.00000      -     -   89s
     0     0    2.00000    0   44          -    2.00000      -     -   90s
     0     0    2.00000    0   43          -    2.00000      -     -   92s
     0     0    2.00000    0   44          -    2.00000      -     -   93s
     0     0    2.00000    0   44          -    2.00000      -     -   95s
     0     0    2.00000    0   44          -    2.00000      -     -   96s
     0     0    2.00000    0   43          -    2.00000      -     -   97s
     0     0    2.00000    0   43          -    2.00000      -     -   98s
     0     0    2.00000    0   50          -    2.00000      -     -  102s
     0     0    2.00000    0   44          -    2.00000      -     -  103s
     0     0    2.00000    0   51          -    2.00000      -     -  107s
     0     0    2.00000    0   56          -    2.00000      -     -  112s
     0     0    2.00000    0   44          -    2.00000      -     -  114s
     0     0    2.00000    0   46          -    2.00000      -     -  116s
     0     0    2.00000    0   42          -    2.00000      -     -  118s
     0     0    2.00000    0   49          -    2.00000      -     -  120s
     0     0    2.00000    0   55          -    2.00000      -     -  122s
     0     0    2.00000    0   51          -    2.00000      -     -  124s
     0     0    2.00000    0   44          -    2.00000      -     -  126s
     0     0    2.00000    0   42          -    2.00000      -     -  128s
     0     0    2.00000    0   43          -    2.00000      -     -  129s
     0     0    2.00000    0   43          -    2.00000      -     -  130s
     0     0    2.00000    0   43          -    2.00000      -     -  132s
     0     0    2.00000    0   43          -    2.00000      -     -  133s
     0     0    2.00000    0   46          -    2.00000      -     -  135s
     0     0    2.00000    0   43          -    2.00000      -     -  136s
     0     0    2.00000    0   41          -    2.00000      -     -  137s
     0     0    2.00000    0   49          -    2.00000      -     -  138s
     0     0    2.00000    0   42          -    2.00000      -     -  139s
     0     0    2.00000    0   44          -    2.00000      -     -  140s
     0     0    2.00000    0   44          -    2.00000      -     -  142s
     0     0    2.00000    0   44          -    2.00000      -     -  142s
     0     0    2.00000    0   43          -    2.00000      -     -  142s
     0     0    2.00000    0   44          -    2.00000      -     -  143s
     0     0    2.00000    0   44          -    2.00000      -     -  143s
     0     0    2.00000    0   44          -    2.00000      -     -  144s
     0     0    2.00000    0   45          -    2.00000      -     -  146s
     0     0    2.00000    0   42          -    2.00000      -     -  148s
     0     0    2.00000    0   51          -    2.00000      -     -  152s
     0     0    2.00000    0   43          -    2.00000      -     -  154s
     0     0    2.00000    0   43          -    2.00000      -     -  157s
     0     0    2.00000    0   43          -    2.00000      -     -  157s
     0     0    2.00000    0   44          -    2.00000      -     -  160s
     0     0    2.00000    0   44          -    2.00000      -     -  162s
     0     0    2.00000    0   50          -    2.00000      -     -  166s
     0     0    2.00000    0   51          -    2.00000      -     -  168s
     0     0    2.00000    0   44          -    2.00000      -     -  171s
     0     0    2.00000    0   58          -    2.00000      -     -  173s
     0     0    2.00000    0   55          -    2.00000      -     -  174s
     0     0    2.00000    0   58          -    2.00000      -     -  175s
     0     0    2.00000    0   53          -    2.00000      -     -  176s
     0     0    2.00000    0   43          -    2.00000      -     -  178s
     0     0    2.00000    0   35          -    2.00000      -     -  179s
     0     0    2.00000    0   44          -    2.00000      -     -  180s
     0     0    2.00000    0   43          -    2.00000      -     -  181s
     0     0    2.00000    0   37          -    2.00000      -     -  182s
     0     0    2.00000    0   55          -    2.00000      -     -  184s
     0     2    3.00000    0   46          -    3.00000      -     -  187s
    15    32    3.00000    4  165          -    3.00000      -   696  190s
   168   224    3.00000   10   59          -    3.00000      -   970  196s
   561  1010    3.00000   20   81          -    3.00000      -   739  478s
  1059  2849    3.00000   27  115          -    3.00000      -   610  519s
  3908  2850    3.00000   30   11          -    3.00000      -   362  552s
  3910  2851    3.00000   54   10          -    3.00000      -   362  569s
  3911  2852    3.00000   34   56          -    3.00000      -   362  570s
  3912  2853    3.00000   42  132          -    3.00000      -   362  583s
  3913  2853    3.00000   36   47          -    3.00000      -   362  588s
  3915  2855    3.00000   40    0          -    3.00000      -   361  593s
  3916  2855    3.00000   10   20          -    3.00000      -   361  597s
  3917  2856    3.00000   34  153          -    3.00000      -   361  614s
  3918  2857    3.00000   16   21          -    3.00000      -   361  619s
  3919  2857    3.00000   59   75          -    3.00000      -   361  630s
  3922  2859    3.00000   28    2          -    3.00000      -   361  635s
  3923  2860    3.00000   43   22          -    3.00000      -   361  649s
  3925  2861    3.00000   42    2          -    3.00000      -   361  650s
  3927  2863    3.00000   21    2          -    3.00000      -   360  659s
  3928  2866    3.00000   13   52          -    3.00000      -   374  660s
H 3929  2722                       2.0000000    2.00000  0.00%   373  660s

Cutting planes:
  Cover: 2
  Implied bound: 6
  Clique: 6
  MIR: 2
  Flow cover: 32
  RLT: 20
  Relax-and-lift: 3

Explored 3930 nodes (1902900 simplex iterations) in 660.93 seconds (112.95 work units)
Thread count was 24 (of 24 available processors)

Solution count 1: 2 

Optimal solution found (tolerance 1.00e-04)
Best objective 2.000000000000e+00, best bound 2.000000000000e+00, gap 0.0000%
