
Gurobi 10.0.1 (linux64) logging started Wed Jul 19 11:24:18 2023

Set parameter LogFile to value "Class1_Instance-2_0.9.log"
Gurobi Optimizer version 10.0.1 build v10.0.1rc0 (linux64)

CPU model: AMD Opteron(tm) Processor 6174, instruction set [SSE2]
Thread count: 24 physical cores, 24 logical processors, using up to 24 threads

Optimize a model with 30176 rows, 16845 columns and 93413 nonzeros
Model fingerprint: 0x860d0eae
Model has 9535 quadratic constraints
Variable types: 5462 continuous, 11383 integer (11340 binary)
Coefficient statistics:
  Matrix range     [4e-01, 1e+04]
  QMatrix range    [1e+00, 1e+00]
  QLMatrix range   [1e+00, 2e+01]
  Objective range  [1e+00, 1e+00]
  Bounds range     [1e+00, 1e+00]
  RHS range        [1e+00, 1e+04]
Presolve removed 13148 rows and 3655 columns
Presolve time: 0.63s
Presolved: 36727 rows, 19700 columns, 111345 nonzeros
Presolved model has 1806 bilinear constraint(s)
Variable types: 5335 continuous, 14365 integer (14322 binary)
Root relaxation presolved: 14954 rows, 46347 columns, 120461 nonzeros

Deterministic concurrent LP optimizer: primal and dual simplex
Showing first log only...

Concurrent spin time: 1.14s

Solved with primal simplex

Root relaxation: objective 1.000000e+00, 3421 iterations, 3.39 seconds (1.26 work units)
Total elapsed time = 5.42s
Total elapsed time = 10.68s

    Nodes    |    Current Node    |     Objective Bounds      |     Work
 Expl Unexpl |  Obj  Depth IntInf | Incumbent    BestBd   Gap | It/Node Time

     0     0    1.00000    0  240          -    1.00000      -     -   19s
     0     0    2.00000    0  336          -    2.00000      -     -   22s
     0     0    2.00000    0  311          -    2.00000      -     -   22s
     0     0    2.00000    0  309          -    2.00000      -     -   22s
     0     0    2.00000    0  329          -    2.00000      -     -   66s
     0     0    2.00000    0  420          -    2.00000      -     -   87s
     0     0    2.00000    0  338          -    2.00000      -     -  135s
     0     0    2.00000    0  422          -    2.00000      -     -  143s
     0     0    2.00000    0  410          -    2.00000      -     -  169s
     0     0    2.00000    0  450          -    2.00000      -     -  174s
     0     0    2.00000    0  445          -    2.00000      -     -  207s
     0     0    2.00000    0  445          -    2.00000      -     -  230s
     0     2    4.00000    0  401          -    4.00000      -     -  244s
     1     4    4.00000    1  407          -    4.00000      -  6292  247s
     3     8    4.00000    2  399          -    4.00000      -  4004  288s
     7    16    4.00000    3  721          -    4.00000      -  7753  307s
    15    28    4.00000    4  720          -    4.00000      -  6495  416s
    31    52    4.00000    5  676          -    4.00000      -  5136  433s
    55    72    4.00000    6  656          -    4.00000      -  4202  553s
    79    92    4.00000    7 2294          -    4.00000      -  4075  564s
   103   116    4.00000    7  676          -    4.00000      -  3759  583s
   127   157    4.00000    8 1096          -    4.00000      -  3472  586s
   168   194    4.00000    8 1134          -    4.00000      -  3023  590s
   209   230    4.00000    9  953          -    4.00000      -  2698  595s
   289   305    4.00000   10  690          -    4.00000      -  2400  818s
   332   343    6.00000   11  627          -    4.00000      -  2331  823s
   380   389    6.00000   12  477          -    4.00000      -  2287  851s
   426   432    6.00000   15  514          -    4.00000      -  2304  863s
   471   479    6.00000   15  459          -    4.00000      -  2338  872s
   522   523 infeasible   16               -    4.00000      -  2323  889s
   584   571 infeasible   17               -    4.00000      -  2296  899s
H  608   571                      42.0000000    4.00000  90.5%  2300  899s
   646   628    6.00000   19  385   42.00000    4.00000  90.5%  2272  909s
   736   690    6.00000   20  330   42.00000    4.00000  90.5%  2217  924s
H  851   724                      40.0000000    4.00000  90.0%  2129  935s
H  853   724                      39.0000000    4.00000  89.7%  2124  935s
H  880   724                      38.0000000    4.00000  89.5%  2095  935s
H  901   724                      36.0000000    4.00000  88.9%  2086  935s
   908   778    6.00000   28  322   36.00000    4.00000  88.9%  2088  973s
  1009   821    6.00000   35  364   36.00000    4.00000  88.9%  2046  993s
  1116   870    6.00000   39  495   36.00000    4.00000  88.9%  2003 1019s
  1215   922    6.00000   42  447   36.00000    4.00000  88.9%  2032 1068s
  1314  1010    6.00000   43  417   36.00000    4.00000  88.9%  1999 1121s
  1440  1055    6.00000   45  472   36.00000    4.00000  88.9%  1963 1162s
H 1486  1055                      35.0000000    4.00000  88.6%  1962 1162s
  1518  1098 infeasible   46        35.00000    4.00000  88.6%  2011 1235s
  1623  1143 infeasible   46        35.00000    4.00000  88.6%  2048 1288s
H 1675  1143                      32.0000000    4.00000  87.5%  2076 1288s
H 1691  1143                      27.0000000    4.00000  85.2%  2066 1288s
  1712  1191    6.20755   46  998   27.00000    4.00000  85.2%  2098 1345s
  1790  1279     cutoff   47        27.00000    4.00000  85.2%  2173 1370s
  1904  1387    4.00000   17  731   27.00000    4.00000  85.2%  2145 1396s
  2051  1438    4.00000   19  406   27.00000    4.00000  85.2%  2135 1482s
  2177  1476    4.00000   22  459   27.00000    4.00000  85.2%  2150 1513s
  2286  1537    5.00000   27  475   27.00000    4.00000  85.2%  2190 1601s
  2401  1573 infeasible   29        27.00000    4.00000  85.2%  2179 1626s
  2495  1679    4.00000   12  447   27.00000    4.00000  85.2%  2237 1684s
  2633  1680    6.00000   35  359   27.00000    4.00000  85.2%  2237 1721s
  2635  1681    6.00000   20  202   27.00000    4.00000  85.2%  2236 1761s
  2636  1682    4.00000   21  218   27.00000    4.00000  85.2%  2235 1787s
  2637  1683    4.00000   10  230   27.00000    4.00000  85.2%  2234 1795s
  2638  1683    4.00000   16  252   27.00000    4.00000  85.2%  2233 1827s
  2639  1684    6.00000   37  264   27.00000    4.00000  85.2%  2232 1844s
  2640  1685    4.00000   12  237   27.00000    4.00000  85.2%  2231 1883s
  2641  1685    7.00000   35  237   27.00000    4.00000  85.2%  2231 1922s
  2642  1686    4.00000   13  278   27.00000    4.00000  85.2%  2230 1969s
  2643  1687    4.00000   23  276   27.00000    4.00000  85.2%  2229 2017s
H 2643  1602                      26.0000000    4.00000  84.6%  2229 2036s
  2645  1606    4.00000   16  307   26.00000    4.00000  84.6%  2266 2053s
  2647  1609    4.00000   17  345   26.00000    4.00000  84.6%  2267 2075s
  2651  1614    4.00000   18 1336   26.00000    4.00000  84.6%  2280 2093s
  2659  1625    4.00000   19  821   26.00000    4.00000  84.6%  2291 2105s
  2673  1639 infeasible   20        26.00000    4.00000  84.6%  2293 2128s
  2697  1647    4.00000   21  402   26.00000    4.00000  84.6%  2299 2147s
  2721  1663    4.00000   22  358   26.00000    4.00000  84.6%  2300 2185s
  2745  1679    4.00000   23  350   26.00000    4.00000  84.6%  2302 2202s
  2769  1701    4.00000   22  335   26.00000    4.00000  84.6%  2302 2214s
  2805  1722    4.00000   23  332   26.00000    4.00000  84.6%  2298 2236s
  2838  1747    4.00000   23  281   26.00000    4.00000  84.6%  2306 2242s
  2876  1767    4.00000   24  388   26.00000    4.00000  84.6%  2296 2258s
  2913  1796    4.11469   25  512   26.00000    4.00000  84.6%  2293 2279s
  2960  1813 infeasible   26        26.00000    4.00000  84.6%  2285 2295s
  3009  1836    4.00000   25  330   26.00000    4.00000  84.6%  2282 2313s
  3056  1847    4.00000   26  355   26.00000    4.00000  84.6%  2286 2325s
  3103  1859    4.00000   28  309   26.00000    4.00000  84.6%  2284 2340s
  3155  1850    4.00003   29  421   26.00000    4.00000  84.6%  2279 2358s
  3197  1861    4.41200   30  864   26.00000    4.00000  84.6%  2296 2383s
  3246  1888    4.09710   30  420   26.00000    4.00000  84.6%  2311 2429s
  3301  1908    5.00000   31  345   26.00000    4.00000  84.6%  2326 2460s
  3362  1926 infeasible   31        26.00000    4.00000  84.6%  2328 2474s
  3424  1965    5.00000   33  261   26.00000    4.00000  84.6%  2328 2493s
  3500  1994 infeasible   35        26.00000    4.00000  84.6%  2326 2513s
  3574  2053    5.00000   35  251   26.00000    4.00000  84.6%  2329 2536s
  3696  2075    5.00000   38  259   26.00000    4.00000  84.6%  2331 2587s
  3814  2112    5.00000   39  310   26.00000    4.00000  84.6%  2347 2612s
  3935  2148    6.53012   44  593   26.00000    4.00000  84.6%  2363 2649s
  4059  2176    6.35944   44  635   26.00000    4.00000  84.6%  2376 2668s
  4194  2221 infeasible   45        26.00000    4.00000  84.6%  2374 2690s
  4344  2283 infeasible   28        26.00000    4.00000  84.6%  2372 2726s
  4502  2368    4.00000   32  420   26.00000    4.00000  84.6%  2376 2775s
  4684  2430    7.00000   24  314   26.00000    4.00000  84.6%  2374 2837s
  4889  2542    7.00000   25  344   26.00000    4.00000  84.6%  2383 2876s
  5123  2669    7.00000   29  428   26.00000    4.00000  84.6%  2372 2924s
  5309  2607    4.00000   25  402   26.00000    4.00000  84.6%  2351 2925s
  5370  2828    7.00000   35  364   26.00000    4.00000  84.6%  2361 2957s
  5677  2955    7.00000   38  328   26.00000    4.00000  84.6%  2330 2988s
  6005  3072    7.00000   42  375   26.00000    4.00000  84.6%  2294 3022s
  6332  3170 infeasible   45        26.00000    4.00000  84.6%  2271 3070s
H 6509  3004                      24.0000000    4.00000  83.3%  2257 3070s
  6660  3159    7.60450   48  992   24.00000    4.00000  83.3%  2255 3108s
  7070  3202    8.00000   50  320   24.00000    4.00000  83.3%  2231 3156s
  7472  3320 infeasible   28        24.00000    4.00000  83.3%  2217 3218s
  7757  3520    5.00000   51  293   24.00000    4.00000  83.3%  2230 3253s
  8118  3688    4.00000   28  370   24.00000    4.00000  83.3%  2225 3308s
  8457  3869    6.00000   41  372   24.00000    4.00000  83.3%  2236 3370s
  8832  4036 infeasible   30        24.00000    4.00000  83.3%  2237 3442s
  9149  4218    6.00000   44  336   24.00000    4.00000  83.3%  2252 3522s
  9531  4385    4.00000   29  469   24.00000    4.00000  83.3%  2249 3589s
  9740  4385    6.00000   50  332   24.00000    4.00000  83.3%  2249 3590s
  9880  4575 infeasible   30        24.00000    4.00000  83.3%  2258 3647s
 10325  4740    7.23749   51  472   24.00000    4.00000  83.3%  2258 3704s
 10697  4906 infeasible   37        24.00000    4.00000  83.3%  2272 3746s
 11055  5059 infeasible   44        24.00000    4.00000  83.3%  2284 3807s
 11415  5294 infeasible   36        24.00000    4.00000  83.3%  2298 3859s
 11837  5514 infeasible   40        24.00000    4.00000  83.3%  2300 3930s
 12292  5663 infeasible   43        24.00000    4.00000  83.3%  2305 4019s
 12661  5824    4.00000   36  512   24.00000    4.00000  83.3%  2326 4092s
 12995  6074    8.00000   62  321   24.00000    4.00000  83.3%  2343 4152s
 13478  6409    4.00000   26  356   24.00000    4.00000  83.3%  2346 4261s
 14057  6677    6.00000   53  318   24.00000    4.00000  83.3%  2342 4378s
 14643  6985 infeasible   27        24.00000    4.00000  83.3%  2343 4477s
 15258  7369    7.00000   26  522   24.00000    4.00000  83.3%  2346 4554s
 15921  7632    7.00000   43  311   24.00000    4.00000  83.3%  2352 4625s
 16497  8016     cutoff   54        24.00000    4.00000  83.3%  2360 4725s
 17153  8450    4.00000   24  451   24.00000    4.00000  83.3%  2358 4830s
 17911  8883    5.00000   39  351   24.00000    4.00000  83.3%  2350 4918s
 18530  9392    7.00000   61  375   24.00000    4.00000  83.3%  2353 4995s
 19225  9921   11.00000  100  313   24.00000    4.00000  83.3%  2347 5079s
 20158 10334   16.00000  191  254   24.00000    4.00000  83.3%  2330 5178s
 21035 11427 infeasible   36        24.00000    4.00000  83.3%  2323 5374s
 23013 12443 infeasible   32        24.00000    4.00000  83.3%  2327 5588s
 25034 13297    6.50697   47  645   24.00000    4.00000  83.3%  2331 5802s
 26817 14376    5.00000   29  401   24.00000    4.00000  83.3%  2358 6022s
 28686 15742 infeasible   41        24.00000    4.00000  83.3%  2383 6269s
 29256 15742    5.10772   48  818   24.00000    4.00000  83.3%  2387 6270s
 31106 17022    7.00000   60  358   24.00000    4.00000  83.3%  2375 6542s
 33351 17859    6.06919   46  568   24.00000    4.00000  83.3%  2380 6802s
 34966 18980 infeasible   38        24.00000    4.00000  83.3%  2401 7061s
 37302 19950 infeasible   45        24.00000    4.00000  83.3%  2412 7363s
 39322 21056    5.00000   50  382   24.00000    4.00000  83.3%  2429 7664s
 41519 22419    5.00000   34  442   24.00000    4.00000  83.3%  2445 8002s
 44175 22419    9.00000   86  386   24.00000    4.00000  83.3%  2452 8005s
 44365 23762 infeasible   59        24.00000    4.00000  83.3%  2450 8351s
 46915 25322    7.00000   47  314   24.00000    4.00000  83.3%  2475 8725s
 49816 27101   15.00000   67  223   24.00000    4.00000  83.3%  2483 9103s
 53042 28162    4.00000   29  473   24.00000    4.00000  83.3%  2483 9506s
 55034 28744    5.00000   39  423   24.00000    4.00000  83.3%  2517 11594s
 56101 31115    6.00000   51  400   24.00000    4.00000  83.3%  2535 12162s
 59598 31115    7.44586   48  720   24.00000    4.00000  83.3%  2546 12165s
 60404 33380    5.00000   25  468   24.00000    4.00000  83.3%  2552 12744s
 61045 33380    6.00000   38  412   24.00000    4.00000  83.3%  2552 12745s
 64692 35405 infeasible   35        24.00000    4.00000  83.3%  2569 13289s
 65325 35405 infeasible   43        24.00000    4.00000  83.3%  2568 13290s
 68438 37713 infeasible   54        24.00000    4.00000  83.3%  2587 13856s
 72516 39645    5.00000   38  540   24.00000    4.00000  83.3%  2589 14394s
 73244 39645    5.00000   33  354   24.00000    4.00000  83.3%  2593 14395s
 76168 41948    5.00000   35  495   24.00000    4.00000  83.3%  2600 14935s
 79994 44050 infeasible   46        24.00000    4.00000  83.3%  2609 15452s
 83425 46054    5.00000   29  422   24.00000    4.00000  83.3%  2617 15967s
 87265 47694 infeasible   38        24.00000    4.00000  83.3%  2624 16470s
 90451 49506    5.00000   33  451   24.00000    4.00000  83.3%  2640 16988s
 92462 49506    4.00000   37  373   24.00000    4.00000  83.3%  2645 16990s
 93757 51941    6.42246   34  754   24.00000    4.00000  83.3%  2649 17537s
 97934 53409    5.00000   34  321   24.00000    4.00000  83.3%  2647 18087s
 100989 55405    6.00000   41  515   24.00000    4.00000  83.3%  2666 18646s
 104448 57943    6.16015   39 1599   24.00000    4.00000  83.3%  2675 19224s
 106595 57943    6.00000   46  647   24.00000    4.00000  83.3%  2676 19225s
 108716 60338    8.00000   73  428   24.00000    4.00000  83.3%  2674 19955s
 112708 62929 infeasible   31        24.00000    4.00000  83.3%  2675 20661s
 116821 64933    8.19160   56  904   24.00000    4.00000  83.3%  2680 21248s
 120397 66591 infeasible   33        24.00000    4.00000  83.3%  2690 22025s
 123727 68390 infeasible   39        24.00000    4.00000  83.3%  2699 22573s
 127255 70815    5.00000   34  595   24.00000    4.00000  83.3%  2705 23124s
 128979 70815 infeasible   27        24.00000    4.00000  83.3%  2703 23125s
 131439 73065    5.00000   50  385   24.00000    4.00000  83.3%  2706 23644s
 132404 73065 infeasible   28        24.00000    4.00000  83.3%  2709 23645s
 135467 74428     cutoff   37        24.00000    4.00000  83.3%  2704 24129s
 136033 74428 infeasible   39        24.00000    4.00000  83.3%  2707 24130s
 138363 75845 infeasible   42        24.00000    4.00000  83.3%  2711 24644s
 140901 75845 infeasible   51        24.00000    4.00000  83.3%  2715 24647s
 141516 77494 infeasible   37        24.00000    4.00000  83.3%  2717 25170s
 144814 79259    5.00000   34  426   24.00000    4.00000  83.3%  2726 25728s
 147464 79259 infeasible   37        24.00000    4.00000  83.3%  2728 25730s
 148436 81490    4.32781   30 1098   24.00000    4.00000  83.3%  2732 26267s
 152197 83369    8.00000   61  364   24.00000    4.00000  83.3%  2737 26802s
 156239 84842 infeasible   28        24.00000    4.00000  83.3%  2736 27358s
 159474 86682    5.00837   43  549   24.00000    4.00000  83.3%  2741 27925s
 162771 88318    6.18364   49  537   24.00000    4.00000  83.3%  2751 28510s
 165891 89426    7.00000   40  479   24.00000    4.00000  83.3%  2758 28800s

Cutting planes:
  Learned: 140
  Gomory: 10
  Lift-and-project: 104
  Cover: 226
  Implied bound: 3063
  Projected implied bound: 1
  MIR: 2274
  Flow cover: 11043
  Inf proof: 27
  Zero half: 824
  RLT: 1789
  Relax-and-lift: 1269
  BQP: 7
  PSD: 1

Explored 168319 nodes (464118805 simplex iterations) in 28802.22 seconds (16097.44 work units)
Thread count was 24 (of 24 available processors)

Solution count 10: 24 26 27 ... 42

Time limit reached
Best objective 2.400000000000e+01, best bound 4.000000000000e+00, gap 83.3333%
