
Gurobi 10.0.1 (linux64) logging started Wed Jul 19 19:24:30 2023

Set parameter LogFile to value "Class1_Instance-3_0.9.log"
Gurobi Optimizer version 10.0.1 build v10.0.1rc0 (linux64)

CPU model: AMD Opteron(tm) Processor 6174, instruction set [SSE2]
Thread count: 24 physical cores, 24 logical processors, using up to 24 threads

Optimize a model with 30176 rows, 16845 columns and 93413 nonzeros
Model fingerprint: 0xe9366776
Model has 9535 quadratic constraints
Variable types: 5462 continuous, 11383 integer (11340 binary)
Coefficient statistics:
  Matrix range     [6e-01, 1e+04]
  QMatrix range    [1e+00, 1e+00]
  QLMatrix range   [1e+00, 2e+01]
  Objective range  [1e+00, 1e+00]
  Bounds range     [1e+00, 1e+00]
  RHS range        [1e+00, 1e+04]
Presolve removed 13148 rows and 3655 columns
Presolve time: 0.64s
Presolved: 36727 rows, 19700 columns, 111345 nonzeros
Presolved model has 1806 bilinear constraint(s)
Variable types: 5335 continuous, 14365 integer (14322 binary)
Root relaxation presolved: 14954 rows, 46347 columns, 120461 nonzeros

Deterministic concurrent LP optimizer: primal and dual simplex
Showing first log only...

Concurrent spin time: 0.55s

Solved with primal simplex

Root relaxation: objective 1.000000e+00, 1735 iterations, 1.92 seconds (0.66 work units)
Total elapsed time = 7.56s
Total elapsed time = 14.63s

    Nodes    |    Current Node    |     Objective Bounds      |     Work
 Expl Unexpl |  Obj  Depth IntInf | Incumbent    BestBd   Gap | It/Node Time

     0     0    1.00000    0  346          -    1.00000      -     -   21s
     0     0    2.00000    0  369          -    2.00000      -     -   21s
     0     0    2.00000    0  336          -    2.00000      -     -   22s
     0     0    2.00000    0  398          -    2.00000      -     -   44s
     0     0    2.00000    0  377          -    2.00000      -     -   47s
     0     0    2.00000    0  365          -    2.00000      -     -   61s
     0     0    2.00000    0  402          -    2.00000      -     -   65s
     0     0    2.00000    0  423          -    2.00000      -     -   97s
     0     0    2.00000    0  416          -    2.00000      -     -  111s
     0     0    2.00000    0  463          -    2.00000      -     -  167s
     0     0    2.00000    0  463          -    2.00000      -     -  187s
     0     2    3.00000    0  405          -    3.00000      -     -  201s
     3     8    3.00000    2  405          -    3.00000      -  3984  208s
     7    16    3.00000    3  430          -    3.00000      -  3729  212s
    15    32    3.00000    4 2425          -    3.00000      -  4393  952s
H   20    32                      42.0000000    3.00000  92.9%  4823  952s
    31    47    3.00000    5 2299   42.00000    3.00000  92.9%  7188  988s
    55    55 infeasible    6        42.00000    3.00000  92.9%  6722 1073s
    79    75    3.00000    6  523   42.00000    3.00000  92.9%  7289 1097s
H  103    97                      39.0000000    3.00000  92.3%  6377 1113s
   127   132    3.00000    8  444   39.00000    3.00000  92.3%  5698 1138s
   168   167    3.00000   10  432   39.00000    3.00000  92.3%  4926 1161s
H  177   167                      38.0000000    3.00000  92.1%  4832 1161s
H  197   167                      37.0000000    3.00000  91.9%  4673 1161s
   205   210    3.00000   11  446   37.00000    3.00000  91.9%  4546 1169s
   248   248    3.00000   12  522   37.00000    3.00000  91.9%  4192 1182s
   288   276    3.00000   13  456   37.00000    3.00000  91.9%  3955 1199s
   328   317    3.00000   14  396   37.00000    3.00000  91.9%  3719 1205s
H  333   317                      34.0000000    3.00000  91.2%  3670 1205s
   377   363    3.00000   15  464   34.00000    3.00000  91.2%  3482 1219s
   433   412    3.00000   15  355   34.00000    3.00000  91.2%  3266 1240s
   490   469    3.00000   17  449   34.00000    3.00000  91.2%  3229 1250s
   567   517    3.00000   18  436   34.00000    3.00000  91.2%  3045 1319s
   632   583    3.00000   18  437   34.00000    3.00000  91.2%  2936 1333s
   722   657    3.00000   20  434   34.00000    3.00000  91.2%  2818 1348s
   806   710    3.05180   21  885   34.00000    3.00000  91.2%  2716 1374s
   889   772    3.07621   21  643   34.00000    3.00000  91.2%  2661 1398s
   987   849 infeasible   22        34.00000    3.00000  91.2%  2588 1408s
  1102   924    4.00000   23  366   34.00000    3.00000  91.2%  2481 1421s
  1210  1010    4.00000   26  461   34.00000    3.00000  91.2%  2415 1449s
  1244  1010    3.17855   14 2116   34.00000    3.00000  91.2%  2414 1450s
  1318  1074    4.00000   27  447   34.00000    3.00000  91.2%  2412 1511s
  1396  1146    4.00000   29  504   34.00000    3.00000  91.2%  2423 1524s
  1492  1234    4.00000   30  490   34.00000    3.00000  91.2%  2424 1547s
  1612  1317    4.00000   31  512   34.00000    3.00000  91.2%  2385 1593s
  1733  1409 infeasible   33        34.00000    3.00000  91.2%  2388 1613s
  1860  1515    4.20523   33  645   34.00000    3.00000  91.2%  2359 1630s
  1992  1565 infeasible   34        34.00000    3.00000  91.2%  2341 1729s
  2062  1727    5.00000   35  399   34.00000    3.00000  91.2%  2348 1748s
  2242  1852    5.00000   38  327   34.00000    3.00000  91.2%  2267 1776s
  2383  2019    5.00000   42  323   34.00000    3.00000  91.2%  2245 1867s
  2574  2020    3.00000    8  379   34.00000    3.00000  91.2%  2194 1921s
  2576  2021    6.09625  106  184   34.00000    3.00000  91.2%  2192 1932s
  2577  2022    6.00000   66  202   34.00000    3.00000  91.2%  2191 1974s
  2578  2023   32.00000  123  248   34.00000    3.00000  91.2%  2190 1989s
  2579  2023    3.00000   11  235   34.00000    3.00000  91.2%  2190 2018s
  2580  2024    3.00000    8  253   34.00000    3.00000  91.2%  2189 2044s
  2581  2025   23.00000  134  249   34.00000    3.00000  91.2%  2188 2097s
  2582  2025    6.00000   92  262   34.00000    3.00000  91.2%  2187 2128s
  2583  2026   13.00000   18  275   34.00000    3.00000  91.2%  2186 2178s
  2584  2027   32.00000   16  275   34.00000    3.00000  91.2%  2185 2220s
  2585  2027   31.00000   36  275   34.00000    3.00000  91.2%  2184 2232s
  2586  2031    3.00000   11  351   34.00000    3.00000  91.2%  2227 2249s
  2588  2032    3.00000   12  477   34.00000    3.00000  91.2%  2229 2255s
  2592  2033 infeasible   13        34.00000    3.00000  91.2%  2233 2262s
  2598  2039    3.00000   14  431   34.00000    3.00000  91.2%  2238 2268s
  2606  2052    3.00000   15  329   34.00000    3.00000  91.2%  2237 2282s
  2622  2069    3.00000   16  332   34.00000    3.00000  91.2%  2246 2296s
  2646  2079    3.00000   17  371   34.00000    3.00000  91.2%  2249 2330s
  2670  2095    3.00000   17  424   34.00000    3.00000  91.2%  2262 2340s
  2694  2111    3.00000   18  389   34.00000    3.00000  91.2%  2276 2361s
  2718  2128    3.00000   19  372   34.00000    3.00000  91.2%  2278 2377s
  2745  2141    3.00000   20  352   34.00000    3.00000  91.2%  2291 2391s
  2769  2158    3.01287   21  642   34.00000    3.00000  91.2%  2314 2408s
  2796  2172    3.00000   21  428   34.00000    3.00000  91.2%  2318 2425s
  2823  2187    3.04077   22  636   34.00000    3.00000  91.2%  2341 2444s
  2851  2208    3.01446   22  675   34.00000    3.00000  91.2%  2344 2456s
  2885  2224    3.00000   20  431   34.00000    3.00000  91.2%  2362 2467s
  2915  2270    3.00000   21  455   34.00000    3.00000  91.2%  2383 2493s
  2981  2305    3.05979   22  684   34.00000    3.00000  91.2%  2427 2512s
  3050  2351    3.01293   22  664   34.00000    3.00000  91.2%  2454 2536s
  3133  2398 infeasible   22        34.00000    3.00000  91.2%  2479 2553s
  3233  2451    4.00000   23  351   34.00000    3.00000  91.2%  2487 2572s
  3334  2544    4.00000   27  320   34.00000    3.00000  91.2%  2499 2594s
  3496  2635    4.00000   29  290   34.00000    3.00000  91.2%  2504 2620s
  3667  2691    4.00000   33  296   34.00000    3.00000  91.2%  2515 2651s
  3818  2731 infeasible   35        34.00000    3.00000  91.2%  2541 2679s
  3953  2784    5.29706   37  328   34.00000    3.00000  91.2%  2558 2701s
  4085  2828    5.00000   41  232   34.00000    3.00000  91.2%  2588 2725s
  4243  2941    5.00000   42  259   34.00000    3.00000  91.2%  2604 2749s
  4478  2947    5.18653   45  310   34.00000    3.00000  91.2%  2577 2780s
  4635  2991 infeasible   46        34.00000    3.00000  91.2%  2598 2804s
  4799  3035    3.00000   20  407   34.00000    3.00000  91.2%  2604 2830s
  4928  3133    3.00000   24  380   34.00000    3.00000  91.2%  2631 2870s
  5118  3182    3.04810   23 1030   34.00000    3.00000  91.2%  2645 2906s
  5306  3231    3.93588   26  920   34.00000    3.00000  91.2%  2654 2942s
  5504  3293    3.31475   26 1039   34.00000    3.00000  91.2%  2655 2992s
  5696  3354 infeasible   26        34.00000    3.00000  91.2%  2664 3027s
  5875  3425    4.00000   29  470   34.00000    3.00000  91.2%  2689 3066s
  6071  3498    4.00000   32  406   34.00000    3.00000  91.2%  2714 3106s
  6258  3566    4.11449   34  617   34.00000    3.00000  91.2%  2741 3151s
  6468  3647    4.00000   33  452   34.00000    3.00000  91.2%  2759 3192s
  6673  3779    4.13497   35  670   34.00000    3.00000  91.2%  2786 3238s
  6949  3870    5.00838   40  424   34.00000    3.00000  91.2%  2800 3287s
  7242  3932    6.45494   48  402   34.00000    3.00000  91.2%  2810 3339s
  7498  4013    9.00000   78  210   34.00000    3.00000  91.2%  2829 3399s
  7784  4055 infeasible   23        34.00000    3.00000  91.2%  2844 3509s
  8049  4094    4.00000   28  351   34.00000    3.00000  91.2%  2858 3609s
  8274  4157    4.00000   37  283   34.00000    3.00000  91.2%  2889 3762s
  8492  4265    4.00000   39  297   34.00000    3.00000  91.2%  2927 3893s
  8725  4386    4.55822   42  611   34.00000    3.00000  91.2%  2956 3955s
  8962  4581    5.00000   45  311   34.00000    3.00000  91.2%  2983 4035s
  9203  4818    6.00000   56  245   34.00000    3.00000  91.2%  3012 4097s
  9528  5050    8.00000   71  185   34.00000    3.00000  91.2%  3028 4212s
  9904  5241   12.00177   94  203   34.00000    3.00000  91.2%  3044 4301s
 10260  5479    3.13019   23  644   34.00000    3.00000  91.2%  3051 4366s
 10615  5699 infeasible   24        34.00000    3.00000  91.2%  3062 4429s
 10947  5875    4.00000   31  430   34.00000    3.00000  91.2%  3078 4496s
 11233  6112    4.00000   32  373   34.00000    3.00000  91.2%  3106 4576s
 11590  6307    4.27417   34  703   34.00000    3.00000  91.2%  3123 4712s
 11871  6591    5.00000   39  353   34.00000    3.00000  91.2%  3154 4785s
 12237  6806    6.00000   42  283   34.00000    3.00000  91.2%  3171 4894s
 12550  7075    6.00000   55  306   34.00000    3.00000  91.2%  3204 5004s
 12917  7346 infeasible   68        34.00000    3.00000  91.2%  3230 5143s
 13394  7671    7.00000   72  281   34.00000    3.00000  91.2%  3235 5240s
 13913  8042    8.00000   87  215   34.00000    3.00000  91.2%  3233 5357s
 14418  8438    8.00000   94  202   34.00000    3.00000  91.2%  3243 5460s
 15030  8818   11.06603  107  290   34.00000    3.00000  91.2%  3232 5574s
 15481  8818    6.00000   37  278   34.00000    3.00000  91.2%  3234 5575s
 15600  9143   11.32314  120  200   34.00000    3.00000  91.2%  3235 5726s
 16155  9628 infeasible   25        34.00000    3.00000  91.2%  3240 5839s
 16808 10034    4.00000   36  399   34.00000    3.00000  91.2%  3237 5961s
 17450 10391    4.07615   37  512   34.00000    3.00000  91.2%  3234 6075s
 17991 10796    5.00000   44  309   34.00000    3.00000  91.2%  3250 6192s
 18572 11269    6.06535   44  633   34.00000    3.00000  91.2%  3263 6342s
 19247 11728 infeasible   52        34.00000    3.00000  91.2%  3277 6491s
 19938 12053    4.19989   29  870   34.00000    3.00000  91.2%  3290 6626s
 20465 12550    4.11490   30  679   34.00000    3.00000  91.2%  3286 6766s
 21200 13028    5.14846   43  489   34.00000    3.00000  91.2%  3293 6902s
 21933 13379    6.16936   50  467   34.00000    3.00000  91.2%  3307 7088s
 22510 13877 infeasible   20        34.00000    3.00000  91.2%  3315 7268s
 23348 14313    5.15517   25 1021   34.00000    3.00000  91.2%  3320 7488s
 24052 14823    6.09688   35  612   34.00000    3.00000  91.2%  3338 7764s
 24824 15340 infeasible   22        34.00000    3.00000  91.2%  3348 8014s
 25539 15924    6.04165   63  296   34.00000    3.00021  91.2%  3375 8248s
 26530 16247    3.05722   22  969   34.00000    3.00021  91.2%  3368 8586s
 26987 17093    7.00000   39  323   34.00000    3.00021  91.2%  3388 8837s
 28405 17798    7.00000   64  357   34.00000    3.01293  91.1%  3366 9071s
 29388 18487    4.00000   20  460   34.00000    3.01293  91.1%  3381 9298s
 30426 19005    4.00000   23  442   34.00000    3.01293  91.1%  3387 9570s
 31150 19728    5.97568   39  811   34.00000    3.01293  91.1%  3422 9861s
 32265 20617    9.01515   80  281   34.00000    3.02017  91.1%  3436 10129s
 33663 21228    4.00000   24  373   34.00000    3.02460  91.1%  3432 10414s
 34647 21877    4.00000   23  478   34.00000    3.02650  91.1%  3444 10687s
 35564 22696    5.23422   36 1146   34.00000    3.02650  91.1%  3474 10999s
 36896 23548 infeasible   41        34.00000    3.03704  91.1%  3478 11368s
 38122 24472    4.00000   24  471   34.00000    3.04046  91.1%  3487 11723s
 39464 25260    5.00000   37  354   34.00000    3.04536  91.0%  3499 12078s
 40666 26067    4.00000   28  495   34.00000    3.04933  91.0%  3525 12448s
 41852 26788    5.09005   43  504   34.00000    3.04933  91.0%  3550 12821s
 43091 27712    9.01809   76  534   34.00000    3.06204  91.0%  3564 13272s
 44453 28780    4.00000   28  392   34.00000    3.06204  91.0%  3583 13736s
 45918 29796    5.00000   37  439   34.00000    3.06204  91.0%  3611 14269s
 47575 30956   12.74827   60  315   34.00000    3.06204  91.0%  3633 14872s
 49351 32249   11.00000  104  206   34.00000    3.12229  90.8%  3657 15404s
 49549 32249    4.11106   25  905   34.00000    3.12229  90.8%  3649 15405s
 51432 33753    5.00000   34  461   34.00000    3.12229  90.8%  3653 15955s
 53623 35312 infeasible   65        34.00000    3.13065  90.8%  3651 16549s
 56048 36667 infeasible   53        34.00000    3.26110  90.4%  3643 17153s
 58253 38048    7.10229   53  431   34.00000    3.31076  90.3%  3644 17738s
 60479 39428 infeasible   46        34.00000    3.74402  89.0%  3651 18344s
 60600 39428    4.02669   29 1251   34.00000    3.98448  88.3%  3652 18345s
 62415 41243    5.08009   28 1217   34.00000    4.00000  88.2%  3674 18988s
 65237 43555 infeasible   29        34.00000    4.00000  88.2%  3661 19969s
 65330 43555    6.20878   38 1065   34.00000    4.00000  88.2%  3663 19970s
 68729 45801    5.20085   51  544   34.00000    4.00000  88.2%  3673 20835s
 72207 48043 infeasible   33        34.00000    4.00000  88.2%  3672 21799s
 75687 49901    6.00000   40  344   34.00000    4.00000  88.2%  3683 22706s
 78519 52541    7.00000   48  329   34.00000    4.00000  88.2%  3689 23715s
 82459 54964    5.52641   47  855   34.00000    4.00000  88.2%  3683 24658s
 86170 56907 infeasible   29        34.00000    4.00000  88.2%  3685 25647s
 89133 59405    6.00000   51  287   34.00000    4.00000  88.2%  3710 26640s
 92969 61767 infeasible   40        34.00000    4.00000  88.2%  3710 27721s
 96393 64080    5.00000   42  346   34.00000    4.00000  88.2%  3727 28767s
 100182 64118    4.65597   29  573   34.00000    4.00000  88.2%  3734 28800s

Cutting planes:
  Learned: 122
  Gomory: 13
  Lift-and-project: 94
  Cover: 31
  Implied bound: 2937
  Projected implied bound: 7
  Clique: 38
  MIR: 1647
  Flow cover: 7947
  Inf proof: 1
  Zero half: 313
  RLT: 1258
  Relax-and-lift: 839
  BQP: 5

Explored 100244 nodes (374480715 simplex iterations) in 28800.19 seconds (12688.10 work units)
Thread count was 24 (of 24 available processors)

Solution count 5: 34 37 38 ... 42

Time limit reached
Best objective 3.400000000000e+01, best bound 4.000000000000e+00, gap 88.2353%
