
Gurobi 10.0.1 (linux64) logging started Thu Jul 20 11:24:50 2023

Set parameter LogFile to value "Class1_Instance-5_0.9.log"
Gurobi Optimizer version 10.0.1 build v10.0.1rc0 (linux64)

CPU model: AMD Opteron(tm) Processor 6174, instruction set [SSE2]
Thread count: 24 physical cores, 24 logical processors, using up to 24 threads

Optimize a model with 30176 rows, 16845 columns and 93413 nonzeros
Model fingerprint: 0xe7caeaf3
Model has 9535 quadratic constraints
Variable types: 5462 continuous, 11383 integer (11340 binary)
Coefficient statistics:
  Matrix range     [6e-01, 1e+04]
  QMatrix range    [1e+00, 1e+00]
  QLMatrix range   [1e+00, 2e+01]
  Objective range  [1e+00, 1e+00]
  Bounds range     [1e+00, 1e+00]
  RHS range        [1e+00, 1e+04]
Presolve removed 13148 rows and 3655 columns
Presolve time: 0.78s
Presolved: 36727 rows, 19700 columns, 111345 nonzeros
Presolved model has 1806 bilinear constraint(s)
Variable types: 5335 continuous, 14365 integer (14322 binary)
Root relaxation presolved: 14954 rows, 46347 columns, 120461 nonzeros

Deterministic concurrent LP optimizer: primal and dual simplex
Showing first log only...


Root simplex log...

Iteration    Objective       Primal Inf.    Dual Inf.      Time
    4534    1.1692004e+01   0.000000e+00   1.196114e+01      5s
    9654    1.1692276e+01   0.000000e+00   4.815997e-02     10s
   13554    1.1692317e+01   0.000000e+00   1.906289e-01     15s
   16190    1.0001301e+00   2.161915e+00   0.000000e+00     20s
   17616    1.0000000e+00   0.000000e+00   0.000000e+00     25s
Concurrent spin time: 19.49s

Solved with primal simplex
   17616    1.0000000e+00   0.000000e+00   0.000000e+00     44s
   17616    1.0000000e+00   0.000000e+00   0.000000e+00     44s

Root relaxation: objective 1.000000e+00, 17616 iterations, 43.00 seconds (9.14 work units)
Total elapsed time = 45.82s
Total elapsed time = 68.97s
Total elapsed time = 90.45s

    Nodes    |    Current Node    |     Objective Bounds      |     Work
 Expl Unexpl |  Obj  Depth IntInf | Incumbent    BestBd   Gap | It/Node Time

     0     0    1.00000    0  335          -    1.00000      -     -  114s
     0     0    2.00000    0  326          -    2.00000      -     -  119s
     0     0    2.00000    0  299          -    2.00000      -     -  119s
     0     0    2.00000    0  389          -    2.00000      -     -  124s
     0     0    2.00000    0  259          -    2.00000      -     -  167s
     0     0    2.00000    0  150          -    2.00000      -     -  198s
     0     0    2.00000    0  150          -    2.00000      -     -  200s
     0     0    2.00000    0  219          -    2.00000      -     -  247s
     0     0    2.00000    0  272          -    2.00000      -     -  251s
     0     0    2.00000    0  294          -    2.00000      -     -  280s
     0     0    2.00000    0  274          -    2.00000      -     -  296s
     0     2    2.00000    0  196          -    2.00000      -     -  308s
     1     5    2.00000    1  231          -    2.00000      -  7472  312s
     3     8    2.00000    2  272          -    2.00000      -  4820  316s
     7    16    2.00000    3  268          -    2.00000      -  3499  324s
    15    32    2.00000    4  291          -    2.00000      -  3625  332s
H   25    32                      42.0000000    2.00000  95.2%  3656  332s
    31    54    2.01168    5  402   42.00000    2.00000  95.2%  4523  358s
    55    50 infeasible    6        42.00000    2.00000  95.2%  6405  371s
    79    66    3.00000    6  315   42.00000    2.00000  95.2%  5353  378s
   103    88    3.00000    7  276   42.00000    2.00000  95.2%  4771  384s
   127   118    3.00000    8  259   42.00000    2.00000  95.2%  4255  389s
   161   145    3.00000    9  252   42.00000    2.00000  95.2%  3768  398s
H  174   145                      41.0000000    2.00000  95.1%  3648  398s
   190   173    3.02697   11  349   41.00000    2.00000  95.1%  3558  408s
   222   198    3.00000   11  259   41.00000    2.00000  95.1%  3262  412s
   251   233    3.00022   12  627   41.00000    2.00000  95.1%  3133  422s
   292   266    3.00000   12  269   41.00000    2.00000  95.1%  3058  426s
   325   301    3.00000   13  266   41.00000    2.00000  95.1%  2953  433s
   366   326    3.00000   14  289   41.00000    2.00000  95.1%  2883  446s
   400   350    3.00000   15  282   41.00000    2.00000  95.1%  2831  467s
   432   383    3.00000   16  258   41.00000    2.00000  95.1%  2866  475s
   473   414    3.00000   17  254   41.00000    2.00000  95.1%  2730  494s
   526   444    3.00000   19  275   41.00000    2.00000  95.1%  2681  505s
H  547   444                      39.0000000    2.00000  94.9%  2640  505s
   576   481    3.00035   19  348   39.00000    2.00000  94.9%  2580  512s
   625   499    3.00000   20  292   39.00000    2.00000  94.9%  2475  540s
H  653   499                      38.0000000    2.00000  94.7%  2455  540s
   682   539    3.00000   20  304   38.00000    2.00000  94.7%  2399  552s
   748   579    3.06656   21  925   38.00000    2.00000  94.7%  2371  568s
   813   590    3.01818   21  394   38.00000    2.00000  94.7%  2335  585s
   882   626    3.03178   22  393   38.00000    2.00000  94.7%  2343  596s
   940   642 infeasible   24        38.00000    2.00000  94.7%  2356  743s
   980   682    4.00000   27  255   38.00000    2.00000  94.7%  2426  750s
  1046   715    4.00000   33  244   38.00000    2.00000  94.7%  2429  768s
  1113   759 infeasible   33        38.00000    2.00000  94.7%  2439  793s
  1186   806 infeasible   36        38.00000    2.00000  94.7%  2436  814s
  1283   867 infeasible    6        38.00000    2.00000  94.7%  2425  839s
  1379   946    3.00000    7  323   38.00000    2.00000  94.7%  2427  881s
  1498  1056    3.00000   10  304   38.00000    2.00000  94.7%  2381  912s
  1636  1148    3.00000   11  276   38.00000    2.00000  94.7%  2296  958s
  1792  1217    3.00000   13  245   38.00000    2.00000  94.7%  2236  991s
  1911  1326    3.00000   14  286   38.00000    2.00000  94.7%  2244 1013s
  2052  1385    3.10929   13  397   38.00000    2.00000  94.7%  2223 1038s
  2157  1502    3.13833   15  666   38.00000    2.00000  94.7%  2243 1078s
  2300  1626 infeasible   15        38.00000    2.00000  94.7%  2231 1106s
  2454  1732    4.00000   19  278   38.00000    2.00000  94.7%  2227 1129s
  2601  1733    7.00000   73  322   38.00000    2.00000  94.7%  2223 1185s
  2603  1734    4.34934   22  185   38.00000    2.00000  94.7%  2221 1248s
  2604  1735    4.00000   23  202   38.00000    2.00000  94.7%  2220 1319s
  2605  1736    3.00000   16  199   38.00000    2.00000  94.7%  2220 1338s
H 2605  1649                      37.0000000    2.00000  94.6%  2220 1381s
  2607  1650    6.00000   47  205   37.00000    2.00000  94.6%  2218 1413s
  2608  1651   10.00000   83  200   37.00000    2.00000  94.6%  2217 1470s
  2609  1651    6.00000   77  199   37.00000    2.00000  94.6%  2216 1532s
  2610  1652    5.00000   65  196   37.00000    2.00000  94.6%  2215 1635s
  2611  1653    5.00000   29  196   37.00000    2.00000  94.6%  2215 1710s
  2612  1653   10.00000   49  196   37.00000    2.00000  94.6%  2214 1777s
  2613  1657    2.00000   12  250   37.00000    2.00000  94.6%  2258 1794s
  2615  1660    2.00000   13  291   37.00000    2.00000  94.6%  2257 1802s
  2619  1667    2.00783   14  514   37.00000    2.00000  94.6%  2260 1861s
  2627  1676 infeasible   15        37.00000    2.00000  94.6%  2273 1902s
  2643  1679    3.01933   16  589   37.00000    2.00000  94.6%  2308 1926s
  2667  1691 infeasible   17        37.00000    2.05164  94.5%  2313 1934s
  2691  1705    3.00000   18  311   37.00000    2.20920  94.0%  2314 1970s
  2715  1719    3.00000   19  298   37.00000    2.20920  94.0%  2324 1981s
  2739  1737    3.00000   20  305   37.00000    2.20920  94.0%  2324 2004s
  2769  1749    3.04227   22 1093   37.00000    2.20920  94.0%  2337 2041s
  2795  1762    4.00000   23  278   37.00000    2.20920  94.0%  2352 2067s
  2821  1776    4.00000   24  273   37.00000    2.20920  94.0%  2373 2122s
  2853  1792    4.00000   26  271   37.00000    2.20920  94.0%  2387 2189s
  2896  1810    4.00000   29  274   37.00000    2.20920  94.0%  2413 2213s
  2934  1826    4.00000   31  329   37.00000    2.20920  94.0%  2410 2243s
  2981  1851    4.00000   34  345   37.00000    2.20920  94.0%  2435 2274s
  3032  1875    5.00000   37  254   37.00000    2.20920  94.0%  2424 2425s
  3087  1904    5.00000   38  257   37.00000    2.20920  94.0%  2420 2452s
  3144  1941    6.00000   41  237   37.00000    2.20920  94.0%  2425 2476s
  3212  1972    6.00000   46  344   37.00000    2.20920  94.0%  2424 2502s
  3288  1970    7.00000   50  292   37.00000    2.20920  94.0%  2411 2549s
  3367  2002    7.00000   52  253   37.00000    2.20920  94.0%  2419 2578s
  3448  2024    7.00000   59  251   37.00000    2.20920  94.0%  2418 2598s
  3541  2062    8.00000   64  215   37.00000    2.20920  94.0%  2415 2628s
  3630  2100    8.00000   72  225   37.00000    2.20920  94.0%  2420 2730s
  3738  2133    9.00000   78  290   37.00000    2.20920  94.0%  2416 2763s
  3843  2172    9.00000   80  264   37.00000    2.20920  94.0%  2410 2795s
  3963  2214 infeasible   84        37.00000    2.20920  94.0%  2402 2825s
  4083  2253 infeasible   85        37.00000    2.20920  94.0%  2387 2860s
  4200  2295    5.22850   37  331   37.00000    2.20920  94.0%  2388 2903s
  4331  2320    6.01263   40  356   37.00000    2.20920  94.0%  2387 2936s
  4464  2345 infeasible   44        37.00000    2.20920  94.0%  2387 3076s
  4577  2386 infeasible   44        37.00000    3.00000  91.9%  2396 3276s
  4706  2554    3.00000   25  297   37.00000    3.00000  91.9%  2407 3316s
  5055  2657    4.00000   26  336   37.00000    3.00000  91.9%  2371 3457s
  5370  2801    5.00000   27  284   37.00000    3.00000  91.9%  2371 3535s
  5769  2908    5.00000   32  312   37.00000    3.00000  91.9%  2345 3679s
  6147  3066    5.00000   33  371   37.00000    3.00000  91.9%  2321 3949s
  6477  2956 infeasible   39        37.00000    3.00000  91.9%  2287 3950s
  6545  3218 infeasible   40        37.00000    3.00000  91.9%  2306 4046s
  6964  3335    7.00000   47  258   37.00000    3.00000  91.9%  2285 4107s
  7331  3584 infeasible   52        37.00000    3.00000  91.9%  2281 4222s
  7836  3800    9.00000   76  176   37.00000    3.00000  91.9%  2249 4335s
H 7873  3651                      32.0000000    3.00000  90.6%  2241 4335s
  8320  3792 infeasible   98        32.00000    3.00000  90.6%  2238 4472s
  8689  4073    4.00000   25  285   32.00000    3.00000  90.6%  2253 4755s
  9142  4476    6.00000   44  334   32.00000    3.00000  90.6%  2259 4887s
  9680  4790    9.00000   68  285   32.00000    3.00000  90.6%  2253 5114s
  9909  4790 infeasible   22        32.00000    3.00000  90.6%  2257 5115s
 10149  5184   11.00000  111  223   32.00000    3.00000  90.6%  2264 5311s
 10672  5538   16.00000  150  238   32.00000    3.00000  90.6%  2271 5459s
 11298  5928 infeasible   34        32.00000    3.00000  90.6%  2256 5641s
 11950  6153 infeasible   42        32.00000    3.00000  90.6%  2240 5817s
 12404  6482 infeasible   29        32.00000    3.00000  90.6%  2251 6116s
 13004  6748 infeasible   31        32.00000    3.00000  90.6%  2261 6321s
 13547  6967 infeasible   29        32.00000    3.00000  90.6%  2263 6540s
 14012  7224 infeasible   27        32.00000    3.00000  90.6%  2287 6731s
 14431  7506    3.00000   19  358   32.00000    3.00000  90.6%  2321 6969s
 14851  7506    4.00000   26  408   32.00000    3.00000  90.6%  2341 6970s
 14899  7879    6.00000   37  316   32.00000    3.00000  90.6%  2346 7070s
 15519  8136   10.00000   56  208   32.00000    3.00000  90.6%  2356 7271s
 16122  8436    4.00000   30  306   32.00000    3.00000  90.6%  2365 7579s
 16771  8814    8.00000   65  281   32.00000    3.00000  90.6%  2382 7836s
 17390  9293 infeasible   19        32.00000    3.00000  90.6%  2396 8155s
 18138  9605 infeasible   25        32.00000    3.00000  90.6%  2398 8420s
 18773  9931 infeasible   44        32.00000    3.00000  90.6%  2417 8761s
 19413 10301    6.00000   40  268   32.00000    3.00000  90.6%  2435 9007s
 20201 10617 infeasible   26        32.00000    3.00000  90.6%  2436 9317s
 21039 10955    8.93501   57  191   32.00000    3.00000  90.6%  2439 9560s
 21849 11263    6.00000   50  262   32.00000    3.00000  90.6%  2455 9938s
 22571 11623    4.00000   28  346   32.00000    3.00000  90.6%  2470 10486s
 23348 12175    3.23582   27  417   32.00000    3.00000  90.6%  2481 10843s
 24294 12496    5.25000   49  244   32.00000    3.00000  90.6%  2497 11111s
 25073 12881 infeasible   32        32.00000    3.00000  90.6%  2518 11454s
 25386 12881    4.05833   29  536   32.00000    3.00000  90.6%  2519 11455s
 25855 13314 infeasible   35        32.00000    3.00000  90.6%  2530 11816s
 26750 13711    4.00000   24  318   32.00000    3.00000  90.6%  2544 12184s
 27592 14098 infeasible   23        32.00000    3.00000  90.6%  2568 12632s
 28455 14457 infeasible   59        32.00000    3.00000  90.6%  2586 13293s
 29293 15114    8.31737   49  287   32.00000    3.00000  90.6%  2607 13769s
 30296 16246    7.00000   57  288   32.00000    3.00000  90.6%  2616 14137s
 31854 16934   14.00000  113  188   32.00000    3.00000  90.6%  2594 14463s
 33155 17480    8.85144   47  251   32.00000    3.00000  90.6%  2595 14705s
 34454 17888 infeasible   50        32.00000    3.00000  90.6%  2602 14964s
 35701 18362 infeasible   44        32.00000    3.00450  90.6%  2613 15341s
 36868 18918 infeasible   26        32.00000    3.00886  90.6%  2618 15693s
 38115 19500    5.00156   45  349   32.00000    3.24909  89.8%  2624 16144s
 39345 19500 infeasible   36        32.00000    3.53389  89.0%  2622 16145s
 39580 20366    5.00000   41  237   32.00000    4.00000  87.5%  2630 16493s
 41039 22248 infeasible   61        32.00000    4.00000  87.5%  2653 17163s
 44045 24002    5.00000   31  371   32.00000    4.00000  87.5%  2668 18007s
 46858 24002    4.86254   29  629   32.00000    4.00000  87.5%  2661 18010s
 47200 25615 infeasible   27        32.00000    4.00000  87.5%  2658 18923s
 50432 27937    7.00000   47  273   32.00000    4.00000  87.5%  2663 19586s
 54131 30411 infeasible   49        32.00000    4.00000  87.5%  2655 20492s
H55319 30397                      31.0000000    4.00000  87.1%  2630 20493s
 57951 31197    5.61254   29  322   31.00000    4.00000  87.1%  2633 21713s
 59901 31197    5.00000   34  286   31.00000    4.00000  87.1%  2640 21715s
 60069 35562    7.00000   53  236   31.00000    4.00000  87.1%  2644 22421s
 66533 37297    8.00000   55  312   31.00000    4.00000  87.1%  2581 22996s
 70152 38999    8.22254   54  345   31.00000    4.00000  87.1%  2598 23655s
 73419 41030    5.00557   44  483   31.00000    4.00000  87.1%  2615 24495s
 77240 43783    5.00000   38  360   31.00000    4.00000  87.1%  2618 25572s
 81531 47693   17.00066  196  245   31.00000    4.00000  87.1%  2603 26382s
 85282 47693    4.00000   28  392   31.00000    4.00000  87.1%  2570 26385s
 86988 49656 infeasible   93        31.00000    4.00000  87.1%  2556 26992s
 90412 51488 infeasible   33        31.00000    4.00000  87.1%  2556 27568s
 93722 53455    7.00000   38  397   31.00000    4.00000  87.1%  2563 28189s
 93825 53455    5.56069   36  515   31.00000    4.00000  87.1%  2565 28190s
 96855 56013    5.80229   37  494   31.00000    4.00000  87.1%  2569 28800s

Cutting planes:
  Learned: 152
  Gomory: 18
  Lift-and-project: 28
  Cover: 71
  Implied bound: 1956
  Projected implied bound: 29
  Clique: 34
  MIR: 2908
  Flow cover: 8575
  Inf proof: 18
  Zero half: 4117
  RLT: 856
  Relax-and-lift: 415
  BQP: 1

Explored 101015 nodes (258931912 simplex iterations) in 28802.91 seconds (9751.35 work units)
Thread count was 24 (of 24 available processors)

Solution count 7: 31 32 37 ... 42

Time limit reached
Best objective 3.100000000000e+01, best bound 4.000000000000e+00, gap 87.0968%
