
Gurobi 10.0.1 (linux64) logging started Thu Jul 20 19:25:03 2023

Set parameter LogFile to value "Class1_Instance-6_0.9.log"
Gurobi Optimizer version 10.0.1 build v10.0.1rc0 (linux64)

CPU model: AMD Opteron(tm) Processor 6174, instruction set [SSE2]
Thread count: 24 physical cores, 24 logical processors, using up to 24 threads

Optimize a model with 30176 rows, 16845 columns and 93413 nonzeros
Model fingerprint: 0x7230b0dd
Model has 9535 quadratic constraints
Variable types: 5462 continuous, 11383 integer (11340 binary)
Coefficient statistics:
  Matrix range     [6e-01, 1e+04]
  QMatrix range    [1e+00, 1e+00]
  QLMatrix range   [1e+00, 2e+01]
  Objective range  [1e+00, 1e+00]
  Bounds range     [1e+00, 1e+00]
  RHS range        [1e+00, 1e+04]
Presolve removed 13148 rows and 3655 columns
Presolve time: 0.64s
Presolved: 36727 rows, 19700 columns, 111345 nonzeros
Presolved model has 1806 bilinear constraint(s)
Variable types: 5335 continuous, 14365 integer (14322 binary)
Root relaxation presolved: 14954 rows, 46347 columns, 120461 nonzeros

Deterministic concurrent LP optimizer: primal and dual simplex
Showing first log only...

Concurrent spin time: 0.38s

Solved with primal simplex

Root relaxation: objective 1.000000e+00, 1057 iterations, 1.29 seconds (0.38 work units)
Total elapsed time = 6.62s

    Nodes    |    Current Node    |     Objective Bounds      |     Work
 Expl Unexpl |  Obj  Depth IntInf | Incumbent    BestBd   Gap | It/Node Time

     0     0    1.00000    0  427          -    1.00000      -     -   16s
     0     0    2.00000    0  310          -    2.00000      -     -   16s
     0     0    2.00000    0  308          -    2.00000      -     -   16s
     0     0    2.00000    0  282          -    2.00000      -     -   37s
     0     0    2.00000    0  308          -    2.00000      -     -   40s
     0     0    2.00000    0  259          -    2.00000      -     -   53s
     0     0    2.00000    0  371          -    2.00000      -     -   57s
     0     0    2.00000    0  357          -    2.00000      -     -   87s
     0     0    2.00000    0  452          -    2.00000      -     -   92s
     0     0    2.00000    0  437          -    2.00000      -     -  171s
     0     0    2.00000    0  437          -    2.00000      -     -  187s
     0     2    3.00000    0  362          -    3.00000      -     -  200s
     3     8    3.00000    2  399          -    3.00000      -  4777  208s
     7    16    3.00000    3  563          -    3.00000      -  4786  730s
    15    30    3.00000    4 2712          -    3.00000      -  4864  820s
    31    54    3.00000    5  570          -    3.00000      -  6740  859s
    55    78    3.00000    6 1831          -    3.00000      -  6070  867s
    79   102    3.00000    6 2900          -    3.00000      -  4990  887s
   103   126    3.00000    7 1817          -    3.00000      -  4346  894s
   127   165    3.00000    8 1223          -    3.00000      -  3915  934s
   168   208    3.00000    8 1229          -    3.00000      -  3425  943s
   211   243    3.00000    9  546          -    3.00000      -  3135 1107s
   252   290    3.00000   10  407          -    3.00000      -  2953 1114s
   305   336    3.00000   11  369          -    3.00000      -  2773 1123s
   365   380    3.00000   13  355          -    3.00000      -  2610 1133s
   421   424    3.00000   14  350          -    3.00000      -  2581 1142s
   471   470    3.00000   15  339          -    3.00000      -  2489 1208s
   527   519    3.00000   17  406          -    3.00000      -  2428 1216s
   606   549 infeasible   19               -    3.00000      -  2344 1241s
   677   589    3.00000   20  414          -    3.00000      -  2322 1258s
   757   639    3.00007   21  751          -    3.00000      -  2250 1290s
   827   689 infeasible   22               -    3.00000      -  2187 1301s
   907   745    3.00000    8  894          -    3.00000      -  2170 1326s
   993   803    5.00000    9  664          -    3.00000      -  2131 1334s
  1077   856    5.00000   10  524          -    3.00000      -  2086 1342s
  1172   900    5.00000   13  336          -    3.00000      -  2046 1359s
  1264   952 infeasible   15               -    3.00000      -  2032 1382s
  1359  1012    5.00000   18  395          -    3.00000      -  2025 1392s
  1477  1093    5.00000   19  474          -    3.00000      -  1972 1406s
  1596  1155    5.00000   23  306          -    3.00000      -  1943 1419s
  1702  1218    5.00000   26  323          -    3.00000      -  1952 1432s
  1818  1284    5.00000   30  251          -    3.00000      -  1952 1445s
  1924  1353    5.00000   34  257          -    3.00000      -  1972 1464s
  2041  1431    5.00000   36  263          -    3.00000      -  1983 1485s
  2161  1543    5.00000   40  296          -    3.00000      -  1977 1499s
  2305  1671    5.02836   47  302          -    3.00000      -  1961 1513s
  2500  1672    3.00002   20  353          -    3.00000      -  1921 1551s
  2502  1673    3.18866   18  199          -    3.00000      -  1919 1594s
  2503  1674    4.00000   28  181          -    3.00000      -  1919 1645s
  2504  1675    4.00006   35  235          -    3.00000      -  1918 1678s
  2505  1675    3.00000    7  224          -    3.00000      -  1917 1716s
  2506  1676    3.00015   19  279          -    3.00000      -  1916 1748s
  2507  1677    3.07812   19  264          -    3.00000      -  1916 1793s
  2508  1677    4.00000   26  244          -    3.00000      -  1915 1824s
  2509  1678    6.00000   22  279          -    3.00000      -  1914 1888s
  2510  1679    3.00000   13  273          -    3.00000      -  1913 1937s
  2511  1679    5.00000   40  273          -    3.00000      -  1913 1945s
  2512  1683    3.00000   15  281          -    3.00000      -  1949 1961s
  2514  1686    3.00000   16  497          -    3.00000      -  1951 1982s
  2518  1693    3.00000   17  476          -    3.00000      -  1953 1990s
  2526  1706    3.00000   18  462          -    3.00000      -  1959 1995s
  2542  1721    3.00000   19  287          -    3.00000      -  1957 2003s
  2566  1733    3.00000   20  299          -    3.00000      -  1968 2008s
  2590  1749    3.00000   20  293          -    3.00000      -  1973 2025s
  2638  1773    3.00000   21  338          -    3.00000      -  1990 2047s
  2662  1791    3.00000   22  287          -    3.00000      -  1994 2053s
  2688  1807    3.00000   22  392          -    3.00000      -  1998 2059s
  2713  1822    3.00000   23  325          -    3.00000      -  2000 2076s
  2740  1841    3.00000   23  377          -    3.00000      -  2002 2083s
  2770  1859    3.00000   24  285          -    3.00000      -  2001 2133s
  2802  1876    3.00000   25  286          -    3.00000      -  2009 2141s
  2841  1900    3.00000   26  300          -    3.00000      -  2011 2150s
  2884  1924    3.00000   27  333          -    3.00000      -  2017 2160s
  2927  1953    3.00000   28  297          -    3.00000      -  2025 2174s
  2978  1981    3.00000   29  285          -    3.00000      -  2021 2182s
  3037  1988    3.00000   29  347          -    3.00000      -  2015 2194s
  3094  2019    3.00000   30  293          -    3.00000      -  2012 2210s
  3154  2046 infeasible   31               -    3.00000      -  2005 2225s
  3215  2081    3.00000   32  318          -    3.00000      -  2000 2238s
  3286  2119    4.00000   33  198          -    3.00000      -  1992 2254s
  3361  2147    4.00000   35  215          -    3.00000      -  1982 2265s
  3432  2162    4.00000   37  191          -    3.00000      -  1975 2275s
  3505  2180    4.00000   41  211          -    3.00000      -  1978 2286s
  3587  2184    5.00000   43  241          -    3.00000      -  1970 2304s
  3662  2202    5.00000   44  223          -    3.00000      -  1974 2317s
  3757  2231    5.00000   46  161          -    3.00000      -  1968 2336s
  3863  2204    6.00000   50  194          -    3.00000      -  1965 2349s
  3927  2230    7.00000   51  191          -    3.00000      -  1967 2366s
  4032  2266    7.00000   53  172          -    3.00000      -  1969 2388s
  4133  2295    7.14340   56  195          -    3.00000      -  1969 2399s
  4252  2334    3.00000   22  330          -    3.00000      -  1963 2421s
  4362  2371    3.00000   23  294          -    3.00000      -  1960 2441s
  4495  2383    3.00000   25  335          -    3.00000      -  1946 2462s
  4636  2394    3.03276   29  389          -    3.00000      -  1936 2477s
  4770  2415    3.07754   31  355          -    3.00000      -  1933 2491s
  4922  2381    4.00000   36  201          -    3.00000      -  1926 2509s
  4998  2438    5.00000   38  198          -    3.00000      -  1930 2523s
  5149  2519 infeasible   46               -    3.00000      -  1923 2538s
  5332  2537 infeasible   55               -    3.00000      -  1900 2556s
  5504  2592 infeasible   61               -    3.00000      -  1893 2576s
  5694  2649    4.00000   26  242          -    3.00000      -  1890 2594s
  5899  2684    4.00000   30  246          -    3.00000      -  1878 2614s
  6121  2688    4.00000   33  269          -    3.00000      -  1866 2632s
  6342  2728 infeasible   39               -    3.00000      -  1862 2654s
  6544  2765    4.64487   42  230          -    3.00000      -  1861 2675s
  6743  2777    6.00000   44  207          -    3.00000      -  1861 2699s
  6871  2853    4.44091   44  183          -    3.00000      -  1859 2720s
  7081  2887    3.00000   22  351          -    3.00000      -  1861 2739s
  7296  2975    3.05697   24  437          -    3.00000      -  1859 2763s
  7588  3045    4.00000   29  226          -    3.00000      -  1842 2795s
  7896  3208    4.00394   32  323          -    3.00000      -  1830 2822s
  8165  3385    5.00000   34  286          -    3.00000      -  1829 2848s
  8466  3567    4.02105   35  301          -    3.00000      -  1825 2878s
  8845  3629    5.00000   40  256          -    3.00000      -  1805 2908s
  8998  3814    5.01808   44  268          -    3.00000      -  1805 2937s
  9324  4008    6.54266   48  247          -    3.00000      -  1793 2964s
  9675  4191    3.00000   26  365          -    3.00000      -  1789 2994s
  9997  4336    3.00000   27  275          -    3.00000      -  1789 3032s
 10307  4526    4.00000   26  259          -    3.00000      -  1796 3062s
 10678  4785 infeasible   32               -    3.00000      -  1788 3095s
 11131  5120 infeasible   30               -    3.00000      -  1773 3141s
 11775  5405    5.00000   27  213          -    3.00000      -  1762 3188s
 12249  5964    6.00000   32  283          -    3.00000      -  1770 3242s
 13274  6002    4.55716   30  302          -    3.00000      -  1727 3296s
 13476  6356    5.00000   32  279          -    3.00000      -  1735 3349s
 14081  6639 infeasible   43               -    3.00000      -  1726 3400s
 14712  6932    4.13957   35  348          -    3.00000      -  1722 3448s
 15305  7354    6.50000   47  214          -    3.00000      -  1720 3505s
 16053  7720    5.00406   42  259          -    3.00000      -  1707 3564s
 16685  8127    5.27675   38  370          -    3.00000      -  1701 3618s
 17446  8849    6.00000   49  164          -    3.00000      -  1690 3672s
 18776  9163    5.00000   32  341          -    3.00000      -  1654 3794s
 19303  9583    7.00000   45  183          -    3.00000      -  1663 3853s
 20097 10018    3.54873   28  405          -    3.00000      -  1654 3915s
H20219 10014                      42.0000000    3.00000  92.9%  1656 3915s
 20924 10453 infeasible   40        42.00000    3.00000  92.9%  1644 3974s
H21309 10453                      41.0000000    3.00000  92.7%  1637 3974s
 21810 10453    3.05700   23  467   41.00000    3.00000  92.7%  1624 3975s
H21929 11503                      39.0000000    3.00000  92.3%  1625 4026s
H22096 11503                      38.0000000    3.00000  92.1%  1621 4026s
H22232 11503                      37.0000000    3.00000  91.9%  1615 4026s
 23489 11946    9.00000   78  194   37.00000    3.00000  91.9%  1597 4081s
H23688 11945                      35.0000000    3.00000  91.4%  1598 4082s
 24225 12294    4.00000   32  359   35.00000    3.00000  91.4%  1606 4148s
 24810 12786 infeasible   39        35.00000    3.00000  91.4%  1623 4217s
 25681 13394 infeasible   27        35.00000    3.00000  91.4%  1625 4290s
 26653 14522    3.00000   22  320   35.00000    3.00000  91.4%  1623 4350s
 28363 15217 infeasible  126        35.00000    3.00000  91.4%  1602 4418s
 29390 15850    6.00000   47  375   35.00000    3.00000  91.4%  1599 4482s
 30441 16427    4.00000   27  304   35.00000    3.00000  91.4%  1594 4877s
 31336 17143    7.00000   59  327   35.00000    3.00000  91.4%  1593 4959s
 32495 17812    6.00000   45  313   35.00000    3.04492  91.3%  1597 5048s
 33729 18483 infeasible   39        35.00000    3.06346  91.2%  1603 5140s
 34975 19166    5.29330   41  294   35.00000    3.06405  91.2%  1614 5235s
 36167 20718    6.00000   43  334   35.00000    3.07039  91.2%  1628 5327s
 38177 22601    7.00000   88  201   35.00000    3.07721  91.2%  1606 5446s
 40385 24243   21.00000  262  188   35.00000    3.08396  91.2%  1576 5549s
 42371 24243 infeasible  118        35.00000    3.09113  91.2%  1543 5550s
 42546 25154    6.00000   37  241   35.00000    3.09301  91.2%  1544 5653s
*43383 25053             699      34.0000000    3.09301  90.9%  1543 5654s
 44442 26148    6.00000   38  275   34.00000    3.09762  90.9%  1529 5774s
 46443 26148    6.65973   41  285   34.00000    3.10517  90.9%  1525 5775s
 46495 27216 infeasible   40        34.00000    3.10870  90.9%  1526 5880s
 48251 28207    4.00000   34  296   34.00000    3.11667  90.8%  1521 5982s
 49907 29883    4.01924   29  540   34.00000    3.11899  90.8%  1521 6102s
 52776 30693 infeasible  128        34.00000    3.13356  90.8%  1510 6201s
 54329 31669    5.00000   34  238   34.00000    3.14304  90.8%  1518 6317s
 56150 33127    6.00000   42  300   34.00000    3.14419  90.8%  1522 6431s
 58368 35464    5.00000   38  366   34.00000    3.15202  90.7%  1515 6660s
 61852 36610 infeasible   36        34.00000    3.15597  90.7%  1492 6774s
 63736 38116 infeasible   27        34.00000    3.16512  90.7%  1497 6911s
 66058 39357 infeasible   47        34.00000    3.17470  90.7%  1491 7039s
 66331 39357    3.56368   26  606   34.00000    3.17738  90.7%  1492 7040s
 68238 40329    5.00000   40  330   34.00000    3.18680  90.6%  1497 7174s
 68928 40329    7.00383   48  388   34.00000    3.18756  90.6%  1500 7175s
 69939 41856    6.12696   75  255   34.00000    3.18829  90.6%  1503 7326s
 72587 43122    5.00000   52  311   34.00000    3.20597  90.6%  1502 7451s
 74649 45111    6.06499   53  260   34.00000    3.22122  90.5%  1505 7586s
 77402 46333    5.00000   35  290   34.00000    3.22504  90.5%  1497 7810s
 79285 47644    5.00000   32  306   34.00000    3.23751  90.5%  1502 7969s
 81387 48868    4.03546   34  531   34.00000    3.24873  90.4%  1504 8127s
 83611 49836    5.00000   36  302   34.00000    3.25936  90.4%  1510 8304s
 84692 49836 infeasible   26        34.00000    3.26331  90.4%  1515 8305s
 85433 51475    7.22967   47  257   34.00000    3.26484  90.4%  1520 8459s
 85556 51475    4.34668   33  476   34.00000    3.26484  90.4%  1519 8460s
 87825 52957 infeasible   34        34.00000    3.28377  90.3%  1522 8631s
 90157 54192    8.00000  108  249   34.00000    3.29507  90.3%  1528 8794s
 91284 54192    7.58982   41  328   34.00000    3.30650  90.3%  1527 8795s
 92284 55324    8.00000   70  273   34.00000    3.31250  90.3%  1531 8971s
 94331 56461 infeasible   41        34.00000    3.33044  90.2%  1537 9131s
 96538 57834    5.50795   31  419   34.00000    3.35262  90.1%  1544 9318s
 98877 58934 infeasible   27        34.00000    3.38010  90.1%  1547 9500s
 101017 59865 infeasible   31        34.00000    3.41449  90.0%  1553 9700s
 102682 61218    4.57137   34  477   34.00000    3.44313  89.9%  1562 9890s
 104921 62248    6.00000   44  272   34.00000    3.49619  89.7%  1565 10139s
 104986 62248    4.28285   27  532   34.00000    3.49619  89.7%  1565 10140s
 106987 63064    7.05287   39  358   34.00000    3.60774  89.4%  1570 10318s
 108675 64689    5.86017   41  388   34.00000    3.75210  89.0%  1578 10550s
 111315 66716   10.00000   87  259   34.00000    4.00000  88.2%  1580 10888s
 115004 68140   10.73484   97  197   34.00000    4.00000  88.2%  1584 11212s
 117671 70396    8.06805   58  284   34.00000    4.00000  88.2%  1594 11586s
 121267 73045    4.18798   35  467   34.00000    4.00000  88.2%  1598 11950s
*123930 72971             693      33.0000000    4.00000  87.9%  1597 11952s
 125459 74961    5.00000   32  361   33.00000    4.00000  87.9%  1599 12455s
 129120 76547    4.81564   30  568   33.00000    4.00000  87.9%  1603 12841s
 132078 79150 infeasible   39        33.00000    4.00000  87.9%  1613 13189s
*134040 78948             611      32.0000000    4.00000  87.5%  1610 13190s
 136607 81246    4.21736   36  621   32.00000    4.00000  87.5%  1614 13545s
 140709 84310    5.00000   30  262   32.00000    4.00000  87.5%  1615 13907s
 145058 86792   15.00000  192  206   32.00000    4.00000  87.5%  1606 14282s
*145371 86308             494      30.0000000    4.00000  86.7%  1603 14283s
 149156 88066    4.85338   31  463   30.00000    4.00000  86.7%  1606 14625s
 152463 90341   10.00000   64  176   30.00000    4.00000  86.7%  1608 14931s
*155237 89986             542      29.0000000    4.00000  86.2%  1608 14934s
 156020 92710    6.03876   52  347   29.00000    4.00000  86.2%  1609 15252s
 159902 95842    5.08950   46  297   29.00000    4.00000  86.2%  1607 15564s
 160910 95842    8.00000   72  237   29.00000    4.00000  86.2%  1608 15565s
 164374 97800    9.00739   95  327   29.00000    4.00000  86.2%  1601 15860s
 167689 100006 infeasible   38        29.00000    4.00000  86.2%  1602 16162s
 169971 100006    4.80210   33  568   29.00000    4.00000  86.2%  1602 16165s
 171109 103252    5.00000   30  316   29.00000    4.00000  86.2%  1603 16561s
 175485 105679    9.46258   60  360   29.00000    4.00000  86.2%  1597 17006s
 179205 108165 infeasible   32        29.00000    4.00000  86.2%  1595 17320s
 183029 109911    6.00000   38  309   29.00000    4.00000  86.2%  1597 17625s
 186049 111483    5.00000   32  376   29.00000    4.00000  86.2%  1601 17962s
 188847 113783 infeasible   32        29.00000    4.00000  86.2%  1608 18322s
 191964 113783 infeasible   47        29.00000    4.00000  86.2%  1608 18325s
 192919 115152    5.00000   52  349   29.00000    4.00000  86.2%  1609 18758s
 195480 115152   10.33399   66  220   29.00000    4.00000  86.2%  1615 18761s
 195524 116890    4.97336   33  424   29.00000    4.00000  86.2%  1615 19152s
 198557 118846    8.00000   48  292   29.00000    4.00000  86.2%  1622 19531s
 202136 121128    4.00000   29  327   29.00000    4.00000  86.2%  1629 19889s
 202347 121128    4.73170   28  488   29.00000    4.00000  86.2%  1629 19890s
 205875 122943    9.39909   82  195   29.00000    4.00000  86.2%  1631 20254s
 206157 122943    4.00000   32  342   29.00000    4.00000  86.2%  1630 20255s
 209431 125250 infeasible   34        29.00000    4.00000  86.2%  1637 20608s
*210957 123843             489      27.0000000    4.00000  85.2%  1635 20610s
 213437 125921 infeasible   77        27.00000    4.00000  85.2%  1637 20983s
 215030 125921 infeasible   41        27.00000    4.00000  85.2%  1639 20985s
 217077 127935    5.00000   42  393   27.00000    4.00000  85.2%  1641 21437s
 220460 131274    6.00000   43  267   27.00000    4.00000  85.2%  1645 21949s
 220582 131274    4.31466   37  596   27.00000    4.00000  85.2%  1644 21950s
 225406 133388    6.00000   44  420   27.00000    4.00000  85.2%  1640 22345s
 228892 135425    6.00000   38  322   27.00000    4.00000  85.2%  1644 22729s
 228927 135425    4.98019   35  456   27.00000    4.00000  85.2%  1644 22730s
 232372 137908    4.16066   35  658   27.00000    4.00000  85.2%  1647 23104s
 232627 137908    5.17939   37  457   27.00000    4.00000  85.2%  1647 23105s
 236423 139711    5.09880   41  535   27.00000    4.00000  85.2%  1650 23470s
 239655 142827 infeasible   33        27.00000    4.00000  85.2%  1655 23921s
 244201 145110    6.00000   43  256   27.00000    4.00000  85.2%  1654 24289s
 245742 145110    6.00000   40  323   27.00000    4.00000  85.2%  1653 24290s
 247604 148129   13.00000  184  216   27.00000    4.00000  85.2%  1655 24656s
 251962 150175 infeasible  157        27.00000    4.00000  85.2%  1654 25010s
 255440 152541 infeasible   80        27.00000    4.00000  85.2%  1657 25369s
 255550 152541    4.18852   41  602   27.00000    4.00000  85.2%  1657 25370s
 259091 155356    6.00000   56  328   27.00000    4.00000  85.2%  1659 25735s
 263154 157622    4.79862   37  536   27.00000    4.00000  85.2%  1659 26111s
 266743 159619 infeasible   33        27.00000    4.00000  85.2%  1659 26536s
 270076 161203    5.93614   30  304   27.00000    4.00000  85.2%  1661 26900s
 273014 162984    4.10676   31  672   27.00000    4.00000  85.2%  1667 27379s
 273196 162984    4.35843   34  663   27.00000    4.00000  85.2%  1667 27380s
 276234 165230   12.41091  137  193   27.00000    4.00000  85.2%  1670 27804s
 277120 165230 infeasible   33        27.00000    4.00000  85.2%  1669 27805s
 280092 167580 infeasible   41        27.00000    4.00000  85.2%  1670 28236s
 283934 170355 infeasible   39        27.00000    4.00000  85.2%  1673 28679s
 284317 170355    5.00000   39  467   27.00000    4.00000  85.2%  1675 28680s
*286339 168910             500      26.0000000    4.00000  84.6%  1673 28681s
 288208 169618 infeasible   27        26.00000    4.00000  84.6%  1675 28800s

Cutting planes:
  Learned: 13
  Gomory: 19
  Lift-and-project: 142
  Cover: 324
  Implied bound: 1990
  Projected implied bound: 1
  Clique: 5
  MIR: 2695
  Flow cover: 10746
  Inf proof: 82
  Zero half: 4279
  RLT: 1252
  Relax-and-lift: 1157

Explored 289633 nodes (485564590 simplex iterations) in 28800.80 seconds (13420.93 work units)
Thread count was 24 (of 24 available processors)

Solution count 10: 26 27 29 ... 38

Time limit reached
Warning: max constraint violation (5.6799e-06) exceeds tolerance
Best objective 2.600000000000e+01, best bound 4.000000000000e+00, gap 84.6154%
