
Gurobi 10.0.1 (linux64) logging started Sun Aug  6 11:15:48 2023

Set parameter LogFile to value "Reales_fosforo_0.5.log"
Gurobi Optimizer version 10.0.1 build v10.0.1rc0 (linux64)

CPU model: AMD Opteron(tm) Processor 6174, instruction set [SSE2]
Thread count: 24 physical cores, 24 logical processors, using up to 24 threads

Optimize a model with 30176 rows, 16845 columns and 93413 nonzeros
Model fingerprint: 0x69327289
Model has 9535 quadratic constraints
Variable types: 5462 continuous, 11383 integer (11340 binary)
Coefficient statistics:
  Matrix range     [1e+00, 1e+04]
  QMatrix range    [1e+00, 1e+00]
  QLMatrix range   [1e+00, 2e+01]
  Objective range  [1e+00, 1e+00]
  Bounds range     [1e+00, 1e+00]
  RHS range        [1e+00, 1e+04]
Presolve removed 11431 rows and 3657 columns
Presolve time: 0.80s
Presolved: 24206 rows, 14952 columns, 89243 nonzeros
Presolved model has 4746 quadratic constraint(s)
Presolved model has 1806 bilinear constraint(s)
Variable types: 5335 continuous, 9617 integer (9574 binary)

Root relaxation: objective 1.007587e+00, 2283 iterations, 0.22 seconds (0.09 work units)

    Nodes    |    Current Node    |     Objective Bounds      |     Work
 Expl Unexpl |  Obj  Depth IntInf | Incumbent    BestBd   Gap | It/Node Time

     0     0    1.00759    0  233          -    1.00759      -     -    3s
     0     0    2.00000    0  204          -    2.00000      -     -    3s
     0     0    2.00000    0  184          -    2.00000      -     -    6s
     0     0    2.00000    0  225          -    2.00000      -     -    7s
     0     0    2.00000    0   59          -    2.00000      -     -   11s
     0     0    2.00000    0   92          -    2.00000      -     -   12s
     0     0    2.00000    0   43          -    2.00000      -     -   13s
     0     0    2.00000    0   53          -    2.00000      -     -   14s
     0     0    2.00000    0   41          -    2.00000      -     -   15s
     0     0    2.00000    0  124          -    2.00000      -     -   16s
     0     0    2.00000    0   55          -    2.00000      -     -   17s
     0     0    2.00000    0  103          -    2.00000      -     -   18s
     0     0    2.00000    0   50          -    2.00000      -     -   22s
     0     0    2.00000    0  201          -    2.00000      -     -   24s
     0     0    2.00000    0   59          -    2.00000      -     -   26s
     0     0    2.00000    0  141          -    2.00000      -     -   27s
     0     0    2.00000    0   44          -    2.00000      -     -   28s
     0     0    2.00000    0   45          -    2.00000      -     -   29s
     0     0    2.00000    0   43          -    2.00000      -     -   33s
     0     0    2.00000    0   38          -    2.00000      -     -   34s
     0     0    2.00000    0   35          -    2.00000      -     -   34s
     0     0    2.00000    0   35          -    2.00000      -     -   34s
     0     0    2.00000    0   39          -    2.00000      -     -   34s
     0     0    2.00000    0   39          -    2.00000      -     -   36s
     0     2    3.00000    0   39          -    3.00000      -     -   38s
    55    78    3.00000    6   39          -    3.00000      -   7.2   40s
   725  1083    3.00000   41   56          -    3.00000      -  92.6   45s
  1123  2084    3.00000   58   45          -    3.00000      -   117  284s
  2132  4586    3.00000   80   27          -    3.00000      -   101  311s
* 2425  3829              84       2.0000000    2.00000  0.00%  93.7  311s

Cutting planes:
  Learned: 13
  Gomory: 4
  Implied bound: 25
  Clique: 21
  MIR: 37
  Flow cover: 6
  RLT: 2

Explored 4805 nodes (427519 simplex iterations) in 311.45 seconds (45.53 work units)
Thread count was 24 (of 24 available processors)

Solution count 1: 2 

Optimal solution found (tolerance 1.00e-04)
Best objective 2.000000000000e+00, best bound 2.000000000000e+00, gap 0.0000%
