
Gurobi 10.0.1 (linux64) logging started Sun Aug  6 11:21:07 2023

Set parameter LogFile to value "Reales_fosforo_0.6.log"
Gurobi Optimizer version 10.0.1 build v10.0.1rc0 (linux64)

CPU model: AMD Opteron(tm) Processor 6174, instruction set [SSE2]
Thread count: 24 physical cores, 24 logical processors, using up to 24 threads

Optimize a model with 30176 rows, 16845 columns and 93413 nonzeros
Model fingerprint: 0x8f3718b9
Model has 9535 quadratic constraints
Variable types: 5462 continuous, 11383 integer (11340 binary)
Coefficient statistics:
  Matrix range     [1e+00, 1e+04]
  QMatrix range    [1e+00, 1e+00]
  QLMatrix range   [1e+00, 2e+01]
  Objective range  [1e+00, 1e+00]
  Bounds range     [1e+00, 1e+00]
  RHS range        [1e+00, 1e+04]
Presolve removed 11431 rows and 3657 columns
Presolve time: 0.79s
Presolved: 24206 rows, 14952 columns, 89243 nonzeros
Presolved model has 4746 quadratic constraint(s)
Presolved model has 1806 bilinear constraint(s)
Variable types: 5335 continuous, 9617 integer (9574 binary)

Root relaxation: objective 1.012488e+00, 2192 iterations, 0.22 seconds (0.08 work units)

    Nodes    |    Current Node    |     Objective Bounds      |     Work
 Expl Unexpl |  Obj  Depth IntInf | Incumbent    BestBd   Gap | It/Node Time

     0     0    1.01249    0  224          -    1.01249      -     -    3s
     0     0    2.00000    0  176          -    2.00000      -     -    3s
     0     0    2.00000    0  157          -    2.00000      -     -    6s
     0     0    2.00000    0  146          -    2.00000      -     -    7s
     0     0    2.00000    0   41          -    2.00000      -     -    9s
     0     0    2.00000    0  130          -    2.00000      -     -   10s
     0     0    2.00000    0  108          -    2.00000      -     -   11s
     0     0    2.00000    0  116          -    2.00000      -     -   12s
     0     0    2.00000    0   51          -    2.00000      -     -   15s
     0     0    2.00000    0  132          -    2.00000      -     -   17s
     0     0    2.00000    0   75          -    2.00000      -     -   20s
     0     0    2.00000    0  174          -    2.00000      -     -   23s
     0     0    2.00000    0  105          -    2.00000      -     -   26s
     0     0    2.00000    0  168          -    2.00000      -     -   29s
     0     0    2.00000    0   55          -    2.00000      -     -   36s
     0     0    2.00000    0   77          -    2.00000      -     -   44s
     0     0    2.00000    0   94          -    2.00000      -     -   49s
     0     0    2.00000    0  181          -    2.00000      -     -   52s
     0     0    2.00000    0   51          -    2.00000      -     -   56s
     0     0    2.00000    0   76          -    2.00000      -     -   60s
     0     0    2.00000    0  159          -    2.00000      -     -   63s
     0     0    2.00000    0   94          -    2.00000      -     -   66s
     0     0    2.00000    0   95          -    2.00000      -     -   70s
     0     0    2.00000    0  118          -    2.00000      -     -   72s
     0     0    2.00000    0   95          -    2.00000      -     -   74s
     0     0    2.00000    0   90          -    2.00000      -     -   75s
     0     0    2.00000    0  147          -    2.00000      -     -   78s
     0     0    2.00000    0  155          -    2.00000      -     -   81s
     0     0    2.00000    0   56          -    2.00000      -     -   83s
     0     0    2.00000    0   70          -    2.00000      -     -   86s
     0     0    2.00000    0   89          -    2.00000      -     -   89s
     0     0    2.00000    0   39          -    2.00000      -     -   92s
     0     0    2.00000    0   46          -    2.00000      -     -   97s
     0     0    2.00000    0   54          -    2.00000      -     -   99s
     0     0    2.00000    0   48          -    2.00000      -     -  101s
     0     0    2.00000    0   80          -    2.00000      -     -  105s
     0     0    2.00000    0   52          -    2.00000      -     -  112s
     0     0    2.00000    0   46          -    2.00000      -     -  114s
     0     0    2.00000    0   46          -    2.00000      -     -  115s
     0     0    2.00000    0   53          -    2.00000      -     -  115s
     0     0    2.00000    0   48          -    2.00000      -     -  116s
     0     0    2.00000    0   48          -    2.00000      -     -  116s
     0     0    2.00000    0   48          -    2.00000      -     -  118s
     0     2    3.00000    0   48          -    3.00000      -     -  121s
   127   155    3.00000    7   43          -    3.00000      -   180  125s
   265   488    3.00000   10   43          -    3.00000      -   244  293s
   558   860    3.00000   15   42          -    3.00000      -   202  372s
  1005  1690    3.00000   21   39          -    3.00000      -   250  392s
  2018  2449    3.00000   35   36          -    3.00000      -   313  408s
  2799  4064    3.00000   47   34          -    3.00000      -   377  430s
* 4417  2969              92       2.0000000    2.00000  0.00%   405  430s

Cutting planes:
  Learned: 12
  Gomory: 2
  Lift-and-project: 1
  Cover: 1
  Implied bound: 29
  Clique: 17
  MIR: 25
  Flow cover: 2
  RLT: 8
  Relax-and-lift: 5

Explored 4442 nodes (1988674 simplex iterations) in 430.36 seconds (77.40 work units)
Thread count was 24 (of 24 available processors)

Solution count 1: 2 

Optimal solution found (tolerance 1.00e-04)
Best objective 2.000000000000e+00, best bound 2.000000000000e+00, gap 0.0000%
