
Gurobi 10.0.1 (linux64) logging started Sun Aug  6 11:03:41 2023

Set parameter LogFile to value "Reales_fosforo_0.3.log"
Gurobi Optimizer version 10.0.1 build v10.0.1rc0 (linux64)

CPU model: AMD Opteron(tm) Processor 6174, instruction set [SSE2]
Thread count: 24 physical cores, 24 logical processors, using up to 24 threads

Optimize a model with 30176 rows, 16845 columns and 93413 nonzeros
Model fingerprint: 0xf745ff58
Model has 9535 quadratic constraints
Variable types: 5462 continuous, 11383 integer (11340 binary)
Coefficient statistics:
  Matrix range     [1e+00, 1e+04]
  QMatrix range    [1e+00, 1e+00]
  QLMatrix range   [1e+00, 2e+01]
  Objective range  [1e+00, 1e+00]
  Bounds range     [1e+00, 1e+00]
  RHS range        [1e+00, 1e+04]
Presolve removed 11431 rows and 3657 columns
Presolve time: 0.80s
Presolved: 24206 rows, 14952 columns, 89243 nonzeros
Presolved model has 4746 quadratic constraint(s)
Presolved model has 1806 bilinear constraint(s)
Variable types: 5335 continuous, 9617 integer (9574 binary)

Root relaxation: objective 1.000000e+00, 1986 iterations, 0.26 seconds (0.15 work units)

    Nodes    |    Current Node    |     Objective Bounds      |     Work
 Expl Unexpl |  Obj  Depth IntInf | Incumbent    BestBd   Gap | It/Node Time

     0     0    1.00000    0   48          -    1.00000      -     -    1s
     0     0    1.00413    0  765          -    1.00413      -     -   15s
     0     0    2.00000    0  198          -    2.00000      -     -   15s
     0     0    2.00000    0  210          -    2.00000      -     -   17s
     0     0    2.00000    0  168          -    2.00000      -     -   18s
     0     0    2.00000    0  164          -    2.00000      -     -   18s
     0     0    2.00000    0   43          -    2.00000      -     -   19s
     0     0    2.00000    0   56          -    2.00000      -     -   19s
     0     0    2.00000    0   50          -    2.00000      -     -   20s
     0     0    2.00000    0  149          -    2.00000      -     -   21s
     0     0    2.00000    0   36          -    2.00000      -     -   21s
     0     0    2.00000    0   94          -    2.00000      -     -   22s
     0     0    2.00000    0   44          -    2.00000      -     -   23s
     0     0    2.00000    0   79          -    2.00000      -     -   24s
     0     0    2.00000    0   50          -    2.00000      -     -   28s
     0     0    2.00000    0  154          -    2.00000      -     -   29s
     0     0    2.00000    0   39          -    2.00000      -     -   31s
     0     0    2.00000    0   51          -    2.00000      -     -   33s
     0     0    2.00000    0   50          -    2.00000      -     -   37s
     0     0    2.00000    0   74          -    2.00000      -     -   44s
     0     0    2.00000    0   44          -    2.00000      -     -   47s
     0     0    2.00000    0   44          -    2.00000      -     -   51s
     0     0    2.00000    0   51          -    2.00000      -     -   55s
     0     0    2.00000    0   44          -    2.00000      -     -   58s
     0     0    2.00000    0   55          -    2.00000      -     -   63s
     0     0    2.00000    0   63          -    2.00000      -     -   66s
     0     0    2.00000    0   67          -    2.00000      -     -   70s
     0     0    2.00000    0   51          -    2.00000      -     -   76s
     0     0    2.00000    0   55          -    2.00000      -     -   80s
     0     0    2.00000    0   49          -    2.00000      -     -   86s
     0     0    2.00000    0   57          -    2.00000      -     -   92s
     0     0    2.00000    0   49          -    2.00000      -     -   94s
     0     0    2.00000    0   74          -    2.00000      -     -   96s
     0     0    2.00000    0   55          -    2.00000      -     -   98s
     0     0    2.00000    0   56          -    2.00000      -     -  101s
     0     0    2.00000    0   51          -    2.00000      -     -  104s
     0     0    2.00000    0   39          -    2.00000      -     -  105s
     0     0    2.00000    0   39          -    2.00000      -     -  106s
     0     0    2.00000    0   57          -    2.00000      -     -  108s
     0     0    2.00000    0   56          -    2.00000      -     -  112s
     0     0    2.00000    0   69          -    2.00000      -     -  113s
     0     0    2.00000    0   56          -    2.00000      -     -  114s
     0     0    2.00000    0   87          -    2.00000      -     -  115s
     0     0    2.00000    0  116          -    2.00000      -     -  116s
     0     0    2.00000    0   55          -    2.00000      -     -  118s
     0     0    2.00000    0   62          -    2.00000      -     -  120s
     0     0    2.00000    0   44          -    2.00000      -     -  122s
     0     0    2.00000    0   53          -    2.00000      -     -  125s
     0     0    2.00000    0   63          -    2.00000      -     -  128s
     0     0    2.00000    0   50          -    2.00000      -     -  133s
     0     0    2.00000    0   38          -    2.00000      -     -  134s
     0     0    2.00000    0   46          -    2.00000      -     -  135s
     0     0    2.00000    0   58          -    2.00000      -     -  136s
     0     0    2.00000    0   44          -    2.00000      -     -  137s
     0     0    2.00000    0   51          -    2.00000      -     -  138s
     0     0    2.00000    0   55          -    2.00000      -     -  139s
     0     0    2.00000    0   55          -    2.00000      -     -  141s
     0     0    2.00000    0   56          -    2.00000      -     -  143s
     0     0    2.00000    0   52          -    2.00000      -     -  146s
     0     0    2.00000    0   50          -    2.00000      -     -  147s
     0     0    2.00000    0   48          -    2.00000      -     -  149s
     0     0    2.00000    0   51          -    2.00000      -     -  150s
     0     0    2.00000    0   40          -    2.00000      -     -  151s
     0     0    2.00000    0   39          -    2.00000      -     -  152s
     0     0    2.00000    0   50          -    2.00000      -     -  153s
     0     0    2.00000    0   56          -    2.00000      -     -  154s
     0     0    2.00000    0   44          -    2.00000      -     -  155s
     0     0    2.00000    0   58          -    2.00000      -     -  156s
     0     0    2.00000    0   48          -    2.00000      -     -  158s
     0     0    2.00000    0   51          -    2.00000      -     -  159s
     0     0    2.00000    0   55          -    2.00000      -     -  161s
     0     0    2.00000    0   51          -    2.00000      -     -  163s
     0     0    2.00000    0   59          -    2.00000      -     -  164s
     0     0    2.00000    0   52          -    2.00000      -     -  165s
     0     0    2.00000    0   66          -    2.00000      -     -  166s
     0     0    2.00000    0   49          -    2.00000      -     -  168s
     0     0    2.00000    0   52          -    2.00000      -     -  168s
     0     0    2.00000    0   51          -    2.00000      -     -  170s
     0     0    2.00000    0   72          -    2.00000      -     -  172s
     0     0    2.00000    0   59          -    2.00000      -     -  173s
     0     0    2.00000    0   92          -    2.00000      -     -  174s
     0     0    2.00000    0   54          -    2.00000      -     -  175s
     0     0    2.00000    0   52          -    2.00000      -     -  176s
     0     0    2.00000    0   67          -    2.00000      -     -  177s
     0     0    2.00000    0   51          -    2.00000      -     -  178s
     0     0    2.00000    0   55          -    2.00000      -     -  179s
     0     0    2.00000    0   47          -    2.00000      -     -  180s
     0     0    2.00000    0   49          -    2.00000      -     -  182s
     0     0    2.00000    0   50          -    2.00000      -     -  183s
     0     0    2.00000    0   40          -    2.00000      -     -  184s
     0     0    2.00000    0   39          -    2.00000      -     -  187s
     0     0    2.00000    0   45          -    2.00000      -     -  190s
     0     0    2.00000    0   45          -    2.00000      -     -  192s
     0     0    2.00000    0   45          -    2.00000      -     -  193s
     0     0    2.00000    0   45          -    2.00000      -     -  193s
     0     0    2.00000    0   47          -    2.00000      -     -  193s
     0     0    2.00000    0   49          -    2.00000      -     -  193s
     0     0    2.00000    0   49          -    2.00000      -     -  195s
     0     2    3.00000    0   49          -    3.00000      -     -  198s
    31    56    3.00000    5   47          -    3.00000      -  94.2  200s
   231   372    3.00000   18   62          -    3.00000      -   363  206s
   382   789 infeasible   20               -    3.00000      -   353  361s
*  498   789              30       2.0000000    2.00000  0.00%   320  361s

Cutting planes:
  Learned: 33
  Gomory: 8
  Lift-and-project: 3
  Implied bound: 46
  Clique: 32
  MIR: 68
  Flow cover: 32
  RLT: 65
  Relax-and-lift: 5

Explored 954 nodes (656889 simplex iterations) in 361.44 seconds (68.70 work units)
Thread count was 24 (of 24 available processors)

Solution count 1: 2 

Optimal solution found (tolerance 1.00e-04)
Warning: max constraint violation (1.7160e-06) exceeds tolerance
Best objective 2.000000000000e+00, best bound 2.000000000000e+00, gap 0.0000%
