
Gurobi 10.0.1 (linux64) logging started Sun Aug  6 11:02:20 2023

Set parameter LogFile to value "Reales_fosforo_0.2.log"
Gurobi Optimizer version 10.0.1 build v10.0.1rc0 (linux64)

CPU model: AMD Opteron(tm) Processor 6174, instruction set [SSE2]
Thread count: 24 physical cores, 24 logical processors, using up to 24 threads

Optimize a model with 30176 rows, 16845 columns and 93413 nonzeros
Model fingerprint: 0x9f254f19
Model has 9535 quadratic constraints
Variable types: 5462 continuous, 11383 integer (11340 binary)
Coefficient statistics:
  Matrix range     [1e+00, 1e+04]
  QMatrix range    [1e+00, 1e+00]
  QLMatrix range   [1e+00, 2e+01]
  Objective range  [1e+00, 1e+00]
  Bounds range     [1e+00, 1e+00]
  RHS range        [1e+00, 1e+04]
Presolve removed 11431 rows and 3657 columns
Presolve time: 0.80s
Presolved: 24206 rows, 14952 columns, 89243 nonzeros
Presolved model has 4746 quadratic constraint(s)
Presolved model has 1806 bilinear constraint(s)
Variable types: 5335 continuous, 9617 integer (9574 binary)

Root relaxation: objective 1.000000e+00, 1972 iterations, 0.27 seconds (0.15 work units)

    Nodes    |    Current Node    |     Objective Bounds      |     Work
 Expl Unexpl |  Obj  Depth IntInf | Incumbent    BestBd   Gap | It/Node Time

     0     0    1.00000    0   50          -    1.00000      -     -    2s
     0     0    2.00000    0  206          -    2.00000      -     -   13s
     0     0    2.00000    0  210          -    2.00000      -     -   15s
     0     0    2.00000    0  248          -    2.00000      -     -   16s
     0     0    2.00000    0  244          -    2.00000      -     -   17s
     0     0    2.00000    0   40          -    2.00000      -     -   19s
     0     0    2.00000    0   67          -    2.00000      -     -   20s
     0     0    2.00000    0   39          -    2.00000      -     -   22s
     0     0    2.00000    0   74          -    2.00000      -     -   23s
     0     0    2.00000    0   24          -    2.00000      -     -   24s
     0     0    2.00000    0  128          -    2.00000      -     -   25s
     0     0    2.00000    0   46          -    2.00000      -     -   28s
     0     0    2.00000    0   83          -    2.00000      -     -   29s
     0     0    2.00000    0   44          -    2.00000      -     -   32s
     0     0    2.00000    0   53          -    2.00000      -     -   35s
     0     0    2.00000    0   34          -    2.00000      -     -   36s
     0     0    2.00000    0   41          -    2.00000      -     -   38s
     0     0    2.00000    0   50          -    2.00000      -     -   46s
     0     0    2.00000    0   61          -    2.00000      -     -   53s
     0     0    2.00000    0   55          -    2.00000      -     -   56s
     0     0    2.00000    0   51          -    2.00000      -     -   61s
     0     0    2.00000    0   53          -    2.00000      -     -   66s
     0     0    2.00000    0   28          -    2.00000      -     -   68s
     0     0    2.00000    0   21          -    2.00000      -     -   70s
     0     0    2.00000    0   21          -    2.00000      -     -   70s
     0     0    2.00000    0   29          -    2.00000      -     -   70s
     0     0    2.00000    0   21          -    2.00000      -     -   71s
     0     0    2.00000    0   22          -    2.00000      -     -   71s
     0     0    2.00000    0   22          -    2.00000      -     -   72s
     0     0    2.00000    0   22          -    2.00000      -     -   73s
H    0     0                       2.0000000    2.00000  0.00%     -   74s
     0     0    2.00000    0   22    2.00000    2.00000  0.00%     -   74s

Cutting planes:
  Learned: 1
  Implied bound: 3
  Clique: 16
  MIR: 6
  Flow cover: 2
  RLT: 1
  Relax-and-lift: 2

Explored 1 nodes (85950 simplex iterations) in 74.12 seconds (10.07 work units)
Thread count was 24 (of 24 available processors)

Solution count 1: 2 

Optimal solution found (tolerance 1.00e-04)
Best objective 2.000000000000e+00, best bound 2.000000000000e+00, gap 0.0000%
