
Gurobi 10.0.1 (linux64) logging started Fri Jul 28 10:12:09 2023

Set parameter LogFile to value "Reales_ph_0.7.log"
Gurobi Optimizer version 10.0.1 build v10.0.1rc0 (linux64)

CPU model: AMD Opteron(tm) Processor 6174, instruction set [SSE2]
Thread count: 24 physical cores, 24 logical processors, using up to 24 threads

Optimize a model with 30176 rows, 16845 columns and 93413 nonzeros
Model fingerprint: 0xd29f1fef
Model has 9535 quadratic constraints
Variable types: 5462 continuous, 11383 integer (11340 binary)
Coefficient statistics:
  Matrix range     [4e-03, 1e+04]
  QMatrix range    [1e+00, 1e+00]
  QLMatrix range   [1e+00, 6e+00]
  Objective range  [1e+00, 1e+00]
  Bounds range     [1e+00, 1e+00]
  RHS range        [2e-01, 1e+04]
Presolve removed 11431 rows and 3657 columns
Presolve time: 0.80s
Presolved: 24206 rows, 14952 columns, 89243 nonzeros
Presolved model has 4746 quadratic constraint(s)
Presolved model has 1806 bilinear constraint(s)
Variable types: 5335 continuous, 9617 integer (9574 binary)

Root relaxation: objective 1.000001e+00, 2226 iterations, 0.28 seconds (0.09 work units)

    Nodes    |    Current Node    |     Objective Bounds      |     Work
 Expl Unexpl |  Obj  Depth IntInf | Incumbent    BestBd   Gap | It/Node Time

     0     0    1.00000    0  130          -    1.00000      -     -    1s
     0     0    1.00117    0  252          -    1.00117      -     -    4s
     0     0    2.00000    0  168          -    2.00000      -     -    5s
     0     0    2.00000    0  154          -    2.00000      -     -    6s
     0     0    2.00000    0  151          -    2.00000      -     -    7s
     0     0    2.00000    0  105          -    2.00000      -     -    8s
     0     0    2.00000    0   44          -    2.00000      -     -    9s
     0     0    2.00000    0   69          -    2.00000      -     -    9s
     0     0    2.00000    0   44          -    2.00000      -     -   10s
     0     0    2.00000    0   47          -    2.00000      -     -   11s
     0     0    2.00000    0   62          -    2.00000      -     -   12s
     0     0    2.00000    0   93          -    2.00000      -     -   13s
     0     0    2.00000    0   41          -    2.00000      -     -   13s
     0     0    2.00000    0   53          -    2.00000      -     -   14s
     0     0    2.00000    0   36          -    2.00000      -     -   15s
     0     0    2.00000    0   65          -    2.00000      -     -   15s
     0     0    2.00000    0   44          -    2.00000      -     -   16s
     0     0    2.00000    0   44          -    2.00000      -     -   16s
     0     0    2.00000    0   52          -    2.00000      -     -   17s
     0     0    2.00000    0   44          -    2.00000      -     -   18s
     0     0    2.00000    0   46          -    2.00000      -     -   19s
     0     0    2.00000    0   44          -    2.00000      -     -   20s
     0     0    2.00000    0   44          -    2.00000      -     -   20s
     0     0    2.00000    0   44          -    2.00000      -     -   22s
     0     0    2.00000    0   46          -    2.00000      -     -   24s
     0     0    2.00000    0   44          -    2.00000      -     -   26s
     0     0    2.00000    0   44          -    2.00000      -     -   27s
     0     0    2.00000    0   44          -    2.00000      -     -   28s
     0     0    2.00000    0   41          -    2.00000      -     -   29s
     0     0    2.00000    0   41          -    2.00000      -     -   29s
     0     0    2.00000    0   37          -    2.00000      -     -   31s
     0     0    2.00000    0   44          -    2.00000      -     -   32s
     0     0    2.00000    0   44          -    2.00000      -     -   32s
     0     0    2.00000    0   44          -    2.00000      -     -   33s
     0     0    2.00000    0   44          -    2.00000      -     -   35s
     0     0    2.00000    0   44          -    2.00000      -     -   36s
     0     0    2.00000    0   44          -    2.00000      -     -   37s
     0     0    2.00000    0   44          -    2.00000      -     -   37s
     0     0    2.00000    0   44          -    2.00000      -     -   38s
     0     0    2.00000    0   43          -    2.00000      -     -   39s
     0     0    2.00000    0   44          -    2.00000      -     -   41s
     0     0    2.00000    0   44          -    2.00000      -     -   42s
     0     0    2.00000    0   44          -    2.00000      -     -   43s
     0     0    2.00000    0   46          -    2.00000      -     -   45s
     0     0    2.00000    0   44          -    2.00000      -     -   46s
     0     0    2.00000    0   44          -    2.00000      -     -   47s
     0     0    2.00000    0   39          -    2.00000      -     -   48s
     0     0    2.00000    0   44          -    2.00000      -     -   49s
     0     0    2.00000    0   44          -    2.00000      -     -   50s
     0     0    2.00000    0   44          -    2.00000      -     -   51s
     0     0    2.00000    0   44          -    2.00000      -     -   52s
     0     0    2.00000    0   44          -    2.00000      -     -   53s
     0     0    2.00000    0   44          -    2.00000      -     -   54s
     0     0    2.00000    0   38          -    2.00000      -     -   54s
     0     0    2.00000    0   44          -    2.00000      -     -   55s
     0     0    2.00000    0   43          -    2.00000      -     -   57s
     0     0    2.00000    0   44          -    2.00000      -     -   59s
     0     0    2.00000    0   44          -    2.00000      -     -   60s
     0     0    2.00000    0   44          -    2.00000      -     -   62s
     0     0    2.00000    0   44          -    2.00000      -     -   64s
     0     0    2.00000    0   44          -    2.00000      -     -   65s
     0     0    2.00000    0   48          -    2.00000      -     -   68s
     0     0    2.00000    0   44          -    2.00000      -     -   68s
     0     0    2.00000    0   41          -    2.00000      -     -   70s
     0     0    2.00000    0   46          -    2.00000      -     -   72s
     0     0    2.00000    0   62          -    2.00000      -     -   74s
     0     0    2.00000    0   44          -    2.00000      -     -   75s
     0     0    2.00000    0   44          -    2.00000      -     -   76s
     0     0    2.00000    0   44          -    2.00000      -     -   77s
     0     0    2.00000    0   44          -    2.00000      -     -   78s
     0     0    2.00000    0   44          -    2.00000      -     -   80s
     0     0    2.00000    0   44          -    2.00000      -     -   80s
     0     0    2.00000    0   50          -    2.00000      -     -   81s
     0     0    2.00000    0   46          -    2.00000      -     -   84s
     0     0    2.00000    0   44          -    2.00000      -     -   86s
     0     0    2.00000    0   48          -    2.00000      -     -   88s
     0     0    2.00000    0   54          -    2.00000      -     -   91s
     0     0    2.00000    0   44          -    2.00000      -     -   92s
     0     0    2.00000    0   44          -    2.00000      -     -   92s
     0     0    2.00000    0   44          -    2.00000      -     -   93s
     0     0    2.00000    0   44          -    2.00000      -     -   93s
     0     0    2.00000    0   37          -    2.00000      -     -   94s
     0     0    2.00000    0   44          -    2.00000      -     -   96s
     0     0    2.00000    0   44          -    2.00000      -     -   97s
     0     0    2.00000    0   46          -    2.00000      -     -   99s
     0     0    2.00000    0   55          -    2.00000      -     -  102s
     0     0    2.00000    0   59          -    2.00000      -     -  104s
     0     0    2.00000    0   41          -    2.00000      -     -  104s
     0     0    2.00000    0   44          -    2.00000      -     -  105s
     0     0    2.00000    0   44          -    2.00000      -     -  105s
     0     0    2.00000    0   43          -    2.00000      -     -  106s
     0     0    2.00000    0   41          -    2.00000      -     -  107s
     0     0    2.00000    0   44          -    2.00000      -     -  108s
     0     0    2.00000    0   44          -    2.00000      -     -  108s
     0     0    2.00000    0   44          -    2.00000      -     -  110s
     0     0    2.00000    0   44          -    2.00000      -     -  110s
     0     0    2.00000    0   44          -    2.00000      -     -  111s
     0     0    2.00000    0   50          -    2.00000      -     -  115s
     0     0    2.00000    0   44          -    2.00000      -     -  116s
     0     0    2.00000    0   44          -    2.00000      -     -  117s
     0     0    2.00000    0   50          -    2.00000      -     -  118s
     0     0    2.00000    0   50          -    2.00000      -     -  120s
     0     0    2.00000    0   50          -    2.00000      -     -  122s
     0     0    2.00000    0   59          -    2.00000      -     -  123s
     0     0    2.00000    0   40          -    2.00000      -     -  124s
     0     0    2.00000    0   38          -    2.00000      -     -  125s
     0     0    2.00000    0   44          -    2.00000      -     -  126s
     0     0    2.00000    0   46          -    2.00000      -     -  129s
     0     0    2.00000    0   50          -    2.00000      -     -  132s
     0     2    3.00000    0   50          -    3.00000      -     -  135s
    15    32    3.00000    4  130          -    3.00000      -   625  140s
    79   104    3.00000    7   92          -    3.00000      -   849  145s
   154   194    3.00000   10   48          -    3.00000      -   660  153s
   193   284    3.00000   12   44          -    3.00000      -   969  306s
   290   655    3.00000   13   44          -    3.00000      -   911  422s
   689  1602    3.00000   15   44          -    3.00000      -   559  451s
  2115  2585    3.00000   30   94          -    3.00000      -   361  487s
  4050  2586    3.00000   32    6          -    3.00000      -   284  536s
  4052  2587    3.00000   42    8          -    3.00000      -   284  546s
  4054  2589    3.00000   20   86          -    3.00000      -   284  553s
  4055  2589    3.00000   44   37          -    3.00000      -   284  556s
  4056  2590    3.00000    8  162          -    3.00000      -   283  566s
  4057  2591    3.00000   26   14          -    3.00000      -   283  570s
  4058  2591    3.00000   26  107          -    3.00000      -   283  575s
  4060  2593    3.00000   12   16          -    3.00000      -   283  580s
  4062  2594    3.00000   47   12          -    3.00000      -   283  590s
  4064  2595    5.00000   57   35          -    3.00000      -   283  595s
  4067  2597    3.00000   10    8          -    3.00000      -   283  602s
  4070  2604    3.00000   17  163          -    3.00000      -   292  607s
  4098  2643    3.00000   20  168          -    3.00000      -   293  610s
  4218  2723    3.00000   23  130          -    3.00000      -   293  617s
  4269  2805    3.00000   24  155          -    3.00000      -   302  621s
  4552  3306    3.00000   25   89          -    3.00000      -   306  631s
  4981  3735    3.00000   28  119          -    3.00000      -   305  644s
  5896  3483    3.00000   36  161          -    3.00000      -   303  694s
  6033  3672    3.00000   36  170          -    3.00000      -   301  716s
  6452  4866    3.00000   44   87          -    3.00000      -   299  745s
  9119  4805 infeasible   79               -    3.00000      -   252  779s
 10774  5050    3.00000   46   50          -    3.00000      -   242  803s
 12640  5623    3.00000   63   58          -    3.00000      -   232  824s
 14494  6477    3.00000   50  110          -    3.00000      -   226  845s
 16295  7482    3.00000   66  112          -    3.00000      -   223  867s
 18608  8495 infeasible   67               -    3.00000      -   213  892s
 20823  9557    4.00000   90   71          -    3.00000      -   207  915s
 23103 10605 infeasible   85               -    3.00000      -   201  938s
 25392 11218 infeasible   99               -    3.00000      -   198  960s
 26888 11954 infeasible   86               -    3.00000      -   199  987s
 28368 12731    3.00000   67  105          -    3.00000      -   200 1013s
 29910 13551    3.00000   70   73          -    3.00000      -   201 1041s
 31641 13894 infeasible   67               -    3.00000      -   203 1067s
 32421 14767    3.00000   71   70          -    3.00000      -   204 1100s
 34588 15670    3.00000   73   97          -    3.00000      -   205 1134s
 36798 16776 infeasible   83               -    3.00000      -   205 1170s
 39174 17840    3.00000   69   82          -    3.00000      -   205 1206s
 41560 19111 infeasible   73               -    3.00000      -   207 1245s
 44280 20294    3.00000   60  160          -    3.00000      -   206 1286s
 46815 21680    3.00000   58   72          -    3.00000      -   206 1329s
 48919 21680 infeasible   87               -    3.00000      -   205 1330s
 49899 23655 infeasible   72               -    3.00000      -   204 1377s
 55413 24303 infeasible  107               -    3.00000      -   196 1412s
 57066 25577    5.00000   87   37          -    3.00000      -   196 1455s
 60126 26848    3.00000   71   43          -    3.00000      -   195 1501s
 63209 28363    3.00000   75   74          -    3.00000      -   196 1551s
 66756 29955 infeasible   76               -    3.00000      -   195 1601s
 70430 32286    4.00000   91   53          -    3.00000      -   193 1654s
 76333 33474    3.00000   68   69          -    3.00000      -   186 1696s
 79357 33960    5.00000   92   65          -    3.00000      -   186 1733s
H79785 33958                      26.0000000    3.00000  88.5%   185 1733s
 80490 35740    4.00000   76   69   26.00000    3.00000  88.5%   185 1785s
 84462 37665    3.00000   62  122   26.00000    3.00000  88.5%   182 1834s
H84950 37665                      24.0000000    3.00000  87.5%   181 1834s
H87427 37664                      23.0000000    3.00000  87.0%   179 1835s
 88354 39001    3.00000   88   60   23.00000    3.00000  87.0%   178 1884s
H88708 39001                      21.0000000    3.00000  85.7%   178 1884s
 91890 40569    6.00000  117   36   21.00000    3.00000  85.7%   177 1936s
 95305 42658    5.00000   97   47   21.00000    3.00000  85.7%   176 1987s
 100802 43671    5.00000  114   45   21.00000    3.00000  85.7%   174 2034s
 103747 44815    3.00000   48   68   21.00000    3.00000  85.7%   175 2080s
 107172 45910    3.00000   43  115   21.00000    3.00000  85.7%   176 2126s
H107175 45905                      18.0000000    3.00000  83.3%   176 2126s
H107308 45903                      17.0000000    3.00000  82.4%   176 2126s
H108581 45903                      16.0000000    3.00000  81.3%   176 2126s
 110032 47692    5.00000   71   60   16.00000    3.00000  81.3%   176 2176s
 115197 48719    5.00000   86   77   16.00000    3.00000  81.3%   174 2220s
 118251 49846    6.00000   81   40   16.00000    3.00000  81.3%   175 2265s
 121402 50930    3.00000   55  150   16.00000    3.00000  81.3%   176 2313s
 124749 51854    3.00000   50   55   16.00000    3.00000  81.3%   177 2361s
 128628 52881    3.00000   49   47   16.00000    3.00000  81.3%   178 2412s
 132543 54444 infeasible   55        16.00000    3.00000  81.3%   178 2459s
 137845 55177 infeasible   61        16.00000    3.00000  81.3%   177 2498s
 140963 55882 infeasible   76        16.00000    3.00000  81.3%   178 2540s
 144214 56736    3.00000   58   57   16.00000    3.00000  81.3%   178 2584s
 147759 57592    3.00000   55   71   16.00000    3.00000  81.3%   178 2627s
 151350 58431    3.00000   49   79   16.00000    3.00000  81.3%   178 2670s
 154930 58995    3.00000   53   81   16.00000    3.00000  81.3%   178 2714s
 158020 59788    3.00000   66   67   16.00000    3.00000  81.3%   180 2760s
 161597 60539    3.00000   46  119   16.00000    3.00000  81.3%   181 2805s
 165232 61249    3.00000   59  102   16.00000    3.00000  81.3%   181 2850s
 168885 62031    3.00000   61   56   16.00000    3.00000  81.3%   182 2896s
 172349 62827    3.06429   64  126   16.00000    3.00000  81.3%   183 2945s
 176004 63498 infeasible   54        16.00000    3.00000  81.3%   183 2995s
 180118 64078 infeasible   72        16.00000    3.00000  81.3%   183 3041s
 184071 64846 infeasible   56        16.00000    3.00000  81.3%   183 3087s
 187937 65651    4.00000   83   53   16.00000    3.00000  81.3%   182 3131s
 191550 67064    4.05469   61   77   16.00000    3.00000  81.3%   182 3177s
 196482 67651    3.00000   50   65   16.00000    3.00000  81.3%   182 3222s
 199666 68360 infeasible   78        16.00000    3.00000  81.3%   182 3265s
 202937 69166 infeasible   69        16.00000    3.00000  81.3%   182 3307s
 206193 70051 infeasible   50        16.00000    3.00000  81.3%   183 3351s
 209747 70925    3.00000   46  102   16.00000    3.00000  81.3%   183 3395s
 212934 71816    3.11517   65   85   16.00000    3.00000  81.3%   183 3441s
 216084 72764    8.00000   91   55   16.00000    3.00000  81.3%   183 3488s
 219529 73619    4.00000   72   96   16.00000    3.00000  81.3%   184 3534s
 219908 73619    3.00000   61   88   16.00000    3.00000  81.3%   184 3535s
 222928 74477    3.00000   64   54   16.00000    3.00000  81.3%   184 3581s
 226555 75447 infeasible   60        16.00000    3.00000  81.3%   185 3629s
 229892 77045    3.00000   46  132   16.00000    3.00000  81.3%   185 3679s
 234313 78075 infeasible   73        16.00000    3.00000  81.3%   186 3723s
 237485 79198    3.00000   53   77   16.00000    3.00000  81.3%   186 3770s
 240882 80311 infeasible   70        16.00000    3.00000  81.3%   186 3819s
 244218 81932    3.00000   67   43   16.00000    3.00000  81.3%   186 3869s
 248970 82451    3.00000   65   94   16.00000    3.00000  81.3%   186 3910s
 251615 83349    4.00000   64  112   16.00000    3.00000  81.3%   188 3956s
 254759 84386    3.00000   67   55   16.00000    3.00000  81.3%   188 4006s
 258215 85431    7.00000   90   77   16.00000    3.00000  81.3%   188 4054s
 261094 87227    6.00000   86   46   16.00000    3.00000  81.3%   189 4109s
 264073 87227 infeasible   52        16.00000    3.00000  81.3%   188 4110s
 266458 88240    3.00000   79   98   16.00000    3.00000  81.3%   188 4156s
 269646 89445    3.00000   56   90   16.00000    3.00000  81.3%   188 4203s
 272897 91202    3.00000   87   61   16.00000    3.00000  81.3%   188 4254s
 277695 92336    3.00000   59  203   16.00000    3.00000  81.3%   188 4299s
 280677 93332    7.00968  108   93   16.00000    3.00000  81.3%   188 4344s
 283556 94612    4.00000   68   53   16.00000    3.00000  81.3%   188 4393s
 286910 96436    3.74732   70   93   16.00000    3.00000  81.3%   188 4445s
 291979 97325 infeasible   81        16.00000    3.00000  81.3%   187 4487s
 294803 98349    5.00000   85   64   16.00000    3.00000  81.3%   188 4535s
 297920 99823    4.00000   72   95   16.00000    3.00000  81.3%   188 4582s
 302125 100817    3.00000   57  163   16.00000    3.00000  81.3%   188 4629s
 305184 101776 infeasible   76        16.00000    3.00000  81.3%   188 4677s
 308353 103445 infeasible   68        16.00000    3.00000  81.3%   188 4730s
 313143 104387    3.00000   61  124   16.00000    3.00000  81.3%   187 4774s
 316103 105448    3.00000   81   43   16.00000    3.00000  81.3%   187 4823s
 319231 107248    4.00000   80  113   16.00000    3.00000  81.3%   187 4875s
 324299 108340 infeasible   90        16.00000    3.00000  81.3%   187 4920s
 327436 109275    6.00000   74  101   16.00000    3.00000  81.3%   186 4963s
 330447 110057    5.00000   82   99   16.00000    3.00000  81.3%   187 5009s
 333200 111903    3.00000   64   87   16.00000    3.00000  81.3%   187 5060s
 338458 112815    3.01828   70  121   16.00000    3.00000  81.3%   186 5106s
 341380 113926    5.00000   80   66   16.00000    3.00000  81.3%   186 5151s
 344723 115450    3.00000   63  108   16.00000    3.00000  81.3%   186 5200s
 349197 116382 infeasible   67        16.00000    3.00000  81.3%   186 5244s
 352104 117347    5.19154   91   92   16.00000    3.00000  81.3%   186 5289s
 354958 119371    3.00000   70   69   16.00000    3.00000  81.3%   186 5343s
 359999 120239    6.00000   89   66   16.00000    3.00000  81.3%   186 5388s
 363166 121319    3.00000   63  105   16.00000    3.00000  81.3%   186 5433s
 366133 122526    3.00000   64   64   16.00000    3.00000  81.3%   186 5483s
 369659 124105    3.00000   54   72   16.00000    3.00000  81.3%   186 5533s
 374412 125194 infeasible   88        16.00000    3.00000  81.3%   185 5579s
 377845 126348    3.00000   49  104   16.00000    3.00000  81.3%   185 5623s
 381430 127418    3.00000   76   45   16.00000    3.00000  81.3%   184 5668s
 384435 129194    4.56204   79  109   16.00000    3.00000  81.3%   184 5718s
 389103 130324    5.00000   75   72   16.00000    3.00000  81.3%   184 5763s
 392047 131288    4.00000   84   97   16.00000    3.00000  81.3%   184 5807s
 395175 132945    5.05524   87  307   16.00000    3.00000  81.3%   184 5856s
 400112 134126    3.00000   65   44   16.00000    3.00000  81.3%   184 5901s
 403677 135312 infeasible  100        16.00000    3.00000  81.3%   183 5943s
 407364 136246 infeasible   69        16.00000    3.00000  81.3%   183 5985s
 410285 137230 infeasible   72        16.00000    3.00000  81.3%   183 6029s
 411713 137230    4.04769   79  129   16.00000    3.00000  81.3%   183 6030s
 413475 138721    3.00000   81   97   16.00000    3.00000  81.3%   183 6079s
 417995 139596 infeasible   91        16.00000    3.00000  81.3%   183 6123s
 421198 140572 infeasible   72        16.00000    3.00000  81.3%   183 6168s
 424054 141755    3.00000   61  161   16.00000    3.00000  81.3%   183 6216s
 427553 143666 infeasible   58        16.00000    3.00000  81.3%   183 6269s
H429450 143653                      14.0000000    3.00000  78.6%   183 6269s
 432520 145106 infeasible   89        14.00000    3.00000  78.6%   183 6312s
 437797 148088    3.00000   74  103   14.00000    3.00000  78.6%   182 6352s
 447019 148982    3.02273   74   60   14.00000    3.00000  78.6%   181 6379s
 449747 150117    3.00000   78   54   14.00000    3.00000  78.6%   181 6407s
 453194 152139 infeasible   76        14.00000    3.00000  78.6%   181 6437s
 459468 152772 infeasible   79        14.00000    3.00000  78.6%   181 6461s
 461708 154954    3.00000   64   50   14.00000    3.00000  78.6%   181 6489s
 465102 154954    7.00000  100   64   14.00000    3.00000  78.6%   181 6490s
 467659 155750    4.00000   72   55   14.00000    3.00000  78.6%   180 6512s
 470623 157399    3.00000   68   43   14.00000    3.00000  78.6%   180 6537s
 475987 158067 infeasible   69        14.00000    3.00000  78.6%   180 6557s
 478067 159746    6.00000   62   91   14.00000    3.00000  78.6%   180 6583s
 482621 160423 infeasible   75        14.00000    3.00000  78.6%   180 6604s
 484754 162694    3.00000   71   44   14.00000    3.00000  78.6%   180 6631s
 490537 163371    3.00000   43   66   14.00000    3.00000  78.6%   179 6651s
 492555 164920 infeasible   67        14.00000    3.00000  78.6%   179 6673s
 496786 165831    4.00000   62  133   14.00000    3.00000  78.6%   179 6696s
 499118 167753    5.00000   61   88   14.00000    3.00000  78.6%   179 6721s
 504277 168543    4.02688   60  167   14.00000    3.00000  78.6%   179 6746s
 506285 170511    3.00000   59   49   14.00000    3.00000  78.6%   179 6771s
 511362 171421    3.00000   36  145   14.00000    3.00000  78.6%   179 6793s
 513266 173429    6.00000   86   39   14.00000    3.00000  78.6%   179 6819s
 518380 174352    6.39048   78  112   14.00000    3.00000  78.6%   179 6839s
 520143 176143    3.23855   74   63   14.00000    3.00000  78.6%   179 6862s
 523754 177412    3.00000   57   91   14.00000    3.00000  78.6%   180 6883s
 526536 178422 infeasible   63        14.00000    3.00000  78.6%   181 6905s
 528329 180907    4.00000   66  115   14.00000    3.00000  78.6%   181 6933s
 532982 181918    3.00000   57  130   14.00000    3.00000  78.6%   182 6957s
 535241 184696    3.00000   58  106   14.00000    3.00000  78.6%   182 6986s
 540538 186154    4.00000   57  116   14.00000    3.00000  78.6%   182 7013s
 542914 188572    3.00000   69  101   14.00000    3.00000  78.6%   182 7041s
 548102 189682    4.21195   68  146   14.00000    3.00000  78.6%   182 7065s
 550442 192318    5.00000   82   91   14.00000    3.00000  78.6%   183 7091s
 555556 193322    3.00000   59   57   14.00000    3.00000  78.6%   183 7114s
 557815 195348 infeasible   84        14.00000    3.00000  78.6%   183 7138s
 562346 196379 infeasible   76        14.00000    3.00000  78.6%   183 7161s
 564623 198440    3.00000   56   69   14.00000    3.00000  78.6%   183 7188s
 569412 199642 infeasible   93        14.00000    3.00000  78.6%   184 7212s
 571718 201758    3.00000   62  102   14.00000    3.00000  78.6%   184 7239s
 576329 202675    6.00000   77   56   14.00000    3.00000  78.6%   184 7263s
 578268 204585    3.29653   57   81   14.00000    3.00000  78.6%   185 7288s
 582941 205624 infeasible   71        14.00000    3.00000  78.6%   185 7312s
 584976 208022    3.00000   53  194   14.00000    3.00000  78.6%   185 7339s
 589514 209009 infeasible   81        14.00000    3.00000  78.6%   185 7366s
 591760 211470    3.00013   76   95   14.00000    3.00000  78.6%   186 7394s
 597566 212328    4.00000   86   58   14.00000    3.00000  78.6%   186 7422s
 599566 213404    8.00000   93   54   14.00000    3.00000  78.6%   186 7449s
 602280 215592    3.00153   67  163   14.00000    3.00000  78.6%   186 7479s
 607106 216802 infeasible   71        14.00000    3.00000  78.6%   187 7510s
 609601 219489    3.00000   71  111   14.00000    3.00000  78.6%   187 7541s
 615117 220390 infeasible   78        14.00000    3.00000  78.6%   187 7564s
 617142 223235    3.00000   63  118   14.00000    3.00000  78.6%   188 7595s
 622751 224359    3.00000   70   97   14.00000    3.00000  78.6%   188 7622s
 625231 226266    4.00000   85   40   14.00000    3.00000  78.6%   188 7651s
 629152 228698    3.00000   74   46   14.00000    3.00000  78.6%   188 7685s
 634775 229619 infeasible   80        14.00000    3.00000  78.6%   188 7710s
 637362 230946    7.00000  109   39   14.00000    3.00000  78.6%   188 7737s
 640384 232804    3.00000   69   58   14.00000    3.00000  78.6%   188 7767s
 645156 233803 infeasible  117        14.00000    3.00000  78.6%   188 7792s
 647517 235567 infeasible  102        14.00000    3.00000  78.6%   188 7821s
 650847 237944    4.00000   84   39   14.00000    3.00000  78.6%   188 7851s
 656667 239242 infeasible   67        14.00000    3.00000  78.6%   188 7875s
 659504 241156 infeasible   73        14.00000    3.00000  78.6%   188 7903s
 664629 241874 infeasible   74        14.00000    3.00000  78.6%   187 7923s
 666364 242923    4.00000   74   96   14.00000    3.00000  78.6%   188 7948s
 669330 245094    3.00000   68   50   14.00000    3.00000  78.6%   188 7975s
 674032 245908 infeasible   67        14.00000    3.00000  78.6%   188 7997s
 675748 247836    3.00434   67  143   14.00000    3.00000  78.6%   188 8025s
 680873 248714    3.00004   71  126   14.00000    3.00000  78.6%   188 8049s
 683073 249711    3.00000   72  104   14.00000    3.00000  78.6%   188 8076s
 685451 252025 infeasible   86        14.00000    3.00000  78.6%   188 8108s
 691158 252780    3.00000   63  148   14.00000    3.00000  78.6%   188 8131s
 693204 255162    3.07878   68  150   14.00000    3.00000  78.6%   189 8163s
 698781 256193 infeasible   68        14.00000    3.00000  78.6%   189 8188s
 701381 256976    4.25984   77   96   14.00000    3.00000  78.6%   189 8212s
 703476 258801    4.00000   82   56   14.00000    3.00000  78.6%   189 8249s
 708289 259720    4.00000   80   66   14.00000    3.00000  78.6%   189 8277s
 710779 261533    3.00000   75   42   14.00000    3.00000  78.6%   189 8308s
 716344 262477    3.64947   69  161   14.00000    3.00000  78.6%   189 8333s
 718673 263473    8.00000  115   51   14.00000    3.00000  78.6%   189 8359s
 721507 265658    3.00000   73   54   14.00000    3.00000  78.6%   189 8390s
 727078 266658 infeasible   83        14.00000    3.00000  78.6%   189 8418s
 729805 267705    3.00023   84   58   14.00000    3.00000  78.6%   189 8445s
 732364 269791    4.00000   86   63   14.00000    3.00000  78.6%   189 8475s
 738310 270550 infeasible   79        14.00000    3.00000  78.6%   189 8499s
 740482 272383 infeasible   76        14.00000    3.00000  78.6%   189 8532s
 745413 272826 infeasible   78        14.00000    3.00000  78.6%   189 8553s
 747157 273661    5.00000   89   50   14.00000    3.00000  78.6%   190 8581s
 749592 275799    4.23576   76  190   14.00000    3.00000  78.6%   190 8612s
 755042 276695    3.00000   74   43   14.00000    3.00000  78.6%   190 8637s
 757471 277656    5.00000   96   44   14.00000    3.00000  78.6%   190 8665s
 759989 279728    4.00033   86  104   14.00000    3.00000  78.6%   190 8702s
 766626 280438    5.00000   96   40   14.00000    3.00000  78.6%   190 8726s
 768688 281592    4.00000   70   54   14.00000    3.00000  78.6%   190 8753s
 771552 283309    3.00000   70   44   14.00000    3.00000  78.6%   190 8783s
 777217 283960    3.00000   78   85   14.00000    3.00000  78.6%   190 8808s
 779698 284692 infeasible   85        14.00000    3.00000  78.6%   190 8833s
 782270 286574    3.00000   73   80   14.00000    3.00000  78.6%   190 8865s
 787682 287379    3.00000   82   73   14.00000    3.00000  78.6%   190 8889s
 788747 287379    5.31269   90  118   14.00000    3.00000  78.6%   190 8890s
 789997 288191    3.03000   70  135   14.00000    3.00000  78.6%   190 8917s
 792696 290204    3.21467   85  127   14.00000    3.00000  78.6%   190 8948s
 798579 290940 infeasible   70        14.00000    3.00000  78.6%   190 8975s
 801120 291671 infeasible   70        14.00000    3.00000  78.6%   190 9002s
 803541 294006    5.90573   94  113   14.00000    3.00000  78.6%   191 9036s
 810444 294655    3.00000   69   81   14.00000    3.00000  78.6%   190 9059s
 812689 295325    3.00000   77   41   14.00000    3.00000  78.6%   190 9084s
 815102 297010    5.00000   89   55   14.00000    3.00000  78.6%   190 9111s
 820273 297745 infeasible   84        14.00000    3.00000  78.6%   190 9137s
 822532 298538 infeasible   64        14.00000    3.00000  78.6%   190 9162s
 824877 300622    3.00000   74   66   14.00000    3.00000  78.6%   191 9193s
 830805 301322    3.00000   72   58   14.00000    3.00000  78.6%   191 9218s
 833212 302309 infeasible   68        14.00000    3.00000  78.6%   191 9246s
 835927 304675    3.00000   75   59   14.00000    3.00000  78.6%   191 9277s
 842422 305420 infeasible   78        14.00000    3.00000  78.6%   190 9304s
 844673 305420    3.04339   81  111   14.00000    3.00000  78.6%   190 9305s
 845051 306708    4.00000   82   39   14.00000    3.00000  78.6%   190 9331s
 848660 308375    3.00000   65   52   14.00000    3.00000  78.6%   190 9361s
 854296 309188 infeasible   70        14.00000    3.00000  78.6%   190 9385s
 856724 311115    3.01464   73  123   14.00000    3.00000  78.6%   190 9415s
 862359 311886    3.00000   62   66   14.00000    3.00000  78.6%   190 9437s
 864842 312630 infeasible   90        14.00000    3.00000  78.6%   190 9460s
 867280 314644    4.00000   77   97   14.00000    3.00000  78.6%   190 9488s
 872923 315489 infeasible   79        14.00000    3.00000  78.6%   190 9511s
 875248 317620    7.00000  121   77   14.00000    3.00000  78.6%   190 9536s
 880638 318625 infeasible   95        14.00000    3.00000  78.6%   189 9561s
 882907 320721    3.00000   60   86   14.00000    3.00000  78.6%   189 9588s
 888350 321650    3.00000   72   43   14.00000    3.00000  78.6%   189 9612s
 890451 323921    3.00000   74   43   14.00000    3.00000  78.6%   189 9640s
 896105 324662 infeasible   56        14.00000    3.00000  78.6%   189 9665s
 898257 326668    3.00000   50  198   14.00000    3.00000  78.6%   189 9690s
 903249 327209    4.00000   74   49   14.00000    3.00000  78.6%   189 9712s
 905371 329077    3.00000   53   71   14.00000    3.00000  78.6%   189 9736s
 910089 329879 infeasible   58        14.00000    3.00000  78.6%   189 9757s
 912495 332372    3.00000   55  142   14.00000    3.00000  78.6%   188 9785s
 918242 332923 infeasible   53        14.00000    3.00000  78.6%   188 9804s
 920021 334781 infeasible   42        14.00000    3.00000  78.6%   188 9832s
 924961 335533    3.00000   46  116   14.00000    3.00000  78.6%   188 9853s
 926843 337273 infeasible   54        14.00000    3.00000  78.6%   188 9891s
 931507 338221 infeasible   67        14.00000    3.00000  78.6%   188 9915s
 933756 340397 infeasible   72        14.00000    3.00000  78.6%   188 9943s
 939111 341245    3.00000   51  109   14.00000    3.00000  78.6%   188 9964s
 939515 341245 infeasible   67        14.00000    3.00000  78.6%   188 9965s
 941161 343404    4.00000   76   65   14.00000    3.00000  78.6%   188 9991s
 946092 343972    4.01654   91  105   14.00000    3.00000  78.6%   188 10011s
 947851 345952 infeasible   71        14.00000    3.00000  78.6%   188 10039s
 953083 346736    3.00000   42   72   14.00000    3.00000  78.6%   188 10062s
 955062 348748    4.41238   57  135   14.00000    3.00000  78.6%   188 10088s
 959932 349520    7.82556  107  116   14.00000    3.00000  78.6%   188 10109s
 961918 351656    3.00000   57   58   14.00000    3.00000  78.6%   188 10137s
 966650 352406    3.00000   65   38   14.00000    3.00000  78.6%   188 10160s
 968274 354912    3.00000   40   99   14.00000    3.00000  78.6%   188 10190s
 973328 355582    6.01385  104  119   14.00000    3.00000  78.6%   188 10216s
 975209 357358    3.00000   52  145   14.00000    3.00000  78.6%   188 10243s
 979982 358119    3.00000   56   88   14.00000    3.00000  78.6%   188 10266s
 982192 360568    3.00000   58   64   14.00000    3.00000  78.6%   188 10310s
 988267 361603    5.00000   63   98   14.00000    3.00000  78.6%   188 10336s
 990839 363742 infeasible   59        14.00000    3.00000  78.6%   188 10381s
 996495 364378    3.01994   55  201   14.00000    3.00000  78.6%   187 10405s
 998486 365169    3.00000   69   47   14.00000    3.00000  78.6%   187 10431s
 1000692 367502    3.02548   68  126   14.00000    3.00000  78.6%   187 10459s
 1005879 368156 infeasible   65        14.00000    3.00000  78.6%   187 10482s
 1007903 369113    7.00000   99   83   14.00000    3.00000  78.6%   187 10511s
 1010797 371782    4.00000   79   41   14.00000    3.00000  78.6%   187 10543s
 1017384 372598    3.00000   51   59   14.00000    3.00000  78.6%   187 10568s
 1019834 374649    3.00000   78   55   14.00000    3.00000  78.6%   187 10598s
 1024905 375500    3.00000   71   55   14.00000    3.00000  78.6%   187 10621s
 1027235 377597    4.00000   67   70   14.00000    3.00000  78.6%   187 10650s
 1033015 378326 infeasible   70        14.00000    3.00000  78.6%   187 10672s
 1035242 379234    3.00000   66   66   14.00000    3.00000  78.6%   187 10696s
 1037692 381109    3.00000   59  111   14.00000    3.00000  78.6%   187 10723s
 1042741 381853    3.00000   39  151   14.00000    3.00000  78.6%   186 10746s
 1044949 384583    3.00000   63   79   14.00000    3.00000  78.6%   186 10775s
 1051085 385293    4.00000   73  100   14.00000    3.00000  78.6%   186 10797s
 1053176 387266    3.00000   72   41   14.00000    3.00000  78.6%   186 10822s
 1058665 388097    4.00000   67  100   14.00000    3.00000  78.6%   186 10847s
 1060711 390027    3.00000   70  156   14.00000    3.00000  78.6%   186 10875s
 1066214 390818 infeasible   63        14.00000    3.00000  78.6%   185 10895s
 1068424 393141    4.00000   88  103   14.00000    3.00000  78.6%   185 10921s
 1073683 393891    4.00000   83   44   14.00000    3.00000  78.6%   185 10943s
 1075754 395836    3.00000   78   66   14.00000    3.00000  78.6%   185 10969s
 1080706 396755    6.00000  104   74   14.00000    3.00000  78.6%   185 11002s
 1082859 399012    3.00000   89   40   14.00000    3.00000  78.6%   185 11027s
 1088492 399781 infeasible   80        14.00000    3.00000  78.6%   185 11047s
 1090728 401808 infeasible   83        14.00000    3.00000  78.6%   185 11076s
 1096271 402665 infeasible   63        14.00000    3.00000  78.6%   184 11097s
 1098607 404964    3.00000   53   83   14.00000    3.00000  78.6%   184 11126s
 1104610 405541    3.00000   41   81   14.00000    3.00000  78.6%   184 11144s
 1107009 406291    3.00000   61  132   14.00000    3.00000  78.6%   184 11164s
 1109345 406997 infeasible   70        14.00000    3.00000  78.6%   183 11185s
 1111772 408900    3.00000   59  110   14.00000    3.00000  78.6%   183 11212s
 1116950 409569 infeasible   53        14.00000    3.00000  78.6%   183 11232s
 1119181 411312    3.00000   54   99   14.00000    3.00000  78.6%   183 11255s
 1124570 411807    8.00000  124   74   14.00000    3.00000  78.6%   183 11275s
 1126529 412383 infeasible   64        14.00000    3.00000  78.6%   183 11295s
 1128821 414044    3.68080   68   63   14.00000    3.00000  78.6%   183 11321s
 1133909 414723    3.00000   69   66   14.00000    3.00000  78.6%   182 11342s
 1136207 415518 infeasible   58        14.00000    3.00000  78.6%   182 11366s
 1138602 417458    6.00000   76   95   14.00000    3.00000  78.6%   182 11391s
 1144839 418057    4.00000   78   41   14.00000    3.00000  78.6%   182 11414s
 1145427 418057    3.00000   71   43   14.00000    3.00000  78.6%   182 11415s
 1147193 418964    3.67114   74  148   14.00000    3.00000  78.6%   182 11439s
 1150022 419909    3.11192   68  123   14.00000    3.00000  78.6%   182 11464s
 1153038 422069    3.00000   63   45   14.00000    3.00000  78.6%   182 11493s
 1159993 422771 infeasible   85        14.00000    3.00000  78.6%   181 11517s
 1162435 423359 infeasible   77        14.00000    3.00000  78.6%   181 11538s
 1164714 425667    3.00000   69   49   14.00000    3.00000  78.6%   181 11565s
 1170852 426679    3.00000   64   51   14.00000    3.00000  78.6%   181 11588s
 1173034 427635    4.00000   77   77   14.00000    3.00000  78.6%   181 11611s
 1176036 429903    3.00000   65   51   14.00000    3.00000  78.6%   181 11639s
 1176652 429903    5.22628   74  168   14.00000    3.00000  78.6%   181 11640s
 1182580 430686    3.00000   67   54   14.00000    3.00000  78.6%   180 11660s
 1185058 431576 infeasible   51        14.00000    3.00000  78.6%   180 11681s
 1187725 433301    3.00000   63   57   14.00000    3.00000  78.6%   180 11705s
 1193109 434238 infeasible   70        14.00000    3.00000  78.6%   180 11727s
 1195681 436172    3.00000   57   50   14.00000    3.00000  78.6%   180 11752s
 1201311 436970   10.00000  135   38   14.00000    3.00000  78.6%   180 11773s
 1203531 437787 infeasible   70        14.00000    3.00000  78.6%   180 11796s
 1206357 439622 infeasible   73        14.00000    3.00000  78.6%   179 11822s
 1211890 440191 infeasible   93        14.00000    3.00000  78.6%   179 11841s
 1214226 441734    3.00000   56   75   14.00000    3.00000  78.6%   179 11864s
 1215283 441734 infeasible   71        14.00000    3.00000  78.6%   179 11865s
 1219694 442188    3.00000   70   70   14.00000    3.00000  78.6%   179 11883s
 1222046 442762 infeasible   68        14.00000    3.00000  78.6%   179 11902s
 1224676 444262    3.00000   74  159   14.00000    3.00000  78.6%   179 11926s
 1229726 444783 infeasible   66        14.00000    3.00000  78.6%   178 11946s
 1232163 445273 infeasible   74        14.00000    3.00000  78.6%   178 11966s
 1234522 446053    3.00000   53  136   14.00000    3.00000  78.6%   178 11991s
 1237187 446836    3.00000   68   42   14.00000    3.00000  78.6%   178 12017s
 1240247 448753    3.00000   76  175   14.00000    3.00000  78.6%   178 12047s
 1246127 449559 infeasible   84        14.00000    3.00000  78.6%   178 12072s
 1249167 450477    3.03713   59   92   14.00000    3.00000  78.6%   178 12099s
 1252324 452153    3.00000   64   51   14.00000    3.00000  78.6%   178 12124s
 1253163 452153    3.00000   64   54   14.00000    3.00000  78.6%   178 12125s
 1258197 452670    3.00000   68   67   14.00000    3.00000  78.6%   177 12145s
 1260742 453135    3.00000   66   54   14.00000    3.00000  78.6%   177 12168s
 1263273 454260    3.09175   69  169   14.00000    3.00000  78.6%   177 12195s
 1267914 454810    3.00000   62   50   14.00000    3.00000  78.6%   177 12217s
 1270594 455314    3.00000   70   47   14.00000    3.00000  78.6%   177 12241s
 1273439 456772    3.00000   51  104   14.00000    3.00000  78.6%   177 12269s
 1274685 456772    3.00000   58   57   14.00000    3.00000  78.6%   177 12270s
 1278906 457359 infeasible   72        14.00000    3.00000  78.6%   177 12292s
 1281506 458169    3.00000   67   55   14.00000    3.00000  78.6%   177 12317s
 1284298 458790 infeasible   70        14.00000    3.00000  78.6%   177 12345s
 1287396 460301    3.03030   67   78   14.00000    3.00000  78.6%   177 12375s
 1293095 460875 infeasible   66        14.00000    3.00000  78.6%   177 12400s
 1296021 461777 infeasible   67        14.00000    3.00000  78.6%   177 12427s
 1299577 463712 infeasible   72        14.00000    3.00000  78.6%   176 12454s
 1300249 463712 infeasible   58        14.00000    3.00000  78.6%   176 12455s
 1306158 464128    3.00000   73  224   14.00000    3.00000  78.6%   176 12476s
 1308656 464784 infeasible   48        14.00000    3.00000  78.6%   176 12501s
 1311715 465506    3.00000   52   62   14.00000    3.00000  78.6%   176 12525s
 1314766 467019    3.00000   58   69   14.00000    3.00000  78.6%   176 12550s
 1320355 467601 infeasible   67        14.00000    3.00000  78.6%   176 12572s
 1323000 468123    3.00000   57   61   14.00000    3.00000  78.6%   176 12594s
 1325403 469769    5.00000   79   63   14.00000    3.00000  78.6%   176 12621s
 1331314 470184 infeasible   81        14.00000    3.00000  78.6%   176 12646s
 1333869 470770    3.00000   61   67   14.00000    3.00000  78.6%   176 12672s
 1336602 472240    3.00000   74   96   14.00000    3.00000  78.6%   176 12700s
 1342477 472812 infeasible   66        14.00000    3.00000  78.6%   175 12723s
 1345256 474167    3.00000   61   56   14.00000    3.00000  78.6%   175 12750s
 1350801 474554    3.00000   64   48   14.00000    3.00000  78.6%   175 12771s
 1352995 475311 infeasible   68        14.00000    3.00000  78.6%   175 12796s
 1355932 476722    3.00000   58   80   14.00000    3.00000  78.6%   175 12820s
 1360719 477159 infeasible   94        14.00000    3.00000  78.6%   175 12842s
 1362769 477817    3.00000   47  137   14.00000    3.00000  78.6%   175 12866s
 1365324 479158    3.51241   66  144   14.00000    3.00000  78.6%   175 12891s
 1369738 479767    3.00000   59   88   14.00000    3.00000  78.6%   175 12918s
 1372063 481495    3.73111   56  258   14.00000    3.00000  78.6%   175 12949s
 1377236 482230    3.00000   56  111   14.00000    3.00000  78.6%   175 12972s
 1379229 484145    3.03526   54  182   14.00000    3.00000  78.6%   175 13000s
 1383651 485148 infeasible   70        14.00000    3.00000  78.6%   176 13024s
 1386008 487090    3.00000   57   84   14.00000    3.00000  78.6%   176 13053s
 1390732 487717    3.00000   42  114   14.00000    3.00000  78.6%   176 13075s
 1392553 489808    7.00000   84  113   14.00000    3.00000  78.6%   176 13102s
 1397401 490546    3.00000   46   97   14.00000    3.00000  78.6%   176 13129s
 1399153 492453    3.00000   49  139   14.00000    3.00000  78.6%   176 13160s
 1404005 493244    3.00000   56   83   14.00000    3.00000  78.6%   176 13186s
 1406188 495186    3.63197   58  171   14.00000    3.00000  78.6%   176 13217s
 1411246 495921    3.00000   46  231   14.00000    3.00000  78.6%   177 13242s
 1413333 497732    3.94230   60  168   14.00000    3.00000  78.6%   177 13272s
 1418957 498401    3.00000   46  120   14.00000    3.00000  78.6%   177 13297s
 1421090 500318 infeasible   64        14.00000    3.00000  78.6%   177 13325s
 1426553 500842    3.00000   68   49   14.00000    3.00000  78.6%   177 13348s
 1428450 502630 infeasible   64        14.00000    3.00000  78.6%   177 13377s
 1433705 503143 infeasible   74        14.00000    3.00000  78.6%   177 13402s
 1435429 504926    3.00000   63   51   14.00000    3.00000  78.6%   177 13432s
 1440974 505479 infeasible   62        14.00000    3.00000  78.6%   177 13458s
 1442984 507715    3.00000   57  136   14.00000    3.00000  78.6%   177 13490s
 1449082 508181 infeasible   77        14.00000    3.00000  78.6%   177 13511s
 1450794 509104    3.00000   52  120   14.00000    3.00000  78.6%   177 13537s
 1453898 510821 infeasible   52        14.00000    3.00000  78.6%   177 13567s
 1459458 511324 infeasible   72        14.00000    3.00000  78.6%   177 13588s
 1461375 512063    3.00000   51  102   14.00000    3.00000  78.6%   177 13612s
 1463640 513771    3.00000   52   64   14.00000    3.00000  78.6%   177 13641s
 1469121 514209 infeasible   70        14.00000    3.00000  78.6%   177 13665s
 1471275 515772 infeasible   64        14.00000    3.00000  78.6%   177 13693s
 1476126 516179 infeasible   63        14.00000    3.00000  78.6%   177 13715s
 1477792 517058    3.00000   50   60   14.00000    3.00000  78.6%   178 13741s
 1480537 518867    3.00000   47   54   14.00000    3.00000  78.6%   178 13773s
 1485903 519538 infeasible   55        14.00000    3.00000  78.6%   178 13797s
 1487949 520846    3.00000   71  142   14.00000    3.00000  78.6%   178 13824s
 1492414 521321    3.00000   50   85   14.00000    3.00000  78.6%   178 13851s
 1494080 521873    3.00000   46  110   14.00000    3.00000  78.6%   178 13877s
 1496019 522606    3.09222   63  248   14.00000    3.00000  78.6%   178 13908s
 1498687 524728 infeasible   50        14.00000    3.00000  78.6%   179 13943s
 1504877 525292 infeasible   61        14.00000    3.00000  78.6%   179 13972s
 1507245 526124 infeasible   56        14.00000    3.00000  78.6%   179 14002s
 1509778 528030    4.00000   72   80   14.00000    3.00000  78.6%   179 14035s
 1515707 528756 infeasible   79        14.00000    3.00000  78.6%   179 14064s
 1517755 530147    3.00000   55  102   14.00000    3.00000  78.6%   179 14104s
 1522167 530921    3.00000   60   93   14.00000    3.00000  78.6%   179 14134s
 1524608 531699 infeasible   68        14.00000    3.00000  78.6%   179 14168s
 1527585 533946    3.00000   73   71   14.00000    3.00000  78.6%   180 14207s
 1533798 534510    3.00000   65  235   14.00000    3.00000  78.6%   180 14240s
 1536066 536120 infeasible   63        14.00000    3.00000  78.6%   180 14272s
 1541034 536703    3.00000   71   44   14.00000    3.00000  78.6%   180 14300s
 1543088 537525    4.53841   74   88   14.00000    3.00000  78.6%   180 14333s
 1545894 539533    3.00000   60  119   14.00000    3.00000  78.6%   180 14370s
 1552649 540164    3.00000   62   49   14.00000    3.00000  78.6%   180 14412s
 1554868 540993    3.01518   62  146   14.00000    3.00000  78.6%   180 14443s
 1557887 542867    3.00000   69   56   14.00000    3.00000  78.6%   180 14479s
 1561741 542867    4.18806   72   94   14.00000    3.00000  78.6%   180 14480s
 1564691 543419 infeasible   66        14.00000    3.00000  78.6%   180 14505s
 1566722 545333    6.00000   82   60   14.00000    3.00000  78.6%   180 14536s
 1572761 545854 infeasible   71        14.00000    3.00000  78.6%   180 14560s
 1574941 546340    3.41523   66  105   14.00000    3.00000  78.6%   180 14586s
 1577337 547647    3.00000   72  115   14.00000    3.00000  78.6%   180 14617s
 1582027 548095    3.00000   53   64   14.00000    3.00000  78.6%   180 14643s
 1584436 548711    3.00000   57   43   14.00000    3.00000  78.6%   180 14672s
 1587072 550274    3.00000   55   99   14.00000    3.00000  78.6%   180 14707s
 1593367 550770 infeasible   71        14.00000    3.00000  78.6%   180 14734s
 1595287 552546    3.01299   66   84   14.00000    3.00000  78.6%   180 14766s
 1601303 553031    3.00000   68   52   14.00000    3.00000  78.6%   180 14788s
 1603393 553643 infeasible   65        14.00000    3.00000  78.6%   180 14814s
 1605832 555585    4.00000   85   57   14.00000    3.00000  78.6%   180 14846s
 1612268 555951 infeasible   86        14.00000    3.00000  78.6%   180 14870s
 1614360 557468    3.12022   71  126   14.00000    3.00000  78.6%   180 14900s
 1619786 558153 infeasible  103        14.00000    3.00000  78.6%   180 14928s
 1622239 558935    3.67242   64  154   14.00000    3.00000  78.6%   180 14953s
 1624915 560569    3.00000   72   53   14.00000    3.00000  78.6%   180 14982s
 1630225 561127 infeasible   59        14.00000    3.00000  78.6%   180 15006s
 1632435 562217    3.00000   74   80   14.00000    3.00000  78.6%   180 15033s
 1635575 562899    3.00000   47  146   14.00000    3.00000  78.6%   180 15059s
 1638096 565042 infeasible   70        14.00000    3.00000  78.6%   180 15091s
 1645044 565691 infeasible   91        14.00000    3.00000  78.6%   180 15115s
 1647333 567643    5.00000   83   54   14.00000    3.00000  78.6%   180 15144s
 1653316 568249 infeasible   69        14.00000    3.00000  78.6%   180 15168s
 1655584 568789    4.00000   73   70   14.00000    3.00000  78.6%   180 15192s
 1657648 570436 infeasible   63        14.00000    3.00000  78.6%   180 15221s
 1663471 571060    3.00000   52   63   14.00000    3.00000  78.6%   180 15245s
 1665778 571857    3.00000   48   74   14.00000    3.00000  78.6%   180 15269s
 1668445 573767    3.00000   79   46   14.00000    3.00000  78.6%   180 15297s
 1674254 574341    4.03030   81   60   14.00000    3.00000  78.6%   180 15320s
 1676312 574977    3.00000   52   78   14.00000    3.00000  78.6%   180 15346s
 1678701 576924 infeasible   76        14.00000    3.00000  78.6%   180 15377s
 1685052 577683    4.00000   67   91   14.00000    3.00000  78.6%   179 15403s
 1687804 578329 infeasible   92        14.00000    3.00000  78.6%   179 15428s
 1690426 580169    4.00000   74   68   14.00000    3.00000  78.6%   179 15459s
 1696773 580797 infeasible   66        14.00000    3.00000  78.6%   179 15483s
 1699385 581821   10.00000  116   36   14.00000    3.00000  78.6%   179 15509s
 1702440 583533    3.00000   53  325   14.00000    3.00000  78.6%   179 15539s
 1708286 584313 infeasible   84        14.00000    3.00000  78.6%   179 15560s
 1710551 584945    3.00000   55   62   14.00000    3.00000  78.6%   179 15582s
 1712856 587079    4.00000   71   62   14.00000    3.00000  78.6%   179 15610s
 1719288 587914 infeasible   57        14.00000    3.00000  78.6%   178 15631s
 1721970 588755    8.00000   96   44   14.00000    3.00000  78.6%   178 15653s
 1724574 589593 infeasible   65        14.00000    3.00000  78.6%   178 15675s
 1726900 591351    3.00000   64   56   14.00000    3.00000  78.6%   178 15704s
 1732727 591966    3.00000   71   93   14.00000    3.00000  78.6%   178 15725s
 1734838 592597 infeasible   79        14.00000    3.00000  78.6%   178 15749s
 1737560 594280    3.02372   60   86   14.00000    3.00000  78.6%   178 15778s
 1743801 594921 infeasible   69        14.00000    3.00000  78.6%   178 15801s
 1745957 595592 infeasible   63        14.00000    3.00000  78.6%   178 15825s
 1748175 597303    3.00000   66  107   14.00000    3.00000  78.6%   178 15855s
 1753978 597994    3.04545   73  143   14.00000    3.00000  78.6%   178 15878s
 1756336 598749    3.00000   72   95   14.00000    3.00000  78.6%   178 15901s
 1759112 600460 infeasible   76        14.00000    3.00000  78.6%   178 15930s
 1764707 601028 infeasible   67        14.00000    3.00000  78.6%   178 15951s
 1767002 601780    3.85614   76   87   14.00000    3.00000  78.6%   178 15974s
 1767448 601780 infeasible   81        14.00000    3.00000  78.6%   178 15975s
 1769524 603483    3.00000   80   44   14.00000    3.00000  78.6%   178 16000s
 1774732 604107    4.31255   70  145   14.00000    3.00000  78.6%   177 16022s
 1777002 604735 infeasible   62        14.00000    3.00000  78.6%   177 16045s
 1779407 606072    6.00000  109   40   14.00000    3.00000  78.6%   178 16076s
 1784707 606613 infeasible   70        14.00000    3.00000  78.6%   177 16100s
 1786973 607123    3.00000   71   57   14.00000    3.00000  78.6%   177 16124s
 1787685 607123    6.00000   86   42   14.00000    3.00000  78.6%   177 16125s
 1789542 607847    3.00000   80   54   14.00000    3.00000  78.6%   177 16150s
 1792269 609357 infeasible   78        14.00000    3.00000  78.6%   178 16181s
 1797331 609660 infeasible   64        14.00000    3.00000  78.6%   178 16206s
 1799529 610101    3.00000   77   44   14.00000    3.00000  78.6%   178 16234s
 1802097 610658 infeasible   71        14.00000    3.00000  78.6%   178 16263s
 1804896 612483 infeasible   59        14.00000    3.00000  78.6%   178 16296s
 1811263 612888 infeasible   73        14.00000    3.00000  78.6%   178 16322s
 1813699 613359 infeasible   77        14.00000    3.00000  78.6%   178 16349s
 1816262 615115 infeasible   73        14.00000    3.00000  78.6%   178 16383s
 1822603 615616 infeasible   72        14.00000    3.00000  78.6%   178 16408s
 1825095 616250 infeasible   78        14.00000    3.00000  78.6%   178 16434s
 1827706 616836    4.00000   66   69   14.00000    3.00000  78.6%   178 16461s
 1830341 618489    3.00000   68   58   14.00000    3.00000  78.6%   178 16495s
 1836667 618912 infeasible   72        14.00000    3.00000  78.6%   178 16520s
 1839042 619575    5.00000   92   44   14.00000    3.00000  78.6%   178 16551s
 1842263 621185    4.00000   77   58   14.00000    3.00000  78.6%   178 16584s
 1848281 621722    3.00000   53   98   14.00000    3.00000  78.6%   178 16609s
 1848936 621722    6.00000   80   72   14.00000    3.00000  78.6%   178 16610s
 1850912 622162    3.00000   71   69   14.00000    3.00000  78.6%   178 16635s
 1853633 622705    3.00000   52   64   14.00000    3.00000  78.6%   178 16663s
 1856366 624314 infeasible   73        14.00000    3.00000  78.6%   178 16698s
 1862428 624879 infeasible   63        14.00000    3.00000  78.6%   178 16731s
 1865058 625502    5.00000   68  110   14.00000    3.00000  78.6%   178 16760s
 1867818 626452    3.00000   52   63   14.00000    3.00000  78.6%   178 16791s
 1871612 627112    3.00000   69   63   14.00000    3.00000  78.6%   178 16818s
 1873943 628674 infeasible   70        14.00000    3.00000  78.6%   178 16852s
 1880208 629281    3.00000   74   61   14.00000    3.00000  78.6%   178 16883s
 1882891 629879 infeasible   79        14.00000    3.00000  78.6%   178 16911s
 1885400 631087    3.00000   71   63   14.00000    3.00000  78.6%   178 16944s
 1890373 631613    3.00000   65   58   14.00000    3.00000  78.6%   178 16972s
 1892965 632372    3.00000   72   63   14.00000    3.00000  78.6%   178 17004s
 1895498 632372 infeasible   81        14.00000    3.00000  78.6%   178 17005s
 1896070 634098    3.00000   61  105   14.00000    3.00000  78.6%   178 17040s
 1902342 634795    3.00000   59   54   14.00000    3.00000  78.6%   178 17067s
 1904709 635523 infeasible   64        14.00000    3.00000  78.6%   178 17098s
 1907314 637201    5.40873   93  127   14.00000    3.00000  78.6%   178 17133s
 1912977 637694    4.06583   61  245   14.00000    3.00000  78.6%   178 17162s
 1915091 639046 infeasible   68        14.00000    3.00000  78.6%   178 17195s
 1919890 639510 infeasible   59        14.00000    3.00000  78.6%   178 17222s
 1922147 640018 infeasible   67        14.00000    3.00000  78.6%   178 17255s
 1924641 641860    3.04543   71  130   14.00000    3.00000  78.6%   178 17292s
 1931281 642414 infeasible   76        14.00000    3.00000  78.6%   178 17318s
 1933497 642905    3.00000   68   53   14.00000    3.00000  78.6%   178 17344s
 1933940 642905    3.00140   79  215   14.00000    3.00000  78.6%   179 17345s
 1935705 643514    3.00000   62   83   14.00000    3.00000  78.6%   179 17379s
 1938496 645185    3.33333   57   82   14.00000    3.00000  78.6%   179 17417s
 1945162 645703 infeasible   66        14.00000    3.00000  78.6%   179 17445s
 1947587 646338    3.00000   48  126   14.00000    3.00000  78.6%   179 17477s
 1950018 648133    7.00000  101   36   14.00000    3.00000  78.6%   179 17511s
 1956265 648567    3.00000   55  118   14.00000    3.00000  78.6%   179 17539s
 1958403 649104 infeasible   73        14.00000    3.00000  78.6%   179 17567s
 1960904 650419 infeasible   67        14.00000    3.00000  78.6%   179 17602s
 1966228 650938    5.00000   63   87   14.00000    3.00000  78.6%   179 17632s
 1968728 651442    3.00000   63   92   14.00000    3.00000  78.6%   179 17662s
 1971310 653054    3.00000   66   49   14.00000    3.00000  78.6%   179 17698s
 1977095 653432 infeasible   90        14.00000    3.00000  78.6%   179 17725s
 1979353 654042 infeasible   56        14.00000    3.00000  78.6%   179 17757s
 1981792 655399    3.17318   62  264   14.00000    3.00000  78.6%   179 17789s
 1982265 655399 infeasible   67        14.00000    3.00000  78.6%   179 17790s
 1987115 655971    3.00000   75   62   14.00000    3.00000  78.6%   179 17821s
 1989830 656631    3.00000   73   48   14.00000    3.00000  78.6%   179 17855s
 1993026 658212 infeasible   73        14.00000    3.00000  78.6%   179 17890s
 1999003 658694 infeasible   62        14.00000    3.00000  78.6%   179 17919s
 2001143 659163    7.00000   78   65   14.00000    3.00000  78.6%   179 17952s
 2003633 660909    3.00000   53  125   14.00000    3.00000  78.6%   179 17989s
 2004243 660909 infeasible   62        14.00000    3.00000  78.6%   179 17990s
 2009883 661371    3.02741   60  109   14.00000    3.00000  78.6%   179 18020s
 2011948 662646    3.00000   63   69   14.00000    3.00000  78.6%   179 18057s
 2016901 663131 infeasible   73        14.00000    3.00000  78.6%   179 18090s
 2019153 663708 infeasible   69        14.00000    3.00000  78.6%   180 18125s
 2022017 665331 infeasible   66        14.00000    3.00000  78.6%   180 18164s
 2027792 665891    4.00000   54   80   14.00000    3.00000  78.6%   180 18192s
 2029918 666413    3.00000   56   61   14.00000    3.00000  78.6%   180 18222s
 2032819 668178    3.00000   46  127   14.00000    3.00000  78.6%   180 18260s
 2039083 668760    3.00000   54   57   14.00000    3.00000  78.6%   180 18290s
 2041896 669469 infeasible   38        14.00000    3.00000  78.6%   180 18320s
 2044265 671226    3.25615   71  124   14.00000    3.00000  78.6%   180 18354s
 2045305 671226    3.00000   54  173   14.00000    3.00000  78.6%   180 18355s
 2049721 672041    3.00000   50   71   14.00000    3.00000  78.6%   180 18384s
 2050973 672041    3.00000   60   52   14.00000    3.00000  78.6%   180 18385s
 2052894 673637    4.00000   65   48   14.00000    3.00000  78.6%   180 18420s
 2059016 674475 infeasible   71        14.00000    3.00000  78.6%   180 18449s
 2062004 676393    4.00000   67   93   14.00000    3.00000  78.6%   180 18479s
 2068281 677061 infeasible   62        14.00000    3.00000  78.6%   180 18502s
 2070785 678538    3.00000   54   82   14.00000    3.00000  78.6%   180 18528s
 2075123 679187 infeasible   56        14.00000    3.00000  78.6%   180 18551s
 2077748 680288 infeasible   52        14.00000    3.00000  78.6%   180 18577s
 2081447 682016 infeasible   63        14.00000    3.00000  78.6%   180 18606s
 2087379 682977 infeasible   54        14.00000    3.00000  78.6%   179 18629s
 2091363 683703 infeasible   66        14.00000    3.00000  78.6%   179 18652s
 2094219 685185    4.00000   79   44   14.00000    3.00000  78.6%   179 18677s
 2099200 685708    3.00000   69   57   14.00000    3.00000  78.6%   179 18701s
 2102494 687003    4.00000   71   66   14.00000    3.00000  78.6%   179 18727s
 2107329 687693 infeasible   89        14.00000    3.00000  78.6%   179 18748s
 2110011 688440    4.00000   72   56   14.00000    3.00000  78.6%   179 18772s
 2113061 689574    8.00000   75   66   14.00000    3.00000  78.6%   179 18797s
 2117717 690337 infeasible   68        14.00000    3.00000  78.6%   179 18821s
 2120607 691037    3.00000   77   70   14.00000    3.00000  78.6%   179 18846s
 2123770 692580 infeasible   83        14.00000    3.00000  78.6%   179 18876s
 2130580 693271 infeasible   71        14.00000    3.00000  78.6%   179 18900s
 2133396 694289    5.00000   68   42   14.00000    3.00000  78.6%   178 18925s
 2137036 694722    5.00000   90   66   14.00000    3.00000  78.6%   178 18947s
 2139714 695384    3.00000   60  239   14.00000    3.00000  78.6%   178 18971s
 2142810 696646    3.00000   61   67   14.00000    3.00000  78.6%   178 18998s
 2147859 697189 infeasible   75        14.00000    3.00000  78.6%   178 19022s
 2150540 697899    3.00000   71   40   14.00000    3.00000  78.6%   178 19044s
 2153620 699486 infeasible   75        14.00000    3.00000  78.6%   178 19071s
 2159901 700240    3.00000   59   46   14.00000    3.00000  78.6%   178 19092s
 2163007 700904 infeasible   81        14.00000    3.00000  78.6%   178 19114s
 2164331 700904 infeasible   70        14.00000    3.00000  78.6%   178 19115s
 2166246 702023    3.00000   52   51   14.00000    3.00000  78.6%   178 19140s
 2171449 702633    3.00000   61   69   14.00000    3.00000  78.6%   178 19160s
 2173955 703813    3.00000   76   55   14.00000    3.00000  78.6%   178 19184s
 2178959 704406    4.00000   71   57   14.00000    3.00000  78.6%   178 19206s
 2182055 705046 infeasible   73        14.00000    3.00000  78.6%   177 19228s
 2185061 706073    3.00000   36  185   14.00000    3.00000  78.6%   177 19252s
 2189826 706728 infeasible   78        14.00000    3.00000  78.6%   177 19274s
 2192814 707858    3.00000   54   66   14.00000    3.00000  78.6%   177 19299s
 2195816 707858    3.00000   56   93   14.00000    3.00000  78.6%   177 19300s
 2198048 708522    3.00000   75   75   14.00000    3.00000  78.6%   177 19322s
 2201323 709185 infeasible   69        14.00000    3.00000  78.6%   177 19344s
 2204599 710198    3.00000   78   59   14.00000    3.00000  78.6%   177 19367s
 2209142 710617    8.00000  109   44   14.00000    3.00000  78.6%   177 19387s
 2211670 711780    3.00000   57   52   14.00000    3.00000  78.6%   177 19414s
 2217224 712330 infeasible   74        14.00000    3.00000  78.6%   177 19436s
 2220064 712975    3.00000   70   59   14.00000    3.00000  78.6%   176 19460s
 2223251 713744    3.00000   62   72   14.00000    3.00000  78.6%   176 19487s
 2227028 714965    5.00000   93   48   14.00000    3.00000  78.6%   176 19514s
 2232470 715502 infeasible   71        14.00000    3.00000  78.6%   176 19535s
 2235917 716591    3.00000   66   43   14.00000    3.00000  78.6%   176 19556s
 2240615 717159     cutoff   66        14.00000    3.00000  78.6%   176 19578s
 2244235 717959    3.00000   70   59   14.00000    3.00000  78.6%   176 19599s
 2248903 718482 infeasible   64        14.00000    3.00000  78.6%   176 19618s
 2252352 718798 infeasible   82        14.00000    3.00000  78.6%   175 19639s
 2256068 719451    3.00000   60   45   14.00000    3.00000  78.6%   175 19661s
 2261664 719805    3.00000   80   63   14.00000    3.00000  78.6%   175 19678s
 2264347 720515    3.00000   69   44   14.00000    3.00000  78.6%   175 19698s
 2268615 720952    3.00000   47   56   14.00000    3.00000  78.6%   175 19718s
 2271275 721574 infeasible   79        14.00000    3.00000  78.6%   175 19737s
 2274352 722744    3.00000   66  131   14.00000    3.00000  78.6%   175 19760s
 2279357 723308 infeasible   75        14.00000    3.00000  78.6%   174 19781s
 2282650 724114    3.00000   68   47   14.00000    3.00000  78.6%   174 19801s
 2286787 724664 infeasible   77        14.00000    3.00000  78.6%   174 19821s
 2290063 725736    3.00000   74   64   14.00000    3.00000  78.6%   174 19843s
 2295477 726143 infeasible   64        14.00000    3.00000  78.6%   174 19861s
 2298017 726609    3.00000   76   62   14.00000    3.00000  78.6%   174 19880s
 2301110 727207    3.00000   75   44   14.00000    3.00000  78.6%   174 19901s
 2305870 727630 infeasible   69        14.00000    3.00000  78.6%   173 19921s
 2309273 728102    3.00000   76   52   14.00000    3.00000  78.6%   173 19941s
 2313073 729127    3.00000   56   60   14.00000    3.00000  78.6%   173 19962s
 2318220 729513    3.00000   65   41   14.00000    3.00000  78.6%   173 19980s
 2321323 729935 infeasible   81        14.00000    3.00000  78.6%   173 19999s
 2323977 730745    3.00000   67   85   14.00000    3.00000  78.6%   173 20022s
 2329190 731085    3.00000   81   64   14.00000    3.00000  78.6%   173 20040s
 2332560 731486    5.00000   81   54   14.00000    3.00000  78.6%   172 20062s
 2336581 732292    3.00000   73   43   14.00000    3.00000  78.6%   172 20082s
 2341181 732721    4.05138   77   83   14.00000    3.00000  78.6%   172 20098s
 2344037 733668    3.00000   46   96   14.00000    3.00000  78.6%   172 20119s
 2348713 734144 infeasible   80        14.00000    3.00000  78.6%   172 20138s
 2351598 735031 infeasible   72        14.00000    3.00000  78.6%   172 20159s
 2356343 735326    3.00000   81   65   14.00000    3.00000  78.6%   172 20178s
 2359091 735878    3.00000   73   44   14.00000    3.00000  78.6%   172 20199s
 2362007 737049    3.00000   53   77   14.00000    3.00000  78.6%   171 20221s
 2367204 737802    3.00000   46   58   14.00000    3.00000  78.6%   171 20241s
 2370932 738376    3.00000   67  138   14.00000    3.00000  78.6%   171 20261s
 2372949 739854    3.00000   52   68   14.00000    3.00000  78.6%   171 20286s
 2376706 740656    3.00000   70   62   14.00000    3.00000  78.6%   171 20306s
 2378482 742737    4.00000   64   77   14.00000    3.00000  78.6%   171 20331s
 2382473 743652    3.00000   67   78   14.00000    3.00000  78.6%   171 20353s
 2384538 745627    3.00000   52   61   14.00000    3.00000  78.6%   171 20378s
 2389398 746722    3.00000   37   85   14.00000    3.00000  78.6%   171 20403s
 2392170 749303    4.00000   55  118   14.00000    3.00000  78.6%   171 20431s
 2397751 751490    3.00000   68   50   14.00000    3.00000  78.6%   171 20457s
 2402586 752086    4.00000   55  110   14.00000    3.00000  78.6%   171 20476s
 2404337 753790    3.00000   65   54   14.00000    3.00000  78.6%   171 20500s
 2408772 754590 infeasible   59        14.00000    3.00000  78.6%   171 20522s
 2410887 756404    3.00000   73   85   14.00000    3.00000  78.6%   171 20547s
 2415690 757277    3.00000   61   79   14.00000    3.00000  78.6%   171 20569s
 2418064 759344    5.00000   64  127   14.00000    3.00000  78.6%   171 20599s
 2422861 760562    3.00000   74   46   14.00000    3.00000  78.6%   171 20622s
 2425774 762784    3.00000   60  201   14.00000    3.00000  78.6%   171 20649s
 2431019 763650 infeasible   68        14.00000    3.00000  78.6%   171 20672s
 2432986 765659    3.00000   53   64   14.00000    3.00000  78.6%   171 20698s
 2437527 766771 infeasible   53        14.00000    3.00000  78.6%   171 20722s
 2440286 768547    3.03030   73   68   14.00000    3.00000  78.6%   171 20747s
 2444679 769336 infeasible   48        14.00000    3.00000  78.6%   171 20769s
 2446710 771807    3.00000   72  635   14.00000    3.00000  78.6%   171 20798s
 2451902 772721    4.00000   78   78   14.00000    3.00000  78.6%   171 20823s
 2454252 774652    3.00000   65   73   14.00000    3.00000  78.6%   171 20849s
 2459148 776069    3.00000   54   72   14.00000    3.00000  78.6%   171 20873s
 2462822 776950 infeasible   48        14.00000    3.00000  78.6%   171 20895s
 2465184 779326    3.00000   47  120   14.00000    3.00000  78.6%   171 20924s
 2470773 780349 infeasible   52        14.00000    3.00000  78.6%   171 20947s
 2473199 782214    3.00000   72   56   14.00000    3.00000  78.6%   171 20972s
 2478160 782953    4.00000   78   59   14.00000    3.00000  78.6%   171 20995s
 2480383 784982    3.00000   72   54   14.00000    3.00000  78.6%   171 21023s
 2485143 785686    4.76820   81   63   14.00000    3.00000  78.6%   171 21045s
 2487397 787728 infeasible   57        14.00000    3.00000  78.6%   171 21074s
 2492102 788543    6.00000   96  142   14.00000    3.00000  78.6%   171 21096s
 2494179 790333    8.00000  151   94   14.00000    3.00000  78.6%   172 21125s
 2498784 791163    3.00000   65   51   14.00000    3.00000  78.6%   172 21152s
 2501085 793563    3.00000   49  158   14.00000    3.00000  78.6%   172 21184s
 2507419 794384 infeasible   61        14.00000    3.00000  78.6%   171 21206s
 2509908 796542    3.00000   67   71   14.00000    3.00000  78.6%   171 21233s
 2514815 797521    4.00000   64  103   14.00000    3.00000  78.6%   171 21257s
 2517437 799481    4.00000   67   87   14.00000    3.00000  78.6%   171 21290s
 2523453 800195 infeasible   67        14.00000    3.00000  78.6%   171 21312s
 2526119 802085    3.00000   57  117   14.00000    3.00000  78.6%   171 21337s
 2532105 802781 infeasible   54        14.00000    3.00000  78.6%   171 21358s
 2534405 804266    3.00000   46   78   14.00000    3.00000  78.6%   171 21382s
 2539459 804909    3.00000   57  157   14.00000    3.00000  78.6%   171 21403s
 2541993 806313    3.12169   75   99   14.00000    3.00000  78.6%   171 21428s
 2547190 806910    3.61660   70   79   14.00000    3.00000  78.6%   171 21448s
 2549285 808404 infeasible   69        14.00000    3.00000  78.6%   171 21471s
 2554492 809009    3.00000   51  157   14.00000    3.00000  78.6%   171 21490s
 2557126 810308    3.00000   59   79   14.00000    3.00000  78.6%   171 21513s
 2561850 810796 infeasible   58        14.00000    3.00000  78.6%   171 21533s
 2563941 811598    3.00000   61  156   14.00000    3.00000  78.6%   171 21557s
 2566391 813609 infeasible   53        14.00000    3.00000  78.6%   171 21586s
 2572623 814168    3.00000   60   82   14.00000    3.00000  78.6%   171 21612s
 2575289 815690    3.00000   70   45   14.00000    3.00000  78.6%   170 21637s
 2580246 816133 infeasible   66        14.00000    3.00000  78.6%   170 21658s
 2582635 817034    4.07725   57  278   14.00000    3.00000  78.6%   170 21680s
 2585232 819723    3.00000   65   79   14.00000    3.00000  78.6%   170 21710s
 2592028 820968    4.00000   79   47   14.00000    3.00000  78.6%   170 21734s
 2596724 821490 infeasible   79        14.00000    3.00000  78.6%   170 21752s
 2598731 822129 infeasible   81        14.00000    3.00000  78.6%   170 21773s
 2601309 824015    4.00000   61  155   14.00000    3.00000  78.6%   170 21798s
 2606761 824546    3.00000   51  177   14.00000    3.00000  78.6%   170 21819s
 2609391 825924    3.00000   61  117   14.00000    3.00000  78.6%   170 21842s
 2613987 826384 infeasible   55        14.00000    3.00000  78.6%   170 21861s
 2616365 828021    4.00000   81   65   14.00000    3.00000  78.6%   170 21884s
 2621365 828508 infeasible   69        14.00000    3.00000  78.6%   170 21904s
 2623543 829131    3.05668   76  101   14.00000    3.00000  78.6%   170 21926s
 2625800 830524 infeasible   78        14.00000    3.00000  78.6%   170 21951s
 2631045 830983    5.00000   71   51   14.00000    3.00000  78.6%   170 21973s
 2633359 832630 infeasible   78        14.00000    3.00000  78.6%   170 21997s
 2639288 833072 infeasible   65        14.00000    3.00000  78.6%   169 22015s
 2641803 834215    6.50000   89   61   14.00000    3.00000  78.6%   169 22038s
 2647284 834642 infeasible   69        14.00000    3.00000  78.6%   169 22057s
 2649599 835259    3.00000   50   66   14.00000    3.00000  78.6%   169 22078s
 2652841 836605    3.01034   60  108   14.00000    3.00000  78.6%   169 22102s
 2658109 837065    3.00000   68   51   14.00000    3.00000  78.6%   169 22121s
 2660402 838295    3.41859   72   70   14.00000    3.00000  78.6%   169 22143s
 2664162 838885    5.00000   81   59   14.00000    3.00000  78.6%   169 22164s
 2666589 839509   12.00000   52  176   14.00000    3.00000  78.6%   169 22192s
 2669325 841050    3.00000   62   82   14.00000    3.00000  78.6%   169 22219s
 2673306 841050 infeasible   67        14.00000    3.00000  78.6%   169 22220s
 2676105 841617 infeasible   79        14.00000    3.00000  78.6%   169 22239s
 2678595 842170 infeasible   68        14.00000    3.00000  78.6%   169 22259s
 2681181 843517    4.00000   82   46   14.00000    3.00000  78.6%   169 22284s
 2681779 843517    5.00000   70   44   14.00000    3.00000  78.6%   169 22285s
 2686877 844059    3.00000   60   66   14.00000    3.00000  78.6%   168 22305s
 2689805 845398    3.00000   69   67   14.00000    3.00000  78.6%   168 22328s
 2695248 845719 infeasible   68        14.00000    3.00000  78.6%   168 22345s
 2697517 846122    3.00000   42  130   14.00000    3.00000  78.6%   168 22365s
 2699727 847447    5.09982   84  125   14.00000    3.00000  78.6%   168 22390s
 2705330 848155 infeasible   73        14.00000    3.00000  78.6%   168 22410s
 2707738 849280    3.10477   66  135   14.00000    3.00000  78.6%   168 22436s
 2713131 849736    3.00000   71   42   14.00000    3.00000  78.6%   168 22455s
 2715708 850418    7.00000  104   59   14.00000    3.00000  78.6%   168 22477s
 2718385 851786    4.00000   65   69   14.00000    3.00000  78.6%   168 22504s
 2724089 852330    3.00000   85   43   14.00000    3.00000  78.6%   168 22524s
 2726482 853806    3.07692   88  100   14.00000    3.00000  78.6%   168 22547s
 2732142 854163 infeasible   56        14.00000    3.00000  78.6%   167 22565s
 2734055 854893    5.65961   85   86   14.00000    3.00000  78.6%   168 22587s
 2737665 855359 infeasible   70        14.00000    3.00000  78.6%   167 22607s
 2739935 856520 infeasible   70        14.00000    3.00000  78.6%   167 22634s
 2744764 857069 infeasible   74        14.00000    3.00000  78.6%   167 22655s
 2747083 858199    5.00000   93   48   14.00000    3.00000  78.6%   167 22678s
 2751731 858618    3.00000   64   99   14.00000    3.00000  78.6%   167 22701s
 2754133 859206 infeasible   79        14.00000    3.00000  78.6%   167 22725s
 2756753 860712 infeasible   71        14.00000    3.00000  78.6%   167 22754s
 2762572 861211    3.00000   48  105   14.00000    3.00000  78.6%   167 22774s
 2764757 862757 infeasible   78        14.00000    3.00000  78.6%   167 22801s
 2770881 863221    3.03235   75  123   14.00000    3.00000  78.6%   167 22820s
 2773202 864588    3.00000   84   45   14.00000    3.00000  78.6%   167 22845s
 2778804 864972 infeasible   91        14.00000    3.00000  78.6%   167 22864s
 2779717 864972    4.00000   70   74   14.00000    3.00000  78.6%   167 22865s
 2780633 865790    3.00000   40  151   14.00000    3.00000  78.6%   167 22887s
 2784150 866282 infeasible   64        14.00000    3.00000  78.6%   167 22909s
 2786388 867757    3.00000   46   75   14.00000    3.00000  78.6%   167 22933s
 2791280 868302 infeasible   67        14.00000    3.00000  78.6%   167 22954s
 2793734 869586 infeasible   65        14.00000    3.00000  78.6%   167 22978s
 2798562 870104 infeasible   59        14.00000    3.00000  78.6%   167 22998s
 2800604 870673    5.00000   62   78   14.00000    3.00000  78.6%   167 23024s
 2802749 872250    3.00000   61   89   14.00000    3.00000  78.6%   167 23055s
 2808265 872749    3.02192   73  144   14.00000    3.00000  78.6%   167 23079s
 2810212 873355    3.00000   56   74   14.00000    3.00000  78.6%   167 23104s
 2812625 874878    3.00000   61   56   14.00000    3.00000  78.6%   167 23134s
 2817768 875498 infeasible  114        14.00000    3.00000  78.6%   167 23157s
 2820124 876891    4.00000   61  108   14.00000    3.00000  78.6%   167 23186s
 2825688 877231 infeasible   54        14.00000    3.00000  78.6%   167 23209s
 2827427 877231    3.00000   72   76   14.00000    3.00000  78.6%   167 23210s
 2827667 877707    3.00000   55   85   14.00000    3.00000  78.6%   167 23234s
 2829862 879318    3.00000   43  169   14.00000    3.00000  78.6%   167 23263s
 2835529 879712    3.00000   69  103   14.00000    3.00000  78.6%   167 23286s
 2837466 880204    3.00000   53  127   14.00000    3.00000  78.6%   167 23313s
 2839716 881547    3.00000   55  136   14.00000    3.00000  78.6%   167 23344s
 2845768 881962    3.00000   50   81   14.00000    3.00000  78.6%   167 23370s
 2848313 883261    3.00000   65   43   14.00000    3.00000  78.6%   167 23399s
 2853711 883820    4.00000   58   81   14.00000    3.00000  78.6%   167 23421s
 2855962 884501    3.00000   67   81   14.00000    3.00000  78.6%   167 23447s
 2859181 885892    3.00000   49   55   14.00000    3.00000  78.6%   167 23475s
 2863941 886400 infeasible   58        14.00000    3.00000  78.6%   167 23500s
 2866341 887432    3.00000   55   97   14.00000    3.00000  78.6%   167 23530s
 2871360 887910 infeasible   67        14.00000    3.00000  78.6%   167 23555s
 2873835 888322    3.00000   48  103   14.00000    3.00000  78.6%   167 23585s
 2876205 889577 infeasible   46        14.00000    3.00000  78.6%   167 23616s
 2881393 890275    3.00000   67   82   14.00000    3.00000  78.6%   167 23642s
 2884101 891544 infeasible   95        14.00000    3.00000  78.6%   167 23671s
 2889581 891922 infeasible   64        14.00000    3.00000  78.6%   167 23695s
 2891615 893212    3.00000   54   79   14.00000    3.00000  78.6%   167 23724s
 2896959 893607    3.00000   53  145   14.00000    3.00000  78.6%   167 23748s
 2899046 894058    3.00000   64   58   14.00000    3.00000  78.6%   168 23775s
 2901364 895205    3.00000   57   88   14.00000    3.00000  78.6%   168 23805s
 2906315 895556 infeasible   65        14.00000    3.00000  78.6%   168 23830s
 2908957 896753    3.00000   54   75   14.00000    3.00000  78.6%   168 23860s
 2914116 897303 infeasible   54        14.00000    3.00000  78.6%   168 23887s
 2916298 897685    3.00000   57  136   14.00000    3.00000  78.6%   168 23913s
 2918311 898769    3.00000   53  103   14.00000    3.00000  78.6%   168 23946s
 2923483 899251    3.00000   59   95   14.00000    3.00000  78.6%   168 23974s
 2925947 900642    3.00000   61   52   14.00000    3.00000  78.6%   168 24004s
 2930070 900642 infeasible   60        14.00000    3.00000  78.6%   168 24005s
 2930871 900929 infeasible   61        14.00000    3.00000  78.6%   168 24032s
 2932780 901258    3.00000   56   55   14.00000    3.00000  78.6%   168 24060s
 2935013 902499    3.00000   61   62   14.00000    3.00000  78.6%   168 24093s
 2940750 902835 infeasible   54        14.00000    3.00000  78.6%   169 24121s
 2943012 903327    3.00000   49   86   14.00000    3.00000  78.6%   169 24153s
 2946102 903675    3.40340   65  107   14.00000    3.00000  78.6%   169 24185s
 2948571 904838    3.00000   56   54   14.00000    3.00000  78.6%   169 24220s
 2954138 905144    3.00000   71  181   14.00000    3.00000  78.6%   169 24251s
 2956584 905936    3.00000   56   46   14.00000    3.00000  78.6%   169 24283s
 2959559 907671    3.00000   49   82   14.00000    3.00000  78.6%   169 24319s
 2965964 908031 infeasible   87        14.00000    3.00000  78.6%   169 24345s
 2968119 908618    3.00000   57   85   14.00000    3.00000  78.6%   169 24375s
 2970535 910187    3.00000   57  184   14.00000    3.00000  78.6%   169 24415s
 2976946 910921 infeasible   65        14.00000    3.00000  78.6%   169 24444s
 2979416 912615    3.00000   62   75   14.00000    3.00000  78.6%   170 24478s
 2984860 913238 infeasible   78        14.00000    3.00000  78.6%   170 24505s
 2986902 914816    3.00000   58   66   14.00000    3.00000  78.6%   170 24535s
 2991849 915320 infeasible   61        14.00000    3.00000  78.6%   170 24561s
 2993554 915959    3.13039   70  104   14.00000    3.00000  78.6%   170 24591s
 2995756 917546    3.00000   60  136   14.00000    3.00000  78.6%   170 24625s
 3000760 918141    3.00000   67   66   14.00000    3.00000  78.6%   170 24656s
 3003445 920141    3.49097   66  108   14.00000    3.00000  78.6%   170 24692s
 3009542 920742    3.00000   55   48   14.00000    3.00000  78.6%   170 24721s
 3011858 922731    4.00000   66   74   14.00000    3.00000  78.6%   170 24758s
 3017790 923167    3.00000   65  129   14.00000    3.00000  78.6%   170 24785s
 3019738 924177 infeasible   66        14.00000    3.00000  78.6%   170 24814s
 3022856 924177 infeasible   73        14.00000    3.00000  78.6%   170 24815s
 3023181 924835 infeasible   75        14.00000    3.00000  78.6%   170 24847s
 3025601 926559 infeasible   60        14.00000    3.00000  78.6%   170 24883s
 3032166 927060    3.00000   65   54   14.00000    3.00000  78.6%   170 24908s
 3034526 928757    3.00617   77  114   14.00000    3.00000  78.6%   170 24938s
 3040415 929260 infeasible   86        14.00000    3.00000  78.6%   170 24961s
 3042795 930840    3.00000   53  294   14.00000    3.00000  78.6%   170 24991s
 3048066 931371    3.00000   63   97   14.00000    3.00000  78.6%   170 25014s
 3048542 931371 infeasible   88        14.00000    3.00000  78.6%   170 25015s
 3050341 932824 infeasible   60        14.00000    3.00000  78.6%   170 25043s
 3055890 933233    3.00000   56   93   14.00000    3.00000  78.6%   170 25065s
 3057902 934543    3.00000   61  109   14.00000    3.00000  78.6%   170 25092s
 3062519 934852    3.00000   57   46   14.00000    3.00000  78.6%   170 25116s
 3064356 936500    3.02478   62  111   14.00000    3.00000  78.6%   170 25146s
 3069619 936978    4.00000   57   81   14.00000    3.00000  78.6%   170 25169s
 3071767 938495    4.00000   73   42   14.00000    3.00000  78.6%   170 25197s
 3077168 938976 infeasible   58        14.00000    3.00000  78.6%   170 25220s
 3079453 939516    4.00022   65   85   14.00000    3.00000  78.6%   170 25244s
 3081602 940951 infeasible   72        14.00000    3.00000  78.6%   170 25273s
 3087797 941522 infeasible   62        14.00000    3.00000  78.6%   170 25297s
 3090089 942644 infeasible   70        14.00000    3.00000  78.6%   170 25327s
 3094614 943217    3.82486   69   90   14.00000    3.00000  78.6%   170 25351s
 3096877 944644    4.64822   69  131   14.00000    3.00000  78.6%   170 25380s
 3101541 945321    6.00000  101   44   14.00000    3.00000  78.6%   170 25405s
 3104392 946846    3.00000   66  106   14.00000    3.00000  78.6%   170 25435s
 3110408 947343    3.00000   74   48   14.00000    3.00000  78.6%   170 25458s
 3113190 948619    3.86397   74   63   14.00000    3.00000  78.6%   170 25486s
 3119053 948964    3.00000   54   46   14.00000    3.00000  78.6%   170 25511s
 3121155 949512 infeasible   76        14.00000    3.00000  78.6%   170 25534s
 3123784 950942 infeasible   94        14.00000    3.00000  78.6%   169 25563s
 3129162 951445 infeasible   76        14.00000    3.00000  78.6%   169 25585s
 3131386 952935    4.00017   87   86   14.00000    3.00000  78.6%   169 25611s
 3136857 953341    3.00000   61   60   14.00000    3.00000  78.6%   169 25632s
 3138990 954749    3.19698   64  142   14.00000    3.00000  78.6%   169 25656s
 3144176 955233 infeasible   80        14.00000    3.00000  78.6%   169 25676s
 3146389 956579    3.00000   59  104   14.00000    3.00000  78.6%   169 25700s
 3151245 956902    3.00000   66  104   14.00000    3.00000  78.6%   169 25721s
 3153355 957567    3.00000   55  248   14.00000    3.00000  78.6%   169 25744s
 3155785 958686    3.00000   63   47   14.00000    3.00000  78.6%   169 25771s
 3160648 959198 infeasible   66        14.00000    3.00000  78.6%   169 25794s
 3163116 960759    3.00000   71   46   14.00000    3.00000  78.6%   169 25823s
 3169204 961165 infeasible   82        14.00000    3.00000  78.6%   169 25844s
 3171163 962512    3.00000   53   68   14.00000    3.00000  78.6%   169 25871s
 3176275 963112    3.00000   78   42   14.00000    3.00000  78.6%   169 25893s
 3178866 964356    3.58201   66  111   14.00000    3.00000  78.6%   169 25917s
 3183988 964938 infeasible   75        14.00000    3.00000  78.6%   169 25938s
 3186331 966271    4.72891   86   65   14.00000    3.00000  78.6%   169 25964s
 3191194 966742    3.00000   75   71   14.00000    3.00000  78.6%   169 25985s
 3192995 967287 infeasible   75        14.00000    3.00000  78.6%   169 26008s
 3195443 968465    4.00000   81   75   14.00000    3.00000  78.6%   169 26034s
 3196680 968465    4.00000   79   42   14.00000    3.00000  78.6%   169 26035s
 3200875 969024    3.00000   73   42   14.00000    3.00000  78.6%   168 26059s
 3203863 970341    3.00000   71   43   14.00000    3.00000  78.6%   168 26086s
 3208700 970701    4.00000   80   79   14.00000    3.00000  78.6%   168 26108s
 3211172 971897    3.00000   75   41   14.00000    3.00000  78.6%   168 26134s
 3216502 972329    3.00000   62   68   14.00000    3.00000  78.6%   168 26154s
 3218649 972959    3.00000   68   85   14.00000    3.00000  78.6%   168 26178s
 3221800 974281    3.00000   80   58   14.00000    3.00000  78.6%   168 26203s
 3227061 974795 infeasible   69        14.00000    3.00000  78.6%   168 26226s
 3229539 976136    4.13686   78  102   14.00000    3.00000  78.6%   168 26256s
 3235139 976632 infeasible   76        14.00000    3.00000  78.6%   168 26276s
 3237871 977622    3.00000   67  104   14.00000    3.00000  78.6%   168 26300s
 3242162 978045 infeasible   84        14.00000    3.00000  78.6%   168 26321s
 3244656 978704    5.00000   88   41   14.00000    3.00000  78.6%   168 26344s
 3247311 980195    3.00000   52  219   14.00000    3.00000  78.6%   168 26369s
 3250445 980195    3.00000   60   89   14.00000    3.00000  78.6%   168 26370s
 3251728 980934 infeasible   80        14.00000    3.00000  78.6%   168 26392s
 3253830 982449    3.00000   53  108   14.00000    3.00000  78.6%   168 26420s
 3259004 982922    3.00000   53  146   14.00000    3.00000  78.6%   168 26443s
 3260793 984580 infeasible   60        14.00000    3.00000  78.6%   168 26471s
 3265558 985171 infeasible   92        14.00000    3.00000  78.6%   168 26493s
 3267280 986901    4.00000   78   47   14.00000    3.00000  78.6%   168 26537s
 3272590 987586    3.00000   40  139   14.00000    3.00000  78.6%   168 26560s
 3274935 989307    6.00000  105   82   14.00000    3.00000  78.6%   168 26587s
 3279586 989975    3.00000   44  127   14.00000    3.00000  78.6%   168 26611s
 3281848 992016    3.00000   56   64   14.00000    3.00000  78.6%   168 26639s
 3286884 992848 infeasible   64        14.00000    3.00000  78.6%   168 26664s
 3289306 994965 infeasible   60        14.00000    3.00000  78.6%   168 26695s
 3294437 995651 infeasible   76        14.00000    3.00000  78.6%   168 26719s
 3296609 997552    4.00018   77  102   14.00000    3.00000  78.6%   168 26750s
 3301557 998102    3.00000   71   87   14.00000    3.00000  78.6%   168 26773s
 3303734 1000022    3.00000   43  106   14.00000    3.00000  78.6%   168 26801s
 3308766 1000717    3.00000   59   60   14.00000    3.00000  78.6%   168 26825s
 3310744 1003353    3.00000   67   49   14.00000    3.00000  78.6%   168 26857s
 3316301 1004079 infeasible   86        14.00000    3.00000  78.6%   168 26879s
 3318335 1006160    4.00000   70   95   14.00000    3.00000  78.6%   168 26908s
 3323429 1007183    5.00000   73   63   14.00000    3.00000  78.6%   168 26932s
 3325790 1009444    3.00000   67  128   14.00000    3.00000  78.6%   168 26963s
 3331244 1010155 infeasible   83        14.00000    3.00000  78.6%   168 26984s
 3333556 1011637    3.00000   65   52   14.00000    3.00000  78.6%   168 27009s
 3338129 1012653 infeasible   84        14.00000    3.00000  78.6%   168 27032s
 3340662 1014437    4.00000   75  116   14.00000    3.00000  78.6%   168 27058s
 3345425 1015298    3.00000   65   71   14.00000    3.00000  78.6%   168 27082s
 3347827 1017321    3.00000   63   63   14.00000    3.00000  78.6%   168 27110s
 3352871 1018123 infeasible   72        14.00000    3.00000  78.6%   168 27133s
 3354982 1020077    3.00000   68   68   14.00000    3.00000  78.6%   168 27161s
 3359899 1020859 infeasible   65        14.00000    3.00000  78.6%   168 27183s
 3361844 1022694    3.00000   74  106   14.00000    3.00000  78.6%   168 27210s
 3366715 1023524    3.00000   59  141   14.00000    3.00000  78.6%   168 27232s
 3368941 1025586    3.42444   71   81   14.00000    3.00000  78.6%   168 27263s
 3373639 1026651 infeasible  110        14.00000    3.00000  78.6%   168 27287s
 3375994 1028560    3.00000   58  139   14.00000    3.00000  78.6%   168 27316s
 3381079 1029259    6.54058   91  120   14.00000    3.00000  78.6%   168 27340s
 3383013 1031049    4.38030   83   91   14.00000    3.00000  78.6%   168 27369s
 3387902 1031700 infeasible   76        14.00000    3.00000  78.6%   168 27392s
 3390219 1033698 infeasible   69        14.00000    3.00000  78.6%   168 27419s
 3395304 1034557 infeasible   62        14.00000    3.00000  78.6%   168 27446s
 3397380 1036405    3.00000   71   54   14.00000    3.00000  78.6%   168 27473s
 3402072 1037149 infeasible   56        14.00000    3.00000  78.6%   168 27498s
 3404170 1038686 infeasible   67        14.00000    3.00000  78.6%   168 27524s
 3407280 1038686 infeasible  101        14.00000    3.00000  78.6%   168 27525s
 3408728 1039311    3.68472   78   98   14.00000    3.00000  78.6%   168 27549s
 3409820 1039311 infeasible   72        14.00000    3.00000  78.6%   168 27550s
 3411200 1041421    3.00000   43  111   14.00000    3.00000  78.6%   168 27581s
 3416964 1042345    4.45838   80  139   14.00000    3.00000  78.6%   168 27605s
 3419328 1044183    3.00000   64  135   14.00000    3.00000  78.6%   168 27633s
 3424509 1044936    3.77318   56  119   14.00000    3.00000  78.6%   168 27657s
 3426873 1046818 infeasible   70        14.00000    3.00000  78.6%   168 27685s
 3432319 1047625 infeasible   57        14.00000    3.00000  78.6%   168 27708s
 3434876 1049234    3.00000   56   49   14.00000    3.00000  78.6%   168 27734s
 3439771 1050021    3.00000   55  211   14.00000    3.00000  78.6%   168 27758s
 3442087 1051837 infeasible   72        14.00000    3.00000  78.6%   168 27788s
 3447822 1052496 infeasible   62        14.00000    3.00000  78.6%   168 27809s
 3449867 1054029 infeasible   91        14.00000    3.00000  78.6%   168 27835s
 3454643 1054734 infeasible   53        14.00000    3.00000  78.6%   168 27858s
 3457058 1056685    4.00000   86   40   14.00000    3.00000  78.6%   168 27887s
 3463034 1057226    3.00000   65   77   14.00000    3.00000  78.6%   167 27909s
 3465501 1058523    3.00000   72   50   14.00000    3.00000  78.6%   167 27931s
 3469778 1059114    3.01818   69  300   14.00000    3.00000  78.6%   167 27952s
 3472345 1060404    3.00000   75   72   14.00000    3.00000  78.6%   167 27976s
 3477191 1060840 infeasible   62        14.00000    3.00000  78.6%   167 27998s
 3479497 1061385    4.00000   72   39   14.00000    3.00000  78.6%   167 28020s
 3481990 1062975    3.00000   54   80   14.00000    3.00000  78.6%   167 28047s
 3487667 1063552    3.16548   60  118   14.00000    3.00000  78.6%   167 28070s
 3489955 1064328 infeasible   59        14.00000    3.00000  78.6%   167 28096s
 3493432 1065149    4.00000   74   59   14.00000    3.00000  78.6%   167 28122s
 3496388 1066873 infeasible   70        14.00000    3.00000  78.6%   167 28152s
 3502046 1067413    4.58568   85   82   14.00000    3.00000  78.6%   167 28177s
 3505107 1068516    3.00000   72  466   14.00000    3.00000  78.6%   167 28204s
 3510607 1069180    3.00000   72  113   14.00000    3.00000  78.6%   167 28226s
 3512665 1069794 infeasible   59        14.00000    3.00000  78.6%   167 28253s
 3515555 1071034    3.00000   55   68   14.00000    3.00000  78.6%   167 28279s
 3517051 1071034    5.00000   89   47   14.00000    3.00000  78.6%   167 28280s
 3521090 1071414 infeasible   59        14.00000    3.00000  78.6%   167 28300s
 3523351 1071992 infeasible   69        14.00000    3.00000  78.6%   167 28324s
 3525912 1073501    3.00000   61   64   14.00000    3.00000  78.6%   167 28355s
 3531458 1074199 infeasible   88        14.00000    3.00000  78.6%   167 28383s
 3533995 1076213    4.00000   78   53   14.00000    3.00000  78.6%   167 28411s
 3539475 1076836 infeasible   88        14.00000    3.00000  78.6%   167 28433s
 3541987 1077598 infeasible   79        14.00000    3.00000  78.6%   167 28457s
 3544757 1079231    4.00000   80   59   14.00000    3.00000  78.6%   167 28485s
 3550427 1080144    4.00000   68   92   14.00000    3.00000  78.6%   167 28507s
 3553080 1080824 infeasible   60        14.00000    3.00000  78.6%   167 28528s
 3555823 1082139    4.00000   67   81   14.00000    3.00000  78.6%   167 28554s
 3561133 1082958    3.00000   67   47   14.00000    3.00000  78.6%   167 28577s
 3563818 1083762    3.00000   45  140   14.00000    3.00000  78.6%   167 28601s
 3566704 1085178    5.00000   92   58   14.00000    3.00000  78.6%   167 28628s
 3572744 1085843    3.00000   80   42   14.00000    3.00000  78.6%   166 28650s
 3575457 1086329    9.00000  152   42   14.00000    3.00000  78.6%   166 28673s
 3577932 1087662    3.00000   59  118   14.00000    3.00000  78.6%   166 28700s
 3582876 1088349 infeasible   66        14.00000    3.00000  78.6%   166 28723s
 3585459 1089124    6.00000   81   48   14.00000    3.00000  78.6%   166 28751s
 3588636 1089862 infeasible   55        14.00000    3.00000  78.6%   166 28777s
 3591465 1091208 infeasible   67        14.00000    3.00000  78.6%   166 28800s

Cutting planes:
  Learned: 168
  Gomory: 16
  Lift-and-project: 30
  Cover: 3
  Implied bound: 85
  Clique: 15
  MIR: 322
  Flow cover: 923
  Inf proof: 2
  Zero half: 1
  RLT: 375
  Relax-and-lift: 19

Explored 3596913 nodes (598240505 simplex iterations) in 28800.56 seconds (7793.09 work units)
Thread count was 24 (of 24 available processors)

Solution count 8: 14 16 17 ... 26

Time limit reached
Best objective 1.400000000000e+01, best bound 3.000000000000e+00, gap 78.5714%
