
Gurobi 10.0.1 (linux64) logging started Fri Jul 28 18:12:38 2023

Set parameter LogFile to value "Reales_ph_0.8.log"
Gurobi Optimizer version 10.0.1 build v10.0.1rc0 (linux64)

CPU model: AMD Opteron(tm) Processor 6174, instruction set [SSE2]
Thread count: 24 physical cores, 24 logical processors, using up to 24 threads

Optimize a model with 30176 rows, 16845 columns and 93413 nonzeros
Model fingerprint: 0x8a897f6b
Model has 9535 quadratic constraints
Variable types: 5462 continuous, 11383 integer (11340 binary)
Coefficient statistics:
  Matrix range     [3e-03, 1e+04]
  QMatrix range    [1e+00, 1e+00]
  QLMatrix range   [1e+00, 6e+00]
  Objective range  [1e+00, 1e+00]
  Bounds range     [1e+00, 1e+00]
  RHS range        [1e-01, 1e+04]
Presolve removed 11431 rows and 3657 columns
Presolve time: 0.80s
Presolved: 24206 rows, 14952 columns, 89243 nonzeros
Presolved model has 4746 quadratic constraint(s)
Presolved model has 1806 bilinear constraint(s)
Variable types: 5335 continuous, 9617 integer (9574 binary)

Root relaxation: objective 1.000006e+00, 2067 iterations, 0.25 seconds (0.08 work units)

    Nodes    |    Current Node    |     Objective Bounds      |     Work
 Expl Unexpl |  Obj  Depth IntInf | Incumbent    BestBd   Gap | It/Node Time

     0     0    1.00001    0  114          -    1.00001      -     -    1s
     0     0    1.00001    0  114          -    1.00001      -     -    1s
     0     0    1.00898    0  258          -    1.00898      -     -    4s
     0     0    2.00000    0  199          -    2.00000      -     -    4s
     0     0    2.00000    0  171          -    2.00000      -     -    6s
     0     0    2.00000    0  169          -    2.00000      -     -    6s
     0     0    2.00000    0  154          -    2.00000      -     -    8s
     0     0    2.00000    0   39          -    2.00000      -     -   14s
     0     0    2.00000    0   37          -    2.00000      -     -   15s
     0     0    2.00000    0   44          -    2.00000      -     -   15s
     0     0    2.00000    0   52          -    2.00000      -     -   16s
     0     0    2.00000    0   44          -    2.00000      -     -   18s
     0     0    2.00000    0   54          -    2.00000      -     -   18s
     0     0    2.00000    0   44          -    2.00000      -     -   19s
     0     0    2.00000    0   56          -    2.00000      -     -   20s
     0     0    2.00000    0   44          -    2.00000      -     -   21s
     0     0    2.00000    0   54          -    2.00000      -     -   22s
     0     0    2.00000    0   44          -    2.00000      -     -   23s
     0     0    2.00000    0   72          -    2.00000      -     -   23s
     0     0    2.00000    0   41          -    2.00000      -     -   25s
     0     0    2.00000    0   48          -    2.00000      -     -   26s
     0     0    2.00000    0   53          -    2.00000      -     -   29s
     0     0    2.00000    0   50          -    2.00000      -     -   30s
     0     0    2.00000    0   64          -    2.00000      -     -   33s
     0     0    2.00000    0   43          -    2.00000      -     -   34s
     0     0    2.00000    0   44          -    2.00000      -     -   35s
     0     0    2.00000    0   44          -    2.00000      -     -   36s
     0     0    2.00000    0   48          -    2.00000      -     -   38s
     0     0    2.00000    0   60          -    2.00000      -     -   41s
     0     0    2.00000    0   44          -    2.00000      -     -   42s
     0     0    2.00000    0   44          -    2.00000      -     -   44s
     0     0    2.00000    0   44          -    2.00000      -     -   45s
     0     0    2.00000    0   63          -    2.00000      -     -   48s
     0     0    2.00000    0   50          -    2.00000      -     -   51s
     0     0    2.00000    0   62          -    2.00000      -     -   54s
     0     0    2.00000    0   64          -    2.00000      -     -   58s
     0     0    2.00000    0   68          -    2.00000      -     -   59s
     0     0    2.00000    0   56          -    2.00000      -     -   62s
     0     0    2.00000    0   71          -    2.00000      -     -   63s
     0     0    2.00000    0   57          -    2.00000      -     -   65s
     0     0    2.00000    0   44          -    2.00000      -     -   67s
     0     0    2.00000    0   42          -    2.00000      -     -   69s
     0     0    2.00000    0   51          -    2.00000      -     -   71s
     0     0    2.00000    0   48          -    2.00000      -     -   74s
     0     0    2.00000    0   48          -    2.00000      -     -   75s
     0     0    2.00000    0   44          -    2.00000      -     -   76s
     0     0    2.00000    0   44          -    2.00000      -     -   77s
     0     0    2.00000    0   43          -    2.00000      -     -   78s
     0     0    2.00000    0   50          -    2.00000      -     -   81s
     0     0    2.00000    0   53          -    2.00000      -     -   84s
     0     0    2.00000    0   54          -    2.00000      -     -   86s
     0     0    2.00000    0   50          -    2.00000      -     -   88s
     0     0    2.00000    0   44          -    2.00000      -     -   88s
     0     0    2.00000    0   43          -    2.00000      -     -   89s
     0     0    2.00000    0   48          -    2.00000      -     -   91s
     0     0    2.00000    0   44          -    2.00000      -     -   92s
     0     0    2.00000    0   44          -    2.00000      -     -   93s
     0     0    2.00000    0   44          -    2.00000      -     -   95s
     0     0    2.00000    0   48          -    2.00000      -     -   97s
     0     0    2.00000    0   50          -    2.00000      -     -   99s
     0     0    2.00000    0   44          -    2.00000      -     -  100s
     0     0    2.00000    0   42          -    2.00000      -     -  101s
     0     0    2.00000    0   46          -    2.00000      -     -  103s
     0     0    2.00000    0   44          -    2.00000      -     -  103s
     0     0    2.00000    0   44          -    2.00000      -     -  103s
     0     0    2.00000    0   46          -    2.00000      -     -  107s
     0     0    2.00000    0   45          -    2.00000      -     -  109s
     0     0    2.00000    0   50          -    2.00000      -     -  114s
     0     0    2.00000    0   44          -    2.00000      -     -  115s
     0     0    2.00000    0   48          -    2.00000      -     -  119s
     0     0    2.00000    0   56          -    2.00000      -     -  121s
     0     0    2.00000    0   50          -    2.00000      -     -  123s
     0     0    2.00000    0   50          -    2.00000      -     -  126s
     0     0    2.00000    0   51          -    2.00000      -     -  127s
     0     0    2.00000    0   44          -    2.00000      -     -  128s
     0     0    2.00000    0   52          -    2.00000      -     -  130s
     0     0    2.00000    0   54          -    2.00000      -     -  133s
     0     0    2.00000    0   61          -    2.00000      -     -  134s
     0     0    2.00000    0   50          -    2.00000      -     -  136s
     0     0    2.00000    0   50          -    2.00000      -     -  137s
     0     0    2.00000    0   49          -    2.00000      -     -  143s
     0     0    2.00000    0   49          -    2.00000      -     -  146s
     0     0    2.00000    0   60          -    2.00000      -     -  148s
     0     0    2.00000    0   54          -    2.00000      -     -  152s
     0     0    2.00000    0   51          -    2.00000      -     -  154s
     0     0    2.00000    0   54          -    2.00000      -     -  155s
     0     0    2.00000    0   60          -    2.00000      -     -  158s
     0     0    2.00000    0   48          -    2.00000      -     -  160s
     0     0    2.00000    0   53          -    2.00000      -     -  162s
     0     0    2.00000    0   45          -    2.00000      -     -  164s
     0     0    2.00000    0   68          -    2.00000      -     -  165s
     0     0    2.00000    0   53          -    2.00000      -     -  167s
     0     0    2.00000    0   49          -    2.00000      -     -  168s
     0     0    2.00000    0   60          -    2.00000      -     -  172s
     0     0    2.00000    0   44          -    2.00000      -     -  174s
     0     0    2.00000    0   60          -    2.00000      -     -  175s
     0     0    2.00000    0   71          -    2.00000      -     -  176s
     0     0    2.00000    0   87          -    2.00000      -     -  178s
     0     0    2.00000    0   66          -    2.00000      -     -  179s
     0     0    2.00000    0   52          -    2.00000      -     -  180s
     0     0    2.00000    0   70          -    2.00000      -     -  181s
     0     0    2.00000    0   62          -    2.00000      -     -  182s
     0     0    2.00000    0   64          -    2.00000      -     -  183s
     0     0    2.00000    0   54          -    2.00000      -     -  185s
     0     0    2.00000    0   52          -    2.00000      -     -  188s
     0     0    2.00000    0   44          -    2.00000      -     -  189s
     0     0    2.00000    0   44          -    2.00000      -     -  189s
     0     0    2.00000    0   44          -    2.00000      -     -  190s
     0     0    2.00000    0   40          -    2.00000      -     -  192s
     0     0    2.00000    0   39          -    2.00000      -     -  192s
     0     0    2.00000    0   38          -    2.00000      -     -  195s
     0     2    3.00000    0   38          -    3.00000      -     -  197s
     7    16    3.00000    3  117          -    3.00000      -   563  201s
    31    52    3.00000    5  126          -    3.00000      -   837  420s
    55    76    3.00000    6  113          -    3.00000      -   849  468s
    79    95    3.00000    7  116          -    3.00000      -   808  476s
   103   117    3.00000    8  114          -    3.00000      -   703  508s
   155   173    3.00000   10  108          -    3.00000      -   662  511s
   183   238    3.00000   11  101          -    3.00000      -   704  585s
   264   493    3.00000   12   88          -    3.00000      -   826  598s
   581   882    3.00000   13  141          -    3.00000      -   559  618s
  1139  1295 infeasible   34               -    3.00000      -   451  641s
  1851  1805    3.00000   13  113          -    3.00000      -   411  668s
  2527  2552    3.00000   15   78          -    3.00000      -   441  698s
  3837  2553    3.00000   26    0          -    3.00000      -   413  743s
  3839  2554    3.00000   18   48          -    3.00000      -   413  754s
  3840  2555    3.00000   21  109          -    3.00000      -   413  755s
  3841  2556    3.00000   12  160          -    3.00000      -   413  763s
  3842  2556    3.00000   29   24          -    3.00000      -   413  767s
  3843  2557    3.00000   18   61          -    3.00000      -   412  773s
  3844  2558    3.00000   13    8          -    3.00000      -   412  775s
  3847  2560    3.00000   23   89          -    3.00000      -   412  782s
  3849  2561    3.04545   36   24          -    3.00000      -   412  788s
  3850  2562    3.00000   26    6          -    3.00000      -   412  790s
  3853  2564    3.00000   40   10          -    3.00000      -   411  795s
  3859  2568    3.00000   32    4          -    3.00000      -   411  801s
  3867  2582    3.00000   14   46          -    3.00000      -   420  807s
  3891  2614    3.00000   16   72          -    3.00000      -   418  810s
  3987  2678    3.00000   18   98          -    3.00000      -   417  815s
  4062  2769    3.00000   20   85          -    3.00000      -   426  823s
  4129  2892    3.00000   21   49          -    3.00000      -   432  827s
  4276  2954    3.00000   27   60          -    3.00000      -   432  842s
  4390  3188    3.00000   32   93          -    3.00000      -   441  854s
  4728  3536    3.00000   39   85          -    3.00000      -   457  874s
  5411  3811    3.00000   25   92          -    3.00000      -   455  895s
  6250  4388    4.00000   51   69          -    3.00000      -   459  928s
  7664  4522 infeasible   41               -    3.00000      -   437  957s
  8712  4441    3.00000   40  115          -    3.00000      -   447  992s
  9129  5190    3.00000   43   67          -    3.00000      -   450 1027s
 10669  5609    3.00000   48   90          -    3.00000      -   440 1064s
 11065  5477    3.00000   32  167          -    3.00000      -   439 1065s
 12206  6722    3.00000   49   83          -    3.00000      -   435 1113s
 14707  7624 infeasible   37               -    3.00000      -   408 1149s
 16097  8898    3.00000   45  164          -    3.00000      -   409 1188s
 18510  9678 infeasible   73               -    3.00000      -   397 1224s
 20134 10528    3.00000   45  171          -    3.00000      -   395 1263s
 21734 12023    3.00000   51   94          -    3.00000      -   394 1309s
 24822 12880    3.00000   35  146          -    3.00000      -   378 1348s
 26578 14000    3.00000   35   90          -    3.00000      -   376 1393s
 28425 15551    3.00000   22  158          -    3.00000      -   375 1440s
 31379 16304    3.00000   36  162          -    3.00000      -   366 1480s
 33245 17434    3.00000   36  179          -    3.00000      -   364 1525s
 35158 19013    3.00000   45   80          -    3.00000      -   365 1578s
 38396 19996 infeasible   55               -    3.00000      -   357 1626s
 40195 21218    3.00000   51   79          -    3.00000      -   356 1679s
 42533 23252    3.00000   29  143          -    3.00000      -   355 1738s
 46454 24464 infeasible   50               -    3.00000      -   346 1790s
 48814 25736 infeasible   48               -    3.00000      -   346 1845s
 51215 27070    3.00000   33  181          -    3.00000      -   345 1906s
 53709 28651    3.00000   34  221          -    3.00000      -   347 1970s
 56661 31339    3.00000   53  129          -    3.00000      -   348 2049s
 56849 31339    3.00000   39  170          -    3.00000      -   348 2050s
 61962 32671    4.00000   31  106          -    3.00000      -   337 2112s
 64512 33980    4.00000   76   34          -    3.00000      -   340 2178s
 66828 35760    3.00000   39  163          -    3.00000      -   340 2257s
 70256 38706    3.00000   32  103          -    3.00000      -   339 2339s
 76237 40141 infeasible   64               -    3.00000      -   330 2402s
 78966 41760    3.00000   28  206          -    3.00000      -   330 2469s
 82161 44170 infeasible   30               -    3.00000      -   331 2544s
 82398 44170    3.00000   62   43          -    3.00000      -   330 2545s
 86858 44958    3.00000   56   70          -    3.00000      -   328 2605s
 88538 46755    4.00000   51   54          -    3.00000      -   328 2678s
 91957 48607    3.00000   39   78          -    3.00000      -   328 2750s
 95527 51122    3.01136   76   69          -    3.00000      -   328 2829s
 100964 52601    5.00000   50  106          -    3.00000      -   321 2892s
 103848 54279 infeasible   71               -    3.00000      -   322 2958s
 106928 56803    3.00000   45   94          -    3.00000      -   321 3032s
 111942 58170    3.00000   51   76          -    3.00000      -   318 3091s
 114807 59341 infeasible   69               -    3.00000      -   318 3151s
H115106 59333                      17.0000000    3.00000  82.4%   317 3151s
 117164 61120    3.00000   47   56   17.00000    3.00000  82.4%   316 3222s
 120894 64633    4.00000   79   71   17.00000    3.00000  82.4%   314 3305s
 126776 66666 infeasible   74        17.00000    3.00000  82.4%   307 3377s
 130492 68348    3.00000   46  119   17.00000    3.00000  82.4%   303 3444s
 131314 68348    3.00000   37  139   17.00000    3.00000  82.4%   303 3445s
 133553 70666    3.00000   42  117   17.00000    3.00000  82.4%   302 3512s
H133915 70215                      14.0000000    3.00000  78.6%   302 3513s
 137947 71923 infeasible   40        14.00000    3.00000  78.6%   298 3575s
 141029 74811 infeasible   50        14.00000    3.00000  78.6%   297 3644s
 145241 74811    4.00000   50  118   14.00000    3.00000  78.6%   293 3645s
 145903 76306 infeasible  172        14.00000    3.00000  78.6%   293 3704s
 148600 78148    3.00000   48  120   14.00000    3.00000  78.6%   293 3763s
 152340 80643    4.32797   65  127   14.00000    3.00000  78.6%   291 3827s
 156931 82362    3.00000   42  165   14.00000    3.00000  78.6%   288 3883s
 160189 84126 infeasible   43        14.00000    3.00000  78.6%   286 3939s
 163611 86865    8.00000  104   40   14.00000    3.00000  78.6%   284 4000s
 168869 88771    5.00000   89   64   14.00000    3.00000  78.6%   280 4053s
 171959 91580    6.00000   89   90   14.00000    3.00000  78.6%   279 4117s
 176720 93178 infeasible   49        14.00000    3.00000  78.6%   275 4171s
 180022 94543 infeasible   80        14.00000    3.00000  78.6%   273 4219s
 182817 94543    3.00000   65   66   14.00000    3.00000  78.6%   273 4220s
 182935 97065    3.06818   70   76   14.00000    3.00000  78.6%   272 4276s
 187594 98635    3.00000   32  143   14.00000    3.00000  78.6%   269 4323s
 190743 100569    7.00000   77   62   14.00000    3.00000  78.6%   269 4375s
 193926 103371 infeasible   88        14.00000    3.00000  78.6%   267 4430s
 198919 105036    5.07078   80   81   14.00000    3.00000  78.6%   264 4478s
 201827 106961    3.00000   72   49   14.00000    3.00000  78.6%   263 4529s
 205602 109349    3.12101   66  141   14.00000    3.00000  78.6%   261 4580s
 210817 110739    4.00000   68   75   14.00000    3.00000  78.6%   257 4623s
 213705 112361    6.00000   78   57   14.00000    3.00000  78.6%   256 4669s
 216762 114755    9.00000  118   74   14.00000    3.00000  78.6%   255 4719s
 217643 114755 infeasible   37        14.00000    3.00000  78.6%   254 4720s
 221192 116151 infeasible   72        14.00000    3.00000  78.6%   253 4766s
 223960 117793 infeasible   50        14.00000    3.00000  78.6%   252 4814s
 225583 117793    3.00000   51  175   14.00000    3.00000  78.6%   251 4815s
 227633 119854    4.00000   74  131   14.00000    3.00000  78.6%   250 4866s
 232240 121268    4.04088   36  191   14.00000    3.00000  78.6%   248 4910s
 235210 122769 infeasible   74        14.00000    3.00000  78.6%   247 4957s
 238510 125041    4.00000   65   82   14.00000    3.00000  78.6%   246 5006s
 242801 126741    3.00000   42   69   14.00000    3.00000  78.6%   244 5053s
 246254 128512 infeasible   73        14.00000    3.00000  78.6%   243 5098s
 249176 130904 infeasible  104        14.00000    3.00000  78.6%   242 5148s
 254012 132381    7.00000  110   92   14.00000    3.00000  78.6%   240 5190s
 257036 133830 infeasible   69        14.00000    3.00000  78.6%   239 5235s
 260079 135588 infeasible   58        14.00000    3.00000  78.6%   238 5284s
 263985 137153    4.00217   89  154   14.00000    3.00000  78.6%   237 5327s
 267297 139283    4.00000   83   43   14.00000    3.00000  78.6%   236 5373s
 271782 140966 infeasible   87        14.00000    3.00000  78.6%   234 5415s
 275095 142681 infeasible   75        14.00000    3.00000  78.6%   233 5458s
 278525 144632    5.00000   82   61   14.00000    3.00000  78.6%   232 5503s
 282874 146148    5.00000   49   81   14.00000    3.00000  78.6%   231 5546s
 285755 147913    6.00000   82   84   14.00000    3.00000  78.6%   230 5591s
 288995 150169    3.00000   41   99   14.00000    3.00000  78.6%   229 5640s
 293300 151878    4.00000   79   68   14.00000    3.00000  78.6%   228 5684s
 296767 153548    4.00000   59  154   14.00000    3.00000  78.6%   227 5727s
 300004 155641    3.00000   66   55   14.00000    3.00000  78.6%   226 5776s
 304712 157210    3.00000   52   49   14.00000    3.00000  78.6%   224 5818s
 307870 158817    5.00000   95   65   14.00000    3.00000  78.6%   224 5860s
 311034 161017    3.00000   63   58   14.00000    3.00000  78.6%   223 5910s
 315539 162638    3.00000   55   75   14.00000    3.00000  78.6%   221 5952s
 318811 164312    5.00000   89  138   14.00000    3.00000  78.6%   221 5995s
 321910 166400 infeasible   97        14.00000    3.00000  78.6%   220 6044s
 326183 166400    3.00000   42   60   14.00000    3.00000  78.6%   219 6045s
 326312 167747 infeasible   88        14.00000    3.00000  78.6%   219 6083s
 329323 169294    7.00000  110   45   14.00000    3.00000  78.6%   219 6125s
 332689 170744    6.00000   80   46   14.00000    3.00000  78.6%   218 6169s
 336142 172917    3.00012   50  130   14.00000    3.00000  78.6%   217 6218s
 340948 174088 infeasible   54        14.00000    3.00000  78.6%   216 6257s
 343717 175603    3.00000   54   60   14.00000    3.00000  78.6%   216 6300s
 346749 176918    4.00000   69   67   14.00000    3.00000  78.6%   215 6343s
 349905 178925    3.00000   68   57   14.00000    3.00000  78.6%   215 6391s
 354542 180408    3.00000   48  158   14.00000    3.00000  78.6%   214 6433s
 357613 181993    5.00000   79   87   14.00000    3.00000  78.6%   214 6478s
 361207 183516    5.00000   75   63   14.00000    3.00000  78.6%   213 6523s
 364459 185607    5.00000   84   57   14.00000    3.00000  78.6%   213 6575s
 369306 186876    3.00000   42   51   14.00000    3.00000  78.6%   211 6616s
 372535 188469 infeasible   98        14.00000    3.00000  78.6%   211 6660s
 375786 190150    5.00000   73   75   14.00000    3.00000  78.6%   210 6706s
 379221 192277    5.69070   89   89   14.00000    3.00000  78.6%   210 6755s
 384043 193504    4.00000   69   41   14.00000    3.00000  78.6%   209 6795s
 387251 194871    4.00000   59   80   14.00000    3.00000  78.6%   208 6837s
 390530 196310    6.00000   92  179   14.00000    3.00000  78.6%   208 6881s
 393649 198030    3.00000   65   49   14.00000    3.00000  78.6%   208 6925s
 397268 200388 infeasible   84        14.00000    3.00000  78.6%   207 6973s
 402220 201800    9.00000  111   52   14.00000    3.00000  78.6%   206 7014s
 404517 201800   11.00000  130   71   14.00000    3.00000  78.6%   206 7015s
 405434 203279    3.00000   67   50   14.00000    3.00000  78.6%   205 7058s
 408795 204712    5.00000   85   47   14.00000    3.00000  78.6%   205 7101s
 412116 206792    3.00000   51   89   14.00000    3.00000  78.6%   205 7148s
 416892 208195    7.00000   94   63   14.00000    3.00000  78.6%   203 7188s
 419931 209594    9.00000  112   42   14.00000    3.00000  78.6%   203 7228s
 423097 210916 infeasible   73        14.00000    3.00000  78.6%   203 7270s
 426422 212469 infeasible   84        14.00000    3.00000  78.6%   203 7314s
 429901 214170    3.00000   64   49   14.00000    3.00000  78.6%   202 7359s
 433844 215538    5.00000   71   47   14.00000    3.00000  78.6%   202 7402s
 437151 217520    6.00000   85   91   14.00000    3.00000  78.6%   201 7452s
 441575 218809    3.00000   50  174   14.00000    3.00000  78.6%   200 7493s
 444869 220019    4.00000   71   59   14.00000    3.00000  78.6%   200 7534s
 447144 220019    4.00000   74   90   14.00000    3.00000  78.6%   200 7535s
 447824 221370 infeasible   81        14.00000    3.00000  78.6%   200 7580s
 451327 222741    3.00000   77   55   14.00000    3.00000  78.6%   200 7626s
 454919 224108    3.00000   67   56   14.00000    3.00000  78.6%   199 7672s
 458235 225802    7.00000  118   44   14.00000    3.00000  78.6%   199 7720s
 463245 227110 infeasible   75        14.00000    3.00000  78.6%   198 7762s
 466612 228546    3.00000   52   49   14.00000    3.00000  78.6%   198 7805s
 469815 229865    4.00000   85   70   14.00000    3.00000  78.6%   198 7847s
 473143 231204 infeasible   76        14.00000    3.00000  78.6%   198 7890s
 476859 233339   10.00000  114   35   14.00000    3.00000  78.6%   197 7937s
 481738 234474    3.00000   71   44   14.00000    3.00000  78.6%   196 7978s
 484797 235564    3.00000   60   53   14.00000    3.00000  78.6%   196 8018s
 487826 237058    4.00000   80   41   14.00000    3.00000  78.6%   196 8061s
 491279 238345    3.00000   55   64   14.00000    3.00000  78.6%   196 8104s
 494528 239761    3.33927   64  191   14.00000    3.00000  78.6%   196 8150s
 497908 241485    3.44432   57   90   14.00000    3.00000  78.6%   196 8197s
 502310 243011 infeasible   76        14.00000    3.00000  78.6%   195 8240s
 505831 244301    3.00000   48  104   14.00000    3.00000  78.6%   195 8286s
 509120 245610 infeasible   89        14.00000    3.00000  78.6%   195 8330s
 512314 247539    3.00000   40  157   14.00000    3.00000  78.6%   195 8382s
 517309 248737    5.00000   84   71   14.00000    3.00000  78.6%   194 8427s
 520221 249928    6.00000   85   86   14.00000    3.00000  78.6%   194 8472s
 523655 251267    4.00000   65   50   14.00000    3.00000  78.6%   194 8517s
 527133 252429    5.76907   76  109   14.00000    3.00000  78.6%   194 8561s
 530244 254346    6.00000   78   42   14.00000    3.00000  78.6%   194 8611s
 535378 255482 infeasible   81        14.00000    3.00000  78.6%   193 8653s
 538472 256582    3.00000   65   40   14.00000    3.00000  78.6%   193 8697s
 541349 257751    5.00000   65   53   14.00000    3.00000  78.6%   193 8742s
 544409 258946    4.00000   62   79   14.00000    3.00000  78.6%   193 8792s
 547752 260300 infeasible   68        14.00000    3.00000  78.6%   193 8838s
 551307 262470 infeasible   78        14.00000    3.00000  78.6%   193 8892s
 556428 263779    3.00000   61   90   14.00000    3.00000  78.6%   192 8937s
 559384 264983    4.00000   68   54   14.00000    3.00000  78.6%   192 8981s
 562241 266346    3.00000   35  272   14.00000    3.00000  78.6%   193 9027s
 565637 267763    3.00000   45  135   14.00000    3.00000  78.6%   192 9076s
 569344 269046 infeasible   70        14.00000    3.00000  78.6%   192 9127s
 572611 270334    4.00000   86   42   14.00000    3.00000  78.6%   192 9180s
 576060 272230    5.00000   71   55   14.00000    3.00000  78.6%   192 9235s
 580563 273471    4.53888   81   75   14.00000    3.00000  78.6%   192 9283s
 583464 274773    3.00000   61   55   14.00000    3.00000  78.6%   192 9332s
 587198 276387 infeasible   66        14.00000    3.00000  78.6%   192 9382s
 590830 278383 infeasible   50        14.00000    3.00000  78.6%   192 9435s
 595494 279668    3.00000   66   46   14.00000    3.00000  78.6%   192 9484s
 598456 281136    3.00000   43  101   14.00000    3.00000  78.6%   192 9535s
 601845 283244    3.00031   44  196   14.00000    3.00000  78.6%   192 9593s
 606663 284410 infeasible   90        14.00000    3.00000  78.6%   191 9637s
 609674 285786    4.00000   62   53   14.00000    3.00000  78.6%   191 9685s
 612551 287963    3.01121   51  156   14.00000    3.00000  78.6%   191 9744s
 617282 289198    4.00000   63   43   14.00000    3.00000  78.6%   191 9793s
 620233 290503    6.00000   86   78   14.00000    3.00000  78.6%   191 9841s
 623191 292419 infeasible   72        14.00000    3.00000  78.6%   191 9894s
 626280 292419    3.00000   37  129   14.00000    3.00000  78.6%   191 9895s
 627821 293666    7.00000  106   79   14.00000    3.00000  78.6%   191 9942s
 630764 294965    4.27340   45  145   14.00000    3.00000  78.6%   191 9992s
 634113 297052 infeasible   92        14.00000    3.00000  78.6%   191 10048s
 638749 298195 infeasible   88        14.00000    3.00000  78.6%   190 10098s
 641610 299708 infeasible   70        14.00000    3.00000  78.6%   190 10148s
 644947 301409    5.00000   74   56   14.00000    3.00000  78.6%   190 10203s
 648989 302632 infeasible   53        14.00000    3.00000  78.6%   190 10253s
 651825 304068    6.00000  108   76   14.00000    3.00000  78.6%   190 10305s
 654987 306011    3.00000   60   86   14.00000    3.00000  78.6%   191 10360s
 659996 307060 infeasible   63        14.00000    3.00000  78.6%   190 10405s
 662756 308007    4.00000   55   74   14.00000    3.00000  78.6%   190 10456s
 665734 309885    5.00000   85   54   14.00000    3.00000  78.6%   191 10512s
 670296 311004    4.00000   76   41   14.00000    3.00000  78.6%   191 10562s
 673028 312263    3.00000   64   80   14.00000    3.00000  78.6%   191 10614s
 676000 313567    6.64258   75  103   14.00000    3.00000  78.6%   191 10670s
 679435 315847   12.00000  122   50   14.00000    3.00000  78.6%   191 10731s
 684475 317044    4.27862   48  127   14.00000    3.00000  78.6%   191 10780s
 687335 318223 infeasible   71        14.00000    3.00000  78.6%   191 10835s
 690254 320219    3.00000   46  123   14.00000    3.00000  78.6%   191 10897s
 694890 321397    4.00000   62   85   14.00000    3.00000  78.6%   191 10948s
 697720 322575    4.00000   67   40   14.00000    3.00000  78.6%   192 11001s
 700820 324347    6.00000   50   64   14.00000    3.00000  78.6%   192 11060s
 705397 325410 infeasible   77        14.00000    3.00000  78.6%   192 11108s
 708112 326494    4.00000   47  109   14.00000    3.00000  78.6%   192 11160s
 711068 328538    3.03715   39  165   14.00000    3.00000  78.6%   192 11224s
 715849 329598 infeasible   35        14.00000    3.00000  78.6%   192 11275s
 718603 330784    4.00000   66  125   14.00000    3.00000  78.6%   193 11330s
 721442 332743    3.00000   50  172   14.00000    3.00000  78.6%   193 11394s
 724171 332743 infeasible   65        14.00000    3.00000  78.6%   193 11395s
 726000 333740 infeasible   48        14.00000    3.00000  78.6%   193 11444s
 728782 334857    3.00000   54  110   14.00000    3.00000  78.6%   194 11500s
 731695 336850    3.00000   48   93   14.00000    3.00000  78.6%   194 11569s
 736885 337922    7.00000  108   65   14.00000    3.00000  78.6%   194 11622s
 739335 339137    5.00000   79   41   14.00000    3.00000  78.6%   194 11680s
 742732 340515    4.00000   51   55   14.00000    3.00000  78.6%   195 11739s
 742804 340515    3.01081   78  171   14.00000    3.00000  78.6%   195 11740s
 746387 341581    3.12240   43  171   14.00000    3.00000  78.6%   195 11797s
 749207 343988    3.00000   49   94   14.00000    3.00000  78.6%   195 11865s
 754277 344982    3.00000   22  149   14.00000    3.00000  78.6%   195 11917s
 756751 346824    3.00000   32  164   14.00000    3.00000  78.6%   195 11984s
 761058 347934 infeasible   27        14.00000    3.00000  78.6%   196 12043s
 764246 349293    3.00000   44  113   14.00000    3.00000  78.6%   196 12108s
 767317 351348   12.00000  144   87   14.00000    3.00000  78.6%   196 12181s
 771944 352785    6.00000   80   42   14.00000    3.00000  78.6%   196 12244s
 774703 354062 infeasible   54        14.00000    3.00000  78.6%   197 12302s
 777828 356158 infeasible   53        14.00000    3.00000  78.6%   197 12376s
 782696 357259    3.00000   51  105   14.00000    3.00000  78.6%   197 12435s
 785530 358426    3.00000   34  141   14.00000    3.00000  78.6%   197 12495s
 788414 360614    3.27273   69   69   14.00000    3.00000  78.6%   198 12567s
 793576 361891 infeasible   65        14.00000    3.00000  78.6%   198 12627s
 796262 363527    3.00000   47  117   14.00000    3.00000  78.6%   198 12689s
 800023 365453    3.00000   43  127   14.00000    3.00000  78.6%   198 12754s
 804555 366615 infeasible   58        14.00000    3.00000  78.6%   198 12808s
 807076 368704    4.00000   51   98   14.00000    3.00000  78.6%   198 12878s
 811246 370026 infeasible   58        14.00000    3.00000  78.6%   198 12937s
 814450 371584    4.00000   75   41   14.00000    3.00000  78.6%   199 12994s
 817066 371584 infeasible   51        14.00000    3.00000  78.6%   199 12995s
 818052 373698    4.34834   54  170   14.00000    3.00000  78.6%   199 13057s
 823169 375136    5.00000   87   64   14.00000    3.00000  78.6%   198 13109s
 826225 376395 infeasible   49        14.00000    3.00000  78.6%   199 13165s
 828985 378618    4.00000   47  142   14.00000    3.00000  78.6%   199 13228s
 834125 380113 infeasible   81        14.00000    3.00000  78.6%   199 13280s
 837410 382083    3.00008   44  166   14.00000    3.00000  78.6%   199 13342s
 841673 383206    4.00000   72   72   14.00000    3.00000  78.6%   198 13394s
 844089 384525    4.00000   62   67   14.00000    3.00000  78.6%   199 13451s
 847290 386549    3.00056   63   96   14.00000    3.00000  78.6%   199 13511s
 851888 387903    4.00000   44  142   14.00000    3.00000  78.6%   199 13565s
 855203 389371    3.00000   54   53   14.00000    3.00000  78.6%   199 13619s
 856462 389371 infeasible   48        14.00000    3.00000  78.6%   199 13620s
 858832 391294    3.00000   48   49   14.00000    3.00000  78.6%   199 13678s
 863103 392517 infeasible   54        14.00000    3.00000  78.6%   198 13731s
 866582 393629    5.00000   80   55   14.00000    3.00000  78.6%   198 13784s
 869475 395569    5.00000   51   80   14.00000    3.00000  78.6%   198 13841s
 874064 396805    3.00213   57  145   14.00000    3.00000  78.6%   198 13892s
 877102 398873 infeasible   52        14.00000    3.00000  78.6%   198 13953s
 881369 400271    3.00000   37  122   14.00000    3.00000  78.6%   198 14003s
 884397 401531    3.00000   54   67   14.00000    3.00000  78.6%   198 14058s
 887755 403644    3.00000   61   57   14.00000    3.00000  78.6%   198 14117s
 892178 404911 infeasible   62        14.00000    3.00000  78.6%   198 14167s
 895141 406233    3.00000   72   50   14.00000    3.00000  78.6%   198 14223s
 898462 408130    3.00000   57   39   14.00000    3.00000  78.6%   198 14281s
 903292 409298 infeasible   67        14.00000    3.00000  78.6%   198 14334s
 906171 410740 infeasible   64        14.00000    3.00000  78.6%   198 14385s
 909555 412846    3.00000   50   55   14.00000    3.00000  78.6%   198 14441s
 914254 414186 infeasible   52        14.00000    3.00000  78.6%   197 14495s
 917399 415453    3.00000   45  122   14.00000    3.00000  78.6%   197 14548s
 920500 417292    3.00000   60   87   14.00000    3.00000  78.6%   197 14606s
 925049 418418    3.00000   57   73   14.00000    3.00000  78.6%   197 14654s
 925381 418418 infeasible   78        14.00000    3.00000  78.6%   197 14655s
 928101 419739    4.29624   51  235   14.00000    3.00000  78.6%   197 14705s
 931620 421570    3.00000   57   54   14.00000    3.00000  78.6%   197 14764s
 935205 421570    3.00000   68   64   14.00000    3.00000  78.6%   197 14765s
 936367 422805 infeasible   67        14.00000    3.00000  78.6%   197 14811s
 939495 424120    3.00000   60   42   14.00000    3.00000  78.6%   197 14860s
 942868 425957    4.00000   47   93   14.00000    3.00000  78.6%   196 14918s
 947425 427238    4.00000   60   65   14.00000    3.00000  78.6%   196 14964s
 950789 428503    3.00000   64   63   14.00000    3.00000  78.6%   196 15014s
 953706 428503 infeasible   58        14.00000    3.00000  78.6%   196 15015s
 954179 430074    3.00309   62  121   14.00000    3.00000  78.6%   196 15066s
 958612 431378    3.00000   49   81   14.00000    3.00000  78.6%   196 15114s
 961696 432717 infeasible   52        14.00000    3.00000  78.6%   195 15164s
 962770 432717    3.06854   67   98   14.00000    3.00000  78.6%   195 15165s
 965004 434653    3.08679   68  170   14.00000    3.00000  78.6%   195 15218s
 969735 435872    4.00000   66   83   14.00000    3.00000  78.6%   195 15264s
 972815 437198    3.00000   55   64   14.00000    3.00000  78.6%   195 15312s
 976364 438893    4.01699   67   88   14.00000    3.00000  78.6%   195 15362s
 980358 440026    4.00000   77   48   14.00000    3.00000  78.6%   194 15407s
 983711 441338    5.00000   73   30   14.00000    3.00000  78.6%   194 15456s
 986838 442731 infeasible   68        14.00000    3.00000  78.6%   194 15504s
 989927 444734    3.00000   57   51   14.00000    3.00000  78.6%   194 15557s
 994755 445949    3.00000   61   50   14.00000    3.00000  78.6%   194 15605s
 997742 447357    3.00000   69   52   14.00000    3.00000  78.6%   194 15661s
 1000986 449309    4.08873   60  200   14.00000    3.00000  78.6%   194 15714s
 1001375 449309    4.00000   66   75   14.00000    3.00000  78.6%   194 15715s
 1005362 450579 infeasible   92        14.00000    3.00000  78.6%   194 15762s
 1008284 451754    3.00000   38  109   14.00000    3.00000  78.6%   194 15809s
 1011020 453803    3.00000   57   55   14.00000    3.00000  78.6%   194 15867s
 1015242 455111    5.00000   77  122   14.00000    3.00000  78.6%   193 15916s
 1017875 456525 infeasible   52        14.00000    3.00000  78.6%   194 15971s
 1020971 458573    3.06116   43  134   14.00000    3.00000  78.6%   194 16030s
 1025725 459943    3.17517   61   69   14.00000    3.00000  78.6%   193 16079s
 1028735 461885    3.00000   36  175   14.00000    3.00000  78.6%   193 16140s
 1033234 463281 infeasible   66        14.00000    3.00000  78.6%   193 16189s
 1033681 463281 infeasible   57        14.00000    3.00000  78.6%   193 16190s
 1035914 464749    4.00000   50   91   14.00000    3.00000  78.6%   193 16248s
 1038694 467012    6.00029   45  127   14.00000    3.00000  78.6%   193 16311s
 1042461 468450    3.00000   31  103   14.00000    3.00000  78.6%   193 16368s
 1045195 470492    4.00000   77   52   14.00000    3.00000  78.6%   193 16434s
 1048845 471915    3.00000   36  172   14.00000    3.00000  78.6%   194 16489s
 1051746 473418    3.00000   29  166   14.00000    3.00000  78.6%   194 16550s
 1054926 475490 infeasible   44        14.00000    3.00000  78.6%   194 16620s
 1059491 477083 infeasible  106        14.00000    3.00000  78.6%   194 16688s
 1062585 479167    3.00000   32  115   14.00000    3.00000  78.6%   194 16754s
 1066933 480434    3.00000   40  111   14.00000    3.00000  78.6%   194 16809s
 1068602 480434 infeasible   88        14.00000    3.00000  78.6%   194 16810s
 1069683 482018 infeasible   71        14.00000    3.00000  78.6%   194 16868s
 1072870 484266    4.00000   74   49   14.00000    3.00000  78.6%   194 16934s
 1077307 485643    3.00000   57   66   14.00000    3.00000  78.6%   194 16994s
 1080082 487704    3.23165   66   79   14.00000    3.00000  78.6%   194 17058s
 1084617 489096    9.00000   70  107   14.00000    3.00000  78.6%   194 17118s
 1087888 490586    4.00000   61   46   14.00000    3.00000  78.6%   194 17177s
 1091200 492504    4.17243   64  142   14.00000    3.00000  78.6%   194 17243s
 1095149 493982    5.12652   88  193   14.00000    3.00000  78.6%   195 17307s
 1098312 496158    5.00000   56   68   14.00000    3.00000  78.6%   195 17372s
 1102863 497395    4.00000   53  132   14.00000    3.00000  78.6%   195 17428s
 1105713 499193    3.00000   61   65   14.00000    3.00000  78.6%   195 17488s
 1109355 500496    4.00000   71   48   14.00000    3.00000  78.6%   195 17547s
 1112261 502731    4.00000   45  149   14.00000    3.00000  78.6%   195 17617s
 1116684 504366 infeasible   59        14.00000    3.00000  78.6%   195 17678s
 1119537 506852    4.00000   47  104   14.00000    3.00000  78.6%   195 17749s
 1123890 508422    3.41351   64   88   14.00000    3.00000  78.6%   195 17806s
 1126324 511083    3.00000   51  136   14.00000    3.00000  78.6%   196 17875s
 1130930 512748    6.00000   73   45   14.00000    3.00000  78.6%   196 17939s
 1134149 515173    5.00000   78  121   14.00000    3.00000  78.6%   196 18008s
 1138617 516751 infeasible   91        14.00000    3.00000  78.6%   196 18063s
 1141876 518882    7.00000   87   89   14.00000    3.00000  78.6%   196 18127s
 1146337 520524 infeasible   56        14.00000    3.00000  78.6%   196 18183s
 1149482 522194    3.00000   38  126   14.00000    3.00000  78.6%   196 18240s
 1152830 524522 infeasible   77        14.00000    3.00000  78.6%   196 18304s
 1157908 525806    3.00000   55   68   14.00000    3.00000  78.6%   196 18355s
 1160917 527720    3.00000   40  155   14.00000    3.00000  78.6%   196 18419s
 1163696 527720 infeasible   60        14.00000    3.00000  78.6%   196 18420s
 1165060 529263    3.00000   35  176   14.00000    3.00000  78.6%   196 18475s
 1167867 531623    3.00000   65   52   14.00000    3.00000  78.6%   196 18537s
 1172288 532937    4.00000   74   65   14.00000    3.00000  78.6%   196 18595s
 1175121 534403    3.00000   60   60   14.00000    3.00000  78.6%   196 18650s
 1178373 536628 infeasible   85        14.00000    3.00000  78.6%   196 18711s
 1183275 538332 infeasible   59        14.00000    3.00000  78.6%   196 18762s
 1186826 540352 infeasible   81        14.00000    3.00000  78.6%   196 18820s
 1191466 541588    3.00000   53   98   14.00000    3.00000  78.6%   196 18868s
 1194394 543011    4.24952   59  117   14.00000    3.00000  78.6%   196 18918s
 1197733 544935 infeasible   70        14.00000    3.00000  78.6%   196 19000s
 1202092 546158    3.00000   43   85   14.00000    3.00000  78.6%   196 19050s
 1204810 548132 infeasible   61        14.00000    3.00000  78.6%   196 19109s
 1209220 549365    3.00000   54   54   14.00000    3.00000  78.6%   196 19163s
 1211800 551429 infeasible   89        14.00000    3.00000  78.6%   196 19220s
 1216285 552749 infeasible   54        14.00000    3.00000  78.6%   196 19273s
 1219211 554802    3.00000   38  159   14.00000    3.00000  78.6%   196 19330s
 1222901 556190 infeasible   56        14.00000    3.00000  78.6%   196 19388s
 1225830 557580 infeasible   48        14.00000    3.00000  78.6%   196 19444s
 1229459 559863    5.02330   52  193   14.00000    3.00000  78.6%   196 19505s
 1233520 561200    4.00000   60   38   14.00000    3.00000  78.6%   196 19564s
 1236356 563198    5.00000   63  140   14.00000    3.00000  78.6%   196 19624s
 1236569 563198    3.21423   47  315   14.00000    3.00000  78.6%   196 19625s
 1240599 564586    3.00000   60   68   14.00000    3.00000  78.6%   196 19677s
 1243528 566544    5.00000   61   82   14.00000    3.00000  78.6%   196 19736s
 1247829 568095 infeasible   66        14.00000    3.00000  78.6%   196 19793s
 1250644 570578    6.00000   77   78   14.00000    3.00000  78.6%   196 19856s
 1255220 571867 infeasible   83        14.00000    3.00000  78.6%   196 19905s
 1258100 573451    3.00000   36  151   14.00000    3.00000  78.6%   196 19959s
 1258224 573451    8.00000  106   65   14.00000    3.00000  78.6%   196 19960s
 1260976 575697    5.00000   73   52   14.00000    3.00000  78.6%   196 20023s
 1265994 577204    8.00000  122   73   14.00000    3.00000  78.6%   196 20077s
 1269180 579316    4.00000   86   38   14.00000    3.00000  78.6%   196 20134s
 1270653 579316    3.00000   60   74   14.00000    3.00000  78.6%   196 20135s
 1273315 580797    4.00000   57  108   14.00000    3.00000  78.6%   196 20185s
 1276236 582887 infeasible   44        14.00000    3.00000  78.6%   196 20245s
 1280699 584504 infeasible   49        14.00000    3.00000  78.6%   196 20297s
 1283872 586540    8.00000   94   87   14.00000    3.00000  78.6%   196 20353s
 1288114 587969    3.00000   66   72   14.00000    3.00000  78.6%   195 20407s
 1291084 589571    3.00000   73   42   14.00000    3.00000  78.6%   195 20459s
 1294438 591763    3.00000   52   73   14.00000    3.00000  78.6%   195 20517s
 1298673 593277    3.00000   32  234   14.00000    3.00000  78.6%   195 20568s
 1301880 594818    4.00000   83   97   14.00000    3.00000  78.6%   195 20624s
 1304611 594818    7.00000   89   73   14.00000    3.00000  78.6%   195 20625s
 1305302 596949    4.00000   81   34   14.00000    3.00000  78.6%   195 20682s
 1310029 598562 infeasible   64        14.00000    3.00000  78.6%   195 20730s
 1313362 600372    3.00000   64   50   14.00000    3.00000  78.6%   195 20783s
 1317777 601808    3.00000   59   62   14.00000    3.00000  78.6%   195 20829s
 1317956 601808 infeasible   71        14.00000    3.00000  78.6%   195 20830s
 1320823 603387 infeasible   68        14.00000    3.00000  78.6%   195 20881s
 1323942 605362    3.09645   62  271   14.00000    3.00000  78.6%   195 20937s
 1328604 606847 infeasible   67        14.00000    3.00000  78.6%   195 20984s
 1331684 608263 infeasible   55        14.00000    3.00000  78.6%   195 21033s
 1334889 610269 infeasible   82        14.00000    3.00000  78.6%   195 21086s
 1339363 611706    3.00000   32  124   14.00000    3.00000  78.6%   195 21132s
 1342587 613097    4.00001   42  105   14.00000    3.00000  78.6%   195 21182s
 1345844 615026    5.00000   83   81   14.00000    3.00000  78.6%   194 21237s
 1350391 616363    5.00000   63  102   14.00000    3.00000  78.6%   194 21282s
 1353711 617856    4.00000   64   95   14.00000    3.00000  78.6%   194 21330s
 1356933 619696    4.00000   79   80   14.00000    3.00000  78.6%   194 21385s
 1361668 621110 infeasible   74        14.00000    3.00000  78.6%   194 21427s
 1364770 622508    5.23676   84   76   14.00000    3.00000  78.6%   194 21474s
 1367824 624092 infeasible   75        14.00000    3.00000  78.6%   194 21523s
 1371406 625537    3.00000   50  132   14.00000    3.00000  78.6%   194 21571s
 1375073 627228    3.02273   55   84   14.00000    3.00000  78.6%   194 21621s
 1379382 628647    4.00000   65  123   14.00000    3.00000  78.6%   194 21667s
 1382676 630036    4.00000   49  148   14.00000    3.00000  78.6%   194 21713s
 1385429 631433    3.00000   70   62   14.00000    3.00000  78.6%   194 21762s
 1388753 633312    4.00000   86   40   14.00000    3.00000  78.6%   194 21814s
 1392913 634671    7.00000   77   43   14.00000    3.00000  78.6%   194 21863s
 1396455 635932   10.00000  139   37   14.00000    3.00000  78.6%   194 21910s
 1399452 638172    5.00000   73   66   14.00000    3.00000  78.6%   194 21966s
 1404392 639698 infeasible   80        14.00000    3.00000  78.6%   193 22013s
 1407823 641171    3.00000   64   60   14.00000    3.00000  78.6%   193 22061s
 1411436 642582    3.00000   68   47   14.00000    3.00000  78.6%   193 22108s
 1414570 644013    5.00000   78   48   14.00000    3.00000  78.6%   193 22157s
 1418046 645622    3.00000   55   54   14.00000    3.00000  78.6%   193 22206s
 1421858 647280    3.00000   30  175   14.00000    3.00000  78.6%   193 22258s
 1426825 648401 infeasible   75        14.00000    3.00000  78.6%   193 22301s
 1430211 649863    8.00000   99   39   14.00000    3.00000  78.6%   193 22346s
 1433627 651278    3.00000   69   60   14.00000    3.00000  78.6%   193 22391s
 1437106 652607    3.00000   61   56   14.00000    3.00000  78.6%   193 22437s
 1440215 654182    4.00010   73   85   14.00000    3.00000  78.6%   193 22485s
 1443938 655496    4.00000   77   49   14.00000    3.00000  78.6%   193 22534s
 1447325 656710 infeasible   70        14.00000    3.00000  78.6%   192 22584s
 1450911 658039 infeasible   80        14.00000    3.00000  78.6%   192 22633s
 1454452 659319    6.00000   77   53   14.00000    3.00000  78.6%   192 22684s
 1457836 660779    3.00000   69   55   14.00000    3.00000  78.6%   192 22738s
 1461283 662193    3.00000   71   71   14.00000    3.00000  78.6%   192 22789s
 1464832 663714 infeasible   70        14.00000    3.00000  78.6%   192 22840s
 1468436 665696 infeasible   80        14.00000    3.00000  78.6%   192 22894s
 1469325 665696    3.00000   86   42   14.00000    3.00000  78.6%   192 22895s
 1473403 667092    3.00000   67   69   14.00000    3.00000  78.6%   192 22939s
 1476890 668478    3.00000   69   50   14.00000    3.00000  78.6%   192 22987s
 1480361 669942    9.00000  134   38   14.00000    3.00000  78.6%   192 23033s
 1483837 671308 infeasible   73        14.00000    3.00000  78.6%   192 23080s
 1487102 672671    5.00000   92   39   14.00000    3.00000  78.6%   192 23128s
 1490608 674470    5.00000   81   66   14.00000    3.00000  78.6%   192 23180s
 1495433 675756    3.00000   71   66   14.00000    3.00000  78.6%   191 23227s
 1498869 676800    3.00098   73   76   14.00000    3.00000  78.6%   191 23271s
 1501519 678017    3.00000   70   47   14.00000    3.00000  78.6%   192 23319s
 1504774 679426    3.00000   64   46   14.00000    3.00000  78.6%   192 23366s
 1508317 681060 infeasible   72        14.00000    3.00000  78.6%   191 23416s
 1512082 682523    3.00000   76   61   14.00000    3.00000  78.6%   191 23464s
 1515257 683806 infeasible   98        14.00000    3.00000  78.6%   191 23516s
 1518926 685060    3.00000   75   49   14.00000    3.00000  78.6%   191 23568s
 1522335 686506    3.00000   65   56   14.00000    3.00000  78.6%   191 23621s
 1526006 687795 infeasible   40        14.00000    3.00000  78.6%   191 23671s
 1529497 689162 infeasible   84        14.00000    3.00000  78.6%   191 23722s
 1533240 690601 infeasible   75        14.00000    3.00000  78.6%   191 23777s
 1537178 691810    3.00000   69   60   14.00000    3.00000  78.6%   191 23825s
 1540940 693154    9.00000   93   78   14.00000    3.00000  78.6%   191 23874s
 1544283 694564    3.06061   68   72   14.00000    3.00000  78.6%   191 23925s
 1548210 696007    4.00000   79   91   14.00000    3.00000  78.6%   191 23974s
 1548750 696007    4.00000   63   58   14.00000    3.00000  78.6%   191 23975s
 1551813 697381    3.00000   52   86   14.00000    3.00000  78.6%   191 24025s
 1555605 698861    4.00538   78  114   14.00000    3.00000  78.6%   191 24076s
 1559598 700192    8.00000   95   40   14.00000    3.00000  78.6%   191 24126s
 1563219 701563    4.00000   73   60   14.00000    3.00000  78.6%   191 24172s
 1566729 702868 infeasible   78        14.00000    3.00000  78.6%   191 24220s
 1570110 704246    3.00000   75   42   14.00000    3.00000  78.6%   191 24269s
 1573547 705687    3.00000   68  102   14.00000    3.00000  78.6%   191 24320s
 1576881 707064    8.13560  111   66   14.00000    3.00000  78.6%   191 24374s
 1580236 708443    3.00000   69   58   14.00000    3.00000  78.6%   191 24427s
 1583667 710288    5.00000   79   72   14.00000    3.00000  78.6%   191 24484s
 1588872 711511 infeasible   73        14.00000    3.00000  78.6%   191 24530s
 1592353 712724    3.00000   78   49   14.00000    3.00000  78.6%   190 24577s
 1595843 713972    9.00000   72   87   14.00000    3.00000  78.6%   190 24625s
 1599603 715368    4.00000   71   93   14.00000    3.00000  78.6%   190 24672s
 1603158 716863    5.00000   81   42   14.00000    3.00000  78.6%   190 24724s
 1605079 716863 infeasible   71        14.00000    3.00000  78.6%   190 24725s
 1606654 718280    4.00000   68  116   14.00000    3.00000  78.6%   190 24774s
 1610338 719623    3.00000   70   41   14.00000    3.00000  78.6%   190 24822s
 1613667 720843    4.00000   86   60   14.00000    3.00000  78.6%   190 24871s
 1617010 722013 infeasible   68        14.00000    3.00000  78.6%   190 24918s
 1620185 723420 infeasible  100        14.00000    3.00000  78.6%   190 24969s
 1620666 723420    3.00000   81   43   14.00000    3.00000  78.6%   190 24970s
 1623876 724663    7.00000  108   56   14.00000    3.00000  78.6%   190 25020s
 1627499 726093 infeasible   87        14.00000    3.00000  78.6%   190 25072s
 1631159 727411    3.00000   72   47   14.00000    3.00000  78.6%   190 25126s
 1634733 728781 infeasible   84        14.00000    3.00000  78.6%   190 25179s
 1638737 730085    4.00000   82   81   14.00000    3.00000  78.6%   190 25227s
 1642189 731252 infeasible   85        14.00000    3.00000  78.6%   190 25279s
 1645238 732604    4.00000   50  123   14.00000    3.00000  78.6%   190 25333s
 1648926 734658    6.51999   84   59   14.00000    3.00000  78.6%   190 25392s
 1654127 735743 infeasible  119        14.00000    3.00000  78.6%   190 25440s
 1657300 736999 infeasible   82        14.00000    3.00000  78.6%   190 25489s
 1660780 738147    3.00000   57   53   14.00000    3.00000  78.6%   190 25540s
 1664303 739582    3.00000   74   65   14.00000    3.00000  78.6%   190 25590s
 1668218 740959 infeasible   70        14.00000    3.00000  78.6%   190 25639s
 1671698 742404    5.00000   77   90   14.00000    3.00000  78.6%   190 25689s
 1672706 742404    7.00000   96   69   14.00000    3.00000  78.6%   190 25690s
 1675089 743890    3.00000   73   42   14.00000    3.00000  78.6%   190 25740s
 1678499 745399    3.00000   72   49   14.00000    3.00000  78.6%   190 25794s
 1682098 747079    3.00000   64   71   14.00000    3.00000  78.6%   190 25848s
 1687220 748322    5.00000   94   40   14.00000    3.00000  78.6%   189 25895s
 1690491 749422 infeasible   80        14.00000    3.00000  78.6%   189 25942s
 1693833 750781 infeasible  100        14.00000    3.00000  78.6%   189 25990s
 1697035 752231    6.00000  103   64   14.00000    3.00000  78.6%   189 26039s
 1699614 752231    3.00000   70   40   14.00000    3.00000  78.6%   189 26040s
 1700432 753455    6.00000   89   74   14.00000    3.00000  78.6%   189 26090s
 1703618 754937    3.00000   58   59   14.00000    3.00000  78.6%   189 26149s
 1707215 756850    4.00000   82   55   14.00000    3.00000  78.6%   189 26207s
 1712350 758017 infeasible   68        14.00000    3.00000  78.6%   189 26252s
 1715405 759322 infeasible   87        14.00000    3.00000  78.6%   189 26301s
 1718643 760699    5.00000   91   42   14.00000    3.00000  78.6%   189 26351s
 1722088 762016 infeasible   75        14.00000    3.00000  78.6%   189 26403s
 1725626 763820    4.00000   71   74   14.00000    3.00000  78.6%   189 26458s
 1730437 764833 infeasible   66        14.00000    3.00000  78.6%   189 26503s
 1733611 766056    5.00000   87   58   14.00000    3.00000  78.6%   189 26551s
 1736992 767216    3.11348   76  206   14.00000    3.00000  78.6%   189 26600s
 1740098 769200    3.00000   62   63   14.00000    3.00000  78.6%   189 26657s
 1744958 770510 infeasible   66        14.00000    3.00000  78.6%   189 26703s
 1748027 771784 infeasible   52        14.00000    3.00000  78.6%   189 26753s
 1751358 772993 infeasible   55        14.00000    3.00000  78.6%   189 26802s
 1754465 774631 infeasible   73        14.00000    3.00000  78.6%   189 26860s
 1758824 775898    3.02124   74   92   14.00000    3.00000  78.6%   189 26906s
 1762166 777111 infeasible   83        14.00000    3.00000  78.6%   189 26956s
 1765253 779080    3.00463   60  112   14.00000    3.00000  78.6%   189 27013s
 1770013 780372    4.00000   81   41   14.00000    3.00000  78.6%   188 27061s
 1772942 781811 infeasible   65        14.00000    3.00000  78.6%   188 27109s
 1776403 783797    4.00000   69   83   14.00000    3.00000  78.6%   188 27163s
 1781079 785235 infeasible   47        14.00000    3.00000  78.6%   188 27209s
 1784537 786594    3.00000   63   86   14.00000    3.00000  78.6%   188 27256s
 1787805 788203    3.00000   63   96   14.00000    3.00000  78.6%   188 27304s
 1791634 789612 infeasible   84        14.00000    3.00000  78.6%   188 27353s
 1794987 791566 infeasible   77        14.00000    3.00000  78.6%   188 27407s
 1799505 792919 infeasible   69        14.00000    3.00000  78.6%   188 27453s
 1802606 794139    5.63725   86   73   14.00000    3.00000  78.6%   188 27500s
 1805910 796149 infeasible   81        14.00000    3.00000  78.6%   188 27553s
 1811123 797629    3.00000   29  167   14.00000    3.00000  78.6%   188 27598s
 1814022 799072 infeasible  132        14.00000    3.00000  78.6%   187 27644s
 1817071 800983    3.00000   32  214   14.00000    3.00000  78.6%   187 27698s
 1821364 802303 infeasible   82        14.00000    3.00000  78.6%   187 27744s
 1824226 803734    5.00000   51  135   14.00000    3.00000  78.6%   187 27794s
 1827639 805981    3.00000   46  116   14.00000    3.00000  78.6%   187 27848s
 1832286 807278    5.00000   69   76   14.00000    3.00000  78.6%   187 27893s
 1835265 808532    3.00000   74   37   14.00000    3.00000  78.6%   187 27939s
 1838305 810589    4.00000   50  119   14.00000    3.00000  78.6%   187 27992s
 1842939 812049 infeasible   66        14.00000    3.00000  78.6%   187 28038s
 1846071 813355    4.00000   73   54   14.00000    3.00000  78.6%   187 28086s
 1849283 815518 infeasible   80        14.00000    3.00000  78.6%   187 28140s
 1854069 816786 infeasible   88        14.00000    3.00000  78.6%   187 28186s
 1856775 818245    3.00000   35  194   14.00000    3.00000  78.6%   187 28238s
 1859920 820205    3.03945   70  128   14.00000    3.00000  78.6%   187 28295s
 1864081 821457    4.43401   67   69   14.00000    3.00000  78.6%   186 28343s
 1867046 822983 infeasible   77        14.00000    3.00000  78.6%   186 28392s
 1870694 824892    3.00000   51   67   14.00000    3.00000  78.6%   186 28445s
 1874908 826283    3.00000   51   51   14.00000    3.00000  78.6%   186 28494s
 1878283 828252    3.00000   65   50   14.00000    3.00000  78.6%   186 28548s
 1882345 829478    5.00000   62  149   14.00000    3.00000  78.6%   186 28600s
 1885271 830918    6.26407   82   75   14.00000    3.00000  78.6%   186 28651s
 1888689 832896    3.00000   42  161   14.00000    3.00000  78.6%   186 28707s
 1892728 834385 infeasible   51        14.00000    3.00000  78.6%   186 28755s
 1895842 836247    4.00000   75   86   14.00000    3.00000  78.6%   186 28800s

Cutting planes:
  Learned: 187
  Gomory: 23
  Lift-and-project: 30
  Cover: 4
  Implied bound: 91
  Clique: 2
  MIR: 286
  Flow cover: 1059
  Zero half: 7
  RLT: 372
  Relax-and-lift: 29

Explored 1900143 nodes (353792526 simplex iterations) in 28800.49 seconds (7503.33 work units)
Thread count was 24 (of 24 available processors)

Solution count 2: 14 17 

Time limit reached
Best objective 1.400000000000e+01, best bound 3.000000000000e+00, gap 78.5714%
