
Gurobi 10.0.1 (linux64) logging started Thu Jul 27 05:06:17 2023

Set parameter LogFile to value "Reales_ph_0.1.log"
Gurobi Optimizer version 10.0.1 build v10.0.1rc0 (linux64)

CPU model: AMD Opteron(tm) Processor 6174, instruction set [SSE2]
Thread count: 24 physical cores, 24 logical processors, using up to 24 threads

Optimize a model with 30176 rows, 16845 columns and 93413 nonzeros
Model fingerprint: 0x9318d2cb
Model has 9535 quadratic constraints
Variable types: 5462 continuous, 11383 integer (11340 binary)
Coefficient statistics:
  Matrix range     [1e-02, 1e+04]
  QMatrix range    [1e+00, 1e+00]
  QLMatrix range   [1e+00, 6e+00]
  Objective range  [1e+00, 1e+00]
  Bounds range     [1e+00, 1e+00]
  RHS range        [5e-01, 1e+04]
Presolve removed 11431 rows and 3657 columns
Presolve time: 0.80s
Presolved: 24206 rows, 14952 columns, 89243 nonzeros
Presolved model has 4746 quadratic constraint(s)
Presolved model has 1806 bilinear constraint(s)
Variable types: 5335 continuous, 9617 integer (9574 binary)

Root relaxation: objective 1.000000e+00, 1912 iterations, 0.19 seconds (0.07 work units)

    Nodes    |    Current Node    |     Objective Bounds      |     Work
 Expl Unexpl |  Obj  Depth IntInf | Incumbent    BestBd   Gap | It/Node Time

     0     0    1.00000    0   50          -    1.00000      -     -    1s
     0     0    1.00000    0   48          -    1.00000      -     -    3s
     0     0    1.00000    0   55          -    1.00000      -     -    4s
     0     0    1.00000    0   44          -    1.00000      -     -    7s
     0     0    2.00000    0   57          -    2.00000      -     -    9s
     0     0    2.00000    0   29          -    2.00000      -     -    9s
     0     0    2.00000    0   33          -    2.00000      -     -   10s
     0     0    2.00000    0   87          -    2.00000      -     -   11s
     0     0    2.00000    0   94          -    2.00000      -     -   11s
     0     0    2.00000    0   28          -    2.00000      -     -   12s
     0     0    2.00000    0   38          -    2.00000      -     -   12s
     0     0    2.00000    0   30          -    2.00000      -     -   13s
     0     0    2.00000    0   35          -    2.00000      -     -   14s
     0     0    2.00000    0   30          -    2.00000      -     -   15s
     0     0    2.00000    0   32          -    2.00000      -     -   15s
     0     0    2.00000    0   38          -    2.00000      -     -   16s
     0     0    2.00000    0   35          -    2.00000      -     -   17s
     0     0    2.00000    0   35          -    2.00000      -     -   18s
     0     0    2.00000    0   31          -    2.00000      -     -   18s
     0     0    2.00000    0   44          -    2.00000      -     -   19s
     0     0    2.00000    0   36          -    2.00000      -     -   20s
     0     0    2.00000    0   36          -    2.00000      -     -   21s
     0     0    2.00000    0   34          -    2.00000      -     -   22s
     0     0    2.00000    0   40          -    2.00000      -     -   23s
     0     0    2.00000    0   31          -    2.00000      -     -   23s
     0     0    2.00000    0   33          -    2.00000      -     -   24s
     0     0    2.00000    0   34          -    2.00000      -     -   25s
     0     0    2.00000    0   37          -    2.00000      -     -   26s
     0     0    2.00000    0   34          -    2.00000      -     -   27s
     0     0    2.00000    0   36          -    2.00000      -     -   27s
     0     0    2.00000    0   35          -    2.00000      -     -   28s
     0     0    2.00000    0   42          -    2.00000      -     -   28s
     0     0    2.00000    0   44          -    2.00000      -     -   28s
     0     0    2.00000    0   39          -    2.00000      -     -   29s
     0     0    2.00000    0   37          -    2.00000      -     -   29s
     0     0    2.00000    0   40          -    2.00000      -     -   30s
     0     0    2.00000    0   38          -    2.00000      -     -   30s
     0     0    2.00000    0   39          -    2.00000      -     -   31s
     0     0    2.00000    0   44          -    2.00000      -     -   31s
     0     0    2.00000    0   43          -    2.00000      -     -   32s
     0     0    2.00000    0   40          -    2.00000      -     -   32s
     0     0    2.00000    0   41          -    2.00000      -     -   33s
     0     0    2.00000    0   44          -    2.00000      -     -   33s
     0     0    2.00000    0   42          -    2.00000      -     -   34s
     0     0    2.00000    0   35          -    2.00000      -     -   35s
     0     0    2.00000    0   34          -    2.00000      -     -   36s
     0     0    2.00000    0   34          -    2.00000      -     -   36s
     0     0    2.00000    0   34          -    2.00000      -     -   37s
     0     0    2.00000    0   35          -    2.00000      -     -   38s
     0     0    2.00000    0   36          -    2.00000      -     -   39s
     0     0    2.00000    0   44          -    2.00000      -     -   39s
     0     0    2.00000    0   44          -    2.00000      -     -   40s
     0     0    2.00000    0   44          -    2.00000      -     -   40s
     0     0    2.00000    0   38          -    2.00000      -     -   41s
     0     0    2.00000    0   39          -    2.00000      -     -   41s
     0     0    2.00000    0   41          -    2.00000      -     -   41s
     0     0    2.00000    0   40          -    2.00000      -     -   42s
     0     0    2.00000    0   40          -    2.00000      -     -   42s
     0     0    2.00000    0   44          -    2.00000      -     -   42s
     0     0    2.00000    0   44          -    2.00000      -     -   42s
     0     0    2.00000    0   42          -    2.00000      -     -   43s
     0     0    2.00000    0   44          -    2.00000      -     -   44s
     0     0    2.00000    0   42          -    2.00000      -     -   44s
     0     0    2.00000    0   38          -    2.00000      -     -   45s
     0     0    2.00000    0   38          -    2.00000      -     -   45s
     0     0    2.00000    0   44          -    2.00000      -     -   46s
     0     0    2.00000    0   39          -    2.00000      -     -   46s
     0     0    2.00000    0   40          -    2.00000      -     -   46s
     0     0    2.00000    0   41          -    2.00000      -     -   47s
     0     0    2.00000    0   38          -    2.00000      -     -   47s
     0     0    2.00000    0   39          -    2.00000      -     -   48s
     0     0    2.00000    0   39          -    2.00000      -     -   48s
     0     0    2.00000    0   41          -    2.00000      -     -   49s
     0     0    2.00000    0   41          -    2.00000      -     -   49s
     0     0    2.00000    0   37          -    2.00000      -     -   50s
     0     0    2.00000    0   40          -    2.00000      -     -   50s
     0     0    2.00000    0   38          -    2.00000      -     -   50s
     0     0    2.00000    0   39          -    2.00000      -     -   51s
     0     0    2.00000    0   37          -    2.00000      -     -   51s
     0     0    2.00000    0   39          -    2.00000      -     -   51s
     0     0    2.00000    0   44          -    2.00000      -     -   52s
     0     0    2.00000    0   42          -    2.00000      -     -   53s
     0     0    2.00000    0   42          -    2.00000      -     -   53s
     0     0    2.00000    0   42          -    2.00000      -     -   54s
     0     0    2.00000    0   39          -    2.00000      -     -   54s
     0     0    2.00000    0   44          -    2.00000      -     -   55s
     0     0    2.00000    0   44          -    2.00000      -     -   55s
     0     0    2.00000    0   41          -    2.00000      -     -   55s
     0     0    2.00000    0   42          -    2.00000      -     -   56s
     0     0    2.00000    0   44          -    2.00000      -     -   56s
     0     0    2.00000    0   39          -    2.00000      -     -   56s
     0     0    2.00000    0   43          -    2.00000      -     -   57s
     0     0    2.00000    0   39          -    2.00000      -     -   57s
     0     0    2.00000    0   44          -    2.00000      -     -   58s
     0     0    2.00000    0   44          -    2.00000      -     -   58s
     0     0    2.00000    0   39          -    2.00000      -     -   58s
     0     0    2.00000    0   41          -    2.00000      -     -   59s
     0     0    2.00000    0   41          -    2.00000      -     -   59s
     0     0    2.00000    0   42          -    2.00000      -     -   60s
     0     0    2.00000    0   44          -    2.00000      -     -   60s
     0     0    2.00000    0   44          -    2.00000      -     -   60s
     0     0    2.00000    0   40          -    2.00000      -     -   61s
     0     0    2.00000    0   40          -    2.00000      -     -   61s
     0     0    2.00000    0   44          -    2.00000      -     -   62s
     0     0    2.00000    0   41          -    2.00000      -     -   62s
     0     0    2.00000    0   43          -    2.00000      -     -   62s
     0     0    2.00000    0   41          -    2.00000      -     -   62s
     0     0    2.00000    0   43          -    2.00000      -     -   64s
     0     2    3.00000    0   43          -    3.00000      -     -   66s
    25    48    3.00000    5  166          -    3.00000      -   562   70s
   166   256    3.00000   11   82          -    3.00000      -   844   75s
   257   597    3.00000   17   75          -    3.00000      -   835   96s
   611  1287    3.00000   27   59          -    3.00000      -   568  194s
  1413  2088    3.00000   42  103          -    3.00000      -   395  266s
  2453  4925    3.00000   47  112          -    3.00000      -   368  295s
  6871  4926    3.00000   22    0          -    3.00000      -   307  324s
  6873  4927    3.00000   39    2          -    3.00000      -   307  328s
  6874  4928    3.00000   38   20          -    3.00000      -   307  332s
  6875  4929    3.00000   45    0          -    3.00000      -   306  336s
  6879  4936    3.00000   12   42          -    3.00000      -   308  340s
  7027  5055    3.00000   18   40          -    3.00000      -   302  349s
  7051  5081    3.00000   18   41          -    3.00000      -   303  350s
  7454  5882    3.00000   30   39          -    3.00000      -   296  358s
  8071  6695 infeasible   41               -    3.00000      -   285  365s
H 8888  6176                       2.0000000    2.00000  0.00%   273  365s

Cutting planes:
  Learned: 18
  Implied bound: 10
  MIR: 15
  Flow cover: 4
  RLT: 22

Explored 9326 nodes (2740948 simplex iterations) in 365.18 seconds (83.37 work units)
Thread count was 24 (of 24 available processors)

Solution count 1: 2 

Optimal solution found (tolerance 1.00e-04)
Best objective 2.000000000000e+00, best bound 2.000000000000e+00, gap 0.0000%
