
Gurobi 10.0.1 (linux64) logging started Thu Jul 27 05:12:30 2023

Set parameter LogFile to value "Reales_ph_0.2.log"
Gurobi Optimizer version 10.0.1 build v10.0.1rc0 (linux64)

CPU model: AMD Opteron(tm) Processor 6174, instruction set [SSE2]
Thread count: 24 physical cores, 24 logical processors, using up to 24 threads

Optimize a model with 30176 rows, 16845 columns and 93413 nonzeros
Model fingerprint: 0x9d2bfbcf
Model has 9535 quadratic constraints
Variable types: 5462 continuous, 11383 integer (11340 binary)
Coefficient statistics:
  Matrix range     [1e-02, 1e+04]
  QMatrix range    [1e+00, 1e+00]
  QLMatrix range   [1e+00, 6e+00]
  Objective range  [1e+00, 1e+00]
  Bounds range     [1e+00, 1e+00]
  RHS range        [4e-01, 1e+04]
Presolve removed 11431 rows and 3657 columns
Presolve time: 0.80s
Presolved: 24206 rows, 14952 columns, 89243 nonzeros
Presolved model has 4746 quadratic constraint(s)
Presolved model has 1806 bilinear constraint(s)
Variable types: 5335 continuous, 9617 integer (9574 binary)

Root relaxation: objective 1.000000e+00, 1913 iterations, 0.20 seconds (0.07 work units)

    Nodes    |    Current Node    |     Objective Bounds      |     Work
 Expl Unexpl |  Obj  Depth IntInf | Incumbent    BestBd   Gap | It/Node Time

     0     0    1.00000    0   48          -    1.00000      -     -    1s
     0     0    1.00000    0   46          -    1.00000      -     -    3s
     0     0    1.00000    0   56          -    1.00000      -     -    4s
     0     0    2.00000    0   27          -    2.00000      -     -    6s
     0     0    2.00000    0   29          -    2.00000      -     -    7s
     0     0    2.00000    0   48          -    2.00000      -     -    7s
     0     0    2.00000    0   45          -    2.00000      -     -    7s
     0     0    2.00000    0   42          -    2.00000      -     -    8s
     0     0    2.00000    0   30          -    2.00000      -     -    9s
     0     0    2.00000    0   31          -    2.00000      -     -    9s
     0     0    2.00000    0   30          -    2.00000      -     -    9s
     0     0    2.00000    0   32          -    2.00000      -     -   10s
     0     0    2.00000    0   33          -    2.00000      -     -   10s
     0     0    2.00000    0   32          -    2.00000      -     -   10s
     0     0    2.00000    0   36          -    2.00000      -     -   11s
     0     0    2.00000    0   44          -    2.00000      -     -   11s
     0     0    2.00000    0   44          -    2.00000      -     -   12s
     0     0    2.00000    0   33          -    2.00000      -     -   12s
     0     0    2.00000    0   34          -    2.00000      -     -   12s
     0     0    2.00000    0   35          -    2.00000      -     -   13s
     0     0    2.00000    0   34          -    2.00000      -     -   13s
     0     0    2.00000    0   35          -    2.00000      -     -   14s
     0     0    2.00000    0   44          -    2.00000      -     -   15s
     0     0    2.00000    0   38          -    2.00000      -     -   15s
     0     0    2.00000    0   44          -    2.00000      -     -   16s
     0     0    2.00000    0   37          -    2.00000      -     -   16s
     0     0    2.00000    0   40          -    2.00000      -     -   17s
     0     0    2.00000    0   36          -    2.00000      -     -   17s
     0     0    2.00000    0   39          -    2.00000      -     -   17s
     0     0    2.00000    0   35          -    2.00000      -     -   18s
     0     0    2.00000    0   38          -    2.00000      -     -   18s
     0     0    2.00000    0   42          -    2.00000      -     -   18s
     0     0    2.00000    0   42          -    2.00000      -     -   19s
     0     0    2.00000    0   44          -    2.00000      -     -   20s
     0     0    2.00000    0   42          -    2.00000      -     -   20s
     0     0    2.00000    0   42          -    2.00000      -     -   21s
     0     0    2.00000    0   42          -    2.00000      -     -   21s
     0     0    2.00000    0   38          -    2.00000      -     -   21s
     0     0    2.00000    0   37          -    2.00000      -     -   21s
     0     0    2.00000    0   38          -    2.00000      -     -   22s
     0     0    2.00000    0   32          -    2.00000      -     -   22s
     0     0    2.00000    0   41          -    2.00000      -     -   23s
     0     0    2.00000    0   39          -    2.00000      -     -   23s
     0     0    2.00000    0   39          -    2.00000      -     -   24s
     0     0    2.00000    0   36          -    2.00000      -     -   25s
     0     0    2.00000    0   40          -    2.00000      -     -   25s
     0     0    2.00000    0   41          -    2.00000      -     -   25s
     0     0    2.00000    0   41          -    2.00000      -     -   25s
     0     0    2.00000    0   40          -    2.00000      -     -   26s
     0     0    2.00000    0   42          -    2.00000      -     -   26s
     0     0    2.00000    0   36          -    2.00000      -     -   26s
     0     0    2.00000    0   36          -    2.00000      -     -   27s
     0     0    2.00000    0   40          -    2.00000      -     -   27s
     0     0    2.00000    0   37          -    2.00000      -     -   28s
     0     0    2.00000    0   44          -    2.00000      -     -   28s
     0     0    2.00000    0   44          -    2.00000      -     -   28s
     0     0    2.00000    0   40          -    2.00000      -     -   29s
     0     0    2.00000    0   39          -    2.00000      -     -   29s
     0     0    2.00000    0   37          -    2.00000      -     -   29s
     0     0    2.00000    0   44          -    2.00000      -     -   30s
     0     0    2.00000    0   39          -    2.00000      -     -   30s
     0     0    2.00000    0   44          -    2.00000      -     -   31s
     0     0    2.00000    0   41          -    2.00000      -     -   31s
     0     0    2.00000    0   44          -    2.00000      -     -   31s
     0     0    2.00000    0   39          -    2.00000      -     -   31s
     0     0    2.00000    0   41          -    2.00000      -     -   32s
     0     0    2.00000    0   40          -    2.00000      -     -   32s
     0     0    2.00000    0   38          -    2.00000      -     -   32s
     0     0    2.00000    0   44          -    2.00000      -     -   33s
     0     0    2.00000    0   42          -    2.00000      -     -   33s
     0     0    2.00000    0   44          -    2.00000      -     -   35s
     0     0    2.00000    0   44          -    2.00000      -     -   35s
     0     0    2.00000    0   39          -    2.00000      -     -   36s
     0     0    2.00000    0   41          -    2.00000      -     -   36s
     0     0    2.00000    0   42          -    2.00000      -     -   37s
     0     0    2.00000    0   44          -    2.00000      -     -   38s
     0     0    2.00000    0   39          -    2.00000      -     -   38s
     0     0    2.00000    0   44          -    2.00000      -     -   39s
     0     0    2.00000    0   44          -    2.00000      -     -   40s
     0     0    2.00000    0   40          -    2.00000      -     -   40s
     0     0    2.00000    0   37          -    2.00000      -     -   40s
     0     0    2.00000    0   40          -    2.00000      -     -   41s
     0     0    2.00000    0   38          -    2.00000      -     -   42s
     0     0    2.00000    0   40          -    2.00000      -     -   42s
     0     0    2.00000    0   35          -    2.00000      -     -   42s
     0     0    2.00000    0   40          -    2.00000      -     -   43s
     0     0    2.00000    0   44          -    2.00000      -     -   43s
     0     0    2.00000    0   33          -    2.00000      -     -   44s
     0     0    2.00000    0   39          -    2.00000      -     -   44s
     0     0    2.00000    0   40          -    2.00000      -     -   45s
     0     0    2.00000    0   35          -    2.00000      -     -   45s
     0     0    2.00000    0   40          -    2.00000      -     -   46s
     0     0    2.00000    0   38          -    2.00000      -     -   46s
     0     0    2.00000    0   41          -    2.00000      -     -   47s
     0     0    2.00000    0   40          -    2.00000      -     -   47s
     0     0    2.00000    0   37          -    2.00000      -     -   48s
     0     0    2.00000    0   37          -    2.00000      -     -   48s
     0     0    2.00000    0   38          -    2.00000      -     -   49s
     0     0    2.00000    0   37          -    2.00000      -     -   49s
     0     0    2.00000    0   34          -    2.00000      -     -   49s
     0     0    2.00000    0   39          -    2.00000      -     -   50s
     0     0    2.00000    0   44          -    2.00000      -     -   50s
     0     0    2.00000    0   38          -    2.00000      -     -   51s
     0     0    2.00000    0   38          -    2.00000      -     -   51s
     0     0    2.00000    0   38          -    2.00000      -     -   52s
     0     0    2.00000    0   38          -    2.00000      -     -   53s
     0     2    3.00000    0   38          -    3.00000      -     -   55s
   151   190    3.00000    9   96          -    3.00000      -   232   61s
   189   286    3.00000   11   79          -    3.00000      -   730  225s
   288   708    3.00000   14   71          -    3.00000      -   634  260s
   725  1591    3.00000   29   93          -    3.00000      -   391  318s
  1729  2805    3.00000   22   73          -    3.00000      -   268  344s
  3395  2806    3.00000   42    0          -    3.00000      -   246  379s
  3397  2807    3.00000   23    0          -    3.00000      -   245  383s
  3399  2809    3.00000   29   49          -    3.00000      -   245  389s
  3400  2809    3.00000   43    2          -    3.00000      -   245  391s
  3401  2810    3.00000   38   16          -    3.00000      -   245  396s
  3403  2811    3.00000   49    9          -    3.00000      -   245  403s
  3405  2813    3.00000   19    6          -    3.00000      -   245  409s
  3407  2814    3.00000   14    6          -    3.00000      -   245  413s
  3411  2817    3.00000   37    0          -    3.00000      -   244  417s
  3415  2824    3.00000   15   42          -    3.00000      -   247  420s
  3491  2895    3.00000   19   41          -    3.00000      -   242  427s
  3630  3146    3.00000   22   40          -    3.00000      -   235  430s
  4167  3620    3.00000   32   68          -    3.00000      -   219  439s
  4477  4443    3.00000   34   63          -    3.00000      -   230  446s
  5662  5167    4.00000   60   94          -    3.00000      -   232  454s
  7038  5891 infeasible   44               -    3.00000      -   228  466s
  8707  6016    3.00000   34   60          -    3.00000      -   224  478s
  9640  6077    3.00000   34  105          -    3.00000      -   226  487s
H 9885  5853                       9.0000000    3.00000  66.7%   226  487s
H 9962  4327                       3.0000000    3.00000  0.00%   227  487s

Cutting planes:
  Learned: 1
  Gomory: 1
  Lift-and-project: 3
  Cover: 2
  Implied bound: 7
  Clique: 1
  MIR: 13
  Flow cover: 70
  RLT: 41
  Relax-and-lift: 3

Explored 10042 nodes (2536932 simplex iterations) in 487.65 seconds (87.28 work units)
Thread count was 24 (of 24 available processors)

Solution count 2: 3 9 

Optimal solution found (tolerance 1.00e-04)
Best objective 3.000000000000e+00, best bound 3.000000000000e+00, gap 0.0000%
