
Gurobi 10.0.1 (linux64) logging started Mon Jul 17 11:23:01 2023

Set parameter LogFile to value "Class1_Instance-6_0.7.log"
Gurobi Optimizer version 10.0.1 build v10.0.1rc0 (linux64)

CPU model: AMD Opteron(tm) Processor 6174, instruction set [SSE2]
Thread count: 24 physical cores, 24 logical processors, using up to 24 threads

Optimize a model with 30176 rows, 16845 columns and 93413 nonzeros
Model fingerprint: 0x1bfe3204
Model has 9535 quadratic constraints
Variable types: 5462 continuous, 11383 integer (11340 binary)
Coefficient statistics:
  Matrix range     [1e+00, 1e+04]
  QMatrix range    [1e+00, 1e+00]
  QLMatrix range   [1e+00, 2e+01]
  Objective range  [1e+00, 1e+00]
  Bounds range     [1e+00, 1e+00]
  RHS range        [1e+00, 1e+04]
Presolve removed 13148 rows and 3655 columns
Presolve time: 0.64s
Presolved: 36727 rows, 19700 columns, 111345 nonzeros
Presolved model has 1806 bilinear constraint(s)
Variable types: 5335 continuous, 14365 integer (14322 binary)
Root relaxation presolved: 14954 rows, 46347 columns, 120461 nonzeros

Deterministic concurrent LP optimizer: primal and dual simplex
Showing first log only...

Concurrent spin time: 0.65s

Solved with primal simplex

Root relaxation: objective 1.000000e+00, 1937 iterations, 2.47 seconds (0.90 work units)

    Nodes    |    Current Node    |     Objective Bounds      |     Work
 Expl Unexpl |  Obj  Depth IntInf | Incumbent    BestBd   Gap | It/Node Time

     0     0    1.00000    0   44          -    1.00000      -     -    5s
     0     0    2.00000    0   64          -    2.00000      -     -  176s
     0     0    2.00000    0   60          -    2.00000      -     -  190s
     0     0    2.00000    0  179          -    2.00000      -     -  207s
     0     0    2.00000    0  404          -    2.00000      -     -  210s
     0     0    2.00000    0  132          -    2.00000      -     -  240s
     0     0    2.00000    0  390          -    2.00000      -     -  243s
     0     0    2.00000    0  338          -    2.00000      -     -  270s
     0     0    2.00000    0  247          -    2.00000      -     -  280s
     0     2    3.00000    0  216          -    3.00000      -     -  285s
     3     8    3.00000    2  410          -    3.00000      -  3939  291s
    15    32    3.00000    4  435          -    3.00000      -  2949  297s
    31    56    3.00000    5  390          -    3.00000      -  3414  308s
    55    79    3.00000    6  375          -    3.00000      -  3481 1049s
    79   102    3.00000    6  388          -    3.00000      -  3957 1105s
   103   123    3.00000    7  389          -    3.00000      -  4227 1150s
   127   151    3.00000    7  394          -    3.00000      -  4269 1184s
   155   182    3.00000    8  381          -    3.00000      -  4298 1199s
   187   217    3.00000    9  399          -    3.00000      -  3982 1247s
   227   303    3.00000   10  391          -    3.00000      -  4132 1284s
   317   538    3.00000   12  384          -    3.00000      -  3907 1368s
   590  1479    3.00000   14  454          -    3.00000      -  3759 1430s
  1775  2055    3.00000   13 1611          -    3.00000      -  2110 1473s
  2665  2704    3.00000   13  869          -    3.00000      -  1828 1521s
  3548  2705    3.00000   45  193          -    3.00000      -  1645 1548s
  3550  2706    4.00000   22  178          -    3.00000      -  1644 1585s
  3551  2707    3.00000   25  176          -    3.00000      -  1643 1591s
  3553  2708    3.00000   23  154          -    3.00000      -  1642 1605s
  3554  2709    3.00000   49  256          -    3.00000      -  1642 1614s
  3555  2710    3.00000   21  226          -    3.00000      -  1641 1634s
  3556  2710    3.00000   31  220          -    3.00000      -  1641 1642s
  3557  2711    4.00000   47  236          -    3.00000      -  1641 1656s
  3558  2712    3.00000   42  236          -    3.00000      -  1640 1697s
  3559  2712    4.00000   35  236          -    3.00000      -  1640 1739s
  3560  2716    3.00000   14  283          -    3.00000      -  1666 1758s
  3562  2719    3.00000   15  315          -    3.00000      -  1666 1760s
  3574  2739    3.00000   17  335          -    3.00000      -  1666 1767s
  3590  2758    3.00000   18  479          -    3.00000      -  1668 1789s
  3614  2766 infeasible   19               -    3.00000      -  1677 1793s
  3638  2782    3.00000   19  361          -    3.00000      -  1689 1797s
  3662  2790    3.00000   20  293          -    3.00000      -  1702 1805s
  3713  2817    3.00000   21  263          -    3.00000      -  1718 1814s
  3740  2834    3.00000   22  231          -    3.00000      -  1721 1817s
  3770  2848    3.00000   23  186          -    3.00000      -  1724 1820s
  3840  2899    3.00000   25  235          -    3.00000      -  1732 1826s
  3926  2960    3.00000   28  160          -    3.00000      -  1733 1832s
  4046  3030    3.00000   31  203          -    3.00000      -  1716 1837s
  4107  3079    3.00000   33  204          -    3.00000      -  1706 1840s
  4270  3189    3.00000   37  143          -    3.00000      -  1673 1845s
  4450  3287    3.00000   42  133          -    3.00000      -  1635 1858s
  4526  3335    3.00000   44  124          -    3.00000      -  1625 1863s
  4607  3396    3.00000   46  120          -    3.00000      -  1611 1868s
  4725  3448    3.00000   48  120          -    3.00000      -  1590 1878s
  4863  3519    3.00000   52  107          -    3.00000      -  1566 1884s
  5017  3538    3.00000   59   92          -    3.00000      -  1538 1890s
  5128  3582    3.00000   64   81          -    3.00000      -  1521 1895s
  5261  3623    3.00000   69   75          -    3.00000      -  1498 1901s
  5385  3658 infeasible   74               -    3.00000      -  1481 1906s
  5500  3689 infeasible   74               -    3.00000      -  1466 1913s
  5615  3773 infeasible   73               -    3.00000      -  1456 1924s
  5774  3846 infeasible   29               -    3.00000      -  1441 1931s
  5942  3921    3.00000   33  240          -    3.00000      -  1421 1940s
  6109  3978    3.00000   37  183          -    3.00000      -  1410 1951s
  6270  4003    3.00000   44  176          -    3.00000      -  1399 1961s
  6403  4086    3.00000   55  132          -    3.00000      -  1395 1973s
  6577  4136    3.04264   55  173          -    3.00000      -  1387 1979s
  6738  4242 infeasible   33               -    3.00000      -  1384 1985s
  6936  4296    3.00000   39  206          -    3.00000      -  1372 1992s
  7086  4410    3.00000   47  206          -    3.00000      -  1365 2006s
  7309  4510    3.13748   55  485          -    3.00000      -  1356 2018s
  7564  4546    3.06715   55  320          -    3.00000      -  1347 2050s
  7797  4541    4.00000   56  167          -    3.00000      -  1342 2063s
  7949  4682 infeasible   64               -    3.00000      -  1338 2071s
  8187  4679    3.00000   37  195          -    3.00000      -  1329 2086s
  8289  4726    3.00000   43  240          -    3.00000      -  1327 2125s
  8467  4871 infeasible   48               -    3.00000      -  1330 2142s
  8728  4977 infeasible   55               -    3.00000      -  1324 2156s
  8999  5119    4.00000   60  189          -    3.00000      -  1318 2167s
  9349  5161 infeasible   32               -    3.00000      -  1304 2199s
  9653  5209    3.16850   39  281          -    3.00000      -  1305 2213s
  9898  5337 infeasible   40               -    3.00000      -  1306 2230s
 10204  5473    4.00000   46  213          -    3.00000      -  1309 2276s
 10556  5556 infeasible   33               -    3.00000      -  1308 2297s
 10839  5747    3.00000   44  243          -    3.00000      -  1307 2314s
 11258  5876    3.62872   51  215          -    3.00000      -  1304 2333s
 11748  6092 infeasible   29               -    3.00000      -  1293 2354s
 12252  6331    3.23427   44  262          -    3.00000      -  1284 2405s
 12677  6377    4.00000   55  178          -    3.00000      -  1282 2432s
 12765  6543 infeasible   55               -    3.00000      -  1282 2451s
 13053  6808 infeasible   57               -    3.00000      -  1289 2467s
 13470  7125 infeasible   28               -    3.00000      -  1291 2486s
 13965  7472    3.07033   39  359          -    3.00000      -  1290 2509s
 14549  7663    4.00000   46  285          -    3.00000      -  1277 2525s
 14911  8073    5.00000   52  267          -    3.00000      -  1279 2546s
 15478  8280 infeasible   26               -    3.00000      -  1275 2569s
 15972  8629    3.00000   35  313          -    3.00000      -  1278 2590s
 16435  8917    3.00000   45  264          -    3.00000      -  1286 2614s
 16876  9393 infeasible   57               -    3.00000      -  1295 2676s
 17625  9872 infeasible   24               -    3.00000      -  1286 2699s
 18360 10412    3.00000   37  267          -    3.00000      -  1283 2723s
 19106 10826 infeasible   55               -    3.00000      -  1279 2749s
 19686 11331 infeasible   54               -    3.00000      -  1280 2775s
 20523 11536 infeasible   68               -    3.00000      -  1275 2806s
 20896 11930    3.00000   32  272          -    3.00000      -  1271 2904s
 21628 12178    4.00000   54  228          -    3.00000      -  1277 2933s
 22100 12728    4.00000   72   90          -    3.00000      -  1283 2966s
 23056 13343 infeasible   73               -    3.00000      -  1274 2999s
 24194 13869 infeasible   76               -    3.00000      -  1257 3043s
 25317 14508 infeasible   78               -    3.00000      -  1245 3132s
 26411 14951 infeasible   80               -    3.00000      -  1236 3202s
 27397 15640 infeasible   80               -    3.00000      -  1231 3240s
 28616 16926    4.00000   50  250          -    3.00000      -  1218 3323s
 31033 17089    5.11146   72  372          -    3.00000      -  1197 3395s
H31326 17064                      16.0000000    3.00000  81.3%  1199 3395s
 31481 18689 infeasible   79        16.00000    3.00000  81.3%  1201 3492s
 34710 19974 infeasible   39        16.00000    3.00000  81.3%  1161 3613s
 37180 21585 infeasible  112        16.00000    3.00000  81.3%  1152 3715s
 39876 22960    6.00000   55  428   16.00000    3.00000  81.3%  1143 3826s
 42342 24889    6.00000   50  259   16.00000    3.00000  81.3%  1143 3940s
 45523 26168 infeasible   70        16.00000    3.00000  81.3%  1121 4052s
 48090 27177    9.00000   90  225   16.00000    3.00000  81.3%  1117 4168s
 50017 28932 infeasible   35        16.00000    3.00000  81.3%  1128 4289s
 52980 30561    5.33321   63  236   16.00000    3.00000  81.3%  1129 4401s
 56147 32703 infeasible   44        16.00000    3.00000  81.3%  1134 4579s
 56439 32703    3.16009   42  458   16.00000    3.00000  81.3%  1133 4580s
 59826 35305    8.00000  107  154   16.00000    3.00000  81.3%  1137 4712s
 64057 38150 infeasible   85        16.00000    3.00000  81.3%  1134 4873s
 67451 38150 infeasible   43        16.00000    3.00000  81.3%  1124 4875s
 68517 39514    6.00000   78  164   16.00000    3.00000  81.3%  1125 4978s
 70323 39514 infeasible  100        16.00000    3.00000  81.3%  1128 4980s
 70813 41607 infeasible   41        16.00000    3.00000  81.3%  1130 5090s
 74351 44048    8.00701   96  230   16.00000    3.00000  81.3%  1136 5255s
 78232 46908    3.42242   43  421   16.00000    3.00000  81.3%  1139 5379s
 78462 46908 infeasible   71        16.00000    3.00000  81.3%  1139 5380s
 82958 48853 infeasible   34        16.00000    3.00000  81.3%  1131 5495s
 86554 50513    4.00000   45  359   16.00000    3.00000  81.3%  1135 5607s
 89636 51785 infeasible   79        16.00000    3.00000  81.3%  1143 5734s
 91031 51785    4.10296   45  293   16.00000    3.00000  81.3%  1149 5735s
 92328 53484 infeasible   37        16.00000    3.00000  81.3%  1153 5948s
 95203 55695 infeasible   60        16.00000    3.00000  81.3%  1154 6072s
 98975 58066    6.00000   77  214   16.00000    3.00000  81.3%  1153 6208s
 101050 58066    4.00000   50  270   16.00000    3.00000  81.3%  1150 6210s
 103170 59658 infeasible   40        16.00000    3.00000  81.3%  1155 6327s
 105895 61741    3.00000   24  293   16.00000    3.00000  81.3%  1155 6465s
 109651 63537 infeasible   32        16.00000    3.00000  81.3%  1157 6612s
 113002 65724    5.00000   47  247   16.00000    3.00000  81.3%  1162 6797s
 117036 67523    6.00000   79  148   16.00000    3.00000  81.3%  1165 6955s
 120246 70186    4.00000   43  377   16.00000    3.00000  81.3%  1166 7099s
 120891 70186    3.35857   39  556   16.00000    3.00000  81.3%  1166 7100s
 124803 72657    6.24601   72  321   16.00000    3.00000  81.3%  1162 7302s
 129027 74708    7.00000   64  233   16.00000    3.00000  81.3%  1156 7598s
 132633 76416    4.00000   33  389   16.00000    3.00000  81.3%  1155 7732s
 135895 78671   10.00000  110  259   16.00000    3.00000  81.3%  1158 7864s
 136041 78671    3.39180   51  357   16.00000    3.00000  81.3%  1159 7865s
 139653 80720 infeasible   52        16.00000    3.00000  81.3%  1160 8129s
 139739 80720    3.00000   40  308   16.00000    3.00000  81.3%  1161 8130s
 143409 82391    5.00000   64  184   16.00000    3.00000  81.3%  1162 9980s
 146176 86653    5.00000   47  259   16.00000    3.00000  81.3%  1163 10234s
 147516 86653    5.00000   74  186   16.00000    3.00000  81.3%  1162 10235s
 153488 88946    4.00000   55  251   16.00000    3.00000  81.3%  1163 10473s
 157355 91895    8.00000  101  302   16.00000    3.00000  81.3%  1163 10669s
 161814 91895 infeasible   49        16.00000    3.00000  81.3%  1163 10672s
 162307 94493 infeasible   41        16.00000    3.00000  81.3%  1164 10853s
 164406 94493     cutoff   40        16.00000    3.00000  81.3%  1165 10855s
 166877 96511    8.00000   88  231   16.00000    3.00000  81.3%  1168 11049s
 167712 96511    3.73627   49  469   16.00000    3.00000  81.3%  1169 11050s
 170684 98779    3.00000   33  299   16.00000    3.00000  81.3%  1173 11222s
 174579 100965    4.00000   41  372   16.00000    3.00000  81.3%  1178 11416s
 178163 103382    3.00000   27  378   16.00000    3.00000  81.3%  1180 11589s
 182155 106121    4.00000   48  313   16.00000    3.00000  81.3%  1184 11755s
 186603 107940    4.00000   40  244   16.00000    3.00000  81.3%  1186 11952s
 189469 107940    3.00000   35  325   16.00000    3.00000  81.3%  1191 11955s
 189801 110181 infeasible   50        16.00000    3.00000  81.3%  1192 12181s
 193668 113237 infeasible   40        16.00000    3.00000  81.3%  1194 12362s
 197687 113237    3.00839   46  390   16.00000    3.00000  81.3%  1190 12365s
 198386 116524 infeasible   47        16.00000    3.00000  81.3%  1191 12521s
 203721 118850 infeasible   46        16.00000    3.00000  81.3%  1185 12798s
 207542 120961    5.00000   58  361   16.00000    3.00000  81.3%  1184 12951s
 211067 122672    3.00000   32  316   16.00000    3.00000  81.3%  1185 13097s
 213884 124746 infeasible   42        16.00000    3.00000  81.3%  1188 13273s
 217385 127807    3.15880   46  492   16.00000    3.00000  81.3%  1189 13443s
 219456 127807    3.00000   33  345   16.00000    3.00000  81.3%  1185 13445s
 222649 129809    4.00000   38  368   16.00000    3.00000  81.3%  1185 13591s
 225982 132114    6.82361   78  164   16.00000    3.00000  81.3%  1186 13813s
 229621 134495    3.05646   47  498   16.00000    3.00000  81.3%  1186 13984s
 233504 136678    4.04936   35  476   16.00000    3.00000  81.3%  1187 14134s
 233777 136678    3.83830   33  561   16.00000    3.00000  81.3%  1187 14135s
 237120 139373    7.00000   72  149   16.00000    3.00000  81.3%  1187 14282s
 241475 141392    4.00000   44  312   16.00000    3.00000  81.3%  1185 14468s
 243771 141392    3.00000   32  388   16.00000    3.00000  81.3%  1185 14470s
 245076 143680    6.00000   51  244   16.00000    3.00000  81.3%  1186 14673s
 247522 143680    3.50841   33  485   16.00000    3.00000  81.3%  1185 14675s
 248777 145536 infeasible   45        16.00000    3.00000  81.3%  1186 14840s
 252020 147097    4.00000   39  279   16.00000    3.00000  81.3%  1188 15084s
 252650 147097 infeasible   41        16.00000    3.00000  81.3%  1189 15085s
 254646 149315    5.00000   58  221   16.00000    3.00000  81.3%  1190 15270s
 258393 151714    4.00000   50  315   16.00000    3.00000  81.3%  1193 15450s
 262524 154026    3.09315   31  649   16.00000    3.00000  81.3%  1195 15818s
 264222 154026    3.78460   35  602   16.00000    3.00000  81.3%  1195 15820s
 266704 156820 infeasible   51        16.00000    3.00000  81.3%  1196 15984s
 266924 156820    3.85806   54  292   16.00000    3.00000  81.3%  1196 15985s
 271442 158908    4.02039   34  555   16.00000    3.00000  81.3%  1194 16147s
 275368 160256    3.00000   30  412   16.00000    3.00000  81.3%  1194 16315s
 277964 162354    5.01895   46  378   16.00000    3.00000  81.3%  1197 16508s
 281424 164092    9.00000   76  333   16.00000    3.00000  81.3%  1198 16693s
 284589 166656 infeasible   40        16.00000    3.00000  81.3%  1200 16878s
 286167 166656    6.00000   62  299   16.00000    3.00000  81.3%  1200 16880s
 288822 169170    4.62540   44  296   16.00000    3.00000  81.3%  1201 17063s
 290785 169170    5.00000   52  293   16.00000    3.00000  81.3%  1199 17065s
 292835 172100 infeasible   45        16.00000    3.00000  81.3%  1200 17237s
*294047 171425             296      15.0000000    3.00000  80.0%  1198 17239s
 295435 171425    4.00000   51  256   15.00000    3.00000  80.0%  1198 17240s
 297459 172900    4.00000   39  319   15.00000    3.00000  80.0%  1198 17551s
 300296 174839 infeasible   38        15.00000    3.00000  80.0%  1201 17732s
 303636 177815    4.00000   43  262   15.00000    3.00000  80.0%  1203 17917s
 308756 181241 infeasible   58        15.00000    3.00000  80.0%  1202 18119s
 308895 181241    3.11481   42  462   15.00000    3.00000  80.0%  1202 18120s
 313992 182942    3.00000   33  266   15.00000    3.00000  80.0%  1200 18291s
 316745 185011 infeasible   41        15.00000    3.00000  80.0%  1201 18504s
 316814 185011    3.43572   45  430   15.00000    3.00000  80.0%  1201 18505s
 320389 187283 infeasible   45        15.00000    3.00000  80.0%  1201 18708s
 324030 187283    3.01862   51  332   15.00000    3.00000  80.0%  1202 18711s
 324130 189433 infeasible   94        15.00000    3.00000  80.0%  1202 18911s
 327956 191684    3.00000   26  270   15.00000    3.00000  80.0%  1204 19165s
 331657 194231    4.00000   51  368   15.00000    3.00000  80.0%  1205 19346s
 335601 196406    3.58532   35  557   15.00000    3.00000  80.0%  1205 19536s
 338973 198731 infeasible   51        15.00000    3.00000  80.0%  1206 19738s
 341247 198731 infeasible   34        15.00000    3.00000  80.0%  1208 19740s
 342483 201994    4.09472   52  286   15.00000    3.00000  80.0%  1208 19947s
 345268 201994 infeasible   37        15.00000    3.00000  80.0%  1208 19950s
 347115 204572 infeasible   51        15.00000    3.00000  80.0%  1206 20125s
 351491 207224    4.00000   35  455   15.00000    3.00000  80.0%  1204 20296s
 355780 209004 infeasible   42        15.00000    3.00000  80.0%  1204 20471s
 358904 210795 infeasible   37        15.00000    3.00000  80.0%  1205 20696s
 361664 212723    3.16932   43  496   15.00000    3.00000  80.0%  1208 20894s
 364751 215306    5.24105   63  340   15.00000    3.00000  80.0%  1210 21116s
 368690 217633    6.00000   58  307   15.00000    3.00000  80.0%  1210 21325s
 372558 220308 infeasible   38        15.00000    3.00000  80.0%  1209 21527s
 376536 221999 infeasible   36        15.00000    3.00000  80.0%  1210 21730s
 379299 224017    5.00000   54  198   15.00000    3.00000  80.0%  1212 21970s
 382835 226281 infeasible   43        15.00000    3.00000  80.0%  1214 22196s
 386940 229072    4.00000   53  231   15.00000    3.00000  80.0%  1215 22418s
 391534 231906    3.00000   30  266   15.00000    3.00000  80.0%  1215 22607s
 393486 231906 infeasible   60        15.00000    3.00000  80.0%  1215 22610s
 395973 234095    3.00000   39  272   15.00000    3.00000  80.0%  1215 22792s
 399419 236108    4.00000   44  313   15.00000    3.00000  80.0%  1217 22988s
 400459 236108    4.00000   38  260   15.00000    3.00000  80.0%  1217 22990s
 403089 238276 infeasible   38        15.00000    3.00000  80.0%  1219 23188s
 404149 238276    3.45682   36  568   15.00000    3.00000  80.0%  1219 23190s
 406635 240352    3.00000   29  366   15.00000    3.00000  80.0%  1220 23394s
 406796 240352    3.84959   42  436   15.00000    3.00000  80.0%  1220 23395s
 410072 243018 infeasible   40        15.00000    3.00000  80.0%  1222 23575s
 413940 245220 infeasible   44        15.00000    3.00000  80.0%  1222 23778s
 416859 245220    3.43522   47  363   15.00000    3.00000  80.0%  1223 23782s
 417362 247473    3.35858   42  540   15.00000    3.00000  80.0%  1223 24030s
 420935 249788    4.00000   48  366   15.00000    3.00000  80.0%  1225 24281s
 424726 251345 infeasible   56        15.00000    3.00000  80.0%  1226 24506s
 427839 253873 infeasible   39        15.00000    3.00000  80.0%  1229 24935s
 431792 256101 infeasible   31        15.00000    3.00000  80.0%  1230 25237s
 435868 258565 infeasible   34        15.00000    3.00000  80.0%  1232 25522s
 440014 260575 infeasible   43        15.00000    3.00000  80.0%  1232 25815s
 443292 263424    4.21754   34  380   15.00000    3.00000  80.0%  1234 26062s
 447469 265332 infeasible   43        15.00000    3.00000  80.0%  1237 26402s
 450742 267538    4.00000   34  381   15.00000    3.00000  80.0%  1240 26642s
 453709 267538    4.08540   40  462   15.00000    3.00000  80.0%  1242 26645s
 454677 270209 infeasible   33        15.00000    3.00000  80.0%  1243 26865s
 459094 272229    6.03555   89  169   15.00000    3.00000  80.0%  1244 27160s
 462271 274632    5.00000   54  201   15.00000    3.00000  80.0%  1246 27467s
 466549 277167    7.00000   84  202   15.00000    3.00000  80.0%  1249 27722s
 471234 279201 infeasible   37        15.00000    3.00000  80.0%  1251 28139s
 472040 279201    5.00000   52  306   15.00000    3.00000  80.0%  1251 28140s
 474675 281605 infeasible   44        15.00000    3.00000  80.0%  1253 28352s
 478531 283999    4.00000   41  310   15.00000    3.00000  80.0%  1254 28602s
 482206 283999    4.27854   40  424   15.00000    3.00000  80.0%  1254 28605s
 482678 285698    5.00000   57  286   15.00000    3.00000  80.0%  1254 28800s

Cutting planes:
  Gomory: 35
  Lift-and-project: 80
  Cover: 311
  Implied bound: 939
  Projected implied bound: 8
  Clique: 3
  MIR: 1217
  Flow cover: 11300
  Inf proof: 167
  Zero half: 6662
  RLT: 1904
  Relax-and-lift: 842

Explored 485724 nodes (611115216 simplex iterations) in 28802.63 seconds (15065.45 work units)
Thread count was 24 (of 24 available processors)

Solution count 2: 15 16 

Time limit reached
Warning: max constraint violation (4.3577e-06) exceeds tolerance
Best objective 1.500000000000e+01, best bound 3.000000000000e+00, gap 80.0000%
