
Gurobi 10.0.1 (linux64) logging started Mon Jul 17 19:23:18 2023

Set parameter LogFile to value "Class1_Instance-7_0.7.log"
Gurobi Optimizer version 10.0.1 build v10.0.1rc0 (linux64)

CPU model: AMD Opteron(tm) Processor 6174, instruction set [SSE2]
Thread count: 24 physical cores, 24 logical processors, using up to 24 threads

Optimize a model with 30176 rows, 16845 columns and 93413 nonzeros
Model fingerprint: 0xaf556d89
Model has 9535 quadratic constraints
Variable types: 5462 continuous, 11383 integer (11340 binary)
Coefficient statistics:
  Matrix range     [1e+00, 1e+04]
  QMatrix range    [1e+00, 1e+00]
  QLMatrix range   [1e+00, 2e+01]
  Objective range  [1e+00, 1e+00]
  Bounds range     [1e+00, 1e+00]
  RHS range        [1e+00, 1e+04]
Presolve removed 13148 rows and 3655 columns
Presolve time: 0.64s
Presolved: 36727 rows, 19700 columns, 111345 nonzeros
Presolved model has 1806 bilinear constraint(s)
Variable types: 5335 continuous, 14365 integer (14322 binary)
Root relaxation presolved: 14954 rows, 46347 columns, 120461 nonzeros

Deterministic concurrent LP optimizer: primal and dual simplex
Showing first log only...

Concurrent spin time: 0.54s

Solved with primal simplex

Root relaxation: objective 1.000000e+00, 1962 iterations, 2.08 seconds (0.77 work units)
Total elapsed time = 5.07s
Total elapsed time = 16.66s
Total elapsed time = 24.44s

    Nodes    |    Current Node    |     Objective Bounds      |     Work
 Expl Unexpl |  Obj  Depth IntInf | Incumbent    BestBd   Gap | It/Node Time

     0     0    1.00000    0   93          -    1.00000      -     -   35s
H    0     0                      42.0000000    1.00000  97.6%     -   35s
     0     0    2.00000    0  279   42.00000    2.00000  95.2%     -  185s
     0     0    2.00000    0  363   42.00000    2.00000  95.2%     -  207s
     0     0    2.00000    0  147   42.00000    2.00000  95.2%     -  231s
     0     0    2.00000    0  425   42.00000    2.00000  95.2%     -  236s
     0     0    2.00000    0  114   42.00000    2.00000  95.2%     -  266s
     0     0    2.00000    0  309   42.00000    2.00000  95.2%     -  273s
     0     0    2.00000    0  313   42.00000    2.00000  95.2%     -  299s
     0     0    2.00000    0  430   42.00000    2.00000  95.2%     -  300s
H    0     0                      41.0000000    2.00000  95.1%     -  313s
     0     0    2.00000    0  412   41.00000    2.00000  95.1%     -  330s
     0     0    2.00000    0  441   41.00000    2.00000  95.1%     -  332s
     0     0    2.00000    0  336   41.00000    2.00000  95.1%     -  369s
     0     0    2.00000    0  336   41.00000    2.00000  95.1%     -  379s
     0     2    3.00000    0  260   41.00000    3.00000  92.7%     -  386s
     3     8    3.00000    2  377   41.00000    3.00000  92.7%  1725  390s
     7    16    3.00000    3  374   41.00000    3.00000  92.7%  2806  395s
    15    32    3.00000    4  399   41.00000    3.00000  92.7%  3858  402s
    31    56    3.00000    5  396   41.00000    3.00000  92.7%  4889  423s
    55    80    3.00000    6  393   41.00000    3.00000  92.7%  4505  432s
    79   104    3.00000    7  404   41.00000    3.00000  92.7%  4354  438s
   103   128    3.00000    8  402   41.00000    3.00000  92.7%  4518  469s
H  104   128                      35.0000000    3.00000  91.4%  4474  469s
   127   152    3.00000    8  402   35.00000    3.00000  91.4%  4469  923s
   152   178    3.00000    9  424   35.00000    3.00000  91.4%  4344  959s
   184   281    3.00000   10  634   35.00000    3.00000  91.4%  4372  999s
   300   683    3.00000   11  523   35.00000    3.00000  91.4%  3926 1067s
   771   992    3.00000   31  283   35.00000    3.00000  91.4%  2496 1138s
  1200  1236    5.31582   26  946   35.00000    3.00000  91.4%  2155 1186s
  1496  1484 infeasible   27        35.00000    3.00000  91.4%  2111 1243s
  1816  1747    4.00000   28  279   35.00000    3.00000  91.4%  2127 1298s
  2159  1930    3.00000   20 1090   35.00000    3.00000  91.4%  2117 1339s
  2191  1930 infeasible   26        35.00000    3.00000  91.4%  2126 1340s
  2442  2203   12.00000   22  555   35.00000    3.00000  91.4%  2164 1395s
  2766  2204    3.00000   32  275   35.00000    3.00000  91.4%  2137 1432s
  2768  2205    9.00000   47  116   35.00000    3.00000  91.4%  2136 1441s
  2769  2206    7.00000   66  188   35.00000    3.00000  91.4%  2135 1455s
  2771  2207   13.00000   56  208   35.00000    3.00000  91.4%  2134 1477s
  2772  2208    3.00000   26  225   35.00000    3.00000  91.4%  2133 1487s
  2773  2209   17.00000   80  245   35.00000    3.00000  91.4%  2132 1503s
  2774  2209    9.00000   76  232   35.00000    3.00000  91.4%  2131 1527s
  2775  2210    3.00000   30  232   35.00000    3.00000  91.4%  2130 1532s
  2776  2214    3.00000   12  273   35.00000    3.00000  91.4%  2164 1540s
  2782  2224    3.00000   14  310   35.00000    3.00000  91.4%  2166 1546s
  2790  2237    3.00000   15  336   35.00000    3.00000  91.4%  2166 1551s
  2806  2256    3.00000   16  467   35.00000    3.00000  91.4%  2171 1571s
H 2826  2138                      34.0000000    3.00000  91.2%  2177 1571s
  2830  2151 infeasible   17        34.00000    3.00000  91.2%  2181 1579s
  2854  2159    3.00000   17  325   34.00000    3.00000  91.2%  2201 1587s
  2878  2171    3.00000   18  314   34.00000    3.00000  91.2%  2215 1599s
H 2883  2064                      33.0000000    3.00000  90.9%  2216 1599s
  2902  2087    3.00000   18  267   33.00000    3.00000  90.9%  2218 1605s
  2937  2103    3.00000   19  384   33.00000    3.00000  90.9%  2217 1613s
H 2949  1999                      28.0000000    3.00000  89.3%  2218 1613s
  2967  2028    3.00000   20  337   28.00000    3.00000  89.3%  2218 1621s
  3004  2045    3.00000   20  338   28.00000    3.00000  89.3%  2221 1627s
H 3007  1949                      27.0000000    3.00000  88.9%  2221 1627s
  3037  1980    3.00000   21  310   27.00000    3.00000  88.9%  2220 1631s
  3082  1999    3.00000   22  259   27.00000    3.00000  88.9%  2215 1642s
  3122  2022    3.00000   23  312   27.00000    3.00000  88.9%  2215 1653s
  3165  2047    3.00000   23  398   27.00000    3.00000  88.9%  2216 1660s
  3210  2079    3.00000   24  320   27.00000    3.00000  88.9%  2216 1666s
  3259  2105    3.00000   25  264   27.00000    3.00000  88.9%  2220 1675s
  3307  2141    3.00000   26  331   27.00000    3.00000  88.9%  2221 1692s
  3375  2181    3.03044   27  427   27.00000    3.00000  88.9%  2215 1697s
  3454  2202    3.00000   27  304   27.00000    3.00000  88.9%  2197 1704s
  3519  2232    3.00000   28  308   27.00000    3.00000  88.9%  2195 1714s
H 3566  2126                      26.0000000    3.00000  88.5%  2192 1715s
  3586  2168    3.00000   29  292   26.00000    3.00000  88.5%  2191 1724s
  3678  2189    3.00000   30  326   26.00000    3.00000  88.5%  2177 1731s
  3747  2222    3.00324   31  448   26.00000    3.00000  88.5%  2174 1742s
  3835  2241    3.01190   32  458   26.00000    3.00000  88.5%  2167 1754s
  3913  2254    3.05944   32  491   26.00000    3.00000  88.5%  2160 1763s
  3984  2296 infeasible   33        26.00000    3.00000  88.5%  2160 1776s
  4077  2338    4.00000   33  372   26.00000    3.00000  88.5%  2151 1788s
  4180  2367    4.00000   35  304   26.00000    3.00000  88.5%  2142 1797s
  4273  2425    4.00000   37  252   26.00000    3.00000  88.5%  2141 1817s
  4404  2497    4.00000   41  242   26.00000    3.00000  88.5%  2129 1831s
  4546  2534    4.00000   45  232   26.00000    3.00000  88.5%  2114 1848s
  4662  2566    4.00000   50  202   26.00000    3.00000  88.5%  2121 1862s
  4762  2628    4.00000   53  216   26.00000    3.00000  88.5%  2123 1877s
  4881  2721    4.00000   54  216   26.00000    3.00000  88.5%  2120 1892s
  5048  2768    4.00000   58  199   26.00000    3.00000  88.5%  2099 1906s
  5184  2835    4.00271   62  208   26.00000    3.00000  88.5%  2098 1921s
  5328  2913    5.00000   66  162   26.00000    3.00000  88.5%  2092 1937s
  5502  3010 infeasible   74        26.00000    3.00000  88.5%  2083 1951s
  5715  3119    3.00000   20  307   26.00000    3.00000  88.5%  2062 1965s
  5921  3223    3.00000   23  401   26.00000    3.00000  88.5%  2044 1981s
  6126  3336    3.00000   26  412   26.00000    3.00000  88.5%  2025 1999s
  6388  3372    3.00000   32  361   26.00000    3.00000  88.5%  2002 2021s
  6583  3420    3.00000   37  339   26.00000    3.00000  88.5%  1999 2041s
  6739  3536    4.00000   42  280   26.00000    3.00000  88.5%  2009 2058s
  6981  3495    4.00000   57  248   26.00000    3.00000  88.5%  1999 2092s
  7083  3604    4.00000   64  191   26.00000    3.00000  88.5%  2012 2110s
H 7166  3490                      22.0000000    3.00000  86.4%  2010 2110s
  7294  3588    5.00000   74  229   22.00000    3.00000  86.4%  2007 2129s
  7518  3674    3.00000   20  394   22.00000    3.00000  86.4%  2009 2150s
  7713  3845    4.00000   27  291   22.00000    3.00000  86.4%  2014 2179s
  7978  4022    4.01632   52  337   22.00000    3.00000  86.4%  2011 2212s
  8201  4212    6.00000   71  209   22.00000    3.00000  86.4%  2004 2232s
  8459  4451 infeasible   22        22.00000    3.00000  86.4%  2001 2261s
  8755  4719    3.00000   27  302   22.00000    3.00000  86.4%  1999 2286s
  9060  4983    3.00487   33  465   22.00000    3.00000  86.4%  1989 2313s
  9424  5196    4.00000   38  317   22.00000    3.00000  86.4%  1978 2344s
  9751  5426    4.32642   42  427   22.00000    3.00000  86.4%  1979 2374s
 10069  5643    8.00000   54  246   22.00000    3.00000  86.4%  1982 2400s
 10411  5823 infeasible   19        22.00000    3.00000  86.4%  1978 2430s
 10727  6111    3.00000   27  384   22.00000    3.00000  86.4%  1977 2464s
 11147  6355 infeasible   29        22.00000    3.00000  86.4%  1964 2494s
 11530  6572    4.89890   39  449   22.00000    3.00000  86.4%  1964 2528s
 11901  6790    3.00000   18  401   22.00000    3.00000  86.4%  1963 2565s
 12263  7010    3.00000   27  444   22.00000    3.00000  86.4%  1967 2604s
 12672  7205    4.00000   41  378   22.00000    3.00000  86.4%  1976 2639s
 12936  7205    6.00000   45  262   22.00000    3.00000  86.4%  1978 2640s
 13054  7430    3.02437   27  613   22.00000    3.00000  86.4%  1981 2681s
 13472  7683 infeasible   28        22.00000    3.00000  86.4%  1980 2719s
 13846  8083    4.00000   39  381   22.00000    3.00000  86.4%  1985 2765s
 14336  8573    5.09226   67  193   22.00000    3.00000  86.4%  1983 2808s
 14967  9069    3.00000   21  421   22.00000    3.00000  86.4%  1970 2863s
 15627  9539 infeasible   32        22.00000    3.00000  86.4%  1955 2917s
 16221  9967 infeasible   90        22.00000    3.00000  86.4%  1940 2970s
 16854 11076    5.00000   44  427   22.00000    3.00000  86.4%  1934 3092s
 18643 11722 infeasible   44        22.00000    3.00000  86.4%  1926 3219s
 19716 12715    4.00000   36  355   22.00000    3.00000  86.4%  1950 3365s
 21592 13339 infeasible   41        22.00000    3.00000  86.4%  1955 3507s
H21793 13331                      21.0000000    3.00000  85.7%  1965 3508s
 22633 15066    4.00000   42  369   21.00000    3.00000  85.7%  1985 3700s
 24870 16152    3.00000   32  278   21.00000    3.00000  85.7%  1969 3862s
 26504 17182 infeasible  109        21.00000    3.00000  85.7%  1978 4038s
 28190 18208 infeasible   69        21.00000    3.00000  85.7%  1983 4217s
 29996 19192    4.00000   36  348   21.00000    3.00000  85.7%  2005 4409s
 31519 20611    5.00000   38  379   21.00000    3.00000  85.7%  2042 4625s
 33707 22005 infeasible   60        21.00000    3.00000  85.7%  2070 4857s
 35897 23159    6.10418   56  416   21.00000    3.00000  85.7%  2104 5125s
 37940 24095    3.00000   35  386   21.00000    3.00000  85.7%  2127 5395s
H39411 23987                      19.0000000    3.00000  84.2%  2135 5396s
 39975 25225 infeasible   55        19.00000    3.00000  84.2%  2146 5674s
 40191 25225    4.00000   44  448   19.00000    3.00000  84.2%  2153 5675s
 42103 26821 infeasible   33        19.00000    3.00000  84.2%  2182 5971s
 44897 28470    3.02889   32  533   19.00000    3.00000  84.2%  2199 6274s
 47395 28470 infeasible   30        19.00000    3.00000  84.2%  2224 6275s
 47457 29890 infeasible   39        19.00000    3.00000  84.2%  2227 6584s
 48150 29890    5.55876   53  411   19.00000    3.00000  84.2%  2233 6585s
 49967 31748    5.00000   27  430   19.00000    3.00000  84.2%  2244 6935s
 52938 33880 infeasible   47        19.00000    3.00000  84.2%  2258 7295s
 56415 36204 infeasible   26        19.00000    3.00000  84.2%  2258 7739s
 58089 36204    7.72583   76  387   19.00000    3.00000  84.2%  2255 7740s
 59870 38161    4.31304   41  508   19.00000    3.00000  84.2%  2255 8129s
 62992 38161    7.00000   56  349   19.00000    3.00000  84.2%  2268 8130s
 63209 40181 infeasible   26        19.00000    3.00000  84.2%  2267 8539s
 64252 40181    5.00000   50  365   19.00000    3.00000  84.2%  2273 8540s
 66542 42380 infeasible   33        19.00000    3.00000  84.2%  2279 8979s
 68812 42380    7.00000   84  241   19.00000    3.00000  84.2%  2279 8980s
 70283 44857    6.00000   35  467   19.00000    3.00000  84.2%  2282 9420s
 74141 47329    4.00000   33  371   19.00000    3.00000  84.2%  2280 9838s
 77579 47329    4.05491   39 1014   19.00000    3.00000  84.2%  2279 9840s
 78108 49627 infeasible   37        19.00000    3.00000  84.2%  2284 10246s
 81667 51534 infeasible   29        19.00000    3.00000  84.2%  2288 10679s
 82472 51534    4.01018   41  532   19.00000    3.00000  84.2%  2297 10680s
 84400 53530    5.00000   48  348   19.00000    3.00000  84.2%  2303 11099s
 84799 53530    4.00000   42  309   19.00000    3.00000  84.2%  2306 11100s
 87802 55624 infeasible  112        19.00000    3.00000  84.2%  2312 11562s
 91229 57984    4.00000   32  493   19.00000    3.00000  84.2%  2324 12039s
 93377 57984 infeasible   32        19.00000    3.00000  84.2%  2325 12040s
 94749 60053    4.00000   32  490   19.00000    3.00000  84.2%  2331 12494s
 95786 60053    3.00000   22  404   19.00000    3.00000  84.2%  2331 12495s
 98309 61939    4.54310   34 1229   19.00000    3.00000  84.2%  2343 12954s
 101435 64315    4.00000   39  314   19.00000    3.00000  84.2%  2345 13423s
 105446 66233 infeasible   34        19.00000    3.00000  84.2%  2350 13869s
 107147 66233 infeasible   36        19.00000    3.00000  84.2%  2354 13870s
 108762 68190    4.00000   43  392   19.00000    3.00000  84.2%  2357 14354s
 110958 68190 infeasible   65        19.00000    3.00000  84.2%  2362 14355s
 111971 69775    4.00000   34  296   19.00000    3.00000  84.2%  2366 17385s
 114716 73733    4.06393   41  438   19.00000    3.00000  84.2%  2373 18220s
 120733 76540    3.06836   29  587   19.00000    3.00000  84.2%  2375 18900s
 125382 79365 infeasible   34        19.00000    3.00000  84.2%  2389 19560s
 129852 82545    3.06178   25  758   19.00000    3.00000  84.2%  2401 20200s
 134460 85434   10.00000  131  388   19.00000    3.00000  84.2%  2400 20831s
 139161 87703    4.00000   32  497   19.00000    3.00000  84.2%  2399 21388s
 143098 90185 infeasible   36        19.00000    3.00000  84.2%  2402 21946s
 146798 92661    6.00000   60  448   19.00000    3.00000  84.2%  2404 22476s
 151089 94789    4.00000   38  386   19.00000    3.00000  84.2%  2403 22981s
 154336 97631    4.04297   33  547   19.00000    3.00000  84.2%  2408 23532s
H158184 97418                      18.0000000    3.00000  83.3%  2405 23534s
 158617 99618    6.00000   65  249   18.00000    3.00000  83.3%  2403 23889s
 158875 99618    5.00000   48  425   18.00000    3.00000  83.3%  2402 23890s
 162426 101907 infeasible   30        18.00000    3.00000  83.3%  2405 24256s
 165970 103928    4.00000   41  348   18.00000    3.00000  83.3%  2419 24633s
 169486 105957 infeasible   29        18.00000    3.00000  83.3%  2430 25006s
 173187 108510    3.00000   34  326   18.00000    3.00000  83.3%  2434 25368s
 176923 110486    6.00000   54  411   18.00000    3.00000  83.3%  2439 25768s
 180388 113913    5.00000   41  457   18.00000    3.00000  83.3%  2444 26161s
*181259 113509             341      17.0000000    3.00000  82.4%  2441 26162s
 185594 114853    4.00000   38  313   17.00000    3.00000  82.4%  2432 26492s
 188305 117650    4.00000   40  294   17.00000    3.00000  82.4%  2439 26833s
 192288 121617 infeasible   56        17.00000    3.00000  82.4%  2438 27165s
 197457 123668 infeasible   32        17.00000    3.00000  82.4%  2425 27448s
 200600 125772 infeasible   38        17.00000    3.00000  82.4%  2428 27767s
 203854 128166    3.00000   29  405   17.00000    3.00000  82.4%  2429 28117s
 207323 131724    4.22999   49 1059   17.00000    3.00000  82.4%  2431 28507s
 212083 133924 infeasible   28        17.00000    3.00000  82.4%  2424 28800s

Cutting planes:
  Learned: 10
  Gomory: 29
  Lift-and-project: 74
  Cover: 64
  Implied bound: 3156
  Projected implied bound: 16
  Clique: 6
  MIR: 744
  Flow cover: 11131
  Inf proof: 29
  Zero half: 1753
  RLT: 1449
  Relax-and-lift: 712

Explored 215335 nodes (522513565 simplex iterations) in 28801.80 seconds (14198.18 work units)
Thread count was 24 (of 24 available processors)

Solution count 10: 17 18 19 ... 34

Time limit reached
Warning: max constraint violation (5.5341e-06) exceeds tolerance
Best objective 1.700000000000e+01, best bound 3.000000000000e+00, gap 82.3529%
