
Gurobi 10.0.1 (linux64) logging started Mon Jul 17 03:22:49 2023

Set parameter LogFile to value "Class1_Instance-5_0.7.log"
Gurobi Optimizer version 10.0.1 build v10.0.1rc0 (linux64)

CPU model: AMD Opteron(tm) Processor 6174, instruction set [SSE2]
Thread count: 24 physical cores, 24 logical processors, using up to 24 threads

Optimize a model with 30176 rows, 16845 columns and 93413 nonzeros
Model fingerprint: 0x872bf549
Model has 9535 quadratic constraints
Variable types: 5462 continuous, 11383 integer (11340 binary)
Coefficient statistics:
  Matrix range     [1e+00, 1e+04]
  QMatrix range    [1e+00, 1e+00]
  QLMatrix range   [1e+00, 2e+01]
  Objective range  [1e+00, 1e+00]
  Bounds range     [1e+00, 1e+00]
  RHS range        [1e+00, 1e+04]
Presolve removed 13148 rows and 3655 columns
Presolve time: 0.64s
Presolved: 36727 rows, 19700 columns, 111345 nonzeros
Presolved model has 1806 bilinear constraint(s)
Variable types: 5335 continuous, 14365 integer (14322 binary)
Root relaxation presolved: 14954 rows, 46347 columns, 120461 nonzeros

Deterministic concurrent LP optimizer: primal and dual simplex
Showing first log only...

Concurrent spin time: 0.34s

Solved with primal simplex

Root relaxation: objective 1.000000e+00, 716 iterations, 1.17 seconds (0.35 work units)

    Nodes    |    Current Node    |     Objective Bounds      |     Work
 Expl Unexpl |  Obj  Depth IntInf | Incumbent    BestBd   Gap | It/Node Time

     0     0    1.00000    0   46          -    1.00000      -     -    4s
     0     0    2.00000    0   50          -    2.00000      -     -   69s
     0     0    2.00000    0  186          -    2.00000      -     -   72s
     0     0    2.00000    0  139          -    2.00000      -     -   78s
     0     0    2.00000    0  373          -    2.00000      -     -   81s
     0     0    2.00000    0  289          -    2.00000      -     -   91s
     0     0    2.00000    0  428          -    2.00000      -     -   93s
     0     0    2.00000    0  330          -    2.00000      -     -  140s
     0     0    2.00000    0  330          -    2.00000      -     -  155s
     0     2    3.00000    0  273          -    3.00000      -     -  163s
     3     8    3.00000    2  361          -    3.00000      -  3261  166s
    15    32    3.00000    4  403          -    3.00000      -  3356  173s
    31    56    3.00000    5  398          -    3.00000      -  3709  179s
    55    79    3.00000    6  386          -    3.00000      -  3646 1011s
H   56    79                      42.0000000    3.00000  92.9%  3581 1011s
    79   101    3.00000    6  409   42.00000    3.00000  92.9%  4071 1054s
   103   125    3.00000    7  396   42.00000    3.00000  92.9%  4270 1096s
   127   155    3.00000    7  378   42.00000    3.00000  92.9%  4211 1147s
H  160   212                      38.0000000    3.00000  92.1%  4079 1185s
H  165   212                      37.0000000    3.00000  91.9%  4146 1185s
H  195   212                      36.0000000    3.00000  91.7%  4083 1185s
   225   402    3.00000   11  372   36.00000    3.00000  91.7%  4040 1255s
   426   721    3.00000   13  441   36.00000    3.00000  91.7%  3096 1296s
   820   920    3.00000   15 1858   36.00000    3.00000  91.7%  2097 1358s
  1065  1402    3.00000   20  501   36.00000    3.00000  91.7%  1955 1421s
  1617  1686    3.00000   40  397   36.00000    3.00000  91.7%  1620 1488s
  2023  1954    3.00000   18 2373   36.00000    3.00000  91.7%  1500 1516s
  2408  2270    3.00000   20  436   36.00000    3.00000  91.7%  1420 1570s
  2779  2271   20.00000   94  259   36.00000    3.00000  91.7%  1402 1607s
  2781  2272    3.00000   21   99   36.00000    3.00000  91.7%  1401 1614s
  2782  2273    4.00000   25  149   36.00000    3.00000  91.7%  1400 1623s
  2783  2274    3.00000   27  224   36.00000    3.00000  91.7%  1400 1626s
H 2783  2160                      35.0000000    3.00000  91.4%  1400 1642s
  2785  2161    3.00000   10  236   35.00000    3.00000  91.4%  1399 1652s
  2786  2162    3.00000   26  200   35.00000    3.00000  91.4%  1398 1671s
  2787  2162   18.00000  127  200   35.00000    3.00000  91.4%  1398 1684s
  2788  2163    4.00000   23  200   35.00000    3.00000  91.4%  1397 1689s
  2789  2167    3.00000   12  292   35.00000    3.00000  91.4%  1428 1695s
  2795  2177    3.00000   14  320   35.00000    3.00000  91.4%  1431 1700s
  2803  2190    3.00000   15  318   35.00000    3.00000  91.4%  1432 1705s
  2819  2207    3.00000   16  443   35.00000    3.00000  91.4%  1446 1725s
  2843  2215 infeasible   17        35.00000    3.00000  91.4%  1469 1800s
  2867  2217    3.00000   17  374   35.00000    3.00000  91.4%  1548 1807s
  2891  2215    3.00000   18  279   35.00000    3.00000  91.4%  1564 1814s
H 2900  2103                      32.0000000    3.00000  90.6%  1568 1814s
  2915  2123    3.00000   18  311   32.00000    3.00000  90.6%  1573 1820s
  2952  2140    3.00000   19  339   32.00000    3.00000  90.6%  1580 1826s
  2986  2166    3.00000   20  331   32.00000    3.00000  90.6%  1581 1845s
  3025  2187    3.00000   21  299   32.00000    3.00000  90.6%  1591 1850s
H 3039  2080                      30.0000000    3.00000  90.0%  1590 1850s
  3101  2138    3.00000   22  277   30.00000    3.00000  90.0%  1593 1869s
  3144  2172    3.00000   23  335   30.00000    3.00000  90.0%  1603 1873s
  3196  2201    3.00000   24  338   30.00000    3.00000  90.0%  1603 1894s
  3244  2229    3.00000   24  375   30.00000    3.00000  90.0%  1610 1900s
  3298  2256    3.00000   25  280   30.00000    3.00000  90.0%  1614 1912s
  3358  2312    3.00000   25  296   30.00000    3.00000  90.0%  1621 1917s
  3441  2355    3.00000   26  360   30.00000    3.00000  90.0%  1611 1922s
  3525  2393    3.00000   27  333   30.00000    3.00000  90.0%  1600 1940s
  3607  2452    3.00000   28  272   30.00000    3.00000  90.0%  1595 1946s
  3706  2503    3.00000   30  212   30.00000    3.00000  90.0%  1582 1979s
  3808  2533    3.00000   31  284   30.00000    3.00000  90.0%  1584 1988s
H 3901  2404                      28.0000000    3.00000  89.3%  1578 1988s
  3902  2468    3.00000   32  264   28.00000    3.00000  89.3%  1579 2000s
  3998  2490    3.00000   34  273   28.00000    3.00000  89.3%  1579 2018s
  4087  2532    3.00546   34  464   28.00000    3.00000  89.3%  1582 2034s
  4186  2559    3.07397   35  450   28.00000    3.00000  89.3%  1586 2045s
  4270  2569    3.09441   35  465   28.00000    3.00000  89.3%  1596 2053s
  4363  2615 infeasible   36        28.00000    3.00000  89.3%  1599 2070s
  4461  2702    4.00000   37  270   28.00000    3.00000  89.3%  1601 2082s
  4599  2792    4.00000   39  252   28.00000    3.00000  89.3%  1598 2093s
  4762  2835    4.00000   42  306   28.00000    3.00000  89.3%  1587 2112s
  4897  2929    4.00000   44  322   28.00000    3.00000  89.3%  1592 2140s
  5071  3007 infeasible   46        28.00000    3.00000  89.3%  1584 2153s
  5241  3101    5.00000   47  276   28.00000    3.00000  89.3%  1577 2170s
  5445  3163    5.00000   51  282   28.00000    3.00000  89.3%  1569 2183s
  5660  3241    5.00000   53  231   28.00000    3.00000  89.3%  1556 2196s
  5883  3345 infeasible   58        28.00000    3.00000  89.3%  1545 2215s
  6129  3390 infeasible   66        28.00000    3.00000  89.3%  1534 2229s
  6274  3342    4.00000   29  350   28.00000    3.00000  89.3%  1531 2230s
  6339  3402 infeasible   67        28.00000    3.00000  89.3%  1529 2246s
  6505  3475 infeasible   17        28.00000    3.00000  89.3%  1534 2267s
  6677  3553    3.00000   19  373   28.00000    3.00000  89.3%  1546 2302s
  6870  3556    3.00000   21  397   28.00000    3.00000  89.3%  1551 2321s
  7014  3561    3.00000   22  414   28.00000    3.00000  89.3%  1561 2340s
  7155  3591 infeasible   23        28.00000    3.00000  89.3%  1574 2361s
  7276  3590    3.31767   27  659   28.00000    3.00000  89.3%  1593 2383s
  7387  3647    3.03359   26  657   28.00000    3.00000  89.3%  1617 2405s
  7521  3698    4.38544   27  802   28.00000    3.00000  89.3%  1635 2433s
  7674  3731    4.00000   27  372   28.00000    3.00000  89.3%  1660 2464s
  7811  3818    4.19322   30  589   28.00000    3.00000  89.3%  1686 2486s
  7989  3872    4.00000   30  411   28.00000    3.00000  89.3%  1703 2508s
  8139  3907 infeasible   32        28.00000    3.00000  89.3%  1729 2541s
  8286  3964    4.05103   35  624   28.00000    3.00000  89.3%  1754 2563s
  8447  4063 infeasible   37        28.00000    3.00000  89.3%  1778 2593s
  8639  4237    5.00000   41  366   28.00000    3.00000  89.3%  1795 2623s
  8859  4434 infeasible   42        28.00000    3.00000  89.3%  1811 2650s
  9167  4596     cutoff   43        28.00000    3.00000  89.3%  1810 2677s
  9449  4828    3.00000   19  305   28.00000    3.00000  89.3%  1815 2705s
  9746  5088 infeasible   21        28.00000    3.00000  89.3%  1815 2777s
H 9938  5088                      26.0000000    3.00000  88.5%  1799 2777s
 10125  5228    3.00000   25  335   26.00000    3.00000  88.5%  1813 2815s
 10407  5365    3.02638   28 1838   26.00000    3.00000  88.5%  1828 2867s
 10691  5589 infeasible   29        26.00000    3.00000  88.5%  1847 2901s
 10994  5797    4.00000   29  720   26.00000    3.00000  88.5%  1851 2933s
 11248  6090    4.00000   30  484   26.00000    3.00000  88.5%  1869 2972s
 11615  6442 infeasible   37        26.00000    3.00000  88.5%  1877 3042s
 12054  6792 infeasible   48        26.00000    3.00000  88.5%  1872 3081s
 12531  7072    3.00000   20  467   26.00000    3.00000  88.5%  1868 3132s
 13012  7352    3.00000   25  307   26.00000    3.00000  88.5%  1869 3177s
 13479  7629    3.00000   33  307   26.00000    3.00000  88.5%  1876 3226s
 13901  7890    3.00000   32  256   26.00000    3.00000  88.5%  1881 3277s
 14332  8172    3.07965   35  453   26.00000    3.00000  88.5%  1890 3327s
 14774  8410 infeasible   45        26.00000    3.00000  88.5%  1904 3378s
 15215  8853    4.05711   44  466   26.00000    3.00000  88.5%  1914 3439s
 15788  9422    5.00314   51  409   26.00000    3.00000  88.5%  1915 3489s
 16509  9994    6.00000   56  382   26.00000    3.00000  88.5%  1901 3554s
 17295 10443    6.20297   61  542   26.00000    3.00000  88.5%  1881 3614s
 17964 11436    3.15700   30  739   26.00000    3.00000  88.5%  1879 3752s
 19655 12431 infeasible   49        26.00000    3.00000  88.5%  1895 3900s
 21115 13635    4.00000   34  406   26.00000    3.00000  88.5%  1894 4070s
 22890 14617 infeasible   29        26.00000    3.00000  88.5%  1899 4237s
 24404 15803    4.04125   25  921   26.00000    3.00000  88.5%  1926 4416s
H24747 15732                      24.0000000    3.00000  87.5%  1931 4417s
 26085 18160    4.00000   32  444   24.00000    3.00000  87.5%  1955 4650s
 29029 20171   14.00000  142  199   24.00000    3.00000  87.5%  1915 4875s
*31358 20137             441      23.0000000    3.00000  87.0%  1888 4876s
 31763 21192 infeasible   73        23.00000    3.00000  87.0%  1879 5021s
 33785 22499    4.00000   35  357   23.00000    3.00000  87.0%  1905 5179s
 33889 22499    4.04672   44  542   23.00000    3.00000  87.0%  1906 5180s
 35818 23964 infeasible   32        23.00000    3.00000  87.0%  1931 5417s
 37953 26142    5.49649   53  347   23.00000    3.00000  87.0%  1950 5588s
 41024 28583 infeasible   60        23.00000    3.00000  87.0%  1942 6250s
 44236 30039    3.13379   32  649   23.00000    3.00000  87.0%  1934 6445s
 46409 31735 infeasible   62        23.00000    3.00000  87.0%  1947 6662s
 49170 33367 infeasible   29        23.00000    3.00000  87.0%  1970 6897s
 51868 34740    6.05454   68  513   23.00000    3.00000  87.0%  1991 7140s
 54127 37660    6.00000   54  350   23.00000    3.00000  87.0%  2025 7403s
 58235 39868    4.00000   33  437   23.00000    3.00000  87.0%  2021 7876s
 61606 43993    5.00000   45  310   23.00000    3.00000  87.0%  2040 8141s
 66889 47907    4.00000   34  445   23.00000    3.00000  87.0%  2017 8392s
*71615 47637             398      22.0000000    3.00000  86.4%  1982 8394s
 71993 49432   12.00000  126  420   22.00000    3.00000  86.4%  1978 8614s
 74905 53320    6.00000   47  379   22.00000    3.00000  86.4%  1977 8854s
 75433 53320 infeasible   25        22.00000    3.00000  86.4%  1977 8855s
 79807 54976 infeasible   31        22.00000    3.00000  86.4%  1947 9052s
 82394 56564    3.00000   42  256   22.00000    3.00000  86.4%  1956 10360s
 84956 58595    4.14781   43  526   22.00000    3.00000  86.4%  1968 10622s
 88039 62204    4.00000   32  548   22.00000    3.00000  86.4%  1979 10920s
 92773 65251    4.00000   34  428   22.00000    3.00000  86.4%  1970 11173s
 97087 66925    4.00000   40  424   22.00000    3.00000  86.4%  1962 11412s
 99818 70035    5.00000   47  355   22.00000    3.00000  86.4%  1976 11715s
 103859 72522     cutoff   54        22.00000    3.00000  86.4%  1973 12967s
 107198 76216 infeasible   44        22.00000    3.00000  86.4%  1978 13286s
 111889 78538 infeasible   33        22.00000    3.00000  86.4%  1971 13569s
 112606 78538    6.14249   42  552   22.00000    3.00000  86.4%  1973 13570s
 115484 82574    7.46724   57  433   22.00000    3.00000  86.4%  1978 13850s
 120454 84497    8.00000   90  365   22.00000    3.00000  86.4%  1970 14119s
 120964 84497    3.02749   27  601   22.00000    3.00000  86.4%  1973 14120s
 123612 85941    3.00000   33  401   22.00000    3.00000  86.4%  1978 14393s
 126210 87927 infeasible   37        22.00000    3.00000  86.4%  1993 14685s
 129397 89899 infeasible   36        22.00000    3.00000  86.4%  2012 14972s
 132560 93979    7.00000   62  520   22.00000    3.00000  86.4%  2022 15305s
 137788 97315 infeasible   35        22.00000    3.00000  86.4%  2011 15571s
 142412 101330    3.17505   33  537   22.00000    3.00000  86.4%  2003 15850s
 147200 104250   16.00000  242  300   22.00000    3.00000  86.4%  1984 16112s
 151182 106645   13.00000  182  139   22.00000    3.00000  86.4%  1978 16346s
 154482 108354 infeasible   24        22.00000    3.00000  86.4%  1979 16579s
 156894 108354 infeasible   23        22.00000    3.00000  86.4%  1986 16580s
 157152 111127    6.00000   71  311   22.00000    3.00000  86.4%  1986 16845s
 160916 112483    4.19895   46  486   22.00000    3.00000  86.4%  1987 17163s
 163351 113889    5.06347   40  591   22.00000    3.00000  86.4%  1999 17425s
 165676 118160    3.02100   37  716   22.00000    3.00000  86.4%  2007 17729s
 168862 118160    5.00000   44  353   22.00000    3.00000  86.4%  2003 17730s
 171042 120784    5.00000   48  389   22.00000    3.00000  86.4%  1998 17990s
 174847 122463 infeasible   42        22.00000    3.00000  86.4%  1997 18260s
 177840 124692    7.00000   64  329   22.00000    3.00000  86.4%  2003 18538s
 181192 126814 infeasible   30        22.00000    3.00000  86.4%  2006 18819s
 181403 126814    5.00000   44  347   22.00000    3.00000  86.4%  2007 18820s
 184358 129116    5.00000   47  387   22.00000    3.00000  86.4%  2013 19137s
 187776 131172    4.00000   38  402   22.00000    3.00000  86.4%  2015 19421s
 190994 134603 infeasible   31        22.00000    3.00000  86.4%  2019 19742s
 195230 136522 infeasible   24        22.00000    3.00000  86.4%  2017 20041s
 198315 138195 infeasible   26        22.00000    3.00000  86.4%  2025 20348s
 201081 140787    4.00000   41  417   22.00000    3.00000  86.4%  2032 20650s
 204855 143372    6.14917   55  552   22.00000    3.00000  86.4%  2036 20970s
 208552 145538    4.12276   38  739   22.00000    3.00000  86.4%  2036 21298s
 211139 145538 infeasible   38        22.00000    3.00000  86.4%  2043 21300s
 212034 147643    4.00023   52  416   22.00000    3.00000  86.4%  2044 21607s
 215355 150197    4.00000   34  377   22.00000    3.00000  86.4%  2052 21926s
 219082 152405 infeasible   79        22.00000    3.00000  86.4%  2054 22268s
 222565 155615    7.00000   54  355   22.00000    3.00000  86.4%  2062 22680s
 227155 158519   10.00000  113  492   22.00000    3.00000  86.4%  2061 23000s
 231223 160926 infeasible   38        22.00000    3.00000  86.4%  2060 23325s
 234435 164622    7.00000   88  252   22.00000    3.00000  86.4%  2060 23618s
 239200 166803    6.00000   55  310   22.00000    3.00000  86.4%  2055 24047s
 242353 169130 infeasible   47        22.00000    3.00000  86.4%  2056 24354s
 242874 169130    4.00000   40  343   22.00000    3.00000  86.4%  2055 24355s
 245709 172754    8.00000   71  316   22.00000    3.00000  86.4%  2057 24692s
 250489 177330    5.00000   45  363   22.00000    3.00000  86.4%  2052 24978s
 255961 179088 infeasible  231        22.00000    3.00000  86.4%  2042 25242s
 258774 180334    4.00099   39  588   22.00000    3.00000  86.4%  2045 25504s
 258989 180334 infeasible   37        22.00000    3.00000  86.4%  2047 25505s
 260983 181969 infeasible   37        22.00000    3.00000  86.4%  2053 25810s
 263692 184910 infeasible   44        22.00000    3.00000  86.4%  2059 26121s
 267864 187120    8.00000   92  356   22.00000    3.00000  86.4%  2058 26443s
 271362 189068    3.04253   26  588   22.00000    3.00000  86.4%  2061 26742s
 274584 192423    4.13868   27  804   22.00000    3.00000  86.4%  2064 27055s
 279047 194038 infeasible   28        22.00000    3.00000  86.4%  2062 27365s
 281730 195890    3.00000   33  365   22.00000    3.00000  86.4%  2069 27776s
 284651 199218 infeasible   37        22.00000    3.00000  86.4%  2074 28117s
 289081 201357    7.00000   59  486   22.00000    3.00000  86.4%  2072 28414s
 289695 201357 infeasible   56        22.00000    3.00000  86.4%  2072 28415s
 292452 204343 infeasible   66        22.00000    3.00000  86.4%  2073 28774s
 293585 204343     cutoff   67        22.00000    3.00000  86.4%  2073 28775s
 296457 204454 infeasible   28        22.00000    3.00000  86.4%  2074 28800s

Cutting planes:
  Learned: 144
  Gomory: 41
  Lift-and-project: 84
  Cover: 75
  Implied bound: 2564
  Projected implied bound: 20
  Clique: 16
  MIR: 744
  Flow cover: 9419
  Inf proof: 53
  Zero half: 1727
  RLT: 1359
  Relax-and-lift: 707
  BQP: 2
  PSD: 2

Explored 296705 nodes (615511418 simplex iterations) in 28800.24 seconds (15484.90 work units)
Thread count was 24 (of 24 available processors)

Solution count 10: 22 23 24 ... 37

Time limit reached
Warning: max constraint violation (4.8416e-06) exceeds tolerance
Best objective 2.200000000000e+01, best bound 3.000000000000e+00, gap 86.3636%
