
Gurobi 10.0.1 (linux64) logging started Sun Jul 16 03:22:11 2023

Set parameter LogFile to value "Class1_Instance-2_0.7.log"
Gurobi Optimizer version 10.0.1 build v10.0.1rc0 (linux64)

CPU model: AMD Opteron(tm) Processor 6174, instruction set [SSE2]
Thread count: 24 physical cores, 24 logical processors, using up to 24 threads

Optimize a model with 30176 rows, 16845 columns and 93413 nonzeros
Model fingerprint: 0x298abea9
Model has 9535 quadratic constraints
Variable types: 5462 continuous, 11383 integer (11340 binary)
Coefficient statistics:
  Matrix range     [1e+00, 1e+04]
  QMatrix range    [1e+00, 1e+00]
  QLMatrix range   [1e+00, 2e+01]
  Objective range  [1e+00, 1e+00]
  Bounds range     [1e+00, 1e+00]
  RHS range        [1e+00, 1e+04]
Presolve removed 13148 rows and 3655 columns
Presolve time: 0.63s
Presolved: 36727 rows, 19700 columns, 111345 nonzeros
Presolved model has 1806 bilinear constraint(s)
Variable types: 5335 continuous, 14365 integer (14322 binary)
Root relaxation presolved: 14954 rows, 46347 columns, 120461 nonzeros

Deterministic concurrent LP optimizer: primal and dual simplex
Showing first log only...

Concurrent spin time: 0.36s

Solved with primal simplex

Root relaxation: objective 1.000000e+00, 928 iterations, 1.25 seconds (0.38 work units)

    Nodes    |    Current Node    |     Objective Bounds      |     Work
 Expl Unexpl |  Obj  Depth IntInf | Incumbent    BestBd   Gap | It/Node Time

     0     0    1.00000    0   54          -    1.00000      -     -    4s
     0     0    2.00000    0  176          -    2.00000      -     -   53s
     0     0    2.00000    0  317          -    2.00000      -     -   56s
     0     0    2.00000    0  109          -    2.00000      -     -   62s
     0     0    2.00000    0  331          -    2.00000      -     -   63s
     0     0    2.00000    0  238          -    2.00000      -     -   73s
     0     0    2.00000    0  414          -    2.00000      -     -   74s
     0     0    2.00000    0  345          -    2.00000      -     -   92s
     0     0    2.00000    0  385          -    2.00000      -     -   95s
     0     0    2.00000    0  385          -    2.00000      -     -  114s
     0     0    2.00000    0  365          -    2.00000      -     -  124s
     0     2    3.00000    0  331          -    3.00000      -     -  131s
     3     8    3.00000    2  381          -    3.00000      -  4266  136s
    15    32    3.00000    4  417          -    3.00000      -  3248  143s
    31    56    3.00000    5  410          -    3.00000      -  3750  149s
    55    76    3.00000    6  398          -    3.00000      -  3645  183s
    79    97    3.00000    6  425          -    3.00000      -  4202  373s
   103   114    3.00000    7  407          -    3.00000      -  4314  382s
   127   140    3.00000    7  390          -    3.00000      -  4212  539s
   155   172    3.00000    8  360          -    3.00000      -  3985  769s
   188   208    3.00000    9  402          -    3.00000      -  3927  797s
   224   312    3.00000   10  633          -    3.00000      -  3537  817s
   333   482    3.00000   10  491          -    3.00000      -  3484  856s
   536   801    3.00000   11  516          -    3.00000      -  2901  918s
H  667   801                      42.0000000    3.00000  92.9%  2649  918s
   966  1253    3.00000   40  231   42.00000    3.00000  92.9%  2454 1046s
  1690  1408    3.00000   13 3363   42.00000    3.00000  92.9%  2015 1138s
H 1730  1408                      39.0000000    3.00000  92.3%  2031 1138s
  1937  1662    3.00000   14 2535   39.00000    3.00000  92.3%  2110 1180s
H 2008  1662                      37.0000000    3.00000  91.9%  2124 1180s
  2332  1879    6.00000   44  380   37.00000    3.00000  91.9%  2092 1244s
H 2401  1879                      35.0000000    3.00000  91.4%  2087 1245s
  2695  1880    5.96944   47  295   35.00000    3.00000  91.4%  2124 1280s
  2697  1881    3.00000   22  113   35.00000    3.00000  91.4%  2122 1295s
  2698  1882    4.00000   26  170   35.00000    3.00000  91.4%  2121 1309s
  2699  1883    3.00000   13  236   35.00000    3.00000  91.4%  2120 1313s
  2700  1883    3.00000   42  186   35.00000    3.00000  91.4%  2120 1333s
  2701  1884    3.00000    7  222   35.00000    3.00000  91.4%  2119 1343s
  2702  1885    3.00000   24  233   35.00000    3.00000  91.4%  2118 1368s
  2703  1885    4.00000   46  233   35.00000    3.00000  91.4%  2117 1384s
  2704  1886    4.00000   40  233   35.00000    3.00000  91.4%  2117 1398s
  2705  1890    3.00000   15  199   35.00000    3.00000  91.4%  2149 1405s
  2711  1900    3.00000   17  325   35.00000    3.00000  91.4%  2152 1417s
  2719  1913    3.00000   18  330   35.00000    3.00000  91.4%  2152 1431s
  2735  1928    3.00000   19  348   35.00000    3.00000  91.4%  2168 1787s
H 2739  1831                      34.0000000    3.00000  91.2%  2172 1787s
  2759  1835    3.00000   20  923   34.00000    3.00000  91.2%  2232 1827s
  2783  1845    3.00000   20  835   34.00000    3.00000  91.2%  2296 1847s
  2807  1851 infeasible   21        34.00000    3.00000  91.2%  2313 1859s
H 2811  1759                      33.0000000    3.00000  90.9%  2312 1859s
H 2815  1673                      31.0000000    3.00000  90.3%  2310 1859s
H 2820  1590                      30.0000000    3.00000  90.0%  2313 1859s
  2831  1622 infeasible   21        30.00000    3.00000  90.0%  2311 1866s
H 2868  1565                      28.0000000    3.00000  89.3%  2306 1892s
  2903  1595    3.00000   22  343   28.00000    3.00000  89.3%  2313 1901s
  2946  1615    3.00000   23  312   28.00000    3.00000  89.3%  2304 1910s
  2987  1646    3.00000   24  288   28.00000    3.00000  89.3%  2295 1928s
  3036  1671    3.00000   26  281   28.00000    3.00000  89.3%  2290 1937s
H 3074  1586                      26.0000000    3.00000  88.5%  2282 1937s
  3080  1634    3.00000   27  287   26.00000    3.00000  88.5%  2283 1946s
  3135  1660    3.00000   28  295   26.00000    3.00000  88.5%  2274 1955s
  3190  1713    3.00000   29  276   26.00000    3.00000  88.5%  2264 1978s
  3268  1749    3.00000   30  270   26.00000    3.00000  88.5%  2246 1995s
  3334  1773    3.00000   32  237   26.00000    3.00000  88.5%  2237 2009s
  3404  1802    3.00000   34  226   26.00000    3.00000  88.5%  2237 2031s
  3482  1842    3.00000   35  304   26.00000    3.00000  88.5%  2238 2051s
  3574  1879    3.00000   37  266   26.00000    3.00000  88.5%  2221 2063s
  3654  1926    3.00000   38  233   26.00000    3.00000  88.5%  2215 2080s
  3742  1948    3.00000   39  235   26.00000    3.00000  88.5%  2203 2099s
  3813  1984    3.00000   40  229   26.00000    3.00000  88.5%  2210 2116s
  3905  2025    3.00000   42  229   26.00000    3.00000  88.5%  2211 2127s
  3997  2033    3.01965   44  358   26.00000    3.00000  88.5%  2210 2143s
  4072  2045 infeasible   45        26.00000    3.00000  88.5%  2221 2165s
  4132  2091    4.00000   46  216   26.00000    3.00000  88.5%  2247 2277s
  4218  2132    4.00000   50  218   26.00000    3.00000  88.5%  2263 2299s
  4326  2190    4.01596   55  254   26.00000    3.00000  88.5%  2265 2311s
  4442  2295    5.00000   59  163   26.00000    3.00000  88.5%  2262 2333s
  4609  2346    5.00341   66  142   26.00000    3.00000  88.5%  2244 2354s
  4773  2436    6.07588   82  315   26.00000    3.00000  88.5%  2235 2377s
  4967  2468    7.00000   99  198   26.00000    3.00000  88.5%  2204 2402s
  5115  2516    8.00000  108  158   26.00000    3.00000  88.5%  2199 2428s
  5289  2569    9.00000  127  135   26.00000    3.00000  88.5%  2192 2450s
  5476  2598 infeasible   23        26.00000    3.00000  88.5%  2179 2485s
  5645  2665    3.00000   24  332   26.00000    3.00000  88.5%  2173 2507s
  5827  2694    3.00000   29  300   26.00000    3.00000  88.5%  2167 2568s
  6007  2719 infeasible   36        26.00000    3.00000  88.5%  2172 2656s
H 6066  2630                      25.0000000    3.00000  88.0%  2183 2656s
  6174  2673    4.01722   42  832   25.00000    3.00000  88.0%  2181 2685s
  6349  2758 infeasible   42        25.00000    3.00000  88.0%  2191 2718s
  6540  2811 infeasible   41        25.00000    3.00000  88.0%  2187 2749s
  6739  2911    4.08140   39  799   25.00000    3.00000  88.0%  2201 2774s
  6963  3057 infeasible   40        25.00000    3.00000  88.0%  2198 2819s
  7208  3222 infeasible   28        25.00000    3.00000  88.0%  2197 2847s
  7462  3369    3.00000   33  313   25.00000    3.00000  88.0%  2194 2878s
  7689  3557    3.00000   40  298   25.00000    3.00000  88.0%  2202 2911s
  8009  3715    4.00000   45  325   25.00000    3.00000  88.0%  2192 2950s
  8275  3908    5.00000   53  264   25.00000    3.00000  88.0%  2196 3008s
  8544  4086    3.00000   27  328   25.00000    3.00000  88.0%  2197 3055s
  8834  4281    3.00000   35  372   25.00000    3.00000  88.0%  2195 3098s
  9181  4453    3.02839   38 1923   25.00000    3.00000  88.0%  2182 3149s
  9487  4677    3.11096   40 2000   25.00000    3.00000  88.0%  2178 3194s
  9839  4793    4.00000   43  346   25.00000    3.00000  88.0%  2173 3237s
 10066  5067    4.00000   46  383   25.00000    3.00000  88.0%  2166 3292s
H10455  5067                      24.0000000    3.00000  87.5%  2154 3292s
 10483  5443    6.00000   62  375   24.00000    3.00000  87.5%  2153 3341s
 10990  5703    8.00000  113  162   24.00000    3.00000  87.5%  2134 3402s
 11444  5989 infeasible   27        24.00000    3.00000  87.5%  2118 3490s
 11835  6296    3.00000   35  304   24.00000    3.00000  87.5%  2126 3549s
 12306  6690    4.00000   40  276   24.00000    3.00000  87.5%  2122 3609s
 12881  7008 infeasible   45        24.00000    3.00000  87.5%  2115 3689s
 13466  7275    5.16768   63  319   24.00000    3.00000  87.5%  2095 3749s
 13901  7600    7.00000   69  263   24.00000    3.00000  87.5%  2095 3811s
 14494  7841    3.00000   24  283   24.00000    3.00000  87.5%  2086 3876s
 14876  8169    3.00000   26  306   24.00000    3.00000  87.5%  2104 3934s
 15328  8499 infeasible   28        24.00000    3.00000  87.5%  2112 4013s
 15969  8814    3.30731   37  927   24.00000    3.00000  87.5%  2111 4116s
 16511  9059 infeasible   40        24.00000    3.00000  87.5%  2114 4223s
 16988  9422 infeasible   32        24.00000    3.00000  87.5%  2121 4449s
 17605  9718 infeasible   60        24.00000    3.00000  87.5%  2131 4529s
 18133 10691    3.00000   32  368   24.00000    3.00000  87.5%  2139 4734s
 19336 10691 infeasible   35        24.00000    3.00000  87.5%  2137 4735s
 19743 11503   10.00000   91  307   24.00000    3.00000  87.5%  2144 4942s
 21157 12592    6.00000   57  252   24.00000    3.00000  87.5%  2175 5169s
 21479 12592     cutoff   60        24.00000    3.00000  87.5%  2174 5170s
 23103 13573    3.14835   33  940   24.00000    3.00000  87.5%  2180 5406s
 24962 14463    4.00000   57  236   24.00000    3.00000  87.5%  2202 5648s
 26601 15661    4.00000   45  402   24.00000    3.00000  87.5%  2215 5935s
 28461 17445 infeasible   60        24.00000    3.00000  87.5%  2214 6271s
 30925 19329    5.00000   44  361   24.00000    3.00000  87.5%  2168 6636s
 33684 21586    3.00000   30  378   24.00000    3.00000  87.5%  2138 6988s
 36728 22960    8.00000  114  404   24.00000    3.00000  87.5%  2107 7306s
 38802 24120    3.00066   42  488   24.00000    3.00000  87.5%  2123 7629s
 40584 26443    4.00000   46  441   24.00000    3.00000  87.5%  2151 8010s
 43546 28300    9.00000   85  306   24.00000    3.00000  87.5%  2129 8482s
 46457 29471 infeasible   94        24.00000    3.00000  87.5%  2123 8860s
 48581 30906 infeasible   73        24.00000    3.00000  87.5%  2155 9291s
 50937 32456    5.74805   39  954   24.00000    3.00000  87.5%  2192 9798s
 53686 34501    3.00000   23  449   24.00000    3.00000  87.5%  2202 10282s
 56656 37067    6.04400   72  533   24.00000    3.00000  87.5%  2213 10882s
 60373 39181    5.00000   50  284   24.00000    3.00000  87.5%  2203 11407s
 63797 40997    6.00000   62  394   24.00000    3.00000  87.5%  2201 11932s
 66503 43103    6.00000   62  380   24.00000    3.00000  87.5%  2204 12512s
 69938 46423 infeasible   40        24.00000    3.00000  87.5%  2207 13190s
 74547 48338   12.00000  121  274   24.00000    3.00000  87.5%  2194 13673s
 77180 48338 infeasible   36        24.00000    3.00000  87.5%  2199 13675s
 77769 50181    4.00000   35  319   24.00000    3.00000  87.5%  2205 14129s
 81137 53305    4.00000   35  333   24.00000    3.00000  87.5%  2217 14665s
 85455 54706    4.00000   43  244   24.00000    3.00000  87.5%  2214 16503s
 87833 56843    6.00021   48  742   24.00000    3.00000  87.5%  2221 17226s
 91809 59163 infeasible   32        24.00000    3.00000  87.5%  2241 17937s
 95636 61753 infeasible   29        24.00000    3.00000  87.5%  2264 18571s
 100049 64899 infeasible   31        24.00000    3.00000  87.5%  2280 19174s
 103942 64899    4.00000   39  269   24.00000    3.00000  87.5%  2281 19176s
 104975 67196    5.00000   38  389   24.00000    3.00000  87.5%  2282 19741s
 109111 70692    4.00000   32  358   24.00000    3.00000  87.5%  2292 20312s
*112109 70461             542      23.0000000    3.00000  87.0%  2282 20313s
 113759 72355    3.01522   37 1105   23.00000    3.00000  87.0%  2283 20768s
 117309 74213    3.08806   37  663   23.00000    3.00000  87.0%  2296 21484s
 117462 74213    6.00288   78  554   23.00000    3.00000  87.0%  2296 21485s
 120514 76336 infeasible   37        23.00000    3.00000  87.0%  2305 21990s
 123978 78554 infeasible   38        23.00000    3.00000  87.0%  2311 22490s
 127397 80983    4.17712   41  504   23.00000    3.00000  87.0%  2322 23000s
 131450 82803    4.00000   36  369   23.00000    3.00000  87.0%  2328 23569s
 134652 84754    3.84609   39 1101   23.00000    3.00000  87.0%  2342 24261s
 138080 87992 infeasible   46        23.00000    3.00000  87.0%  2354 24833s
 141170 87992    3.00000   26  278   23.00000    3.00000  87.0%  2353 24835s
 142710 91127   12.00000  118  247   23.00000    3.00000  87.0%  2350 25474s
 143656 91127 infeasible   33        23.00000    3.00000  87.0%  2352 25475s
 147287 94022    7.00000   96  163   23.00000    3.00000  87.0%  2349 25987s
 151334 96266    5.00365   60  365   23.00000    3.00000  87.0%  2348 26499s
 154892 99061    5.70611   40 1156   23.00000    3.00000  87.0%  2347 26948s
 157245 99061    3.00000   28  445   23.00000    3.00000  87.0%  2344 26950s
 158803 101506    6.00000   67  280   23.00000    3.00000  87.0%  2346 27450s
 162473 103821    5.00000   40  441   23.00000    3.00000  87.0%  2347 28489s
 162702 103821    5.00000   49  321   23.00000    3.00000  87.0%  2348 28490s
 165941 104983    5.00000   56  279   23.00000    3.00000  87.0%  2349 28800s

Cutting planes:
  Learned: 137
  Gomory: 28
  Lift-and-project: 41
  Cover: 77
  Implied bound: 2674
  Projected implied bound: 18
  Clique: 15
  MIR: 762
  Flow cover: 10623
  Inf proof: 29
  Zero half: 1535
  RLT: 1526
  Relax-and-lift: 729
  BQP: 2
  PSD: 2

Explored 167876 nodes (395319147 simplex iterations) in 28801.26 seconds (13338.91 work units)
Thread count was 24 (of 24 available processors)

Solution count 10: 23 24 25 ... 35

Time limit reached
Warning: max constraint violation (5.8249e-06) exceeds tolerance
Best objective 2.300000000000e+01, best bound 3.000000000000e+00, gap 86.9565%
