
Gurobi 10.0.1 (linux64) logging started Sun Jul 16 19:22:35 2023

Set parameter LogFile to value "Class1_Instance-4_0.7.log"
Gurobi Optimizer version 10.0.1 build v10.0.1rc0 (linux64)

CPU model: AMD Opteron(tm) Processor 6174, instruction set [SSE2]
Thread count: 24 physical cores, 24 logical processors, using up to 24 threads

Optimize a model with 30176 rows, 16845 columns and 93413 nonzeros
Model fingerprint: 0x7d820846
Model has 9535 quadratic constraints
Variable types: 5462 continuous, 11383 integer (11340 binary)
Coefficient statistics:
  Matrix range     [1e+00, 1e+04]
  QMatrix range    [1e+00, 1e+00]
  QLMatrix range   [1e+00, 2e+01]
  Objective range  [1e+00, 1e+00]
  Bounds range     [1e+00, 1e+00]
  RHS range        [1e+00, 1e+04]
Presolve removed 13148 rows and 3655 columns
Presolve time: 0.63s
Presolved: 36727 rows, 19700 columns, 111345 nonzeros
Presolved model has 1806 bilinear constraint(s)
Variable types: 5335 continuous, 14365 integer (14322 binary)
Root relaxation presolved: 14954 rows, 46347 columns, 120461 nonzeros

Deterministic concurrent LP optimizer: primal and dual simplex
Showing first log only...


Root simplex log...

Iteration    Objective       Primal Inf.    Dual Inf.      Time
    6519    1.9994060e+01   0.000000e+00   3.541332e-01      5s
   10626    1.0000000e+00   0.000000e+00   0.000000e+00      8s
Concurrent spin time: 4.24s

Solved with primal simplex
   10626    1.0000000e+00   0.000000e+00   0.000000e+00     12s
   10626    1.0000000e+00   0.000000e+00   0.000000e+00     12s

Root relaxation: objective 1.000000e+00, 10626 iterations, 11.33 seconds (4.71 work units)
Total elapsed time = 15.12s

    Nodes    |    Current Node    |     Objective Bounds      |     Work
 Expl Unexpl |  Obj  Depth IntInf | Incumbent    BestBd   Gap | It/Node Time

     0     0    1.00000    0   58          -    1.00000      -     -   15s
H    0     0                      42.0000000    1.00000  97.6%     -   16s
     0     0    2.00000    0  158   42.00000    2.00000  95.2%     -  168s
     0     0    2.00000    0  426   42.00000    2.00000  95.2%     -  171s
     0     0    2.00000    0  280   42.00000    2.00000  95.2%     -  187s
     0     0    2.00000    0  320   42.00000    2.00000  95.2%     -  188s
     0     0    2.00000    0  143   42.00000    2.00000  95.2%     -  217s
     0     0    2.00000    0  371   42.00000    2.00000  95.2%     -  219s
     0     0    2.00000    0  211   42.00000    2.00000  95.2%     -  250s
     0     0    2.00000    0  380   42.00000    2.00000  95.2%     -  254s
     0     0    2.00000    0  306   42.00000    2.00000  95.2%     -  297s
     0     0    2.00000    0  306   42.00000    2.00000  95.2%     -  306s
H    0     0                      39.0000000    2.00000  94.9%     -  310s
     0     2    3.00000    0  135   39.00000    3.00000  92.3%     -  313s
     1     4    3.00000    1  420   39.00000    3.00000  92.3%  8535  316s
     3     8    3.00000    2  392   39.00000    3.00000  92.3%  5116  331s
     7    16    3.00000    3  379   39.00000    3.00000  92.3%  3609  335s
    31    56    3.00000    5  376   39.00000    3.00000  92.3%  3896  354s
    55    79    3.00000    6  385   39.00000    3.00000  92.3%  4474  772s
    79   103    3.00000    7  419   39.00000    3.00000  92.3%  4804  785s
H  103   126                      36.0000000    3.00000  91.7%  4554  796s
H  126   126                      35.0000000    3.00000  91.4%  4344  796s
   127   158    3.00000    8  387   35.00000    3.00000  91.4%  4359  804s
   163   232    3.00000    9  381   35.00000    3.00000  91.4%  4129  843s
H  164   232                      31.0000000    3.00000  90.3%  4104  843s
H  238   232                      27.0000000    3.00000  88.9%  3789  843s
   241   432    3.00000    9  388   27.00000    3.00000  88.9%  3784  946s
   459   685    3.00000   12  348   27.00000    3.00000  88.9%  3079  981s
   807   982    3.00000   16  498   27.00000    3.00000  88.9%  2439 1016s
  1201   983    3.00000   27  252   27.00000    3.00000  88.9%  2205 1044s
  1203   984    3.00000    7  116   27.00000    3.00000  88.9%  2202 1050s
  1204   985    3.00000   16  131   27.00000    3.00000  88.9%  2200 1063s
  1205   986    3.00000    6  220   27.00000    3.00000  88.9%  2198 1065s
H 1205   936                      26.0000000    3.00000  88.5%  2198 1080s
  1207   937    3.00000   13  234   26.00000    3.00000  88.5%  2194 1094s
  1208   938    9.00000   28  176   26.00000    3.00000  88.5%  2193 1125s
  1209   938    7.00000   46  176   26.00000    3.00000  88.5%  2191 1144s
  1210   939    3.00000    6  176   26.00000    3.00000  88.5%  2189 1157s
  1211   943    3.00000   11  279   26.00000    3.00000  88.5%  2276 1164s
  1213   946    3.00000   12  311   26.00000    3.00000  88.5%  2277 1166s
  1225   966    3.00000   14  293   26.00000    3.00000  88.5%  2273 1174s
  1241   985    3.00000   15  302   26.00000    3.00000  88.5%  2285 1192s
  1265   997    3.00000   16  285   26.00000    3.00000  88.5%  2328 1205s
  1289  1001    3.00000   16  296   26.00000    3.00000  88.5%  2383 1211s
  1313  1009    3.00000   17  271   26.00000    3.00000  88.5%  2394 1217s
  1337  1029    3.00000   17  330   26.00000    3.00000  88.5%  2391 1221s
  1369  1047    3.00000   18  293   26.00000    3.00000  88.5%  2376 1225s
  1444  1097    3.00000   19  288   26.00000    3.00000  88.5%  2327 1235s
  1533  1157    3.00000   20  293   26.00000    3.00000  88.5%  2277 1243s
  1583  1178    3.00000   20  286   26.00000    3.00000  88.5%  2238 1252s
  1637  1212    3.00000   21  294   26.00000    3.00000  88.5%  2228 1265s
  1691  1247    3.00000   21  427   26.00000    3.00000  88.5%  2203 1270s
  1752  1270    3.00000   22  397   26.00000    3.00000  88.5%  2175 1275s
  1806  1306    3.00000   22  279   26.00000    3.00000  88.5%  2148 1281s
  1884  1344    3.00000   23  395   26.00000    3.00000  88.5%  2103 1287s
  1956  1374 infeasible   24        26.00000    3.00000  88.5%  2068 1295s
  2029  1413    3.00000   24  353   26.00000    3.00000  88.5%  2054 1300s
  2103  1448    3.00000   25  282   26.00000    3.00000  88.5%  2031 1307s
  2180  1469    3.00000   26  282   26.00000    3.00000  88.5%  2013 1316s
  2259  1508    3.00000   27  307   26.00000    3.00000  88.5%  1996 1321s
  2336  1537    3.00000   28  305   26.00000    3.00000  88.5%  1980 1329s
  2417  1551    3.00000   29  253   26.00000    3.00000  88.5%  1966 1347s
  2477  1584    3.00000   31  292   26.00000    3.00000  88.5%  1997 1356s
  2557  1621    3.00000   33  308   26.00000    3.00000  88.5%  1985 1365s
  2634  1655    3.00000   35  227   26.00000    3.00000  88.5%  1988 1374s
  2671  1643 infeasible   30        26.00000    3.00000  88.5%  1983 1375s
  2718  1700    3.00000   37  241   26.00000    3.00000  88.5%  1979 1389s
  2823  1752    3.00000   39  253   26.00000    3.00000  88.5%  1963 1399s
  2946  1771    3.00000   40  240   26.00000    3.00000  88.5%  1935 1410s
  3061  1793    3.00000   43  239   26.00000    3.00000  88.5%  1919 1427s
  3152  1842    3.00389   44  274   26.00000    3.00000  88.5%  1925 1444s
  3264  1887    3.19447   45  446   26.00000    3.00000  88.5%  1924 1465s
  3384  1947    3.39368   45  363   26.00000    3.00000  88.5%  1914 1478s
  3543  2023    4.00000   46  181   26.00000    3.00000  88.5%  1895 1490s
  3720  2066 infeasible   48        26.00000    3.00000  88.5%  1870 1507s
  3866  2130    4.00000   53   94   26.00000    3.00000  88.5%  1865 1535s
  4028  2186    5.00000   59  131   26.00000    3.00000  88.5%  1867 1554s
  4131  2186    4.00000   50  292   26.00000    3.00000  88.5%  1850 1555s
  4209  2322 infeasible   71        26.00000    3.00000  88.5%  1854 1575s
  4423  2427    3.00000   16  309   26.00000    3.00000  88.5%  1829 1600s
  4611  2551    3.00000   22  259   26.00000    3.00000  88.5%  1820 1613s
  4795  2700    3.00000   28  288   26.00000    3.00000  88.5%  1816 1630s
  4985  2764    5.00000   31  372   26.00000    3.00000  88.5%  1813 1661s
  5081  2933    5.00000   35  256   26.00000    3.00000  88.5%  1809 1676s
  5298  3203    5.00000   52  241   26.00000    3.00000  88.5%  1799 1692s
  5624  3478    5.00000   76  277   26.00000    3.00000  88.5%  1762 1710s
  5985  3610    7.00000   90  199   26.00000    3.00000  88.5%  1723 1727s
  6167  3912   15.00000   97  424   26.00000    3.00000  88.5%  1710 1748s
  6499  4199   15.00000  112  210   26.00000    3.00000  88.5%  1681 1766s
  6835  4455   15.00000  134  293   26.00000    3.00000  88.5%  1659 1789s
  7204  4758   15.00000  154  376   26.00000    3.00000  88.5%  1630 1809s
  7626  4977   15.00000  178  212   26.00000    3.00000  88.5%  1599 1830s
  7930  5248   15.00000  201  253   26.00000    3.00000  88.5%  1585 1852s
  8263  5494   16.00000  230  158   26.00000    3.00000  88.5%  1576 1875s
  8592  5750   17.00000  241  184   26.00000    3.00000  88.5%  1568 1899s
  8965  5983   17.00000  246  181   26.00000    3.00000  88.5%  1556 1938s
  9314  6185 infeasible   34        26.00000    3.00000  88.5%  1544 1963s
  9624  6419    3.28862   50  280   26.00000    3.00000  88.5%  1549 1989s
  9837  6419    4.00000   50  276   26.00000    3.00000  88.5%  1552 1990s
  9964  6770 infeasible   33        26.00000    3.00000  88.5%  1559 2008s
 10517  7049 infeasible   32        26.00000    3.00000  88.5%  1552 2026s
 10913  7428    3.09166   47  327   26.00000    3.00000  88.5%  1553 2052s
*11122  7294             575      25.0000000    3.00000  88.0%  1545 2052s
 11506  7413 infeasible   18        25.00000    3.00000  88.0%  1553 2083s
 11892  7673 infeasible   28        25.00000    3.00000  88.0%  1567 2106s
 12281  8008    5.00000   44  258   25.00000    3.00000  88.0%  1578 2136s
 12790  8304    5.00062   52  310   25.00000    3.00000  88.0%  1583 2165s
 13343  8547 infeasible   58        25.00000    3.00000  88.0%  1589 2198s
 13807  8841    3.00000   37  296   25.00000    3.00000  88.0%  1598 2229s
 14329  9247    4.00319   54  235   25.00000    3.00000  88.0%  1602 2281s
 14997  9682    3.00000   32  316   25.00000    3.00000  88.0%  1603 2313s
 15636  9937    4.12515   45  419   25.00000    3.00000  88.0%  1607 2347s
 16202 10327    5.68371   55  658   25.00000    3.00000  88.0%  1613 2375s
 16877 10755 infeasible   28        25.00000    3.00000  88.0%  1608 2417s
 17484 11410    4.00000   45  237   25.00000    3.00000  88.0%  1615 2453s
 18435 11724 infeasible   22        25.00000    3.00000  88.0%  1598 2491s
 19004 12056    3.00000   35  310   25.00000    3.00000  88.0%  1613 2528s
 19625 12441    4.00000   41  255   25.00000    3.00000  88.0%  1626 2573s
 20247 13092    4.00000   57  283   25.00000    3.00000  88.0%  1629 2614s
 21295 13560 infeasible   27        25.00000    3.00000  88.0%  1615 2664s
 22011 14730 infeasible   47        25.00000    3.00000  88.0%  1613 2750s
*22319 14585             467      24.0000000    3.00000  87.5%  1613 2751s
 24125 15177    4.38091   50  352   24.00000    3.00000  87.5%  1601 2847s
 25396 16164 infeasible   36        24.00000    3.00000  87.5%  1620 2957s
 27189 17164    3.00000   40  252   24.00000    3.00000  87.5%  1633 3066s
 28986 18400    4.19789   63  356   24.00000    3.00000  87.5%  1654 3182s
 31175 19909 infeasible   34        24.00000    3.00000  87.5%  1676 3303s
 33707 21031 infeasible   35        24.00000    3.00000  87.5%  1674 3431s
 35822 23432 infeasible   86        24.00000    3.00000  87.5%  1689 3567s
 39012 24718 infeasible   31        24.00000    3.00000  87.5%  1663 3713s
 41141 26193 infeasible   51        24.00000    3.00000  87.5%  1666 4417s
 43727 28142    4.19965   28  618   24.00000    3.00000  87.5%  1671 4609s
 45680 28142 infeasible   48        24.00000    3.00000  87.5%  1671 4610s
 46819 30521    4.00000   40  329   24.00000    3.00000  87.5%  1679 4815s
 50465 32310 infeasible   42        24.00000    3.00000  87.5%  1679 4989s
 52741 32310    4.00000   57  327   24.00000    3.00000  87.5%  1687 4990s
 53264 34646 infeasible   39        24.00000    3.00000  87.5%  1689 5174s
 57043 36084 infeasible   56        24.00000    3.00000  87.5%  1696 5365s
 59825 39192 infeasible   80        24.00000    3.00000  87.5%  1714 5564s
 63858 39192 infeasible   34        24.00000    3.00000  87.5%  1698 5565s
 64420 41295    3.00000   36  321   24.00000    3.00000  87.5%  1701 5793s
 67771 44219    3.02872   37  561   24.00000    3.00000  87.5%  1706 5995s
 71960 46106 infeasible   44        24.00000    3.00000  87.5%  1699 6184s
 75306 47622 infeasible   59        24.00000    3.00000  87.5%  1703 6381s
 78730 49100 infeasible   49        24.00000    3.00000  87.5%  1701 6665s
 81559 50924    4.00000   27  422   24.00000    3.00000  87.5%  1705 6886s
 84689 52642    7.00000   62  209   24.00000    3.00000  87.5%  1723 7093s
 87756 55137 infeasible   36        24.00000    3.00000  87.5%  1725 7375s
 91525 56966 infeasible   41        24.00000    3.00000  87.5%  1721 7603s
 94688 58404    4.07345   25  547   24.00000    3.00000  87.5%  1732 7832s
 97257 60511    4.00493   45  946   24.00000    3.00000  87.5%  1746 8073s
 100923 62565 infeasible   30        24.00000    3.00000  87.5%  1751 8343s
 104445 64351    6.00000   53  278   24.00000    3.00000  87.5%  1763 8614s
 106263 64351 infeasible   40        24.00000    3.00000  87.5%  1769 8616s
 107547 66830    4.00000   34  280   24.00000    3.00000  87.5%  1774 8887s
 111441 68801 infeasible   38        24.00000    3.00000  87.5%  1775 9147s
 114863 71627 infeasible   34        24.00000    3.00000  87.5%  1783 9432s
 119304 73327     cutoff   26        24.00000    3.00000  87.5%  1781 9679s
 119399 73327    3.15028   38  665   24.00000    3.00000  87.5%  1781 9680s
 122444 75621 infeasible   34        24.00000    3.00000  87.5%  1792 9938s
 124306 75621    4.00000   49  241   24.00000    3.00000  87.5%  1792 9940s
 126258 78543 infeasible   39        24.00000    3.00000  87.5%  1795 10211s
 130629 81328 infeasible   76        24.00000    3.00000  87.5%  1792 10458s
 134867 84984 infeasible   37        24.00000    3.00000  87.5%  1789 10696s
*136228 84537             504      23.0000000    3.00000  87.0%  1780 10697s
 139933 86059   22.00000  293  239   23.00000    3.00000  87.0%  1773 10948s
 142844 87605    5.00000   60  200   23.00000    3.00000  87.0%  1774 11172s
 145788 89593 infeasible   44        23.00000    3.00000  87.0%  1777 11403s
 149227 91453 infeasible   51        23.00000    3.00000  87.0%  1777 11641s
 152494 93481 infeasible   37        23.00000    3.00000  87.0%  1783 11947s
 155920 95973 infeasible   37        23.00000    3.00000  87.0%  1787 12201s
 159808 98525 infeasible   27        23.00000    3.00000  87.0%  1792 12486s
 163671 101099    5.00000   37  345   23.00000    3.00000  87.0%  1789 12789s
 166033 101099 infeasible   38        23.00000    3.00000  87.0%  1787 12791s
 167485 104374    6.00000   70  301   23.00000    3.00000  87.0%  1788 13046s
 171606 106665    3.00000   35  312   23.00000    3.00000  87.0%  1780 13325s
 175212 110028    4.00000   31  451   23.00000    3.00000  87.0%  1779 13581s
*179230 109415             391      22.0000000    3.00000  86.4%  1776 13583s
 179858 111188 infeasible   36        22.00000    3.00000  86.4%  1776 13804s
 180998 111188    3.02333   31  683   22.00000    3.00000  86.4%  1779 13805s
 182799 113530 infeasible   25        22.00000    3.00000  86.4%  1778 14098s
 185468 113530   11.00000  123  370   22.00000    3.00000  86.4%  1778 14100s
 186488 117165    7.00000   49  316   22.00000    3.00000  86.4%  1776 14352s
 191227 119111 infeasible   58        22.00000    3.00000  86.4%  1768 14592s
 194596 121270    4.00000   38  340   22.00000    3.00000  86.4%  1771 14826s
 198097 123592   10.00000  135  168   22.00000    3.00000  86.4%  1773 15099s
 198221 123592    3.00000   39  363   22.00000    3.00000  86.4%  1773 15100s
 201810 125140 infeasible   42        22.00000    3.00000  86.4%  1773 15355s
 204713 126701 infeasible   40        22.00000    3.00000  86.4%  1779 15614s
 205843 126701 infeasible   48        22.00000    3.00000  86.4%  1782 15615s
 207511 128557    4.00000   46  322   22.00000    3.00000  86.4%  1786 15869s
 207626 128557    3.08747   42  488   22.00000    3.00000  86.4%  1786 15870s
 210857 131491    8.00000   84  160   22.00000    3.00000  86.4%  1788 16141s
 215086 133510    4.00000   38  322   22.00000    3.00000  86.4%  1789 16446s
 218712 135536    5.00000   45  337   22.00000    3.00000  86.4%  1794 16718s
 222095 138001 infeasible   36        22.00000    3.00000  86.4%  1794 16992s
 225066 138001 infeasible   93        22.00000    3.00000  86.4%  1796 16995s
 225958 141443    4.00000   27  333   22.00000    3.00000  86.4%  1796 17262s
 230574 142989    4.00000   27  530   22.00000    3.00000  86.4%  1793 17506s
 233323 144743 infeasible   36        22.00000    3.00000  86.4%  1797 17759s
 234542 144743    4.08753   37  853   22.00000    3.00000  86.4%  1797 17760s
 236329 146110   10.00000  105  249   22.00000    3.00000  86.4%  1799 18082s
 239426 147860    3.30087   24  592   22.00000    3.00000  86.4%  1804 18380s
 242565 150055 infeasible   29        22.00000    3.00000  86.4%  1808 18682s
 246383 151724 infeasible   27        22.00000    3.00000  86.4%  1815 18980s
 249402 155092    4.00000   33  370   22.00000    3.00000  86.4%  1820 19322s
 254093 156961 infeasible   38        22.00000    3.00000  86.4%  1818 19611s
 257468 159198    4.00000   39  348   22.00000    3.00000  86.4%  1821 19925s
 261173 161662    3.00000   30  307   22.00000    3.00000  86.4%  1823 20230s
 265248 164072 infeasible   60        22.00000    3.00000  86.4%  1824 20525s
 269286 166617 infeasible   36        22.00000    3.00000  86.4%  1824 20846s
 273260 168472    4.00000   34  447   22.00000    3.00000  86.4%  1824 21115s
 276588 170132 infeasible   36        22.00000    3.00000  86.4%  1825 21393s
 278986 170132 infeasible   33        22.00000    3.00000  86.4%  1828 21395s
 279713 172760 infeasible   30        22.00000    3.00000  86.4%  1829 21717s
 283675 174992 infeasible   43        22.00000    3.00000  86.4%  1831 22018s
 287515 177034    3.00000   34  383   22.00000    3.00000  86.4%  1835 22306s
 290961 179231 infeasible   35        22.00000    3.00000  86.4%  1838 22618s
 294523 181637    4.00000   29  431   22.00000    3.00000  86.4%  1842 22977s
 298218 184467    4.00000   41  297   22.00000    3.00000  86.4%  1843 23317s
 302551 186152    5.19747   45  504   22.00000    3.00000  86.4%  1842 23653s
 305340 186152    4.00000   38  297   22.00000    3.00000  86.4%  1843 23656s
 305513 188044 infeasible   29        22.00000    3.00000  86.4%  1844 23982s
 309108 190008 infeasible   38        22.00000    3.00000  86.4%  1846 24297s
 312447 192771    4.00000   28  356   22.00000    3.00000  86.4%  1848 24838s
 315384 192771 infeasible   29        22.00000    3.00000  86.4%  1849 24840s
 316665 194578 infeasible   35        22.00000    3.00000  86.4%  1848 25191s
 320158 196773 infeasible   33        22.00000    3.00000  86.4%  1850 25504s
 323668 196773    4.12855   40  430   22.00000    3.00000  86.4%  1851 25506s
 323988 198771 infeasible   32        22.00000    3.00000  86.4%  1852 25856s
 327243 201274 infeasible   39        22.00000    3.00000  86.4%  1854 26206s
 331357 203284 infeasible   37        22.00000    3.00000  86.4%  1856 26532s
 334795 205183    5.09686   64  297   22.00000    3.00000  86.4%  1860 26863s
 337342 205183    5.00000   49  406   22.00000    3.00000  86.4%  1861 26865s
 338509 208128    4.06745   44  531   22.00000    3.00000  86.4%  1861 27230s
 343363 210010    5.00000   42  339   22.00000    3.00000  86.4%  1861 27561s
 346642 212873    4.00000   36  385   22.00000    3.00000  86.4%  1866 27876s
 350974 215482    4.02299   44  481   22.00000    3.00000  86.4%  1865 28242s
 355039 218340 infeasible   39        22.00000    3.00000  86.4%  1866 28548s
 359455 220970 infeasible   41        22.00000    3.00000  86.4%  1865 28800s

Cutting planes:
  Learned: 49
  Gomory: 54
  Lift-and-project: 76
  Cover: 163
  Implied bound: 2059
  Projected implied bound: 18
  Clique: 8
  MIR: 770
  Flow cover: 12060
  Inf proof: 66
  Zero half: 4495
  RLT: 1810
  Relax-and-lift: 591
  BQP: 1

Explored 363268 nodes (677346408 simplex iterations) in 28801.80 seconds (16838.07 work units)
Thread count was 24 (of 24 available processors)

Solution count 10: 22 23 24 ... 39

Time limit reached
Warning: max constraint violation (3.1721e-06) exceeds tolerance
Best objective 2.200000000000e+01, best bound 3.000000000000e+00, gap 86.3636%
